The system is: Linux - 6.2.0-1016-azure - x86_64
Compiling the C compiler identification source file "CMakeCCompilerId.c" succeeded.
Compiler: /usr/bin/cc 
Build flags: 
Id flags:  

The output was:
0


Compilation of the C compiler identification source "CMakeCCompilerId.c" produced "a.out"

The C compiler identification is GNU, found in "/workspaces/prj/heat-eqn-1d-variable-coeff/buildAmd64/EigenDownload-prefix/src/EigenDownload-build/CMakeFiles/3.16.3/CompilerIdC/a.out"

Compiling the CXX compiler identification source file "CMakeCXXCompilerId.cpp" succeeded.
Compiler: /usr/bin/c++ 
Build flags: 
Id flags:  

The output was:
0


Compilation of the CXX compiler identification source "CMakeCXXCompilerId.cpp" produced "a.out"

The CXX compiler identification is GNU, found in "/workspaces/prj/heat-eqn-1d-variable-coeff/buildAmd64/EigenDownload-prefix/src/EigenDownload-build/CMakeFiles/3.16.3/CompilerIdCXX/a.out"

Determining if the C compiler works passed with the following output:
Change Dir: /workspaces/prj/heat-eqn-1d-variable-coeff/buildAmd64/EigenDownload-prefix/src/EigenDownload-build/CMakeFiles/CMakeTmp

Run Build Command(s):/usr/bin/make cmTC_9273a/fast && make[3]: Entering directory '/workspaces/prj/heat-eqn-1d-variable-coeff/buildAmd64/EigenDownload-prefix/src/EigenDownload-build/CMakeFiles/CMakeTmp'
/usr/bin/make -f CMakeFiles/cmTC_9273a.dir/build.make CMakeFiles/cmTC_9273a.dir/build
make[4]: Entering directory '/workspaces/prj/heat-eqn-1d-variable-coeff/buildAmd64/EigenDownload-prefix/src/EigenDownload-build/CMakeFiles/CMakeTmp'
Building C object CMakeFiles/cmTC_9273a.dir/testCCompiler.c.o
/usr/bin/cc    -o CMakeFiles/cmTC_9273a.dir/testCCompiler.c.o   -c /workspaces/prj/heat-eqn-1d-variable-coeff/buildAmd64/EigenDownload-prefix/src/EigenDownload-build/CMakeFiles/CMakeTmp/testCCompiler.c
Linking C executable cmTC_9273a
/usr/bin/cmake -E cmake_link_script CMakeFiles/cmTC_9273a.dir/link.txt --verbose=1
/usr/bin/cc      -rdynamic CMakeFiles/cmTC_9273a.dir/testCCompiler.c.o  -o cmTC_9273a 
make[4]: Leaving directory '/workspaces/prj/heat-eqn-1d-variable-coeff/buildAmd64/EigenDownload-prefix/src/EigenDownload-build/CMakeFiles/CMakeTmp'
make[3]: Leaving directory '/workspaces/prj/heat-eqn-1d-variable-coeff/buildAmd64/EigenDownload-prefix/src/EigenDownload-build/CMakeFiles/CMakeTmp'



Detecting C compiler ABI info compiled with the following output:
Change Dir: /workspaces/prj/heat-eqn-1d-variable-coeff/buildAmd64/EigenDownload-prefix/src/EigenDownload-build/CMakeFiles/CMakeTmp

Run Build Command(s):/usr/bin/make cmTC_4adc8/fast && make[3]: Entering directory '/workspaces/prj/heat-eqn-1d-variable-coeff/buildAmd64/EigenDownload-prefix/src/EigenDownload-build/CMakeFiles/CMakeTmp'
/usr/bin/make -f CMakeFiles/cmTC_4adc8.dir/build.make CMakeFiles/cmTC_4adc8.dir/build
make[4]: Entering directory '/workspaces/prj/heat-eqn-1d-variable-coeff/buildAmd64/EigenDownload-prefix/src/EigenDownload-build/CMakeFiles/CMakeTmp'
Building C object CMakeFiles/cmTC_4adc8.dir/CMakeCCompilerABI.c.o
/usr/bin/cc   -v -o CMakeFiles/cmTC_4adc8.dir/CMakeCCompilerABI.c.o   -c /usr/share/cmake-3.16/Modules/CMakeCCompilerABI.c
Using built-in specs.
COLLECT_GCC=/usr/bin/cc
OFFLOAD_TARGET_NAMES=nvptx-none:hsa
OFFLOAD_TARGET_DEFAULT=1
Target: x86_64-linux-gnu
Configured with: ../src/configure -v --with-pkgversion='Ubuntu 9.4.0-1ubuntu1~20.04.2' --with-bugurl=file:///usr/share/doc/gcc-9/README.Bugs --enable-languages=c,ada,c++,go,brig,d,fortran,objc,obj-c++,gm2 --prefix=/usr --with-gcc-major-version-only --program-suffix=-9 --program-prefix=x86_64-linux-gnu- --enable-shared --enable-linker-build-id --libexecdir=/usr/lib --without-included-gettext --enable-threads=posix --libdir=/usr/lib --enable-nls --enable-clocale=gnu --enable-libstdcxx-debug --enable-libstdcxx-time=yes --with-default-libstdcxx-abi=new --enable-gnu-unique-object --disable-vtable-verify --enable-plugin --enable-default-pie --with-system-zlib --with-target-system-zlib=auto --enable-objc-gc=auto --enable-multiarch --disable-werror --with-arch-32=i686 --with-abi=m64 --with-multilib-list=m32,m64,mx32 --enable-multilib --with-tune=generic --enable-offload-targets=nvptx-none=/build/gcc-9-9QDOt0/gcc-9-9.4.0/debian/tmp-nvptx/usr,hsa --without-cuda-driver --enable-checking=release --build=x86_64-linux-gnu --host=x86_64-linux-gnu --target=x86_64-linux-gnu
Thread model: posix
gcc version 9.4.0 (Ubuntu 9.4.0-1ubuntu1~20.04.2) 
COLLECT_GCC_OPTIONS='-v' '-o' 'CMakeFiles/cmTC_4adc8.dir/CMakeCCompilerABI.c.o' '-c' '-mtune=generic' '-march=x86-64'
 /usr/lib/gcc/x86_64-linux-gnu/9/cc1 -quiet -v -imultiarch x86_64-linux-gnu /usr/share/cmake-3.16/Modules/CMakeCCompilerABI.c -quiet -dumpbase CMakeCCompilerABI.c -mtune=generic -march=x86-64 -auxbase-strip CMakeFiles/cmTC_4adc8.dir/CMakeCCompilerABI.c.o -version -fasynchronous-unwind-tables -fstack-protector-strong -Wformat -Wformat-security -fstack-clash-protection -fcf-protection -o /tmp/ccp14sFD.s
GNU C17 (Ubuntu 9.4.0-1ubuntu1~20.04.2) version 9.4.0 (x86_64-linux-gnu)
	compiled by GNU C version 9.4.0, GMP version 6.2.0, MPFR version 4.0.2, MPC version 1.1.0, isl version isl-0.22.1-GMP

GGC heuristics: --param ggc-min-expand=100 --param ggc-min-heapsize=131072
ignoring nonexistent directory "/usr/local/include/x86_64-linux-gnu"
ignoring nonexistent directory "/usr/lib/gcc/x86_64-linux-gnu/9/include-fixed"
ignoring nonexistent directory "/usr/lib/gcc/x86_64-linux-gnu/9/../../../../x86_64-linux-gnu/include"
#include "..." search starts here:
#include <...> search starts here:
 /usr/lib/gcc/x86_64-linux-gnu/9/include
 /usr/local/include
 /usr/include/x86_64-linux-gnu
 /usr/include
End of search list.
GNU C17 (Ubuntu 9.4.0-1ubuntu1~20.04.2) version 9.4.0 (x86_64-linux-gnu)
	compiled by GNU C version 9.4.0, GMP version 6.2.0, MPFR version 4.0.2, MPC version 1.1.0, isl version isl-0.22.1-GMP

GGC heuristics: --param ggc-min-expand=100 --param ggc-min-heapsize=131072
Compiler executable checksum: 01da938ff5dc2163489aa33cb3b747a7
COLLECT_GCC_OPTIONS='-v' '-o' 'CMakeFiles/cmTC_4adc8.dir/CMakeCCompilerABI.c.o' '-c' '-mtune=generic' '-march=x86-64'
 as -v --64 -o CMakeFiles/cmTC_4adc8.dir/CMakeCCompilerABI.c.o /tmp/ccp14sFD.s
GNU assembler version 2.34 (x86_64-linux-gnu) using BFD version (GNU Binutils for Ubuntu) 2.34
COMPILER_PATH=/usr/lib/gcc/x86_64-linux-gnu/9/:/usr/lib/gcc/x86_64-linux-gnu/9/:/usr/lib/gcc/x86_64-linux-gnu/:/usr/lib/gcc/x86_64-linux-gnu/9/:/usr/lib/gcc/x86_64-linux-gnu/
LIBRARY_PATH=/usr/lib/gcc/x86_64-linux-gnu/9/:/usr/lib/gcc/x86_64-linux-gnu/9/../../../x86_64-linux-gnu/:/usr/lib/gcc/x86_64-linux-gnu/9/../../../../lib/:/lib/x86_64-linux-gnu/:/lib/../lib/:/usr/lib/x86_64-linux-gnu/:/usr/lib/../lib/:/usr/lib/gcc/x86_64-linux-gnu/9/../../../:/lib/:/usr/lib/
COLLECT_GCC_OPTIONS='-v' '-o' 'CMakeFiles/cmTC_4adc8.dir/CMakeCCompilerABI.c.o' '-c' '-mtune=generic' '-march=x86-64'
Linking C executable cmTC_4adc8
/usr/bin/cmake -E cmake_link_script CMakeFiles/cmTC_4adc8.dir/link.txt --verbose=1
/usr/bin/cc     -v -rdynamic CMakeFiles/cmTC_4adc8.dir/CMakeCCompilerABI.c.o  -o cmTC_4adc8 
Using built-in specs.
COLLECT_GCC=/usr/bin/cc
COLLECT_LTO_WRAPPER=/usr/lib/gcc/x86_64-linux-gnu/9/lto-wrapper
OFFLOAD_TARGET_NAMES=nvptx-none:hsa
OFFLOAD_TARGET_DEFAULT=1
Target: x86_64-linux-gnu
Configured with: ../src/configure -v --with-pkgversion='Ubuntu 9.4.0-1ubuntu1~20.04.2' --with-bugurl=file:///usr/share/doc/gcc-9/README.Bugs --enable-languages=c,ada,c++,go,brig,d,fortran,objc,obj-c++,gm2 --prefix=/usr --with-gcc-major-version-only --program-suffix=-9 --program-prefix=x86_64-linux-gnu- --enable-shared --enable-linker-build-id --libexecdir=/usr/lib --without-included-gettext --enable-threads=posix --libdir=/usr/lib --enable-nls --enable-clocale=gnu --enable-libstdcxx-debug --enable-libstdcxx-time=yes --with-default-libstdcxx-abi=new --enable-gnu-unique-object --disable-vtable-verify --enable-plugin --enable-default-pie --with-system-zlib --with-target-system-zlib=auto --enable-objc-gc=auto --enable-multiarch --disable-werror --with-arch-32=i686 --with-abi=m64 --with-multilib-list=m32,m64,mx32 --enable-multilib --with-tune=generic --enable-offload-targets=nvptx-none=/build/gcc-9-9QDOt0/gcc-9-9.4.0/debian/tmp-nvptx/usr,hsa --without-cuda-driver --enable-checking=release --build=x86_64-linux-gnu --host=x86_64-linux-gnu --target=x86_64-linux-gnu
Thread model: posix
gcc version 9.4.0 (Ubuntu 9.4.0-1ubuntu1~20.04.2) 
COMPILER_PATH=/usr/lib/gcc/x86_64-linux-gnu/9/:/usr/lib/gcc/x86_64-linux-gnu/9/:/usr/lib/gcc/x86_64-linux-gnu/:/usr/lib/gcc/x86_64-linux-gnu/9/:/usr/lib/gcc/x86_64-linux-gnu/
LIBRARY_PATH=/usr/lib/gcc/x86_64-linux-gnu/9/:/usr/lib/gcc/x86_64-linux-gnu/9/../../../x86_64-linux-gnu/:/usr/lib/gcc/x86_64-linux-gnu/9/../../../../lib/:/lib/x86_64-linux-gnu/:/lib/../lib/:/usr/lib/x86_64-linux-gnu/:/usr/lib/../lib/:/usr/lib/gcc/x86_64-linux-gnu/9/../../../:/lib/:/usr/lib/
COLLECT_GCC_OPTIONS='-v' '-rdynamic' '-o' 'cmTC_4adc8' '-mtune=generic' '-march=x86-64'
 /usr/lib/gcc/x86_64-linux-gnu/9/collect2 -plugin /usr/lib/gcc/x86_64-linux-gnu/9/liblto_plugin.so -plugin-opt=/usr/lib/gcc/x86_64-linux-gnu/9/lto-wrapper -plugin-opt=-fresolution=/tmp/cc4JRf23.res -plugin-opt=-pass-through=-lgcc -plugin-opt=-pass-through=-lgcc_s -plugin-opt=-pass-through=-lc -plugin-opt=-pass-through=-lgcc -plugin-opt=-pass-through=-lgcc_s --build-id --eh-frame-hdr -m elf_x86_64 --hash-style=gnu --as-needed -export-dynamic -dynamic-linker /lib64/ld-linux-x86-64.so.2 -pie -z now -z relro -o cmTC_4adc8 /usr/lib/gcc/x86_64-linux-gnu/9/../../../x86_64-linux-gnu/Scrt1.o /usr/lib/gcc/x86_64-linux-gnu/9/../../../x86_64-linux-gnu/crti.o /usr/lib/gcc/x86_64-linux-gnu/9/crtbeginS.o -L/usr/lib/gcc/x86_64-linux-gnu/9 -L/usr/lib/gcc/x86_64-linux-gnu/9/../../../x86_64-linux-gnu -L/usr/lib/gcc/x86_64-linux-gnu/9/../../../../lib -L/lib/x86_64-linux-gnu -L/lib/../lib -L/usr/lib/x86_64-linux-gnu -L/usr/lib/../lib -L/usr/lib/gcc/x86_64-linux-gnu/9/../../.. CMakeFiles/cmTC_4adc8.dir/CMakeCCompilerABI.c.o -lgcc --push-state --as-needed -lgcc_s --pop-state -lc -lgcc --push-state --as-needed -lgcc_s --pop-state /usr/lib/gcc/x86_64-linux-gnu/9/crtendS.o /usr/lib/gcc/x86_64-linux-gnu/9/../../../x86_64-linux-gnu/crtn.o
COLLECT_GCC_OPTIONS='-v' '-rdynamic' '-o' 'cmTC_4adc8' '-mtune=generic' '-march=x86-64'
make[4]: Leaving directory '/workspaces/prj/heat-eqn-1d-variable-coeff/buildAmd64/EigenDownload-prefix/src/EigenDownload-build/CMakeFiles/CMakeTmp'
make[3]: Leaving directory '/workspaces/prj/heat-eqn-1d-variable-coeff/buildAmd64/EigenDownload-prefix/src/EigenDownload-build/CMakeFiles/CMakeTmp'



Parsed C implicit include dir info from above output: rv=done
  found start of include info
  found start of implicit include info
    add: [/usr/lib/gcc/x86_64-linux-gnu/9/include]
    add: [/usr/local/include]
    add: [/usr/include/x86_64-linux-gnu]
    add: [/usr/include]
  end of search list found
  collapse include dir [/usr/lib/gcc/x86_64-linux-gnu/9/include] ==> [/usr/lib/gcc/x86_64-linux-gnu/9/include]
  collapse include dir [/usr/local/include] ==> [/usr/local/include]
  collapse include dir [/usr/include/x86_64-linux-gnu] ==> [/usr/include/x86_64-linux-gnu]
  collapse include dir [/usr/include] ==> [/usr/include]
  implicit include dirs: [/usr/lib/gcc/x86_64-linux-gnu/9/include;/usr/local/include;/usr/include/x86_64-linux-gnu;/usr/include]


Parsed C implicit link information from above output:
  link line regex: [^( *|.*[/\])(ld|CMAKE_LINK_STARTFILE-NOTFOUND|([^/\]+-)?ld|collect2)[^/\]*( |$)]
  ignore line: [Change Dir: /workspaces/prj/heat-eqn-1d-variable-coeff/buildAmd64/EigenDownload-prefix/src/EigenDownload-build/CMakeFiles/CMakeTmp]
  ignore line: []
  ignore line: [Run Build Command(s):/usr/bin/make cmTC_4adc8/fast && make[3]: Entering directory '/workspaces/prj/heat-eqn-1d-variable-coeff/buildAmd64/EigenDownload-prefix/src/EigenDownload-build/CMakeFiles/CMakeTmp']
  ignore line: [/usr/bin/make -f CMakeFiles/cmTC_4adc8.dir/build.make CMakeFiles/cmTC_4adc8.dir/build]
  ignore line: [make[4]: Entering directory '/workspaces/prj/heat-eqn-1d-variable-coeff/buildAmd64/EigenDownload-prefix/src/EigenDownload-build/CMakeFiles/CMakeTmp']
  ignore line: [Building C object CMakeFiles/cmTC_4adc8.dir/CMakeCCompilerABI.c.o]
  ignore line: [/usr/bin/cc   -v -o CMakeFiles/cmTC_4adc8.dir/CMakeCCompilerABI.c.o   -c /usr/share/cmake-3.16/Modules/CMakeCCompilerABI.c]
  ignore line: [Using built-in specs.]
  ignore line: [COLLECT_GCC=/usr/bin/cc]
  ignore line: [OFFLOAD_TARGET_NAMES=nvptx-none:hsa]
  ignore line: [OFFLOAD_TARGET_DEFAULT=1]
  ignore line: [Target: x86_64-linux-gnu]
  ignore line: [Configured with: ../src/configure -v --with-pkgversion='Ubuntu 9.4.0-1ubuntu1~20.04.2' --with-bugurl=file:///usr/share/doc/gcc-9/README.Bugs --enable-languages=c ada c++ go brig d fortran objc obj-c++ gm2 --prefix=/usr --with-gcc-major-version-only --program-suffix=-9 --program-prefix=x86_64-linux-gnu- --enable-shared --enable-linker-build-id --libexecdir=/usr/lib --without-included-gettext --enable-threads=posix --libdir=/usr/lib --enable-nls --enable-clocale=gnu --enable-libstdcxx-debug --enable-libstdcxx-time=yes --with-default-libstdcxx-abi=new --enable-gnu-unique-object --disable-vtable-verify --enable-plugin --enable-default-pie --with-system-zlib --with-target-system-zlib=auto --enable-objc-gc=auto --enable-multiarch --disable-werror --with-arch-32=i686 --with-abi=m64 --with-multilib-list=m32 m64 mx32 --enable-multilib --with-tune=generic --enable-offload-targets=nvptx-none=/build/gcc-9-9QDOt0/gcc-9-9.4.0/debian/tmp-nvptx/usr hsa --without-cuda-driver --enable-checking=release --build=x86_64-linux-gnu --host=x86_64-linux-gnu --target=x86_64-linux-gnu]
  ignore line: [Thread model: posix]
  ignore line: [gcc version 9.4.0 (Ubuntu 9.4.0-1ubuntu1~20.04.2) ]
  ignore line: [COLLECT_GCC_OPTIONS='-v' '-o' 'CMakeFiles/cmTC_4adc8.dir/CMakeCCompilerABI.c.o' '-c' '-mtune=generic' '-march=x86-64']
  ignore line: [ /usr/lib/gcc/x86_64-linux-gnu/9/cc1 -quiet -v -imultiarch x86_64-linux-gnu /usr/share/cmake-3.16/Modules/CMakeCCompilerABI.c -quiet -dumpbase CMakeCCompilerABI.c -mtune=generic -march=x86-64 -auxbase-strip CMakeFiles/cmTC_4adc8.dir/CMakeCCompilerABI.c.o -version -fasynchronous-unwind-tables -fstack-protector-strong -Wformat -Wformat-security -fstack-clash-protection -fcf-protection -o /tmp/ccp14sFD.s]
  ignore line: [GNU C17 (Ubuntu 9.4.0-1ubuntu1~20.04.2) version 9.4.0 (x86_64-linux-gnu)]
  ignore line: [	compiled by GNU C version 9.4.0  GMP version 6.2.0  MPFR version 4.0.2  MPC version 1.1.0  isl version isl-0.22.1-GMP]
  ignore line: []
  ignore line: [GGC heuristics: --param ggc-min-expand=100 --param ggc-min-heapsize=131072]
  ignore line: [ignoring nonexistent directory "/usr/local/include/x86_64-linux-gnu"]
  ignore line: [ignoring nonexistent directory "/usr/lib/gcc/x86_64-linux-gnu/9/include-fixed"]
  ignore line: [ignoring nonexistent directory "/usr/lib/gcc/x86_64-linux-gnu/9/../../../../x86_64-linux-gnu/include"]
  ignore line: [#include "..." search starts here:]
  ignore line: [#include <...> search starts here:]
  ignore line: [ /usr/lib/gcc/x86_64-linux-gnu/9/include]
  ignore line: [ /usr/local/include]
  ignore line: [ /usr/include/x86_64-linux-gnu]
  ignore line: [ /usr/include]
  ignore line: [End of search list.]
  ignore line: [GNU C17 (Ubuntu 9.4.0-1ubuntu1~20.04.2) version 9.4.0 (x86_64-linux-gnu)]
  ignore line: [	compiled by GNU C version 9.4.0  GMP version 6.2.0  MPFR version 4.0.2  MPC version 1.1.0  isl version isl-0.22.1-GMP]
  ignore line: []
  ignore line: [GGC heuristics: --param ggc-min-expand=100 --param ggc-min-heapsize=131072]
  ignore line: [Compiler executable checksum: 01da938ff5dc2163489aa33cb3b747a7]
  ignore line: [COLLECT_GCC_OPTIONS='-v' '-o' 'CMakeFiles/cmTC_4adc8.dir/CMakeCCompilerABI.c.o' '-c' '-mtune=generic' '-march=x86-64']
  ignore line: [ as -v --64 -o CMakeFiles/cmTC_4adc8.dir/CMakeCCompilerABI.c.o /tmp/ccp14sFD.s]
  ignore line: [GNU assembler version 2.34 (x86_64-linux-gnu) using BFD version (GNU Binutils for Ubuntu) 2.34]
  ignore line: [COMPILER_PATH=/usr/lib/gcc/x86_64-linux-gnu/9/:/usr/lib/gcc/x86_64-linux-gnu/9/:/usr/lib/gcc/x86_64-linux-gnu/:/usr/lib/gcc/x86_64-linux-gnu/9/:/usr/lib/gcc/x86_64-linux-gnu/]
  ignore line: [LIBRARY_PATH=/usr/lib/gcc/x86_64-linux-gnu/9/:/usr/lib/gcc/x86_64-linux-gnu/9/../../../x86_64-linux-gnu/:/usr/lib/gcc/x86_64-linux-gnu/9/../../../../lib/:/lib/x86_64-linux-gnu/:/lib/../lib/:/usr/lib/x86_64-linux-gnu/:/usr/lib/../lib/:/usr/lib/gcc/x86_64-linux-gnu/9/../../../:/lib/:/usr/lib/]
  ignore line: [COLLECT_GCC_OPTIONS='-v' '-o' 'CMakeFiles/cmTC_4adc8.dir/CMakeCCompilerABI.c.o' '-c' '-mtune=generic' '-march=x86-64']
  ignore line: [Linking C executable cmTC_4adc8]
  ignore line: [/usr/bin/cmake -E cmake_link_script CMakeFiles/cmTC_4adc8.dir/link.txt --verbose=1]
  ignore line: [/usr/bin/cc     -v -rdynamic CMakeFiles/cmTC_4adc8.dir/CMakeCCompilerABI.c.o  -o cmTC_4adc8 ]
  ignore line: [Using built-in specs.]
  ignore line: [COLLECT_GCC=/usr/bin/cc]
  ignore line: [COLLECT_LTO_WRAPPER=/usr/lib/gcc/x86_64-linux-gnu/9/lto-wrapper]
  ignore line: [OFFLOAD_TARGET_NAMES=nvptx-none:hsa]
  ignore line: [OFFLOAD_TARGET_DEFAULT=1]
  ignore line: [Target: x86_64-linux-gnu]
  ignore line: [Configured with: ../src/configure -v --with-pkgversion='Ubuntu 9.4.0-1ubuntu1~20.04.2' --with-bugurl=file:///usr/share/doc/gcc-9/README.Bugs --enable-languages=c ada c++ go brig d fortran objc obj-c++ gm2 --prefix=/usr --with-gcc-major-version-only --program-suffix=-9 --program-prefix=x86_64-linux-gnu- --enable-shared --enable-linker-build-id --libexecdir=/usr/lib --without-included-gettext --enable-threads=posix --libdir=/usr/lib --enable-nls --enable-clocale=gnu --enable-libstdcxx-debug --enable-libstdcxx-time=yes --with-default-libstdcxx-abi=new --enable-gnu-unique-object --disable-vtable-verify --enable-plugin --enable-default-pie --with-system-zlib --with-target-system-zlib=auto --enable-objc-gc=auto --enable-multiarch --disable-werror --with-arch-32=i686 --with-abi=m64 --with-multilib-list=m32 m64 mx32 --enable-multilib --with-tune=generic --enable-offload-targets=nvptx-none=/build/gcc-9-9QDOt0/gcc-9-9.4.0/debian/tmp-nvptx/usr hsa --without-cuda-driver --enable-checking=release --build=x86_64-linux-gnu --host=x86_64-linux-gnu --target=x86_64-linux-gnu]
  ignore line: [Thread model: posix]
  ignore line: [gcc version 9.4.0 (Ubuntu 9.4.0-1ubuntu1~20.04.2) ]
  ignore line: [COMPILER_PATH=/usr/lib/gcc/x86_64-linux-gnu/9/:/usr/lib/gcc/x86_64-linux-gnu/9/:/usr/lib/gcc/x86_64-linux-gnu/:/usr/lib/gcc/x86_64-linux-gnu/9/:/usr/lib/gcc/x86_64-linux-gnu/]
  ignore line: [LIBRARY_PATH=/usr/lib/gcc/x86_64-linux-gnu/9/:/usr/lib/gcc/x86_64-linux-gnu/9/../../../x86_64-linux-gnu/:/usr/lib/gcc/x86_64-linux-gnu/9/../../../../lib/:/lib/x86_64-linux-gnu/:/lib/../lib/:/usr/lib/x86_64-linux-gnu/:/usr/lib/../lib/:/usr/lib/gcc/x86_64-linux-gnu/9/../../../:/lib/:/usr/lib/]
  ignore line: [COLLECT_GCC_OPTIONS='-v' '-rdynamic' '-o' 'cmTC_4adc8' '-mtune=generic' '-march=x86-64']
  link line: [ /usr/lib/gcc/x86_64-linux-gnu/9/collect2 -plugin /usr/lib/gcc/x86_64-linux-gnu/9/liblto_plugin.so -plugin-opt=/usr/lib/gcc/x86_64-linux-gnu/9/lto-wrapper -plugin-opt=-fresolution=/tmp/cc4JRf23.res -plugin-opt=-pass-through=-lgcc -plugin-opt=-pass-through=-lgcc_s -plugin-opt=-pass-through=-lc -plugin-opt=-pass-through=-lgcc -plugin-opt=-pass-through=-lgcc_s --build-id --eh-frame-hdr -m elf_x86_64 --hash-style=gnu --as-needed -export-dynamic -dynamic-linker /lib64/ld-linux-x86-64.so.2 -pie -z now -z relro -o cmTC_4adc8 /usr/lib/gcc/x86_64-linux-gnu/9/../../../x86_64-linux-gnu/Scrt1.o /usr/lib/gcc/x86_64-linux-gnu/9/../../../x86_64-linux-gnu/crti.o /usr/lib/gcc/x86_64-linux-gnu/9/crtbeginS.o -L/usr/lib/gcc/x86_64-linux-gnu/9 -L/usr/lib/gcc/x86_64-linux-gnu/9/../../../x86_64-linux-gnu -L/usr/lib/gcc/x86_64-linux-gnu/9/../../../../lib -L/lib/x86_64-linux-gnu -L/lib/../lib -L/usr/lib/x86_64-linux-gnu -L/usr/lib/../lib -L/usr/lib/gcc/x86_64-linux-gnu/9/../../.. CMakeFiles/cmTC_4adc8.dir/CMakeCCompilerABI.c.o -lgcc --push-state --as-needed -lgcc_s --pop-state -lc -lgcc --push-state --as-needed -lgcc_s --pop-state /usr/lib/gcc/x86_64-linux-gnu/9/crtendS.o /usr/lib/gcc/x86_64-linux-gnu/9/../../../x86_64-linux-gnu/crtn.o]
    arg [/usr/lib/gcc/x86_64-linux-gnu/9/collect2] ==> ignore
    arg [-plugin] ==> ignore
    arg [/usr/lib/gcc/x86_64-linux-gnu/9/liblto_plugin.so] ==> ignore
    arg [-plugin-opt=/usr/lib/gcc/x86_64-linux-gnu/9/lto-wrapper] ==> ignore
    arg [-plugin-opt=-fresolution=/tmp/cc4JRf23.res] ==> ignore
    arg [-plugin-opt=-pass-through=-lgcc] ==> ignore
    arg [-plugin-opt=-pass-through=-lgcc_s] ==> ignore
    arg [-plugin-opt=-pass-through=-lc] ==> ignore
    arg [-plugin-opt=-pass-through=-lgcc] ==> ignore
    arg [-plugin-opt=-pass-through=-lgcc_s] ==> ignore
    arg [--build-id] ==> ignore
    arg [--eh-frame-hdr] ==> ignore
    arg [-m] ==> ignore
    arg [elf_x86_64] ==> ignore
    arg [--hash-style=gnu] ==> ignore
    arg [--as-needed] ==> ignore
    arg [-export-dynamic] ==> ignore
    arg [-dynamic-linker] ==> ignore
    arg [/lib64/ld-linux-x86-64.so.2] ==> ignore
    arg [-pie] ==> ignore
    arg [-znow] ==> ignore
    arg [-zrelro] ==> ignore
    arg [-o] ==> ignore
    arg [cmTC_4adc8] ==> ignore
    arg [/usr/lib/gcc/x86_64-linux-gnu/9/../../../x86_64-linux-gnu/Scrt1.o] ==> ignore
    arg [/usr/lib/gcc/x86_64-linux-gnu/9/../../../x86_64-linux-gnu/crti.o] ==> ignore
    arg [/usr/lib/gcc/x86_64-linux-gnu/9/crtbeginS.o] ==> ignore
    arg [-L/usr/lib/gcc/x86_64-linux-gnu/9] ==> dir [/usr/lib/gcc/x86_64-linux-gnu/9]
    arg [-L/usr/lib/gcc/x86_64-linux-gnu/9/../../../x86_64-linux-gnu] ==> dir [/usr/lib/gcc/x86_64-linux-gnu/9/../../../x86_64-linux-gnu]
    arg [-L/usr/lib/gcc/x86_64-linux-gnu/9/../../../../lib] ==> dir [/usr/lib/gcc/x86_64-linux-gnu/9/../../../../lib]
    arg [-L/lib/x86_64-linux-gnu] ==> dir [/lib/x86_64-linux-gnu]
    arg [-L/lib/../lib] ==> dir [/lib/../lib]
    arg [-L/usr/lib/x86_64-linux-gnu] ==> dir [/usr/lib/x86_64-linux-gnu]
    arg [-L/usr/lib/../lib] ==> dir [/usr/lib/../lib]
    arg [-L/usr/lib/gcc/x86_64-linux-gnu/9/../../..] ==> dir [/usr/lib/gcc/x86_64-linux-gnu/9/../../..]
    arg [CMakeFiles/cmTC_4adc8.dir/CMakeCCompilerABI.c.o] ==> ignore
    arg [-lgcc] ==> lib [gcc]
    arg [--push-state] ==> ignore
    arg [--as-needed] ==> ignore
    arg [-lgcc_s] ==> lib [gcc_s]
    arg [--pop-state] ==> ignore
    arg [-lc] ==> lib [c]
    arg [-lgcc] ==> lib [gcc]
    arg [--push-state] ==> ignore
    arg [--as-needed] ==> ignore
    arg [-lgcc_s] ==> lib [gcc_s]
    arg [--pop-state] ==> ignore
    arg [/usr/lib/gcc/x86_64-linux-gnu/9/crtendS.o] ==> ignore
    arg [/usr/lib/gcc/x86_64-linux-gnu/9/../../../x86_64-linux-gnu/crtn.o] ==> ignore
  collapse library dir [/usr/lib/gcc/x86_64-linux-gnu/9] ==> [/usr/lib/gcc/x86_64-linux-gnu/9]
  collapse library dir [/usr/lib/gcc/x86_64-linux-gnu/9/../../../x86_64-linux-gnu] ==> [/usr/lib/x86_64-linux-gnu]
  collapse library dir [/usr/lib/gcc/x86_64-linux-gnu/9/../../../../lib] ==> [/usr/lib]
  collapse library dir [/lib/x86_64-linux-gnu] ==> [/lib/x86_64-linux-gnu]
  collapse library dir [/lib/../lib] ==> [/lib]
  collapse library dir [/usr/lib/x86_64-linux-gnu] ==> [/usr/lib/x86_64-linux-gnu]
  collapse library dir [/usr/lib/../lib] ==> [/usr/lib]
  collapse library dir [/usr/lib/gcc/x86_64-linux-gnu/9/../../..] ==> [/usr/lib]
  implicit libs: [gcc;gcc_s;c;gcc;gcc_s]
  implicit dirs: [/usr/lib/gcc/x86_64-linux-gnu/9;/usr/lib/x86_64-linux-gnu;/usr/lib;/lib/x86_64-linux-gnu;/lib]
  implicit fwks: []


Determining if the CXX compiler works passed with the following output:
Change Dir: /workspaces/prj/heat-eqn-1d-variable-coeff/buildAmd64/EigenDownload-prefix/src/EigenDownload-build/CMakeFiles/CMakeTmp

Run Build Command(s):/usr/bin/make cmTC_90b72/fast && make[3]: Entering directory '/workspaces/prj/heat-eqn-1d-variable-coeff/buildAmd64/EigenDownload-prefix/src/EigenDownload-build/CMakeFiles/CMakeTmp'
/usr/bin/make -f CMakeFiles/cmTC_90b72.dir/build.make CMakeFiles/cmTC_90b72.dir/build
make[4]: Entering directory '/workspaces/prj/heat-eqn-1d-variable-coeff/buildAmd64/EigenDownload-prefix/src/EigenDownload-build/CMakeFiles/CMakeTmp'
Building CXX object CMakeFiles/cmTC_90b72.dir/testCXXCompiler.cxx.o
/usr/bin/c++     -o CMakeFiles/cmTC_90b72.dir/testCXXCompiler.cxx.o -c /workspaces/prj/heat-eqn-1d-variable-coeff/buildAmd64/EigenDownload-prefix/src/EigenDownload-build/CMakeFiles/CMakeTmp/testCXXCompiler.cxx
Linking CXX executable cmTC_90b72
/usr/bin/cmake -E cmake_link_script CMakeFiles/cmTC_90b72.dir/link.txt --verbose=1
/usr/bin/c++       -rdynamic CMakeFiles/cmTC_90b72.dir/testCXXCompiler.cxx.o  -o cmTC_90b72 
make[4]: Leaving directory '/workspaces/prj/heat-eqn-1d-variable-coeff/buildAmd64/EigenDownload-prefix/src/EigenDownload-build/CMakeFiles/CMakeTmp'
make[3]: Leaving directory '/workspaces/prj/heat-eqn-1d-variable-coeff/buildAmd64/EigenDownload-prefix/src/EigenDownload-build/CMakeFiles/CMakeTmp'



Detecting CXX compiler ABI info compiled with the following output:
Change Dir: /workspaces/prj/heat-eqn-1d-variable-coeff/buildAmd64/EigenDownload-prefix/src/EigenDownload-build/CMakeFiles/CMakeTmp

Run Build Command(s):/usr/bin/make cmTC_0ceb3/fast && make[3]: Entering directory '/workspaces/prj/heat-eqn-1d-variable-coeff/buildAmd64/EigenDownload-prefix/src/EigenDownload-build/CMakeFiles/CMakeTmp'
/usr/bin/make -f CMakeFiles/cmTC_0ceb3.dir/build.make CMakeFiles/cmTC_0ceb3.dir/build
make[4]: Entering directory '/workspaces/prj/heat-eqn-1d-variable-coeff/buildAmd64/EigenDownload-prefix/src/EigenDownload-build/CMakeFiles/CMakeTmp'
Building CXX object CMakeFiles/cmTC_0ceb3.dir/CMakeCXXCompilerABI.cpp.o
/usr/bin/c++    -v -o CMakeFiles/cmTC_0ceb3.dir/CMakeCXXCompilerABI.cpp.o -c /usr/share/cmake-3.16/Modules/CMakeCXXCompilerABI.cpp
Using built-in specs.
COLLECT_GCC=/usr/bin/c++
OFFLOAD_TARGET_NAMES=nvptx-none:hsa
OFFLOAD_TARGET_DEFAULT=1
Target: x86_64-linux-gnu
Configured with: ../src/configure -v --with-pkgversion='Ubuntu 9.4.0-1ubuntu1~20.04.2' --with-bugurl=file:///usr/share/doc/gcc-9/README.Bugs --enable-languages=c,ada,c++,go,brig,d,fortran,objc,obj-c++,gm2 --prefix=/usr --with-gcc-major-version-only --program-suffix=-9 --program-prefix=x86_64-linux-gnu- --enable-shared --enable-linker-build-id --libexecdir=/usr/lib --without-included-gettext --enable-threads=posix --libdir=/usr/lib --enable-nls --enable-clocale=gnu --enable-libstdcxx-debug --enable-libstdcxx-time=yes --with-default-libstdcxx-abi=new --enable-gnu-unique-object --disable-vtable-verify --enable-plugin --enable-default-pie --with-system-zlib --with-target-system-zlib=auto --enable-objc-gc=auto --enable-multiarch --disable-werror --with-arch-32=i686 --with-abi=m64 --with-multilib-list=m32,m64,mx32 --enable-multilib --with-tune=generic --enable-offload-targets=nvptx-none=/build/gcc-9-9QDOt0/gcc-9-9.4.0/debian/tmp-nvptx/usr,hsa --without-cuda-driver --enable-checking=release --build=x86_64-linux-gnu --host=x86_64-linux-gnu --target=x86_64-linux-gnu
Thread model: posix
gcc version 9.4.0 (Ubuntu 9.4.0-1ubuntu1~20.04.2) 
COLLECT_GCC_OPTIONS='-v' '-o' 'CMakeFiles/cmTC_0ceb3.dir/CMakeCXXCompilerABI.cpp.o' '-c' '-shared-libgcc' '-mtune=generic' '-march=x86-64'
 /usr/lib/gcc/x86_64-linux-gnu/9/cc1plus -quiet -v -imultiarch x86_64-linux-gnu -D_GNU_SOURCE /usr/share/cmake-3.16/Modules/CMakeCXXCompilerABI.cpp -quiet -dumpbase CMakeCXXCompilerABI.cpp -mtune=generic -march=x86-64 -auxbase-strip CMakeFiles/cmTC_0ceb3.dir/CMakeCXXCompilerABI.cpp.o -version -fasynchronous-unwind-tables -fstack-protector-strong -Wformat -Wformat-security -fstack-clash-protection -fcf-protection -o /tmp/ccFmN7GB.s
GNU C++14 (Ubuntu 9.4.0-1ubuntu1~20.04.2) version 9.4.0 (x86_64-linux-gnu)
	compiled by GNU C version 9.4.0, GMP version 6.2.0, MPFR version 4.0.2, MPC version 1.1.0, isl version isl-0.22.1-GMP

GGC heuristics: --param ggc-min-expand=100 --param ggc-min-heapsize=131072
ignoring duplicate directory "/usr/include/x86_64-linux-gnu/c++/9"
ignoring nonexistent directory "/usr/local/include/x86_64-linux-gnu"
ignoring nonexistent directory "/usr/lib/gcc/x86_64-linux-gnu/9/include-fixed"
ignoring nonexistent directory "/usr/lib/gcc/x86_64-linux-gnu/9/../../../../x86_64-linux-gnu/include"
#include "..." search starts here:
#include <...> search starts here:
 /usr/include/c++/9
 /usr/include/x86_64-linux-gnu/c++/9
 /usr/include/c++/9/backward
 /usr/lib/gcc/x86_64-linux-gnu/9/include
 /usr/local/include
 /usr/include/x86_64-linux-gnu
 /usr/include
End of search list.
GNU C++14 (Ubuntu 9.4.0-1ubuntu1~20.04.2) version 9.4.0 (x86_64-linux-gnu)
	compiled by GNU C version 9.4.0, GMP version 6.2.0, MPFR version 4.0.2, MPC version 1.1.0, isl version isl-0.22.1-GMP

GGC heuristics: --param ggc-min-expand=100 --param ggc-min-heapsize=131072
Compiler executable checksum: 3d1eba838554fa2348dba760e4770469
COLLECT_GCC_OPTIONS='-v' '-o' 'CMakeFiles/cmTC_0ceb3.dir/CMakeCXXCompilerABI.cpp.o' '-c' '-shared-libgcc' '-mtune=generic' '-march=x86-64'
 as -v --64 -o CMakeFiles/cmTC_0ceb3.dir/CMakeCXXCompilerABI.cpp.o /tmp/ccFmN7GB.s
GNU assembler version 2.34 (x86_64-linux-gnu) using BFD version (GNU Binutils for Ubuntu) 2.34
COMPILER_PATH=/usr/lib/gcc/x86_64-linux-gnu/9/:/usr/lib/gcc/x86_64-linux-gnu/9/:/usr/lib/gcc/x86_64-linux-gnu/:/usr/lib/gcc/x86_64-linux-gnu/9/:/usr/lib/gcc/x86_64-linux-gnu/
LIBRARY_PATH=/usr/lib/gcc/x86_64-linux-gnu/9/:/usr/lib/gcc/x86_64-linux-gnu/9/../../../x86_64-linux-gnu/:/usr/lib/gcc/x86_64-linux-gnu/9/../../../../lib/:/lib/x86_64-linux-gnu/:/lib/../lib/:/usr/lib/x86_64-linux-gnu/:/usr/lib/../lib/:/usr/lib/gcc/x86_64-linux-gnu/9/../../../:/lib/:/usr/lib/
COLLECT_GCC_OPTIONS='-v' '-o' 'CMakeFiles/cmTC_0ceb3.dir/CMakeCXXCompilerABI.cpp.o' '-c' '-shared-libgcc' '-mtune=generic' '-march=x86-64'
Linking CXX executable cmTC_0ceb3
/usr/bin/cmake -E cmake_link_script CMakeFiles/cmTC_0ceb3.dir/link.txt --verbose=1
/usr/bin/c++      -v -rdynamic CMakeFiles/cmTC_0ceb3.dir/CMakeCXXCompilerABI.cpp.o  -o cmTC_0ceb3 
Using built-in specs.
COLLECT_GCC=/usr/bin/c++
COLLECT_LTO_WRAPPER=/usr/lib/gcc/x86_64-linux-gnu/9/lto-wrapper
OFFLOAD_TARGET_NAMES=nvptx-none:hsa
OFFLOAD_TARGET_DEFAULT=1
Target: x86_64-linux-gnu
Configured with: ../src/configure -v --with-pkgversion='Ubuntu 9.4.0-1ubuntu1~20.04.2' --with-bugurl=file:///usr/share/doc/gcc-9/README.Bugs --enable-languages=c,ada,c++,go,brig,d,fortran,objc,obj-c++,gm2 --prefix=/usr --with-gcc-major-version-only --program-suffix=-9 --program-prefix=x86_64-linux-gnu- --enable-shared --enable-linker-build-id --libexecdir=/usr/lib --without-included-gettext --enable-threads=posix --libdir=/usr/lib --enable-nls --enable-clocale=gnu --enable-libstdcxx-debug --enable-libstdcxx-time=yes --with-default-libstdcxx-abi=new --enable-gnu-unique-object --disable-vtable-verify --enable-plugin --enable-default-pie --with-system-zlib --with-target-system-zlib=auto --enable-objc-gc=auto --enable-multiarch --disable-werror --with-arch-32=i686 --with-abi=m64 --with-multilib-list=m32,m64,mx32 --enable-multilib --with-tune=generic --enable-offload-targets=nvptx-none=/build/gcc-9-9QDOt0/gcc-9-9.4.0/debian/tmp-nvptx/usr,hsa --without-cuda-driver --enable-checking=release --build=x86_64-linux-gnu --host=x86_64-linux-gnu --target=x86_64-linux-gnu
Thread model: posix
gcc version 9.4.0 (Ubuntu 9.4.0-1ubuntu1~20.04.2) 
COMPILER_PATH=/usr/lib/gcc/x86_64-linux-gnu/9/:/usr/lib/gcc/x86_64-linux-gnu/9/:/usr/lib/gcc/x86_64-linux-gnu/:/usr/lib/gcc/x86_64-linux-gnu/9/:/usr/lib/gcc/x86_64-linux-gnu/
LIBRARY_PATH=/usr/lib/gcc/x86_64-linux-gnu/9/:/usr/lib/gcc/x86_64-linux-gnu/9/../../../x86_64-linux-gnu/:/usr/lib/gcc/x86_64-linux-gnu/9/../../../../lib/:/lib/x86_64-linux-gnu/:/lib/../lib/:/usr/lib/x86_64-linux-gnu/:/usr/lib/../lib/:/usr/lib/gcc/x86_64-linux-gnu/9/../../../:/lib/:/usr/lib/
COLLECT_GCC_OPTIONS='-v' '-rdynamic' '-o' 'cmTC_0ceb3' '-shared-libgcc' '-mtune=generic' '-march=x86-64'
 /usr/lib/gcc/x86_64-linux-gnu/9/collect2 -plugin /usr/lib/gcc/x86_64-linux-gnu/9/liblto_plugin.so -plugin-opt=/usr/lib/gcc/x86_64-linux-gnu/9/lto-wrapper -plugin-opt=-fresolution=/tmp/ccTrged1.res -plugin-opt=-pass-through=-lgcc_s -plugin-opt=-pass-through=-lgcc -plugin-opt=-pass-through=-lc -plugin-opt=-pass-through=-lgcc_s -plugin-opt=-pass-through=-lgcc --build-id --eh-frame-hdr -m elf_x86_64 --hash-style=gnu --as-needed -export-dynamic -dynamic-linker /lib64/ld-linux-x86-64.so.2 -pie -z now -z relro -o cmTC_0ceb3 /usr/lib/gcc/x86_64-linux-gnu/9/../../../x86_64-linux-gnu/Scrt1.o /usr/lib/gcc/x86_64-linux-gnu/9/../../../x86_64-linux-gnu/crti.o /usr/lib/gcc/x86_64-linux-gnu/9/crtbeginS.o -L/usr/lib/gcc/x86_64-linux-gnu/9 -L/usr/lib/gcc/x86_64-linux-gnu/9/../../../x86_64-linux-gnu -L/usr/lib/gcc/x86_64-linux-gnu/9/../../../../lib -L/lib/x86_64-linux-gnu -L/lib/../lib -L/usr/lib/x86_64-linux-gnu -L/usr/lib/../lib -L/usr/lib/gcc/x86_64-linux-gnu/9/../../.. CMakeFiles/cmTC_0ceb3.dir/CMakeCXXCompilerABI.cpp.o -lstdc++ -lm -lgcc_s -lgcc -lc -lgcc_s -lgcc /usr/lib/gcc/x86_64-linux-gnu/9/crtendS.o /usr/lib/gcc/x86_64-linux-gnu/9/../../../x86_64-linux-gnu/crtn.o
COLLECT_GCC_OPTIONS='-v' '-rdynamic' '-o' 'cmTC_0ceb3' '-shared-libgcc' '-mtune=generic' '-march=x86-64'
make[4]: Leaving directory '/workspaces/prj/heat-eqn-1d-variable-coeff/buildAmd64/EigenDownload-prefix/src/EigenDownload-build/CMakeFiles/CMakeTmp'
make[3]: Leaving directory '/workspaces/prj/heat-eqn-1d-variable-coeff/buildAmd64/EigenDownload-prefix/src/EigenDownload-build/CMakeFiles/CMakeTmp'



Parsed CXX implicit include dir info from above output: rv=done
  found start of include info
  found start of implicit include info
    add: [/usr/include/c++/9]
    add: [/usr/include/x86_64-linux-gnu/c++/9]
    add: [/usr/include/c++/9/backward]
    add: [/usr/lib/gcc/x86_64-linux-gnu/9/include]
    add: [/usr/local/include]
    add: [/usr/include/x86_64-linux-gnu]
    add: [/usr/include]
  end of search list found
  collapse include dir [/usr/include/c++/9] ==> [/usr/include/c++/9]
  collapse include dir [/usr/include/x86_64-linux-gnu/c++/9] ==> [/usr/include/x86_64-linux-gnu/c++/9]
  collapse include dir [/usr/include/c++/9/backward] ==> [/usr/include/c++/9/backward]
  collapse include dir [/usr/lib/gcc/x86_64-linux-gnu/9/include] ==> [/usr/lib/gcc/x86_64-linux-gnu/9/include]
  collapse include dir [/usr/local/include] ==> [/usr/local/include]
  collapse include dir [/usr/include/x86_64-linux-gnu] ==> [/usr/include/x86_64-linux-gnu]
  collapse include dir [/usr/include] ==> [/usr/include]
  implicit include dirs: [/usr/include/c++/9;/usr/include/x86_64-linux-gnu/c++/9;/usr/include/c++/9/backward;/usr/lib/gcc/x86_64-linux-gnu/9/include;/usr/local/include;/usr/include/x86_64-linux-gnu;/usr/include]


Parsed CXX implicit link information from above output:
  link line regex: [^( *|.*[/\])(ld|CMAKE_LINK_STARTFILE-NOTFOUND|([^/\]+-)?ld|collect2)[^/\]*( |$)]
  ignore line: [Change Dir: /workspaces/prj/heat-eqn-1d-variable-coeff/buildAmd64/EigenDownload-prefix/src/EigenDownload-build/CMakeFiles/CMakeTmp]
  ignore line: []
  ignore line: [Run Build Command(s):/usr/bin/make cmTC_0ceb3/fast && make[3]: Entering directory '/workspaces/prj/heat-eqn-1d-variable-coeff/buildAmd64/EigenDownload-prefix/src/EigenDownload-build/CMakeFiles/CMakeTmp']
  ignore line: [/usr/bin/make -f CMakeFiles/cmTC_0ceb3.dir/build.make CMakeFiles/cmTC_0ceb3.dir/build]
  ignore line: [make[4]: Entering directory '/workspaces/prj/heat-eqn-1d-variable-coeff/buildAmd64/EigenDownload-prefix/src/EigenDownload-build/CMakeFiles/CMakeTmp']
  ignore line: [Building CXX object CMakeFiles/cmTC_0ceb3.dir/CMakeCXXCompilerABI.cpp.o]
  ignore line: [/usr/bin/c++    -v -o CMakeFiles/cmTC_0ceb3.dir/CMakeCXXCompilerABI.cpp.o -c /usr/share/cmake-3.16/Modules/CMakeCXXCompilerABI.cpp]
  ignore line: [Using built-in specs.]
  ignore line: [COLLECT_GCC=/usr/bin/c++]
  ignore line: [OFFLOAD_TARGET_NAMES=nvptx-none:hsa]
  ignore line: [OFFLOAD_TARGET_DEFAULT=1]
  ignore line: [Target: x86_64-linux-gnu]
  ignore line: [Configured with: ../src/configure -v --with-pkgversion='Ubuntu 9.4.0-1ubuntu1~20.04.2' --with-bugurl=file:///usr/share/doc/gcc-9/README.Bugs --enable-languages=c ada c++ go brig d fortran objc obj-c++ gm2 --prefix=/usr --with-gcc-major-version-only --program-suffix=-9 --program-prefix=x86_64-linux-gnu- --enable-shared --enable-linker-build-id --libexecdir=/usr/lib --without-included-gettext --enable-threads=posix --libdir=/usr/lib --enable-nls --enable-clocale=gnu --enable-libstdcxx-debug --enable-libstdcxx-time=yes --with-default-libstdcxx-abi=new --enable-gnu-unique-object --disable-vtable-verify --enable-plugin --enable-default-pie --with-system-zlib --with-target-system-zlib=auto --enable-objc-gc=auto --enable-multiarch --disable-werror --with-arch-32=i686 --with-abi=m64 --with-multilib-list=m32 m64 mx32 --enable-multilib --with-tune=generic --enable-offload-targets=nvptx-none=/build/gcc-9-9QDOt0/gcc-9-9.4.0/debian/tmp-nvptx/usr hsa --without-cuda-driver --enable-checking=release --build=x86_64-linux-gnu --host=x86_64-linux-gnu --target=x86_64-linux-gnu]
  ignore line: [Thread model: posix]
  ignore line: [gcc version 9.4.0 (Ubuntu 9.4.0-1ubuntu1~20.04.2) ]
  ignore line: [COLLECT_GCC_OPTIONS='-v' '-o' 'CMakeFiles/cmTC_0ceb3.dir/CMakeCXXCompilerABI.cpp.o' '-c' '-shared-libgcc' '-mtune=generic' '-march=x86-64']
  ignore line: [ /usr/lib/gcc/x86_64-linux-gnu/9/cc1plus -quiet -v -imultiarch x86_64-linux-gnu -D_GNU_SOURCE /usr/share/cmake-3.16/Modules/CMakeCXXCompilerABI.cpp -quiet -dumpbase CMakeCXXCompilerABI.cpp -mtune=generic -march=x86-64 -auxbase-strip CMakeFiles/cmTC_0ceb3.dir/CMakeCXXCompilerABI.cpp.o -version -fasynchronous-unwind-tables -fstack-protector-strong -Wformat -Wformat-security -fstack-clash-protection -fcf-protection -o /tmp/ccFmN7GB.s]
  ignore line: [GNU C++14 (Ubuntu 9.4.0-1ubuntu1~20.04.2) version 9.4.0 (x86_64-linux-gnu)]
  ignore line: [	compiled by GNU C version 9.4.0  GMP version 6.2.0  MPFR version 4.0.2  MPC version 1.1.0  isl version isl-0.22.1-GMP]
  ignore line: []
  ignore line: [GGC heuristics: --param ggc-min-expand=100 --param ggc-min-heapsize=131072]
  ignore line: [ignoring duplicate directory "/usr/include/x86_64-linux-gnu/c++/9"]
  ignore line: [ignoring nonexistent directory "/usr/local/include/x86_64-linux-gnu"]
  ignore line: [ignoring nonexistent directory "/usr/lib/gcc/x86_64-linux-gnu/9/include-fixed"]
  ignore line: [ignoring nonexistent directory "/usr/lib/gcc/x86_64-linux-gnu/9/../../../../x86_64-linux-gnu/include"]
  ignore line: [#include "..." search starts here:]
  ignore line: [#include <...> search starts here:]
  ignore line: [ /usr/include/c++/9]
  ignore line: [ /usr/include/x86_64-linux-gnu/c++/9]
  ignore line: [ /usr/include/c++/9/backward]
  ignore line: [ /usr/lib/gcc/x86_64-linux-gnu/9/include]
  ignore line: [ /usr/local/include]
  ignore line: [ /usr/include/x86_64-linux-gnu]
  ignore line: [ /usr/include]
  ignore line: [End of search list.]
  ignore line: [GNU C++14 (Ubuntu 9.4.0-1ubuntu1~20.04.2) version 9.4.0 (x86_64-linux-gnu)]
  ignore line: [	compiled by GNU C version 9.4.0  GMP version 6.2.0  MPFR version 4.0.2  MPC version 1.1.0  isl version isl-0.22.1-GMP]
  ignore line: []
  ignore line: [GGC heuristics: --param ggc-min-expand=100 --param ggc-min-heapsize=131072]
  ignore line: [Compiler executable checksum: 3d1eba838554fa2348dba760e4770469]
  ignore line: [COLLECT_GCC_OPTIONS='-v' '-o' 'CMakeFiles/cmTC_0ceb3.dir/CMakeCXXCompilerABI.cpp.o' '-c' '-shared-libgcc' '-mtune=generic' '-march=x86-64']
  ignore line: [ as -v --64 -o CMakeFiles/cmTC_0ceb3.dir/CMakeCXXCompilerABI.cpp.o /tmp/ccFmN7GB.s]
  ignore line: [GNU assembler version 2.34 (x86_64-linux-gnu) using BFD version (GNU Binutils for Ubuntu) 2.34]
  ignore line: [COMPILER_PATH=/usr/lib/gcc/x86_64-linux-gnu/9/:/usr/lib/gcc/x86_64-linux-gnu/9/:/usr/lib/gcc/x86_64-linux-gnu/:/usr/lib/gcc/x86_64-linux-gnu/9/:/usr/lib/gcc/x86_64-linux-gnu/]
  ignore line: [LIBRARY_PATH=/usr/lib/gcc/x86_64-linux-gnu/9/:/usr/lib/gcc/x86_64-linux-gnu/9/../../../x86_64-linux-gnu/:/usr/lib/gcc/x86_64-linux-gnu/9/../../../../lib/:/lib/x86_64-linux-gnu/:/lib/../lib/:/usr/lib/x86_64-linux-gnu/:/usr/lib/../lib/:/usr/lib/gcc/x86_64-linux-gnu/9/../../../:/lib/:/usr/lib/]
  ignore line: [COLLECT_GCC_OPTIONS='-v' '-o' 'CMakeFiles/cmTC_0ceb3.dir/CMakeCXXCompilerABI.cpp.o' '-c' '-shared-libgcc' '-mtune=generic' '-march=x86-64']
  ignore line: [Linking CXX executable cmTC_0ceb3]
  ignore line: [/usr/bin/cmake -E cmake_link_script CMakeFiles/cmTC_0ceb3.dir/link.txt --verbose=1]
  ignore line: [/usr/bin/c++      -v -rdynamic CMakeFiles/cmTC_0ceb3.dir/CMakeCXXCompilerABI.cpp.o  -o cmTC_0ceb3 ]
  ignore line: [Using built-in specs.]
  ignore line: [COLLECT_GCC=/usr/bin/c++]
  ignore line: [COLLECT_LTO_WRAPPER=/usr/lib/gcc/x86_64-linux-gnu/9/lto-wrapper]
  ignore line: [OFFLOAD_TARGET_NAMES=nvptx-none:hsa]
  ignore line: [OFFLOAD_TARGET_DEFAULT=1]
  ignore line: [Target: x86_64-linux-gnu]
  ignore line: [Configured with: ../src/configure -v --with-pkgversion='Ubuntu 9.4.0-1ubuntu1~20.04.2' --with-bugurl=file:///usr/share/doc/gcc-9/README.Bugs --enable-languages=c ada c++ go brig d fortran objc obj-c++ gm2 --prefix=/usr --with-gcc-major-version-only --program-suffix=-9 --program-prefix=x86_64-linux-gnu- --enable-shared --enable-linker-build-id --libexecdir=/usr/lib --without-included-gettext --enable-threads=posix --libdir=/usr/lib --enable-nls --enable-clocale=gnu --enable-libstdcxx-debug --enable-libstdcxx-time=yes --with-default-libstdcxx-abi=new --enable-gnu-unique-object --disable-vtable-verify --enable-plugin --enable-default-pie --with-system-zlib --with-target-system-zlib=auto --enable-objc-gc=auto --enable-multiarch --disable-werror --with-arch-32=i686 --with-abi=m64 --with-multilib-list=m32 m64 mx32 --enable-multilib --with-tune=generic --enable-offload-targets=nvptx-none=/build/gcc-9-9QDOt0/gcc-9-9.4.0/debian/tmp-nvptx/usr hsa --without-cuda-driver --enable-checking=release --build=x86_64-linux-gnu --host=x86_64-linux-gnu --target=x86_64-linux-gnu]
  ignore line: [Thread model: posix]
  ignore line: [gcc version 9.4.0 (Ubuntu 9.4.0-1ubuntu1~20.04.2) ]
  ignore line: [COMPILER_PATH=/usr/lib/gcc/x86_64-linux-gnu/9/:/usr/lib/gcc/x86_64-linux-gnu/9/:/usr/lib/gcc/x86_64-linux-gnu/:/usr/lib/gcc/x86_64-linux-gnu/9/:/usr/lib/gcc/x86_64-linux-gnu/]
  ignore line: [LIBRARY_PATH=/usr/lib/gcc/x86_64-linux-gnu/9/:/usr/lib/gcc/x86_64-linux-gnu/9/../../../x86_64-linux-gnu/:/usr/lib/gcc/x86_64-linux-gnu/9/../../../../lib/:/lib/x86_64-linux-gnu/:/lib/../lib/:/usr/lib/x86_64-linux-gnu/:/usr/lib/../lib/:/usr/lib/gcc/x86_64-linux-gnu/9/../../../:/lib/:/usr/lib/]
  ignore line: [COLLECT_GCC_OPTIONS='-v' '-rdynamic' '-o' 'cmTC_0ceb3' '-shared-libgcc' '-mtune=generic' '-march=x86-64']
  link line: [ /usr/lib/gcc/x86_64-linux-gnu/9/collect2 -plugin /usr/lib/gcc/x86_64-linux-gnu/9/liblto_plugin.so -plugin-opt=/usr/lib/gcc/x86_64-linux-gnu/9/lto-wrapper -plugin-opt=-fresolution=/tmp/ccTrged1.res -plugin-opt=-pass-through=-lgcc_s -plugin-opt=-pass-through=-lgcc -plugin-opt=-pass-through=-lc -plugin-opt=-pass-through=-lgcc_s -plugin-opt=-pass-through=-lgcc --build-id --eh-frame-hdr -m elf_x86_64 --hash-style=gnu --as-needed -export-dynamic -dynamic-linker /lib64/ld-linux-x86-64.so.2 -pie -z now -z relro -o cmTC_0ceb3 /usr/lib/gcc/x86_64-linux-gnu/9/../../../x86_64-linux-gnu/Scrt1.o /usr/lib/gcc/x86_64-linux-gnu/9/../../../x86_64-linux-gnu/crti.o /usr/lib/gcc/x86_64-linux-gnu/9/crtbeginS.o -L/usr/lib/gcc/x86_64-linux-gnu/9 -L/usr/lib/gcc/x86_64-linux-gnu/9/../../../x86_64-linux-gnu -L/usr/lib/gcc/x86_64-linux-gnu/9/../../../../lib -L/lib/x86_64-linux-gnu -L/lib/../lib -L/usr/lib/x86_64-linux-gnu -L/usr/lib/../lib -L/usr/lib/gcc/x86_64-linux-gnu/9/../../.. CMakeFiles/cmTC_0ceb3.dir/CMakeCXXCompilerABI.cpp.o -lstdc++ -lm -lgcc_s -lgcc -lc -lgcc_s -lgcc /usr/lib/gcc/x86_64-linux-gnu/9/crtendS.o /usr/lib/gcc/x86_64-linux-gnu/9/../../../x86_64-linux-gnu/crtn.o]
    arg [/usr/lib/gcc/x86_64-linux-gnu/9/collect2] ==> ignore
    arg [-plugin] ==> ignore
    arg [/usr/lib/gcc/x86_64-linux-gnu/9/liblto_plugin.so] ==> ignore
    arg [-plugin-opt=/usr/lib/gcc/x86_64-linux-gnu/9/lto-wrapper] ==> ignore
    arg [-plugin-opt=-fresolution=/tmp/ccTrged1.res] ==> ignore
    arg [-plugin-opt=-pass-through=-lgcc_s] ==> ignore
    arg [-plugin-opt=-pass-through=-lgcc] ==> ignore
    arg [-plugin-opt=-pass-through=-lc] ==> ignore
    arg [-plugin-opt=-pass-through=-lgcc_s] ==> ignore
    arg [-plugin-opt=-pass-through=-lgcc] ==> ignore
    arg [--build-id] ==> ignore
    arg [--eh-frame-hdr] ==> ignore
    arg [-m] ==> ignore
    arg [elf_x86_64] ==> ignore
    arg [--hash-style=gnu] ==> ignore
    arg [--as-needed] ==> ignore
    arg [-export-dynamic] ==> ignore
    arg [-dynamic-linker] ==> ignore
    arg [/lib64/ld-linux-x86-64.so.2] ==> ignore
    arg [-pie] ==> ignore
    arg [-znow] ==> ignore
    arg [-zrelro] ==> ignore
    arg [-o] ==> ignore
    arg [cmTC_0ceb3] ==> ignore
    arg [/usr/lib/gcc/x86_64-linux-gnu/9/../../../x86_64-linux-gnu/Scrt1.o] ==> ignore
    arg [/usr/lib/gcc/x86_64-linux-gnu/9/../../../x86_64-linux-gnu/crti.o] ==> ignore
    arg [/usr/lib/gcc/x86_64-linux-gnu/9/crtbeginS.o] ==> ignore
    arg [-L/usr/lib/gcc/x86_64-linux-gnu/9] ==> dir [/usr/lib/gcc/x86_64-linux-gnu/9]
    arg [-L/usr/lib/gcc/x86_64-linux-gnu/9/../../../x86_64-linux-gnu] ==> dir [/usr/lib/gcc/x86_64-linux-gnu/9/../../../x86_64-linux-gnu]
    arg [-L/usr/lib/gcc/x86_64-linux-gnu/9/../../../../lib] ==> dir [/usr/lib/gcc/x86_64-linux-gnu/9/../../../../lib]
    arg [-L/lib/x86_64-linux-gnu] ==> dir [/lib/x86_64-linux-gnu]
    arg [-L/lib/../lib] ==> dir [/lib/../lib]
    arg [-L/usr/lib/x86_64-linux-gnu] ==> dir [/usr/lib/x86_64-linux-gnu]
    arg [-L/usr/lib/../lib] ==> dir [/usr/lib/../lib]
    arg [-L/usr/lib/gcc/x86_64-linux-gnu/9/../../..] ==> dir [/usr/lib/gcc/x86_64-linux-gnu/9/../../..]
    arg [CMakeFiles/cmTC_0ceb3.dir/CMakeCXXCompilerABI.cpp.o] ==> ignore
    arg [-lstdc++] ==> lib [stdc++]
    arg [-lm] ==> lib [m]
    arg [-lgcc_s] ==> lib [gcc_s]
    arg [-lgcc] ==> lib [gcc]
    arg [-lc] ==> lib [c]
    arg [-lgcc_s] ==> lib [gcc_s]
    arg [-lgcc] ==> lib [gcc]
    arg [/usr/lib/gcc/x86_64-linux-gnu/9/crtendS.o] ==> ignore
    arg [/usr/lib/gcc/x86_64-linux-gnu/9/../../../x86_64-linux-gnu/crtn.o] ==> ignore
  collapse library dir [/usr/lib/gcc/x86_64-linux-gnu/9] ==> [/usr/lib/gcc/x86_64-linux-gnu/9]
  collapse library dir [/usr/lib/gcc/x86_64-linux-gnu/9/../../../x86_64-linux-gnu] ==> [/usr/lib/x86_64-linux-gnu]
  collapse library dir [/usr/lib/gcc/x86_64-linux-gnu/9/../../../../lib] ==> [/usr/lib]
  collapse library dir [/lib/x86_64-linux-gnu] ==> [/lib/x86_64-linux-gnu]
  collapse library dir [/lib/../lib] ==> [/lib]
  collapse library dir [/usr/lib/x86_64-linux-gnu] ==> [/usr/lib/x86_64-linux-gnu]
  collapse library dir [/usr/lib/../lib] ==> [/usr/lib]
  collapse library dir [/usr/lib/gcc/x86_64-linux-gnu/9/../../..] ==> [/usr/lib]
  implicit libs: [stdc++;m;gcc_s;gcc;c;gcc_s;gcc]
  implicit dirs: [/usr/lib/gcc/x86_64-linux-gnu/9;/usr/lib/x86_64-linux-gnu;/usr/lib;/lib/x86_64-linux-gnu;/lib]
  implicit fwks: []


Performing C++ SOURCE FILE Test EIGEN_COMPILER_SUPPORT_CPP11 succeeded with the following output:
Change Dir: /workspaces/prj/heat-eqn-1d-variable-coeff/buildAmd64/EigenDownload-prefix/src/EigenDownload-build/CMakeFiles/CMakeTmp

Run Build Command(s):/usr/bin/make cmTC_bfe10/fast && make[3]: Entering directory '/workspaces/prj/heat-eqn-1d-variable-coeff/buildAmd64/EigenDownload-prefix/src/EigenDownload-build/CMakeFiles/CMakeTmp'
/usr/bin/make -f CMakeFiles/cmTC_bfe10.dir/build.make CMakeFiles/cmTC_bfe10.dir/build
make[4]: Entering directory '/workspaces/prj/heat-eqn-1d-variable-coeff/buildAmd64/EigenDownload-prefix/src/EigenDownload-build/CMakeFiles/CMakeTmp'
Building CXX object CMakeFiles/cmTC_bfe10.dir/src.cxx.o
/usr/bin/c++    -DEIGEN_COMPILER_SUPPORT_CPP11   -std=c++11 -o CMakeFiles/cmTC_bfe10.dir/src.cxx.o -c /workspaces/prj/heat-eqn-1d-variable-coeff/buildAmd64/EigenDownload-prefix/src/EigenDownload-build/CMakeFiles/CMakeTmp/src.cxx
Linking CXX executable cmTC_bfe10
/usr/bin/cmake -E cmake_link_script CMakeFiles/cmTC_bfe10.dir/link.txt --verbose=1
/usr/bin/c++   -DEIGEN_COMPILER_SUPPORT_CPP11    -rdynamic CMakeFiles/cmTC_bfe10.dir/src.cxx.o  -o cmTC_bfe10 
make[4]: Leaving directory '/workspaces/prj/heat-eqn-1d-variable-coeff/buildAmd64/EigenDownload-prefix/src/EigenDownload-build/CMakeFiles/CMakeTmp'
make[3]: Leaving directory '/workspaces/prj/heat-eqn-1d-variable-coeff/buildAmd64/EigenDownload-prefix/src/EigenDownload-build/CMakeFiles/CMakeTmp'


Source file was:
int main() { return 0; }
Performing C++ SOURCE FILE Test COMPILER_SUPPORT_std=cpp03 succeeded with the following output:
Change Dir: /workspaces/prj/heat-eqn-1d-variable-coeff/buildAmd64/EigenDownload-prefix/src/EigenDownload-build/CMakeFiles/CMakeTmp

Run Build Command(s):/usr/bin/make cmTC_7c78e/fast && make[3]: Entering directory '/workspaces/prj/heat-eqn-1d-variable-coeff/buildAmd64/EigenDownload-prefix/src/EigenDownload-build/CMakeFiles/CMakeTmp'
/usr/bin/make -f CMakeFiles/cmTC_7c78e.dir/build.make CMakeFiles/cmTC_7c78e.dir/build
make[4]: Entering directory '/workspaces/prj/heat-eqn-1d-variable-coeff/buildAmd64/EigenDownload-prefix/src/EigenDownload-build/CMakeFiles/CMakeTmp'
Building CXX object CMakeFiles/cmTC_7c78e.dir/src.cxx.o
/usr/bin/c++    -DCOMPILER_SUPPORT_std=cpp03   -std=c++03 -o CMakeFiles/cmTC_7c78e.dir/src.cxx.o -c /workspaces/prj/heat-eqn-1d-variable-coeff/buildAmd64/EigenDownload-prefix/src/EigenDownload-build/CMakeFiles/CMakeTmp/src.cxx
Linking CXX executable cmTC_7c78e
/usr/bin/cmake -E cmake_link_script CMakeFiles/cmTC_7c78e.dir/link.txt --verbose=1
/usr/bin/c++   -DCOMPILER_SUPPORT_std=cpp03    -rdynamic CMakeFiles/cmTC_7c78e.dir/src.cxx.o  -o cmTC_7c78e 
make[4]: Leaving directory '/workspaces/prj/heat-eqn-1d-variable-coeff/buildAmd64/EigenDownload-prefix/src/EigenDownload-build/CMakeFiles/CMakeTmp'
make[3]: Leaving directory '/workspaces/prj/heat-eqn-1d-variable-coeff/buildAmd64/EigenDownload-prefix/src/EigenDownload-build/CMakeFiles/CMakeTmp'


Source file was:
int main() { return 0; }
Performing C++ SOURCE FILE Test standard_math_library_linked_to_automatically succeeded with the following output:
Change Dir: /workspaces/prj/heat-eqn-1d-variable-coeff/buildAmd64/EigenDownload-prefix/src/EigenDownload-build/CMakeFiles/CMakeTmp

Run Build Command(s):/usr/bin/make cmTC_1bbb7/fast && make[3]: Entering directory '/workspaces/prj/heat-eqn-1d-variable-coeff/buildAmd64/EigenDownload-prefix/src/EigenDownload-build/CMakeFiles/CMakeTmp'
/usr/bin/make -f CMakeFiles/cmTC_1bbb7.dir/build.make CMakeFiles/cmTC_1bbb7.dir/build
make[4]: Entering directory '/workspaces/prj/heat-eqn-1d-variable-coeff/buildAmd64/EigenDownload-prefix/src/EigenDownload-build/CMakeFiles/CMakeTmp'
Building CXX object CMakeFiles/cmTC_1bbb7.dir/src.cxx.o
/usr/bin/c++    -std=c++03 -Dstandard_math_library_linked_to_automatically   -o CMakeFiles/cmTC_1bbb7.dir/src.cxx.o -c /workspaces/prj/heat-eqn-1d-variable-coeff/buildAmd64/EigenDownload-prefix/src/EigenDownload-build/CMakeFiles/CMakeTmp/src.cxx
Linking CXX executable cmTC_1bbb7
/usr/bin/cmake -E cmake_link_script CMakeFiles/cmTC_1bbb7.dir/link.txt --verbose=1
/usr/bin/c++   -std=c++03 -Dstandard_math_library_linked_to_automatically    -rdynamic CMakeFiles/cmTC_1bbb7.dir/src.cxx.o  -o cmTC_1bbb7 
make[4]: Leaving directory '/workspaces/prj/heat-eqn-1d-variable-coeff/buildAmd64/EigenDownload-prefix/src/EigenDownload-build/CMakeFiles/CMakeTmp'
make[3]: Leaving directory '/workspaces/prj/heat-eqn-1d-variable-coeff/buildAmd64/EigenDownload-prefix/src/EigenDownload-build/CMakeFiles/CMakeTmp'


Source file was:
#include<cmath>
int main() { std::sin(0.0); std::log(0.0f); }
Performing C++ SOURCE FILE Test COMPILER_SUPPORT_WERROR succeeded with the following output:
Change Dir: /workspaces/prj/heat-eqn-1d-variable-coeff/buildAmd64/EigenDownload-prefix/src/EigenDownload-build/CMakeFiles/CMakeTmp

Run Build Command(s):/usr/bin/make cmTC_61b1a/fast && make[3]: Entering directory '/workspaces/prj/heat-eqn-1d-variable-coeff/buildAmd64/EigenDownload-prefix/src/EigenDownload-build/CMakeFiles/CMakeTmp'
/usr/bin/make -f CMakeFiles/cmTC_61b1a.dir/build.make CMakeFiles/cmTC_61b1a.dir/build
make[4]: Entering directory '/workspaces/prj/heat-eqn-1d-variable-coeff/buildAmd64/EigenDownload-prefix/src/EigenDownload-build/CMakeFiles/CMakeTmp'
Building CXX object CMakeFiles/cmTC_61b1a.dir/src.cxx.o
/usr/bin/c++    -std=c++03 -DCOMPILER_SUPPORT_WERROR   -Werror -o CMakeFiles/cmTC_61b1a.dir/src.cxx.o -c /workspaces/prj/heat-eqn-1d-variable-coeff/buildAmd64/EigenDownload-prefix/src/EigenDownload-build/CMakeFiles/CMakeTmp/src.cxx
Linking CXX executable cmTC_61b1a
/usr/bin/cmake -E cmake_link_script CMakeFiles/cmTC_61b1a.dir/link.txt --verbose=1
/usr/bin/c++   -std=c++03 -DCOMPILER_SUPPORT_WERROR    -rdynamic CMakeFiles/cmTC_61b1a.dir/src.cxx.o  -o cmTC_61b1a 
make[4]: Leaving directory '/workspaces/prj/heat-eqn-1d-variable-coeff/buildAmd64/EigenDownload-prefix/src/EigenDownload-build/CMakeFiles/CMakeTmp'
make[3]: Leaving directory '/workspaces/prj/heat-eqn-1d-variable-coeff/buildAmd64/EigenDownload-prefix/src/EigenDownload-build/CMakeFiles/CMakeTmp'


Source file was:
int main() { return 0; }
Performing C++ SOURCE FILE Test COMPILER_SUPPORT_pedantic succeeded with the following output:
Change Dir: /workspaces/prj/heat-eqn-1d-variable-coeff/buildAmd64/EigenDownload-prefix/src/EigenDownload-build/CMakeFiles/CMakeTmp

Run Build Command(s):/usr/bin/make cmTC_d3de7/fast && make[3]: Entering directory '/workspaces/prj/heat-eqn-1d-variable-coeff/buildAmd64/EigenDownload-prefix/src/EigenDownload-build/CMakeFiles/CMakeTmp'
/usr/bin/make -f CMakeFiles/cmTC_d3de7.dir/build.make CMakeFiles/cmTC_d3de7.dir/build
make[4]: Entering directory '/workspaces/prj/heat-eqn-1d-variable-coeff/buildAmd64/EigenDownload-prefix/src/EigenDownload-build/CMakeFiles/CMakeTmp'
Building CXX object CMakeFiles/cmTC_d3de7.dir/src.cxx.o
/usr/bin/c++    -std=c++03 -DCOMPILER_SUPPORT_pedantic -Werror   -pedantic -o CMakeFiles/cmTC_d3de7.dir/src.cxx.o -c /workspaces/prj/heat-eqn-1d-variable-coeff/buildAmd64/EigenDownload-prefix/src/EigenDownload-build/CMakeFiles/CMakeTmp/src.cxx
Linking CXX executable cmTC_d3de7
/usr/bin/cmake -E cmake_link_script CMakeFiles/cmTC_d3de7.dir/link.txt --verbose=1
/usr/bin/c++   -std=c++03 -DCOMPILER_SUPPORT_pedantic -Werror    -rdynamic CMakeFiles/cmTC_d3de7.dir/src.cxx.o  -o cmTC_d3de7 
make[4]: Leaving directory '/workspaces/prj/heat-eqn-1d-variable-coeff/buildAmd64/EigenDownload-prefix/src/EigenDownload-build/CMakeFiles/CMakeTmp'
make[3]: Leaving directory '/workspaces/prj/heat-eqn-1d-variable-coeff/buildAmd64/EigenDownload-prefix/src/EigenDownload-build/CMakeFiles/CMakeTmp'


Source file was:
int main() { return 0; }
Performing C++ SOURCE FILE Test COMPILER_SUPPORT_Wall succeeded with the following output:
Change Dir: /workspaces/prj/heat-eqn-1d-variable-coeff/buildAmd64/EigenDownload-prefix/src/EigenDownload-build/CMakeFiles/CMakeTmp

Run Build Command(s):/usr/bin/make cmTC_d15a4/fast && make[3]: Entering directory '/workspaces/prj/heat-eqn-1d-variable-coeff/buildAmd64/EigenDownload-prefix/src/EigenDownload-build/CMakeFiles/CMakeTmp'
/usr/bin/make -f CMakeFiles/cmTC_d15a4.dir/build.make CMakeFiles/cmTC_d15a4.dir/build
make[4]: Entering directory '/workspaces/prj/heat-eqn-1d-variable-coeff/buildAmd64/EigenDownload-prefix/src/EigenDownload-build/CMakeFiles/CMakeTmp'
Building CXX object CMakeFiles/cmTC_d15a4.dir/src.cxx.o
/usr/bin/c++    -std=c++03 -pedantic -DCOMPILER_SUPPORT_Wall -Werror   -Wall -o CMakeFiles/cmTC_d15a4.dir/src.cxx.o -c /workspaces/prj/heat-eqn-1d-variable-coeff/buildAmd64/EigenDownload-prefix/src/EigenDownload-build/CMakeFiles/CMakeTmp/src.cxx
Linking CXX executable cmTC_d15a4
/usr/bin/cmake -E cmake_link_script CMakeFiles/cmTC_d15a4.dir/link.txt --verbose=1
/usr/bin/c++   -std=c++03 -pedantic -DCOMPILER_SUPPORT_Wall -Werror    -rdynamic CMakeFiles/cmTC_d15a4.dir/src.cxx.o  -o cmTC_d15a4 
make[4]: Leaving directory '/workspaces/prj/heat-eqn-1d-variable-coeff/buildAmd64/EigenDownload-prefix/src/EigenDownload-build/CMakeFiles/CMakeTmp'
make[3]: Leaving directory '/workspaces/prj/heat-eqn-1d-variable-coeff/buildAmd64/EigenDownload-prefix/src/EigenDownload-build/CMakeFiles/CMakeTmp'


Source file was:
int main() { return 0; }
Performing C++ SOURCE FILE Test COMPILER_SUPPORT_Wextra succeeded with the following output:
Change Dir: /workspaces/prj/heat-eqn-1d-variable-coeff/buildAmd64/EigenDownload-prefix/src/EigenDownload-build/CMakeFiles/CMakeTmp

Run Build Command(s):/usr/bin/make cmTC_f028b/fast && make[3]: Entering directory '/workspaces/prj/heat-eqn-1d-variable-coeff/buildAmd64/EigenDownload-prefix/src/EigenDownload-build/CMakeFiles/CMakeTmp'
/usr/bin/make -f CMakeFiles/cmTC_f028b.dir/build.make CMakeFiles/cmTC_f028b.dir/build
make[4]: Entering directory '/workspaces/prj/heat-eqn-1d-variable-coeff/buildAmd64/EigenDownload-prefix/src/EigenDownload-build/CMakeFiles/CMakeTmp'
Building CXX object CMakeFiles/cmTC_f028b.dir/src.cxx.o
/usr/bin/c++    -std=c++03 -pedantic -Wall -DCOMPILER_SUPPORT_Wextra -Werror   -Wextra -o CMakeFiles/cmTC_f028b.dir/src.cxx.o -c /workspaces/prj/heat-eqn-1d-variable-coeff/buildAmd64/EigenDownload-prefix/src/EigenDownload-build/CMakeFiles/CMakeTmp/src.cxx
Linking CXX executable cmTC_f028b
/usr/bin/cmake -E cmake_link_script CMakeFiles/cmTC_f028b.dir/link.txt --verbose=1
/usr/bin/c++   -std=c++03 -pedantic -Wall -DCOMPILER_SUPPORT_Wextra -Werror    -rdynamic CMakeFiles/cmTC_f028b.dir/src.cxx.o  -o cmTC_f028b 
make[4]: Leaving directory '/workspaces/prj/heat-eqn-1d-variable-coeff/buildAmd64/EigenDownload-prefix/src/EigenDownload-build/CMakeFiles/CMakeTmp'
make[3]: Leaving directory '/workspaces/prj/heat-eqn-1d-variable-coeff/buildAmd64/EigenDownload-prefix/src/EigenDownload-build/CMakeFiles/CMakeTmp'


Source file was:
int main() { return 0; }
Performing C++ SOURCE FILE Test COMPILER_SUPPORT_Wundef succeeded with the following output:
Change Dir: /workspaces/prj/heat-eqn-1d-variable-coeff/buildAmd64/EigenDownload-prefix/src/EigenDownload-build/CMakeFiles/CMakeTmp

Run Build Command(s):/usr/bin/make cmTC_a872f/fast && make[3]: Entering directory '/workspaces/prj/heat-eqn-1d-variable-coeff/buildAmd64/EigenDownload-prefix/src/EigenDownload-build/CMakeFiles/CMakeTmp'
/usr/bin/make -f CMakeFiles/cmTC_a872f.dir/build.make CMakeFiles/cmTC_a872f.dir/build
make[4]: Entering directory '/workspaces/prj/heat-eqn-1d-variable-coeff/buildAmd64/EigenDownload-prefix/src/EigenDownload-build/CMakeFiles/CMakeTmp'
Building CXX object CMakeFiles/cmTC_a872f.dir/src.cxx.o
/usr/bin/c++    -std=c++03 -pedantic -Wall -Wextra -DCOMPILER_SUPPORT_Wundef -Werror   -Wundef -o CMakeFiles/cmTC_a872f.dir/src.cxx.o -c /workspaces/prj/heat-eqn-1d-variable-coeff/buildAmd64/EigenDownload-prefix/src/EigenDownload-build/CMakeFiles/CMakeTmp/src.cxx
Linking CXX executable cmTC_a872f
/usr/bin/cmake -E cmake_link_script CMakeFiles/cmTC_a872f.dir/link.txt --verbose=1
/usr/bin/c++   -std=c++03 -pedantic -Wall -Wextra -DCOMPILER_SUPPORT_Wundef -Werror    -rdynamic CMakeFiles/cmTC_a872f.dir/src.cxx.o  -o cmTC_a872f 
make[4]: Leaving directory '/workspaces/prj/heat-eqn-1d-variable-coeff/buildAmd64/EigenDownload-prefix/src/EigenDownload-build/CMakeFiles/CMakeTmp'
make[3]: Leaving directory '/workspaces/prj/heat-eqn-1d-variable-coeff/buildAmd64/EigenDownload-prefix/src/EigenDownload-build/CMakeFiles/CMakeTmp'


Source file was:
int main() { return 0; }
Performing C++ SOURCE FILE Test COMPILER_SUPPORT_Wcastalign succeeded with the following output:
Change Dir: /workspaces/prj/heat-eqn-1d-variable-coeff/buildAmd64/EigenDownload-prefix/src/EigenDownload-build/CMakeFiles/CMakeTmp

Run Build Command(s):/usr/bin/make cmTC_09912/fast && make[3]: Entering directory '/workspaces/prj/heat-eqn-1d-variable-coeff/buildAmd64/EigenDownload-prefix/src/EigenDownload-build/CMakeFiles/CMakeTmp'
/usr/bin/make -f CMakeFiles/cmTC_09912.dir/build.make CMakeFiles/cmTC_09912.dir/build
make[4]: Entering directory '/workspaces/prj/heat-eqn-1d-variable-coeff/buildAmd64/EigenDownload-prefix/src/EigenDownload-build/CMakeFiles/CMakeTmp'
Building CXX object CMakeFiles/cmTC_09912.dir/src.cxx.o
/usr/bin/c++    -std=c++03 -pedantic -Wall -Wextra -Wundef -DCOMPILER_SUPPORT_Wcastalign -Werror   -Wcast-align -o CMakeFiles/cmTC_09912.dir/src.cxx.o -c /workspaces/prj/heat-eqn-1d-variable-coeff/buildAmd64/EigenDownload-prefix/src/EigenDownload-build/CMakeFiles/CMakeTmp/src.cxx
Linking CXX executable cmTC_09912
/usr/bin/cmake -E cmake_link_script CMakeFiles/cmTC_09912.dir/link.txt --verbose=1
/usr/bin/c++   -std=c++03 -pedantic -Wall -Wextra -Wundef -DCOMPILER_SUPPORT_Wcastalign -Werror    -rdynamic CMakeFiles/cmTC_09912.dir/src.cxx.o  -o cmTC_09912 
make[4]: Leaving directory '/workspaces/prj/heat-eqn-1d-variable-coeff/buildAmd64/EigenDownload-prefix/src/EigenDownload-build/CMakeFiles/CMakeTmp'
make[3]: Leaving directory '/workspaces/prj/heat-eqn-1d-variable-coeff/buildAmd64/EigenDownload-prefix/src/EigenDownload-build/CMakeFiles/CMakeTmp'


Source file was:
int main() { return 0; }
Performing C++ SOURCE FILE Test COMPILER_SUPPORT_Wcharsubscripts succeeded with the following output:
Change Dir: /workspaces/prj/heat-eqn-1d-variable-coeff/buildAmd64/EigenDownload-prefix/src/EigenDownload-build/CMakeFiles/CMakeTmp

Run Build Command(s):/usr/bin/make cmTC_1efc3/fast && make[3]: Entering directory '/workspaces/prj/heat-eqn-1d-variable-coeff/buildAmd64/EigenDownload-prefix/src/EigenDownload-build/CMakeFiles/CMakeTmp'
/usr/bin/make -f CMakeFiles/cmTC_1efc3.dir/build.make CMakeFiles/cmTC_1efc3.dir/build
make[4]: Entering directory '/workspaces/prj/heat-eqn-1d-variable-coeff/buildAmd64/EigenDownload-prefix/src/EigenDownload-build/CMakeFiles/CMakeTmp'
Building CXX object CMakeFiles/cmTC_1efc3.dir/src.cxx.o
/usr/bin/c++    -std=c++03 -pedantic -Wall -Wextra -Wundef -Wcast-align -DCOMPILER_SUPPORT_Wcharsubscripts -Werror   -Wchar-subscripts -o CMakeFiles/cmTC_1efc3.dir/src.cxx.o -c /workspaces/prj/heat-eqn-1d-variable-coeff/buildAmd64/EigenDownload-prefix/src/EigenDownload-build/CMakeFiles/CMakeTmp/src.cxx
Linking CXX executable cmTC_1efc3
/usr/bin/cmake -E cmake_link_script CMakeFiles/cmTC_1efc3.dir/link.txt --verbose=1
/usr/bin/c++   -std=c++03 -pedantic -Wall -Wextra -Wundef -Wcast-align -DCOMPILER_SUPPORT_Wcharsubscripts -Werror    -rdynamic CMakeFiles/cmTC_1efc3.dir/src.cxx.o  -o cmTC_1efc3 
make[4]: Leaving directory '/workspaces/prj/heat-eqn-1d-variable-coeff/buildAmd64/EigenDownload-prefix/src/EigenDownload-build/CMakeFiles/CMakeTmp'
make[3]: Leaving directory '/workspaces/prj/heat-eqn-1d-variable-coeff/buildAmd64/EigenDownload-prefix/src/EigenDownload-build/CMakeFiles/CMakeTmp'


Source file was:
int main() { return 0; }
Performing C++ SOURCE FILE Test COMPILER_SUPPORT_Wnonvirtualdtor succeeded with the following output:
Change Dir: /workspaces/prj/heat-eqn-1d-variable-coeff/buildAmd64/EigenDownload-prefix/src/EigenDownload-build/CMakeFiles/CMakeTmp

Run Build Command(s):/usr/bin/make cmTC_fcde1/fast && make[3]: Entering directory '/workspaces/prj/heat-eqn-1d-variable-coeff/buildAmd64/EigenDownload-prefix/src/EigenDownload-build/CMakeFiles/CMakeTmp'
/usr/bin/make -f CMakeFiles/cmTC_fcde1.dir/build.make CMakeFiles/cmTC_fcde1.dir/build
make[4]: Entering directory '/workspaces/prj/heat-eqn-1d-variable-coeff/buildAmd64/EigenDownload-prefix/src/EigenDownload-build/CMakeFiles/CMakeTmp'
Building CXX object CMakeFiles/cmTC_fcde1.dir/src.cxx.o
/usr/bin/c++    -std=c++03 -pedantic -Wall -Wextra -Wundef -Wcast-align -Wchar-subscripts -DCOMPILER_SUPPORT_Wnonvirtualdtor -Werror   -Wnon-virtual-dtor -o CMakeFiles/cmTC_fcde1.dir/src.cxx.o -c /workspaces/prj/heat-eqn-1d-variable-coeff/buildAmd64/EigenDownload-prefix/src/EigenDownload-build/CMakeFiles/CMakeTmp/src.cxx
Linking CXX executable cmTC_fcde1
/usr/bin/cmake -E cmake_link_script CMakeFiles/cmTC_fcde1.dir/link.txt --verbose=1
/usr/bin/c++   -std=c++03 -pedantic -Wall -Wextra -Wundef -Wcast-align -Wchar-subscripts -DCOMPILER_SUPPORT_Wnonvirtualdtor -Werror    -rdynamic CMakeFiles/cmTC_fcde1.dir/src.cxx.o  -o cmTC_fcde1 
make[4]: Leaving directory '/workspaces/prj/heat-eqn-1d-variable-coeff/buildAmd64/EigenDownload-prefix/src/EigenDownload-build/CMakeFiles/CMakeTmp'
make[3]: Leaving directory '/workspaces/prj/heat-eqn-1d-variable-coeff/buildAmd64/EigenDownload-prefix/src/EigenDownload-build/CMakeFiles/CMakeTmp'


Source file was:
int main() { return 0; }
Performing C++ SOURCE FILE Test COMPILER_SUPPORT_Wunusedlocaltypedefs succeeded with the following output:
Change Dir: /workspaces/prj/heat-eqn-1d-variable-coeff/buildAmd64/EigenDownload-prefix/src/EigenDownload-build/CMakeFiles/CMakeTmp

Run Build Command(s):/usr/bin/make cmTC_0ced0/fast && make[3]: Entering directory '/workspaces/prj/heat-eqn-1d-variable-coeff/buildAmd64/EigenDownload-prefix/src/EigenDownload-build/CMakeFiles/CMakeTmp'
/usr/bin/make -f CMakeFiles/cmTC_0ced0.dir/build.make CMakeFiles/cmTC_0ced0.dir/build
make[4]: Entering directory '/workspaces/prj/heat-eqn-1d-variable-coeff/buildAmd64/EigenDownload-prefix/src/EigenDownload-build/CMakeFiles/CMakeTmp'
Building CXX object CMakeFiles/cmTC_0ced0.dir/src.cxx.o
/usr/bin/c++    -std=c++03 -pedantic -Wall -Wextra -Wundef -Wcast-align -Wchar-subscripts -Wnon-virtual-dtor -DCOMPILER_SUPPORT_Wunusedlocaltypedefs -Werror   -Wunused-local-typedefs -o CMakeFiles/cmTC_0ced0.dir/src.cxx.o -c /workspaces/prj/heat-eqn-1d-variable-coeff/buildAmd64/EigenDownload-prefix/src/EigenDownload-build/CMakeFiles/CMakeTmp/src.cxx
Linking CXX executable cmTC_0ced0
/usr/bin/cmake -E cmake_link_script CMakeFiles/cmTC_0ced0.dir/link.txt --verbose=1
/usr/bin/c++   -std=c++03 -pedantic -Wall -Wextra -Wundef -Wcast-align -Wchar-subscripts -Wnon-virtual-dtor -DCOMPILER_SUPPORT_Wunusedlocaltypedefs -Werror    -rdynamic CMakeFiles/cmTC_0ced0.dir/src.cxx.o  -o cmTC_0ced0 
make[4]: Leaving directory '/workspaces/prj/heat-eqn-1d-variable-coeff/buildAmd64/EigenDownload-prefix/src/EigenDownload-build/CMakeFiles/CMakeTmp'
make[3]: Leaving directory '/workspaces/prj/heat-eqn-1d-variable-coeff/buildAmd64/EigenDownload-prefix/src/EigenDownload-build/CMakeFiles/CMakeTmp'


Source file was:
int main() { return 0; }
Performing C++ SOURCE FILE Test COMPILER_SUPPORT_Wpointerarith succeeded with the following output:
Change Dir: /workspaces/prj/heat-eqn-1d-variable-coeff/buildAmd64/EigenDownload-prefix/src/EigenDownload-build/CMakeFiles/CMakeTmp

Run Build Command(s):/usr/bin/make cmTC_e710f/fast && make[3]: Entering directory '/workspaces/prj/heat-eqn-1d-variable-coeff/buildAmd64/EigenDownload-prefix/src/EigenDownload-build/CMakeFiles/CMakeTmp'
/usr/bin/make -f CMakeFiles/cmTC_e710f.dir/build.make CMakeFiles/cmTC_e710f.dir/build
make[4]: Entering directory '/workspaces/prj/heat-eqn-1d-variable-coeff/buildAmd64/EigenDownload-prefix/src/EigenDownload-build/CMakeFiles/CMakeTmp'
Building CXX object CMakeFiles/cmTC_e710f.dir/src.cxx.o
/usr/bin/c++    -std=c++03 -pedantic -Wall -Wextra -Wundef -Wcast-align -Wchar-subscripts -Wnon-virtual-dtor -Wunused-local-typedefs -DCOMPILER_SUPPORT_Wpointerarith -Werror   -Wpointer-arith -o CMakeFiles/cmTC_e710f.dir/src.cxx.o -c /workspaces/prj/heat-eqn-1d-variable-coeff/buildAmd64/EigenDownload-prefix/src/EigenDownload-build/CMakeFiles/CMakeTmp/src.cxx
Linking CXX executable cmTC_e710f
/usr/bin/cmake -E cmake_link_script CMakeFiles/cmTC_e710f.dir/link.txt --verbose=1
/usr/bin/c++   -std=c++03 -pedantic -Wall -Wextra -Wundef -Wcast-align -Wchar-subscripts -Wnon-virtual-dtor -Wunused-local-typedefs -DCOMPILER_SUPPORT_Wpointerarith -Werror    -rdynamic CMakeFiles/cmTC_e710f.dir/src.cxx.o  -o cmTC_e710f 
make[4]: Leaving directory '/workspaces/prj/heat-eqn-1d-variable-coeff/buildAmd64/EigenDownload-prefix/src/EigenDownload-build/CMakeFiles/CMakeTmp'
make[3]: Leaving directory '/workspaces/prj/heat-eqn-1d-variable-coeff/buildAmd64/EigenDownload-prefix/src/EigenDownload-build/CMakeFiles/CMakeTmp'


Source file was:
int main() { return 0; }
Performing C++ SOURCE FILE Test COMPILER_SUPPORT_Wwritestrings succeeded with the following output:
Change Dir: /workspaces/prj/heat-eqn-1d-variable-coeff/buildAmd64/EigenDownload-prefix/src/EigenDownload-build/CMakeFiles/CMakeTmp

Run Build Command(s):/usr/bin/make cmTC_07750/fast && make[3]: Entering directory '/workspaces/prj/heat-eqn-1d-variable-coeff/buildAmd64/EigenDownload-prefix/src/EigenDownload-build/CMakeFiles/CMakeTmp'
/usr/bin/make -f CMakeFiles/cmTC_07750.dir/build.make CMakeFiles/cmTC_07750.dir/build
make[4]: Entering directory '/workspaces/prj/heat-eqn-1d-variable-coeff/buildAmd64/EigenDownload-prefix/src/EigenDownload-build/CMakeFiles/CMakeTmp'
Building CXX object CMakeFiles/cmTC_07750.dir/src.cxx.o
/usr/bin/c++    -std=c++03 -pedantic -Wall -Wextra -Wundef -Wcast-align -Wchar-subscripts -Wnon-virtual-dtor -Wunused-local-typedefs -Wpointer-arith -DCOMPILER_SUPPORT_Wwritestrings -Werror   -Wwrite-strings -o CMakeFiles/cmTC_07750.dir/src.cxx.o -c /workspaces/prj/heat-eqn-1d-variable-coeff/buildAmd64/EigenDownload-prefix/src/EigenDownload-build/CMakeFiles/CMakeTmp/src.cxx
Linking CXX executable cmTC_07750
/usr/bin/cmake -E cmake_link_script CMakeFiles/cmTC_07750.dir/link.txt --verbose=1
/usr/bin/c++   -std=c++03 -pedantic -Wall -Wextra -Wundef -Wcast-align -Wchar-subscripts -Wnon-virtual-dtor -Wunused-local-typedefs -Wpointer-arith -DCOMPILER_SUPPORT_Wwritestrings -Werror    -rdynamic CMakeFiles/cmTC_07750.dir/src.cxx.o  -o cmTC_07750 
make[4]: Leaving directory '/workspaces/prj/heat-eqn-1d-variable-coeff/buildAmd64/EigenDownload-prefix/src/EigenDownload-build/CMakeFiles/CMakeTmp'
make[3]: Leaving directory '/workspaces/prj/heat-eqn-1d-variable-coeff/buildAmd64/EigenDownload-prefix/src/EigenDownload-build/CMakeFiles/CMakeTmp'


Source file was:
int main() { return 0; }
Performing C++ SOURCE FILE Test COMPILER_SUPPORT_Wformatsecurity succeeded with the following output:
Change Dir: /workspaces/prj/heat-eqn-1d-variable-coeff/buildAmd64/EigenDownload-prefix/src/EigenDownload-build/CMakeFiles/CMakeTmp

Run Build Command(s):/usr/bin/make cmTC_86235/fast && make[3]: Entering directory '/workspaces/prj/heat-eqn-1d-variable-coeff/buildAmd64/EigenDownload-prefix/src/EigenDownload-build/CMakeFiles/CMakeTmp'
/usr/bin/make -f CMakeFiles/cmTC_86235.dir/build.make CMakeFiles/cmTC_86235.dir/build
make[4]: Entering directory '/workspaces/prj/heat-eqn-1d-variable-coeff/buildAmd64/EigenDownload-prefix/src/EigenDownload-build/CMakeFiles/CMakeTmp'
Building CXX object CMakeFiles/cmTC_86235.dir/src.cxx.o
/usr/bin/c++    -std=c++03 -pedantic -Wall -Wextra -Wundef -Wcast-align -Wchar-subscripts -Wnon-virtual-dtor -Wunused-local-typedefs -Wpointer-arith -Wwrite-strings -DCOMPILER_SUPPORT_Wformatsecurity -Werror   -Wformat-security -o CMakeFiles/cmTC_86235.dir/src.cxx.o -c /workspaces/prj/heat-eqn-1d-variable-coeff/buildAmd64/EigenDownload-prefix/src/EigenDownload-build/CMakeFiles/CMakeTmp/src.cxx
Linking CXX executable cmTC_86235
/usr/bin/cmake -E cmake_link_script CMakeFiles/cmTC_86235.dir/link.txt --verbose=1
/usr/bin/c++   -std=c++03 -pedantic -Wall -Wextra -Wundef -Wcast-align -Wchar-subscripts -Wnon-virtual-dtor -Wunused-local-typedefs -Wpointer-arith -Wwrite-strings -DCOMPILER_SUPPORT_Wformatsecurity -Werror    -rdynamic CMakeFiles/cmTC_86235.dir/src.cxx.o  -o cmTC_86235 
make[4]: Leaving directory '/workspaces/prj/heat-eqn-1d-variable-coeff/buildAmd64/EigenDownload-prefix/src/EigenDownload-build/CMakeFiles/CMakeTmp'
make[3]: Leaving directory '/workspaces/prj/heat-eqn-1d-variable-coeff/buildAmd64/EigenDownload-prefix/src/EigenDownload-build/CMakeFiles/CMakeTmp'


Source file was:
int main() { return 0; }
Performing C++ SOURCE FILE Test COMPILER_SUPPORT_Wlogicalop succeeded with the following output:
Change Dir: /workspaces/prj/heat-eqn-1d-variable-coeff/buildAmd64/EigenDownload-prefix/src/EigenDownload-build/CMakeFiles/CMakeTmp

Run Build Command(s):/usr/bin/make cmTC_b6fe1/fast && make[3]: Entering directory '/workspaces/prj/heat-eqn-1d-variable-coeff/buildAmd64/EigenDownload-prefix/src/EigenDownload-build/CMakeFiles/CMakeTmp'
/usr/bin/make -f CMakeFiles/cmTC_b6fe1.dir/build.make CMakeFiles/cmTC_b6fe1.dir/build
make[4]: Entering directory '/workspaces/prj/heat-eqn-1d-variable-coeff/buildAmd64/EigenDownload-prefix/src/EigenDownload-build/CMakeFiles/CMakeTmp'
Building CXX object CMakeFiles/cmTC_b6fe1.dir/src.cxx.o
/usr/bin/c++    -std=c++03 -pedantic -Wall -Wextra -Wundef -Wcast-align -Wchar-subscripts -Wnon-virtual-dtor -Wunused-local-typedefs -Wpointer-arith -Wwrite-strings -Wformat-security -DCOMPILER_SUPPORT_Wlogicalop -Werror   -Wlogical-op -o CMakeFiles/cmTC_b6fe1.dir/src.cxx.o -c /workspaces/prj/heat-eqn-1d-variable-coeff/buildAmd64/EigenDownload-prefix/src/EigenDownload-build/CMakeFiles/CMakeTmp/src.cxx
Linking CXX executable cmTC_b6fe1
/usr/bin/cmake -E cmake_link_script CMakeFiles/cmTC_b6fe1.dir/link.txt --verbose=1
/usr/bin/c++   -std=c++03 -pedantic -Wall -Wextra -Wundef -Wcast-align -Wchar-subscripts -Wnon-virtual-dtor -Wunused-local-typedefs -Wpointer-arith -Wwrite-strings -Wformat-security -DCOMPILER_SUPPORT_Wlogicalop -Werror    -rdynamic CMakeFiles/cmTC_b6fe1.dir/src.cxx.o  -o cmTC_b6fe1 
make[4]: Leaving directory '/workspaces/prj/heat-eqn-1d-variable-coeff/buildAmd64/EigenDownload-prefix/src/EigenDownload-build/CMakeFiles/CMakeTmp'
make[3]: Leaving directory '/workspaces/prj/heat-eqn-1d-variable-coeff/buildAmd64/EigenDownload-prefix/src/EigenDownload-build/CMakeFiles/CMakeTmp'


Source file was:
int main() { return 0; }
Performing C++ SOURCE FILE Test COMPILER_SUPPORT_Wdoublepromotion succeeded with the following output:
Change Dir: /workspaces/prj/heat-eqn-1d-variable-coeff/buildAmd64/EigenDownload-prefix/src/EigenDownload-build/CMakeFiles/CMakeTmp

Run Build Command(s):/usr/bin/make cmTC_78e7e/fast && make[3]: Entering directory '/workspaces/prj/heat-eqn-1d-variable-coeff/buildAmd64/EigenDownload-prefix/src/EigenDownload-build/CMakeFiles/CMakeTmp'
/usr/bin/make -f CMakeFiles/cmTC_78e7e.dir/build.make CMakeFiles/cmTC_78e7e.dir/build
make[4]: Entering directory '/workspaces/prj/heat-eqn-1d-variable-coeff/buildAmd64/EigenDownload-prefix/src/EigenDownload-build/CMakeFiles/CMakeTmp'
Building CXX object CMakeFiles/cmTC_78e7e.dir/src.cxx.o
/usr/bin/c++    -std=c++03 -pedantic -Wall -Wextra -Wundef -Wcast-align -Wchar-subscripts -Wnon-virtual-dtor -Wunused-local-typedefs -Wpointer-arith -Wwrite-strings -Wformat-security -Wlogical-op -DCOMPILER_SUPPORT_Wdoublepromotion -Werror   -Wdouble-promotion -o CMakeFiles/cmTC_78e7e.dir/src.cxx.o -c /workspaces/prj/heat-eqn-1d-variable-coeff/buildAmd64/EigenDownload-prefix/src/EigenDownload-build/CMakeFiles/CMakeTmp/src.cxx
Linking CXX executable cmTC_78e7e
/usr/bin/cmake -E cmake_link_script CMakeFiles/cmTC_78e7e.dir/link.txt --verbose=1
/usr/bin/c++   -std=c++03 -pedantic -Wall -Wextra -Wundef -Wcast-align -Wchar-subscripts -Wnon-virtual-dtor -Wunused-local-typedefs -Wpointer-arith -Wwrite-strings -Wformat-security -Wlogical-op -DCOMPILER_SUPPORT_Wdoublepromotion -Werror    -rdynamic CMakeFiles/cmTC_78e7e.dir/src.cxx.o  -o cmTC_78e7e 
make[4]: Leaving directory '/workspaces/prj/heat-eqn-1d-variable-coeff/buildAmd64/EigenDownload-prefix/src/EigenDownload-build/CMakeFiles/CMakeTmp'
make[3]: Leaving directory '/workspaces/prj/heat-eqn-1d-variable-coeff/buildAmd64/EigenDownload-prefix/src/EigenDownload-build/CMakeFiles/CMakeTmp'


Source file was:
int main() { return 0; }
Performing C++ SOURCE FILE Test COMPILER_SUPPORT_Wnopsabi succeeded with the following output:
Change Dir: /workspaces/prj/heat-eqn-1d-variable-coeff/buildAmd64/EigenDownload-prefix/src/EigenDownload-build/CMakeFiles/CMakeTmp

Run Build Command(s):/usr/bin/make cmTC_48442/fast && make[3]: Entering directory '/workspaces/prj/heat-eqn-1d-variable-coeff/buildAmd64/EigenDownload-prefix/src/EigenDownload-build/CMakeFiles/CMakeTmp'
/usr/bin/make -f CMakeFiles/cmTC_48442.dir/build.make CMakeFiles/cmTC_48442.dir/build
make[4]: Entering directory '/workspaces/prj/heat-eqn-1d-variable-coeff/buildAmd64/EigenDownload-prefix/src/EigenDownload-build/CMakeFiles/CMakeTmp'
Building CXX object CMakeFiles/cmTC_48442.dir/src.cxx.o
/usr/bin/c++    -std=c++03 -pedantic -Wall -Wextra -Wundef -Wcast-align -Wchar-subscripts -Wnon-virtual-dtor -Wunused-local-typedefs -Wpointer-arith -Wwrite-strings -Wformat-security -Wlogical-op -Wdouble-promotion -DCOMPILER_SUPPORT_Wnopsabi -Werror   -Wno-psabi -o CMakeFiles/cmTC_48442.dir/src.cxx.o -c /workspaces/prj/heat-eqn-1d-variable-coeff/buildAmd64/EigenDownload-prefix/src/EigenDownload-build/CMakeFiles/CMakeTmp/src.cxx
Linking CXX executable cmTC_48442
/usr/bin/cmake -E cmake_link_script CMakeFiles/cmTC_48442.dir/link.txt --verbose=1
/usr/bin/c++   -std=c++03 -pedantic -Wall -Wextra -Wundef -Wcast-align -Wchar-subscripts -Wnon-virtual-dtor -Wunused-local-typedefs -Wpointer-arith -Wwrite-strings -Wformat-security -Wlogical-op -Wdouble-promotion -DCOMPILER_SUPPORT_Wnopsabi -Werror    -rdynamic CMakeFiles/cmTC_48442.dir/src.cxx.o  -o cmTC_48442 
make[4]: Leaving directory '/workspaces/prj/heat-eqn-1d-variable-coeff/buildAmd64/EigenDownload-prefix/src/EigenDownload-build/CMakeFiles/CMakeTmp'
make[3]: Leaving directory '/workspaces/prj/heat-eqn-1d-variable-coeff/buildAmd64/EigenDownload-prefix/src/EigenDownload-build/CMakeFiles/CMakeTmp'


Source file was:
int main() { return 0; }
Performing C++ SOURCE FILE Test COMPILER_SUPPORT_Wnovariadicmacros succeeded with the following output:
Change Dir: /workspaces/prj/heat-eqn-1d-variable-coeff/buildAmd64/EigenDownload-prefix/src/EigenDownload-build/CMakeFiles/CMakeTmp

Run Build Command(s):/usr/bin/make cmTC_83915/fast && make[3]: Entering directory '/workspaces/prj/heat-eqn-1d-variable-coeff/buildAmd64/EigenDownload-prefix/src/EigenDownload-build/CMakeFiles/CMakeTmp'
/usr/bin/make -f CMakeFiles/cmTC_83915.dir/build.make CMakeFiles/cmTC_83915.dir/build
make[4]: Entering directory '/workspaces/prj/heat-eqn-1d-variable-coeff/buildAmd64/EigenDownload-prefix/src/EigenDownload-build/CMakeFiles/CMakeTmp'
Building CXX object CMakeFiles/cmTC_83915.dir/src.cxx.o
/usr/bin/c++    -std=c++03 -pedantic -Wall -Wextra -Wundef -Wcast-align -Wchar-subscripts -Wnon-virtual-dtor -Wunused-local-typedefs -Wpointer-arith -Wwrite-strings -Wformat-security -Wlogical-op -Wdouble-promotion -Wno-psabi -DCOMPILER_SUPPORT_Wnovariadicmacros -Werror   -Wno-variadic-macros -o CMakeFiles/cmTC_83915.dir/src.cxx.o -c /workspaces/prj/heat-eqn-1d-variable-coeff/buildAmd64/EigenDownload-prefix/src/EigenDownload-build/CMakeFiles/CMakeTmp/src.cxx
Linking CXX executable cmTC_83915
/usr/bin/cmake -E cmake_link_script CMakeFiles/cmTC_83915.dir/link.txt --verbose=1
/usr/bin/c++   -std=c++03 -pedantic -Wall -Wextra -Wundef -Wcast-align -Wchar-subscripts -Wnon-virtual-dtor -Wunused-local-typedefs -Wpointer-arith -Wwrite-strings -Wformat-security -Wlogical-op -Wdouble-promotion -Wno-psabi -DCOMPILER_SUPPORT_Wnovariadicmacros -Werror    -rdynamic CMakeFiles/cmTC_83915.dir/src.cxx.o  -o cmTC_83915 
make[4]: Leaving directory '/workspaces/prj/heat-eqn-1d-variable-coeff/buildAmd64/EigenDownload-prefix/src/EigenDownload-build/CMakeFiles/CMakeTmp'
make[3]: Leaving directory '/workspaces/prj/heat-eqn-1d-variable-coeff/buildAmd64/EigenDownload-prefix/src/EigenDownload-build/CMakeFiles/CMakeTmp'


Source file was:
int main() { return 0; }
Performing C++ SOURCE FILE Test COMPILER_SUPPORT_Wnolonglong succeeded with the following output:
Change Dir: /workspaces/prj/heat-eqn-1d-variable-coeff/buildAmd64/EigenDownload-prefix/src/EigenDownload-build/CMakeFiles/CMakeTmp

Run Build Command(s):/usr/bin/make cmTC_5e764/fast && make[3]: Entering directory '/workspaces/prj/heat-eqn-1d-variable-coeff/buildAmd64/EigenDownload-prefix/src/EigenDownload-build/CMakeFiles/CMakeTmp'
/usr/bin/make -f CMakeFiles/cmTC_5e764.dir/build.make CMakeFiles/cmTC_5e764.dir/build
make[4]: Entering directory '/workspaces/prj/heat-eqn-1d-variable-coeff/buildAmd64/EigenDownload-prefix/src/EigenDownload-build/CMakeFiles/CMakeTmp'
Building CXX object CMakeFiles/cmTC_5e764.dir/src.cxx.o
/usr/bin/c++    -std=c++03 -pedantic -Wall -Wextra -Wundef -Wcast-align -Wchar-subscripts -Wnon-virtual-dtor -Wunused-local-typedefs -Wpointer-arith -Wwrite-strings -Wformat-security -Wlogical-op -Wdouble-promotion -Wno-psabi -Wno-variadic-macros -DCOMPILER_SUPPORT_Wnolonglong -Werror   -Wno-long-long -o CMakeFiles/cmTC_5e764.dir/src.cxx.o -c /workspaces/prj/heat-eqn-1d-variable-coeff/buildAmd64/EigenDownload-prefix/src/EigenDownload-build/CMakeFiles/CMakeTmp/src.cxx
Linking CXX executable cmTC_5e764
/usr/bin/cmake -E cmake_link_script CMakeFiles/cmTC_5e764.dir/link.txt --verbose=1
/usr/bin/c++   -std=c++03 -pedantic -Wall -Wextra -Wundef -Wcast-align -Wchar-subscripts -Wnon-virtual-dtor -Wunused-local-typedefs -Wpointer-arith -Wwrite-strings -Wformat-security -Wlogical-op -Wdouble-promotion -Wno-psabi -Wno-variadic-macros -DCOMPILER_SUPPORT_Wnolonglong -Werror    -rdynamic CMakeFiles/cmTC_5e764.dir/src.cxx.o  -o cmTC_5e764 
make[4]: Leaving directory '/workspaces/prj/heat-eqn-1d-variable-coeff/buildAmd64/EigenDownload-prefix/src/EigenDownload-build/CMakeFiles/CMakeTmp'
make[3]: Leaving directory '/workspaces/prj/heat-eqn-1d-variable-coeff/buildAmd64/EigenDownload-prefix/src/EigenDownload-build/CMakeFiles/CMakeTmp'


Source file was:
int main() { return 0; }
Performing C++ SOURCE FILE Test COMPILER_SUPPORT_fnochecknew succeeded with the following output:
Change Dir: /workspaces/prj/heat-eqn-1d-variable-coeff/buildAmd64/EigenDownload-prefix/src/EigenDownload-build/CMakeFiles/CMakeTmp

Run Build Command(s):/usr/bin/make cmTC_80df2/fast && make[3]: Entering directory '/workspaces/prj/heat-eqn-1d-variable-coeff/buildAmd64/EigenDownload-prefix/src/EigenDownload-build/CMakeFiles/CMakeTmp'
/usr/bin/make -f CMakeFiles/cmTC_80df2.dir/build.make CMakeFiles/cmTC_80df2.dir/build
make[4]: Entering directory '/workspaces/prj/heat-eqn-1d-variable-coeff/buildAmd64/EigenDownload-prefix/src/EigenDownload-build/CMakeFiles/CMakeTmp'
Building CXX object CMakeFiles/cmTC_80df2.dir/src.cxx.o
/usr/bin/c++    -std=c++03 -pedantic -Wall -Wextra -Wundef -Wcast-align -Wchar-subscripts -Wnon-virtual-dtor -Wunused-local-typedefs -Wpointer-arith -Wwrite-strings -Wformat-security -Wlogical-op -Wdouble-promotion -Wno-psabi -Wno-variadic-macros -Wno-long-long -DCOMPILER_SUPPORT_fnochecknew -Werror   -fno-check-new -o CMakeFiles/cmTC_80df2.dir/src.cxx.o -c /workspaces/prj/heat-eqn-1d-variable-coeff/buildAmd64/EigenDownload-prefix/src/EigenDownload-build/CMakeFiles/CMakeTmp/src.cxx
Linking CXX executable cmTC_80df2
/usr/bin/cmake -E cmake_link_script CMakeFiles/cmTC_80df2.dir/link.txt --verbose=1
/usr/bin/c++   -std=c++03 -pedantic -Wall -Wextra -Wundef -Wcast-align -Wchar-subscripts -Wnon-virtual-dtor -Wunused-local-typedefs -Wpointer-arith -Wwrite-strings -Wformat-security -Wlogical-op -Wdouble-promotion -Wno-psabi -Wno-variadic-macros -Wno-long-long -DCOMPILER_SUPPORT_fnochecknew -Werror    -rdynamic CMakeFiles/cmTC_80df2.dir/src.cxx.o  -o cmTC_80df2 
make[4]: Leaving directory '/workspaces/prj/heat-eqn-1d-variable-coeff/buildAmd64/EigenDownload-prefix/src/EigenDownload-build/CMakeFiles/CMakeTmp'
make[3]: Leaving directory '/workspaces/prj/heat-eqn-1d-variable-coeff/buildAmd64/EigenDownload-prefix/src/EigenDownload-build/CMakeFiles/CMakeTmp'


Source file was:
int main() { return 0; }
Performing C++ SOURCE FILE Test COMPILER_SUPPORT_fnocommon succeeded with the following output:
Change Dir: /workspaces/prj/heat-eqn-1d-variable-coeff/buildAmd64/EigenDownload-prefix/src/EigenDownload-build/CMakeFiles/CMakeTmp

Run Build Command(s):/usr/bin/make cmTC_3f9ab/fast && make[3]: Entering directory '/workspaces/prj/heat-eqn-1d-variable-coeff/buildAmd64/EigenDownload-prefix/src/EigenDownload-build/CMakeFiles/CMakeTmp'
/usr/bin/make -f CMakeFiles/cmTC_3f9ab.dir/build.make CMakeFiles/cmTC_3f9ab.dir/build
make[4]: Entering directory '/workspaces/prj/heat-eqn-1d-variable-coeff/buildAmd64/EigenDownload-prefix/src/EigenDownload-build/CMakeFiles/CMakeTmp'
Building CXX object CMakeFiles/cmTC_3f9ab.dir/src.cxx.o
/usr/bin/c++    -std=c++03 -pedantic -Wall -Wextra -Wundef -Wcast-align -Wchar-subscripts -Wnon-virtual-dtor -Wunused-local-typedefs -Wpointer-arith -Wwrite-strings -Wformat-security -Wlogical-op -Wdouble-promotion -Wno-psabi -Wno-variadic-macros -Wno-long-long -fno-check-new -DCOMPILER_SUPPORT_fnocommon -Werror   -fno-common -o CMakeFiles/cmTC_3f9ab.dir/src.cxx.o -c /workspaces/prj/heat-eqn-1d-variable-coeff/buildAmd64/EigenDownload-prefix/src/EigenDownload-build/CMakeFiles/CMakeTmp/src.cxx
Linking CXX executable cmTC_3f9ab
/usr/bin/cmake -E cmake_link_script CMakeFiles/cmTC_3f9ab.dir/link.txt --verbose=1
/usr/bin/c++   -std=c++03 -pedantic -Wall -Wextra -Wundef -Wcast-align -Wchar-subscripts -Wnon-virtual-dtor -Wunused-local-typedefs -Wpointer-arith -Wwrite-strings -Wformat-security -Wlogical-op -Wdouble-promotion -Wno-psabi -Wno-variadic-macros -Wno-long-long -fno-check-new -DCOMPILER_SUPPORT_fnocommon -Werror    -rdynamic CMakeFiles/cmTC_3f9ab.dir/src.cxx.o  -o cmTC_3f9ab 
make[4]: Leaving directory '/workspaces/prj/heat-eqn-1d-variable-coeff/buildAmd64/EigenDownload-prefix/src/EigenDownload-build/CMakeFiles/CMakeTmp'
make[3]: Leaving directory '/workspaces/prj/heat-eqn-1d-variable-coeff/buildAmd64/EigenDownload-prefix/src/EigenDownload-build/CMakeFiles/CMakeTmp'


Source file was:
int main() { return 0; }
Performing C++ SOURCE FILE Test COMPILER_SUPPORT_fstrictaliasing succeeded with the following output:
Change Dir: /workspaces/prj/heat-eqn-1d-variable-coeff/buildAmd64/EigenDownload-prefix/src/EigenDownload-build/CMakeFiles/CMakeTmp

Run Build Command(s):/usr/bin/make cmTC_3205f/fast && make[3]: Entering directory '/workspaces/prj/heat-eqn-1d-variable-coeff/buildAmd64/EigenDownload-prefix/src/EigenDownload-build/CMakeFiles/CMakeTmp'
/usr/bin/make -f CMakeFiles/cmTC_3205f.dir/build.make CMakeFiles/cmTC_3205f.dir/build
make[4]: Entering directory '/workspaces/prj/heat-eqn-1d-variable-coeff/buildAmd64/EigenDownload-prefix/src/EigenDownload-build/CMakeFiles/CMakeTmp'
Building CXX object CMakeFiles/cmTC_3205f.dir/src.cxx.o
/usr/bin/c++    -std=c++03 -pedantic -Wall -Wextra -Wundef -Wcast-align -Wchar-subscripts -Wnon-virtual-dtor -Wunused-local-typedefs -Wpointer-arith -Wwrite-strings -Wformat-security -Wlogical-op -Wdouble-promotion -Wno-psabi -Wno-variadic-macros -Wno-long-long -fno-check-new -fno-common -DCOMPILER_SUPPORT_fstrictaliasing -Werror   -fstrict-aliasing -o CMakeFiles/cmTC_3205f.dir/src.cxx.o -c /workspaces/prj/heat-eqn-1d-variable-coeff/buildAmd64/EigenDownload-prefix/src/EigenDownload-build/CMakeFiles/CMakeTmp/src.cxx
Linking CXX executable cmTC_3205f
/usr/bin/cmake -E cmake_link_script CMakeFiles/cmTC_3205f.dir/link.txt --verbose=1
/usr/bin/c++   -std=c++03 -pedantic -Wall -Wextra -Wundef -Wcast-align -Wchar-subscripts -Wnon-virtual-dtor -Wunused-local-typedefs -Wpointer-arith -Wwrite-strings -Wformat-security -Wlogical-op -Wdouble-promotion -Wno-psabi -Wno-variadic-macros -Wno-long-long -fno-check-new -fno-common -DCOMPILER_SUPPORT_fstrictaliasing -Werror    -rdynamic CMakeFiles/cmTC_3205f.dir/src.cxx.o  -o cmTC_3205f 
make[4]: Leaving directory '/workspaces/prj/heat-eqn-1d-variable-coeff/buildAmd64/EigenDownload-prefix/src/EigenDownload-build/CMakeFiles/CMakeTmp'
make[3]: Leaving directory '/workspaces/prj/heat-eqn-1d-variable-coeff/buildAmd64/EigenDownload-prefix/src/EigenDownload-build/CMakeFiles/CMakeTmp'


Source file was:
int main() { return 0; }
Performing C++ SOURCE FILE Test COMPILER_SUPPORT_ansi succeeded with the following output:
Change Dir: /workspaces/prj/heat-eqn-1d-variable-coeff/buildAmd64/EigenDownload-prefix/src/EigenDownload-build/CMakeFiles/CMakeTmp

Run Build Command(s):/usr/bin/make cmTC_1bda0/fast && make[3]: Entering directory '/workspaces/prj/heat-eqn-1d-variable-coeff/buildAmd64/EigenDownload-prefix/src/EigenDownload-build/CMakeFiles/CMakeTmp'
/usr/bin/make -f CMakeFiles/cmTC_1bda0.dir/build.make CMakeFiles/cmTC_1bda0.dir/build
make[4]: Entering directory '/workspaces/prj/heat-eqn-1d-variable-coeff/buildAmd64/EigenDownload-prefix/src/EigenDownload-build/CMakeFiles/CMakeTmp'
Building CXX object CMakeFiles/cmTC_1bda0.dir/src.cxx.o
/usr/bin/c++    -std=c++03 -pedantic -Wall -Wextra -Wundef -Wcast-align -Wchar-subscripts -Wnon-virtual-dtor -Wunused-local-typedefs -Wpointer-arith -Wwrite-strings -Wformat-security -Wlogical-op -Wdouble-promotion -Wno-psabi -Wno-variadic-macros -Wno-long-long -fno-check-new -fno-common -fstrict-aliasing -DCOMPILER_SUPPORT_ansi -Werror   -ansi -o CMakeFiles/cmTC_1bda0.dir/src.cxx.o -c /workspaces/prj/heat-eqn-1d-variable-coeff/buildAmd64/EigenDownload-prefix/src/EigenDownload-build/CMakeFiles/CMakeTmp/src.cxx
Linking CXX executable cmTC_1bda0
/usr/bin/cmake -E cmake_link_script CMakeFiles/cmTC_1bda0.dir/link.txt --verbose=1
/usr/bin/c++   -std=c++03 -pedantic -Wall -Wextra -Wundef -Wcast-align -Wchar-subscripts -Wnon-virtual-dtor -Wunused-local-typedefs -Wpointer-arith -Wwrite-strings -Wformat-security -Wlogical-op -Wdouble-promotion -Wno-psabi -Wno-variadic-macros -Wno-long-long -fno-check-new -fno-common -fstrict-aliasing -DCOMPILER_SUPPORT_ansi -Werror    -rdynamic CMakeFiles/cmTC_1bda0.dir/src.cxx.o  -o cmTC_1bda0 
make[4]: Leaving directory '/workspaces/prj/heat-eqn-1d-variable-coeff/buildAmd64/EigenDownload-prefix/src/EigenDownload-build/CMakeFiles/CMakeTmp'
make[3]: Leaving directory '/workspaces/prj/heat-eqn-1d-variable-coeff/buildAmd64/EigenDownload-prefix/src/EigenDownload-build/CMakeFiles/CMakeTmp'


Source file was:
int main() { return 0; }
Performing C++ SOURCE FILE Test COMPILER_SUPPORT_OPENMP succeeded with the following output:
Change Dir: /workspaces/prj/heat-eqn-1d-variable-coeff/buildAmd64/EigenDownload-prefix/src/EigenDownload-build/CMakeFiles/CMakeTmp

Run Build Command(s):/usr/bin/make cmTC_6f1bc/fast && make[3]: Entering directory '/workspaces/prj/heat-eqn-1d-variable-coeff/buildAmd64/EigenDownload-prefix/src/EigenDownload-build/CMakeFiles/CMakeTmp'
/usr/bin/make -f CMakeFiles/cmTC_6f1bc.dir/build.make CMakeFiles/cmTC_6f1bc.dir/build
make[4]: Entering directory '/workspaces/prj/heat-eqn-1d-variable-coeff/buildAmd64/EigenDownload-prefix/src/EigenDownload-build/CMakeFiles/CMakeTmp'
Building CXX object CMakeFiles/cmTC_6f1bc.dir/src.cxx.o
/usr/bin/c++    -std=c++03 -pedantic -Wall -Wextra -Wundef -Wcast-align -Wchar-subscripts -Wnon-virtual-dtor -Wunused-local-typedefs -Wpointer-arith -Wwrite-strings -Wformat-security -Wlogical-op -Wdouble-promotion -Wno-psabi -Wno-variadic-macros -Wno-long-long -fno-check-new -fno-common -fstrict-aliasing -ansi -DCOMPILER_SUPPORT_OPENMP   -fopenmp -o CMakeFiles/cmTC_6f1bc.dir/src.cxx.o -c /workspaces/prj/heat-eqn-1d-variable-coeff/buildAmd64/EigenDownload-prefix/src/EigenDownload-build/CMakeFiles/CMakeTmp/src.cxx
Linking CXX executable cmTC_6f1bc
/usr/bin/cmake -E cmake_link_script CMakeFiles/cmTC_6f1bc.dir/link.txt --verbose=1
/usr/bin/c++   -std=c++03 -pedantic -Wall -Wextra -Wundef -Wcast-align -Wchar-subscripts -Wnon-virtual-dtor -Wunused-local-typedefs -Wpointer-arith -Wwrite-strings -Wformat-security -Wlogical-op -Wdouble-promotion -Wno-psabi -Wno-variadic-macros -Wno-long-long -fno-check-new -fno-common -fstrict-aliasing -ansi -DCOMPILER_SUPPORT_OPENMP    -rdynamic CMakeFiles/cmTC_6f1bc.dir/src.cxx.o  -o cmTC_6f1bc 
make[4]: Leaving directory '/workspaces/prj/heat-eqn-1d-variable-coeff/buildAmd64/EigenDownload-prefix/src/EigenDownload-build/CMakeFiles/CMakeTmp'
make[3]: Leaving directory '/workspaces/prj/heat-eqn-1d-variable-coeff/buildAmd64/EigenDownload-prefix/src/EigenDownload-build/CMakeFiles/CMakeTmp'


Source file was:
int main() { return 0; }
Determining if the include file pthread.h exists passed with the following output:
Change Dir: /workspaces/prj/heat-eqn-1d-variable-coeff/buildAmd64/EigenDownload-prefix/src/EigenDownload-build/CMakeFiles/CMakeTmp

Run Build Command(s):/usr/bin/make cmTC_0bdbf/fast && make[3]: Entering directory '/workspaces/prj/heat-eqn-1d-variable-coeff/buildAmd64/EigenDownload-prefix/src/EigenDownload-build/CMakeFiles/CMakeTmp'
/usr/bin/make -f CMakeFiles/cmTC_0bdbf.dir/build.make CMakeFiles/cmTC_0bdbf.dir/build
make[4]: Entering directory '/workspaces/prj/heat-eqn-1d-variable-coeff/buildAmd64/EigenDownload-prefix/src/EigenDownload-build/CMakeFiles/CMakeTmp'
Building C object CMakeFiles/cmTC_0bdbf.dir/CheckIncludeFile.c.o
/usr/bin/cc    -o CMakeFiles/cmTC_0bdbf.dir/CheckIncludeFile.c.o   -c /workspaces/prj/heat-eqn-1d-variable-coeff/buildAmd64/EigenDownload-prefix/src/EigenDownload-build/CMakeFiles/CMakeTmp/CheckIncludeFile.c
Linking C executable cmTC_0bdbf
/usr/bin/cmake -E cmake_link_script CMakeFiles/cmTC_0bdbf.dir/link.txt --verbose=1
/usr/bin/cc      -rdynamic CMakeFiles/cmTC_0bdbf.dir/CheckIncludeFile.c.o  -o cmTC_0bdbf 
make[4]: Leaving directory '/workspaces/prj/heat-eqn-1d-variable-coeff/buildAmd64/EigenDownload-prefix/src/EigenDownload-build/CMakeFiles/CMakeTmp'
make[3]: Leaving directory '/workspaces/prj/heat-eqn-1d-variable-coeff/buildAmd64/EigenDownload-prefix/src/EigenDownload-build/CMakeFiles/CMakeTmp'



Determining if the function pthread_create exists in the pthread passed with the following output:
Change Dir: /workspaces/prj/heat-eqn-1d-variable-coeff/buildAmd64/EigenDownload-prefix/src/EigenDownload-build/CMakeFiles/CMakeTmp

Run Build Command(s):/usr/bin/make cmTC_07e20/fast && make[3]: Entering directory '/workspaces/prj/heat-eqn-1d-variable-coeff/buildAmd64/EigenDownload-prefix/src/EigenDownload-build/CMakeFiles/CMakeTmp'
/usr/bin/make -f CMakeFiles/cmTC_07e20.dir/build.make CMakeFiles/cmTC_07e20.dir/build
make[4]: Entering directory '/workspaces/prj/heat-eqn-1d-variable-coeff/buildAmd64/EigenDownload-prefix/src/EigenDownload-build/CMakeFiles/CMakeTmp'
Building C object CMakeFiles/cmTC_07e20.dir/CheckFunctionExists.c.o
/usr/bin/cc   -DCHECK_FUNCTION_EXISTS=pthread_create   -o CMakeFiles/cmTC_07e20.dir/CheckFunctionExists.c.o   -c /usr/share/cmake-3.16/Modules/CheckFunctionExists.c
Linking C executable cmTC_07e20
/usr/bin/cmake -E cmake_link_script CMakeFiles/cmTC_07e20.dir/link.txt --verbose=1
/usr/bin/cc  -DCHECK_FUNCTION_EXISTS=pthread_create    -rdynamic CMakeFiles/cmTC_07e20.dir/CheckFunctionExists.c.o  -o cmTC_07e20  -lpthread 
make[4]: Leaving directory '/workspaces/prj/heat-eqn-1d-variable-coeff/buildAmd64/EigenDownload-prefix/src/EigenDownload-build/CMakeFiles/CMakeTmp'
make[3]: Leaving directory '/workspaces/prj/heat-eqn-1d-variable-coeff/buildAmd64/EigenDownload-prefix/src/EigenDownload-build/CMakeFiles/CMakeTmp'



Performing C++ SOURCE FILE Test COMPILER_SUPPORT_FASTMATH succeeded with the following output:
Change Dir: /workspaces/prj/heat-eqn-1d-variable-coeff/buildAmd64/EigenDownload-prefix/src/EigenDownload-build/CMakeFiles/CMakeTmp

Run Build Command(s):/usr/bin/make cmTC_570e5/fast && make[3]: Entering directory '/workspaces/prj/heat-eqn-1d-variable-coeff/buildAmd64/EigenDownload-prefix/src/EigenDownload-build/CMakeFiles/CMakeTmp'
/usr/bin/make -f CMakeFiles/cmTC_570e5.dir/build.make CMakeFiles/cmTC_570e5.dir/build
make[4]: Entering directory '/workspaces/prj/heat-eqn-1d-variable-coeff/buildAmd64/EigenDownload-prefix/src/EigenDownload-build/CMakeFiles/CMakeTmp'
Building CXX object CMakeFiles/cmTC_570e5.dir/src.cxx.o
/usr/bin/c++    -std=c++03 -pedantic -Wall -Wextra -Wundef -Wcast-align -Wchar-subscripts -Wnon-virtual-dtor -Wunused-local-typedefs -Wpointer-arith -Wwrite-strings -Wformat-security -Wlogical-op -Wdouble-promotion -Wno-psabi -Wno-variadic-macros -Wno-long-long -fno-check-new -fno-common -fstrict-aliasing -ansi -DCOMPILER_SUPPORT_FASTMATH   -ffast-math -o CMakeFiles/cmTC_570e5.dir/src.cxx.o -c /workspaces/prj/heat-eqn-1d-variable-coeff/buildAmd64/EigenDownload-prefix/src/EigenDownload-build/CMakeFiles/CMakeTmp/src.cxx
Linking CXX executable cmTC_570e5
/usr/bin/cmake -E cmake_link_script CMakeFiles/cmTC_570e5.dir/link.txt --verbose=1
/usr/bin/c++   -std=c++03 -pedantic -Wall -Wextra -Wundef -Wcast-align -Wchar-subscripts -Wnon-virtual-dtor -Wunused-local-typedefs -Wpointer-arith -Wwrite-strings -Wformat-security -Wlogical-op -Wdouble-promotion -Wno-psabi -Wno-variadic-macros -Wno-long-long -fno-check-new -fno-common -fstrict-aliasing -ansi -DCOMPILER_SUPPORT_FASTMATH    -rdynamic CMakeFiles/cmTC_570e5.dir/src.cxx.o  -o cmTC_570e5 
make[4]: Leaving directory '/workspaces/prj/heat-eqn-1d-variable-coeff/buildAmd64/EigenDownload-prefix/src/EigenDownload-build/CMakeFiles/CMakeTmp'
make[3]: Leaving directory '/workspaces/prj/heat-eqn-1d-variable-coeff/buildAmd64/EigenDownload-prefix/src/EigenDownload-build/CMakeFiles/CMakeTmp'


Source file was:
int main() { return 0; }
