Performing C++ SOURCE FILE Test COMPILER_SUPPORT_Wshorten64to32 failed with the following output:
Change Dir: /workspaces/prj/2d-linFEM/buildAmd64/Eigen-prefix/src/Eigen-build/CMakeFiles/CMakeTmp

Run Build Command(s):/usr/bin/make cmTC_dfb9a/fast && make[3]: Entering directory '/workspaces/prj/2d-linFEM/buildAmd64/Eigen-prefix/src/Eigen-build/CMakeFiles/CMakeTmp'
/usr/bin/make -f CMakeFiles/cmTC_dfb9a.dir/build.make CMakeFiles/cmTC_dfb9a.dir/build
make[4]: Entering directory '/workspaces/prj/2d-linFEM/buildAmd64/Eigen-prefix/src/Eigen-build/CMakeFiles/CMakeTmp'
Building CXX object CMakeFiles/cmTC_dfb9a.dir/src.cxx.o
/usr/bin/c++    -std=c++03 -pedantic -Wall -Wextra -Wundef -Wcast-align -Wchar-subscripts -Wnon-virtual-dtor -Wunused-local-typedefs -Wpointer-arith -Wwrite-strings -Wformat-security -DCOMPILER_SUPPORT_Wshorten64to32 -Werror   -Wshorten-64-to-32 -o CMakeFiles/cmTC_dfb9a.dir/src.cxx.o -c /workspaces/prj/2d-linFEM/buildAmd64/Eigen-prefix/src/Eigen-build/CMakeFiles/CMakeTmp/src.cxx
c++: error: unrecognized command line option '-Wshorten-64-to-32'
make[4]: *** [CMakeFiles/cmTC_dfb9a.dir/build.make:66: CMakeFiles/cmTC_dfb9a.dir/src.cxx.o] Error 1
make[4]: Leaving directory '/workspaces/prj/2d-linFEM/buildAmd64/Eigen-prefix/src/Eigen-build/CMakeFiles/CMakeTmp'
make[3]: *** [Makefile:121: cmTC_dfb9a/fast] Error 2
make[3]: Leaving directory '/workspaces/prj/2d-linFEM/buildAmd64/Eigen-prefix/src/Eigen-build/CMakeFiles/CMakeTmp'


Source file was:
int main() { return 0; }
Performing C++ SOURCE FILE Test COMPILER_SUPPORT_Wenumconversion failed with the following output:
Change Dir: /workspaces/prj/2d-linFEM/buildAmd64/Eigen-prefix/src/Eigen-build/CMakeFiles/CMakeTmp

Run Build Command(s):/usr/bin/make cmTC_13dfb/fast && make[3]: Entering directory '/workspaces/prj/2d-linFEM/buildAmd64/Eigen-prefix/src/Eigen-build/CMakeFiles/CMakeTmp'
/usr/bin/make -f CMakeFiles/cmTC_13dfb.dir/build.make CMakeFiles/cmTC_13dfb.dir/build
make[4]: Entering directory '/workspaces/prj/2d-linFEM/buildAmd64/Eigen-prefix/src/Eigen-build/CMakeFiles/CMakeTmp'
Building CXX object CMakeFiles/cmTC_13dfb.dir/src.cxx.o
/usr/bin/c++    -std=c++03 -pedantic -Wall -Wextra -Wundef -Wcast-align -Wchar-subscripts -Wnon-virtual-dtor -Wunused-local-typedefs -Wpointer-arith -Wwrite-strings -Wformat-security -Wlogical-op -DCOMPILER_SUPPORT_Wenumconversion -Werror   -Wenum-conversion -o CMakeFiles/cmTC_13dfb.dir/src.cxx.o -c /workspaces/prj/2d-linFEM/buildAmd64/Eigen-prefix/src/Eigen-build/CMakeFiles/CMakeTmp/src.cxx
c++: error: unrecognized command line option '-Wenum-conversion'; did you mean '-Wno-conversion'?
make[4]: *** [CMakeFiles/cmTC_13dfb.dir/build.make:66: CMakeFiles/cmTC_13dfb.dir/src.cxx.o] Error 1
make[4]: Leaving directory '/workspaces/prj/2d-linFEM/buildAmd64/Eigen-prefix/src/Eigen-build/CMakeFiles/CMakeTmp'
make[3]: *** [Makefile:121: cmTC_13dfb/fast] Error 2
make[3]: Leaving directory '/workspaces/prj/2d-linFEM/buildAmd64/Eigen-prefix/src/Eigen-build/CMakeFiles/CMakeTmp'


Source file was:
int main() { return 0; }
Performing C++ SOURCE FILE Test COMPILER_SUPPORT_Wcpp11extensions failed with the following output:
Change Dir: /workspaces/prj/2d-linFEM/buildAmd64/Eigen-prefix/src/Eigen-build/CMakeFiles/CMakeTmp

Run Build Command(s):/usr/bin/make cmTC_27574/fast && make[3]: Entering directory '/workspaces/prj/2d-linFEM/buildAmd64/Eigen-prefix/src/Eigen-build/CMakeFiles/CMakeTmp'
/usr/bin/make -f CMakeFiles/cmTC_27574.dir/build.make CMakeFiles/cmTC_27574.dir/build
make[4]: Entering directory '/workspaces/prj/2d-linFEM/buildAmd64/Eigen-prefix/src/Eigen-build/CMakeFiles/CMakeTmp'
Building CXX object CMakeFiles/cmTC_27574.dir/src.cxx.o
/usr/bin/c++    -std=c++03 -pedantic -Wall -Wextra -Wundef -Wcast-align -Wchar-subscripts -Wnon-virtual-dtor -Wunused-local-typedefs -Wpointer-arith -Wwrite-strings -Wformat-security -Wlogical-op -DCOMPILER_SUPPORT_Wcpp11extensions -Werror   -Wc++11-extensions -o CMakeFiles/cmTC_27574.dir/src.cxx.o -c /workspaces/prj/2d-linFEM/buildAmd64/Eigen-prefix/src/Eigen-build/CMakeFiles/CMakeTmp/src.cxx
c++: error: unrecognized command line option '-Wc++11-extensions'; did you mean '-fms-extensions'?
make[4]: *** [CMakeFiles/cmTC_27574.dir/build.make:66: CMakeFiles/cmTC_27574.dir/src.cxx.o] Error 1
make[4]: Leaving directory '/workspaces/prj/2d-linFEM/buildAmd64/Eigen-prefix/src/Eigen-build/CMakeFiles/CMakeTmp'
make[3]: *** [Makefile:121: cmTC_27574/fast] Error 2
make[3]: Leaving directory '/workspaces/prj/2d-linFEM/buildAmd64/Eigen-prefix/src/Eigen-build/CMakeFiles/CMakeTmp'


Source file was:
int main() { return 0; }
Performing C++ SOURCE FILE Test COMPILER_SUPPORT_wd981 failed with the following output:
Change Dir: /workspaces/prj/2d-linFEM/buildAmd64/Eigen-prefix/src/Eigen-build/CMakeFiles/CMakeTmp

Run Build Command(s):/usr/bin/make cmTC_78d64/fast && make[3]: Entering directory '/workspaces/prj/2d-linFEM/buildAmd64/Eigen-prefix/src/Eigen-build/CMakeFiles/CMakeTmp'
/usr/bin/make -f CMakeFiles/cmTC_78d64.dir/build.make CMakeFiles/cmTC_78d64.dir/build
make[4]: Entering directory '/workspaces/prj/2d-linFEM/buildAmd64/Eigen-prefix/src/Eigen-build/CMakeFiles/CMakeTmp'
Building CXX object CMakeFiles/cmTC_78d64.dir/src.cxx.o
/usr/bin/c++    -std=c++03 -pedantic -Wall -Wextra -Wundef -Wcast-align -Wchar-subscripts -Wnon-virtual-dtor -Wunused-local-typedefs -Wpointer-arith -Wwrite-strings -Wformat-security -Wlogical-op -Wdouble-promotion -Wno-psabi -Wno-variadic-macros -Wno-long-long -fno-check-new -fno-common -fstrict-aliasing -DCOMPILER_SUPPORT_wd981 -Werror   -wd981 -o CMakeFiles/cmTC_78d64.dir/src.cxx.o -c /workspaces/prj/2d-linFEM/buildAmd64/Eigen-prefix/src/Eigen-build/CMakeFiles/CMakeTmp/src.cxx
c++: error: unrecognized command line option '-wd981'
make[4]: *** [CMakeFiles/cmTC_78d64.dir/build.make:66: CMakeFiles/cmTC_78d64.dir/src.cxx.o] Error 1
make[4]: Leaving directory '/workspaces/prj/2d-linFEM/buildAmd64/Eigen-prefix/src/Eigen-build/CMakeFiles/CMakeTmp'
make[3]: *** [Makefile:121: cmTC_78d64/fast] Error 2
make[3]: Leaving directory '/workspaces/prj/2d-linFEM/buildAmd64/Eigen-prefix/src/Eigen-build/CMakeFiles/CMakeTmp'


Source file was:
int main() { return 0; }
Performing C++ SOURCE FILE Test COMPILER_SUPPORT_wd2304 failed with the following output:
Change Dir: /workspaces/prj/2d-linFEM/buildAmd64/Eigen-prefix/src/Eigen-build/CMakeFiles/CMakeTmp

Run Build Command(s):/usr/bin/make cmTC_563fd/fast && make[3]: Entering directory '/workspaces/prj/2d-linFEM/buildAmd64/Eigen-prefix/src/Eigen-build/CMakeFiles/CMakeTmp'
/usr/bin/make -f CMakeFiles/cmTC_563fd.dir/build.make CMakeFiles/cmTC_563fd.dir/build
make[4]: Entering directory '/workspaces/prj/2d-linFEM/buildAmd64/Eigen-prefix/src/Eigen-build/CMakeFiles/CMakeTmp'
Building CXX object CMakeFiles/cmTC_563fd.dir/src.cxx.o
/usr/bin/c++    -std=c++03 -pedantic -Wall -Wextra -Wundef -Wcast-align -Wchar-subscripts -Wnon-virtual-dtor -Wunused-local-typedefs -Wpointer-arith -Wwrite-strings -Wformat-security -Wlogical-op -Wdouble-promotion -Wno-psabi -Wno-variadic-macros -Wno-long-long -fno-check-new -fno-common -fstrict-aliasing -DCOMPILER_SUPPORT_wd2304 -Werror   -wd2304 -o CMakeFiles/cmTC_563fd.dir/src.cxx.o -c /workspaces/prj/2d-linFEM/buildAmd64/Eigen-prefix/src/Eigen-build/CMakeFiles/CMakeTmp/src.cxx
c++: error: unrecognized command line option '-wd2304'
make[4]: *** [CMakeFiles/cmTC_563fd.dir/build.make:66: CMakeFiles/cmTC_563fd.dir/src.cxx.o] Error 1
make[4]: Leaving directory '/workspaces/prj/2d-linFEM/buildAmd64/Eigen-prefix/src/Eigen-build/CMakeFiles/CMakeTmp'
make[3]: *** [Makefile:121: cmTC_563fd/fast] Error 2
make[3]: Leaving directory '/workspaces/prj/2d-linFEM/buildAmd64/Eigen-prefix/src/Eigen-build/CMakeFiles/CMakeTmp'


Source file was:
int main() { return 0; }
Performing C++ SOURCE FILE Test COMPILER_SUPPORT_STRICTANSI failed with the following output:
Change Dir: /workspaces/prj/2d-linFEM/buildAmd64/Eigen-prefix/src/Eigen-build/CMakeFiles/CMakeTmp

Run Build Command(s):/usr/bin/make cmTC_d8eea/fast && make[3]: Entering directory '/workspaces/prj/2d-linFEM/buildAmd64/Eigen-prefix/src/Eigen-build/CMakeFiles/CMakeTmp'
/usr/bin/make -f CMakeFiles/cmTC_d8eea.dir/build.make CMakeFiles/cmTC_d8eea.dir/build
make[4]: Entering directory '/workspaces/prj/2d-linFEM/buildAmd64/Eigen-prefix/src/Eigen-build/CMakeFiles/CMakeTmp'
Building CXX object CMakeFiles/cmTC_d8eea.dir/src.cxx.o
/usr/bin/c++    -std=c++03 -pedantic -Wall -Wextra -Wundef -Wcast-align -Wchar-subscripts -Wnon-virtual-dtor -Wunused-local-typedefs -Wpointer-arith -Wwrite-strings -Wformat-security -Wlogical-op -Wdouble-promotion -Wno-psabi -Wno-variadic-macros -Wno-long-long -fno-check-new -fno-common -fstrict-aliasing -DCOMPILER_SUPPORT_STRICTANSI -Werror   -strict-ansi -o CMakeFiles/cmTC_d8eea.dir/src.cxx.o -c /workspaces/prj/2d-linFEM/buildAmd64/Eigen-prefix/src/Eigen-build/CMakeFiles/CMakeTmp/src.cxx
c++: error: unrecognized command line option '-strict-ansi'; did you mean '-fstrict-enums'?
make[4]: *** [CMakeFiles/cmTC_d8eea.dir/build.make:66: CMakeFiles/cmTC_d8eea.dir/src.cxx.o] Error 1
make[4]: Leaving directory '/workspaces/prj/2d-linFEM/buildAmd64/Eigen-prefix/src/Eigen-build/CMakeFiles/CMakeTmp'
make[3]: *** [Makefile:121: cmTC_d8eea/fast] Error 2
make[3]: Leaving directory '/workspaces/prj/2d-linFEM/buildAmd64/Eigen-prefix/src/Eigen-build/CMakeFiles/CMakeTmp'


Source file was:
int main() { return 0; }
Performing C++ SOURCE FILE Test COMPILER_SUPPORT_Qunusedarguments failed with the following output:
Change Dir: /workspaces/prj/2d-linFEM/buildAmd64/Eigen-prefix/src/Eigen-build/CMakeFiles/CMakeTmp

Run Build Command(s):/usr/bin/make cmTC_a1762/fast && make[3]: Entering directory '/workspaces/prj/2d-linFEM/buildAmd64/Eigen-prefix/src/Eigen-build/CMakeFiles/CMakeTmp'
/usr/bin/make -f CMakeFiles/cmTC_a1762.dir/build.make CMakeFiles/cmTC_a1762.dir/build
make[4]: Entering directory '/workspaces/prj/2d-linFEM/buildAmd64/Eigen-prefix/src/Eigen-build/CMakeFiles/CMakeTmp'
Building CXX object CMakeFiles/cmTC_a1762.dir/src.cxx.o
/usr/bin/c++    -std=c++03 -pedantic -Wall -Wextra -Wundef -Wcast-align -Wchar-subscripts -Wnon-virtual-dtor -Wunused-local-typedefs -Wpointer-arith -Wwrite-strings -Wformat-security -Wlogical-op -Wdouble-promotion -Wno-psabi -Wno-variadic-macros -Wno-long-long -fno-check-new -fno-common -fstrict-aliasing -DCOMPILER_SUPPORT_Qunusedarguments -Werror   -Qunused-arguments -o CMakeFiles/cmTC_a1762.dir/src.cxx.o -c /workspaces/prj/2d-linFEM/buildAmd64/Eigen-prefix/src/Eigen-build/CMakeFiles/CMakeTmp/src.cxx
c++: error: unrecognized command line option '-Qunused-arguments'
make[4]: *** [CMakeFiles/cmTC_a1762.dir/build.make:66: CMakeFiles/cmTC_a1762.dir/src.cxx.o] Error 1
make[4]: Leaving directory '/workspaces/prj/2d-linFEM/buildAmd64/Eigen-prefix/src/Eigen-build/CMakeFiles/CMakeTmp'
make[3]: *** [Makefile:121: cmTC_a1762/fast] Error 2
make[3]: Leaving directory '/workspaces/prj/2d-linFEM/buildAmd64/Eigen-prefix/src/Eigen-build/CMakeFiles/CMakeTmp'


Source file was:
int main() { return 0; }
Performing C SOURCE FILE Test CMAKE_HAVE_LIBC_PTHREAD failed with the following output:
Change Dir: /workspaces/prj/2d-linFEM/buildAmd64/Eigen-prefix/src/Eigen-build/CMakeFiles/CMakeTmp

Run Build Command(s):/usr/bin/make cmTC_d9d2e/fast && make[3]: Entering directory '/workspaces/prj/2d-linFEM/buildAmd64/Eigen-prefix/src/Eigen-build/CMakeFiles/CMakeTmp'
/usr/bin/make -f CMakeFiles/cmTC_d9d2e.dir/build.make CMakeFiles/cmTC_d9d2e.dir/build
make[4]: Entering directory '/workspaces/prj/2d-linFEM/buildAmd64/Eigen-prefix/src/Eigen-build/CMakeFiles/CMakeTmp'
Building C object CMakeFiles/cmTC_d9d2e.dir/src.c.o
/usr/bin/cc   -DCMAKE_HAVE_LIBC_PTHREAD   -o CMakeFiles/cmTC_d9d2e.dir/src.c.o   -c /workspaces/prj/2d-linFEM/buildAmd64/Eigen-prefix/src/Eigen-build/CMakeFiles/CMakeTmp/src.c
Linking C executable cmTC_d9d2e
/usr/bin/cmake -E cmake_link_script CMakeFiles/cmTC_d9d2e.dir/link.txt --verbose=1
/usr/bin/cc  -DCMAKE_HAVE_LIBC_PTHREAD    -rdynamic CMakeFiles/cmTC_d9d2e.dir/src.c.o  -o cmTC_d9d2e 
/usr/bin/ld: CMakeFiles/cmTC_d9d2e.dir/src.c.o: in function `main':
src.c:(.text+0x46): undefined reference to `pthread_create'
/usr/bin/ld: src.c:(.text+0x52): undefined reference to `pthread_detach'
/usr/bin/ld: src.c:(.text+0x63): undefined reference to `pthread_join'
collect2: error: ld returned 1 exit status
make[4]: *** [CMakeFiles/cmTC_d9d2e.dir/build.make:87: cmTC_d9d2e] Error 1
make[4]: Leaving directory '/workspaces/prj/2d-linFEM/buildAmd64/Eigen-prefix/src/Eigen-build/CMakeFiles/CMakeTmp'
make[3]: *** [Makefile:121: cmTC_d9d2e/fast] Error 2
make[3]: Leaving directory '/workspaces/prj/2d-linFEM/buildAmd64/Eigen-prefix/src/Eigen-build/CMakeFiles/CMakeTmp'


Source file was:
#include <pthread.h>

void* test_func(void* data)
{
  return data;
}

int main(void)
{
  pthread_t thread;
  pthread_create(&thread, NULL, test_func, NULL);
  pthread_detach(thread);
  pthread_join(thread, NULL);
  pthread_atfork(NULL, NULL, NULL);
  pthread_exit(NULL);

  return 0;
}

Determining if the function pthread_create exists in the pthreads failed with the following output:
Change Dir: /workspaces/prj/2d-linFEM/buildAmd64/Eigen-prefix/src/Eigen-build/CMakeFiles/CMakeTmp

Run Build Command(s):/usr/bin/make cmTC_38f47/fast && make[3]: Entering directory '/workspaces/prj/2d-linFEM/buildAmd64/Eigen-prefix/src/Eigen-build/CMakeFiles/CMakeTmp'
/usr/bin/make -f CMakeFiles/cmTC_38f47.dir/build.make CMakeFiles/cmTC_38f47.dir/build
make[4]: Entering directory '/workspaces/prj/2d-linFEM/buildAmd64/Eigen-prefix/src/Eigen-build/CMakeFiles/CMakeTmp'
Building C object CMakeFiles/cmTC_38f47.dir/CheckFunctionExists.c.o
/usr/bin/cc   -DCHECK_FUNCTION_EXISTS=pthread_create   -o CMakeFiles/cmTC_38f47.dir/CheckFunctionExists.c.o   -c /usr/share/cmake-3.16/Modules/CheckFunctionExists.c
Linking C executable cmTC_38f47
/usr/bin/cmake -E cmake_link_script CMakeFiles/cmTC_38f47.dir/link.txt --verbose=1
/usr/bin/cc  -DCHECK_FUNCTION_EXISTS=pthread_create    -rdynamic CMakeFiles/cmTC_38f47.dir/CheckFunctionExists.c.o  -o cmTC_38f47  -lpthreads 
/usr/bin/ld: cannot find -lpthreads
collect2: error: ld returned 1 exit status
make[4]: *** [CMakeFiles/cmTC_38f47.dir/build.make:87: cmTC_38f47] Error 1
make[4]: Leaving directory '/workspaces/prj/2d-linFEM/buildAmd64/Eigen-prefix/src/Eigen-build/CMakeFiles/CMakeTmp'
make[3]: *** [Makefile:121: cmTC_38f47/fast] Error 2
make[3]: Leaving directory '/workspaces/prj/2d-linFEM/buildAmd64/Eigen-prefix/src/Eigen-build/CMakeFiles/CMakeTmp'



