The system is: Linux - 6.2.0-1016-azure - x86_64
Compiling the C compiler identification source file "CMakeCCompilerId.c" succeeded.
Compiler: /usr/bin/cc 
Build flags: 
Id flags:  

The output was:
0


Compilation of the C compiler identification source "CMakeCCompilerId.c" produced "a.out"

The C compiler identification is GNU, found in "/workspaces/prj/2d-linFEM/buildAmd64/Eigen-prefix/src/Eigen-build/CMakeFiles/3.16.3/CompilerIdC/a.out"

Compiling the CXX compiler identification source file "CMakeCXXCompilerId.cpp" succeeded.
Compiler: /usr/bin/c++ 
Build flags: 
Id flags:  

The output was:
0


Compilation of the CXX compiler identification source "CMakeCXXCompilerId.cpp" produced "a.out"

The CXX compiler identification is GNU, found in "/workspaces/prj/2d-linFEM/buildAmd64/Eigen-prefix/src/Eigen-build/CMakeFiles/3.16.3/CompilerIdCXX/a.out"

Determining if the C compiler works passed with the following output:
Change Dir: /workspaces/prj/2d-linFEM/buildAmd64/Eigen-prefix/src/Eigen-build/CMakeFiles/CMakeTmp

Run Build Command(s):/usr/bin/make cmTC_198c6/fast && make[3]: Entering directory '/workspaces/prj/2d-linFEM/buildAmd64/Eigen-prefix/src/Eigen-build/CMakeFiles/CMakeTmp'
/usr/bin/make -f CMakeFiles/cmTC_198c6.dir/build.make CMakeFiles/cmTC_198c6.dir/build
make[4]: Entering directory '/workspaces/prj/2d-linFEM/buildAmd64/Eigen-prefix/src/Eigen-build/CMakeFiles/CMakeTmp'
Building C object CMakeFiles/cmTC_198c6.dir/testCCompiler.c.o
/usr/bin/cc    -o CMakeFiles/cmTC_198c6.dir/testCCompiler.c.o   -c /workspaces/prj/2d-linFEM/buildAmd64/Eigen-prefix/src/Eigen-build/CMakeFiles/CMakeTmp/testCCompiler.c
Linking C executable cmTC_198c6
/usr/bin/cmake -E cmake_link_script CMakeFiles/cmTC_198c6.dir/link.txt --verbose=1
/usr/bin/cc      -rdynamic CMakeFiles/cmTC_198c6.dir/testCCompiler.c.o  -o cmTC_198c6 
make[4]: Leaving directory '/workspaces/prj/2d-linFEM/buildAmd64/Eigen-prefix/src/Eigen-build/CMakeFiles/CMakeTmp'
make[3]: Leaving directory '/workspaces/prj/2d-linFEM/buildAmd64/Eigen-prefix/src/Eigen-build/CMakeFiles/CMakeTmp'



Detecting C compiler ABI info compiled with the following output:
Change Dir: /workspaces/prj/2d-linFEM/buildAmd64/Eigen-prefix/src/Eigen-build/CMakeFiles/CMakeTmp

Run Build Command(s):/usr/bin/make cmTC_43872/fast && make[3]: Entering directory '/workspaces/prj/2d-linFEM/buildAmd64/Eigen-prefix/src/Eigen-build/CMakeFiles/CMakeTmp'
/usr/bin/make -f CMakeFiles/cmTC_43872.dir/build.make CMakeFiles/cmTC_43872.dir/build
make[4]: Entering directory '/workspaces/prj/2d-linFEM/buildAmd64/Eigen-prefix/src/Eigen-build/CMakeFiles/CMakeTmp'
Building C object CMakeFiles/cmTC_43872.dir/CMakeCCompilerABI.c.o
/usr/bin/cc   -v -o CMakeFiles/cmTC_43872.dir/CMakeCCompilerABI.c.o   -c /usr/share/cmake-3.16/Modules/CMakeCCompilerABI.c
Using built-in specs.
COLLECT_GCC=/usr/bin/cc
OFFLOAD_TARGET_NAMES=nvptx-none:hsa
OFFLOAD_TARGET_DEFAULT=1
Target: x86_64-linux-gnu
Configured with: ../src/configure -v --with-pkgversion='Ubuntu 9.4.0-1ubuntu1~20.04.2' --with-bugurl=file:///usr/share/doc/gcc-9/README.Bugs --enable-languages=c,ada,c++,go,brig,d,fortran,objc,obj-c++,gm2 --prefix=/usr --with-gcc-major-version-only --program-suffix=-9 --program-prefix=x86_64-linux-gnu- --enable-shared --enable-linker-build-id --libexecdir=/usr/lib --without-included-gettext --enable-threads=posix --libdir=/usr/lib --enable-nls --enable-clocale=gnu --enable-libstdcxx-debug --enable-libstdcxx-time=yes --with-default-libstdcxx-abi=new --enable-gnu-unique-object --disable-vtable-verify --enable-plugin --enable-default-pie --with-system-zlib --with-target-system-zlib=auto --enable-objc-gc=auto --enable-multiarch --disable-werror --with-arch-32=i686 --with-abi=m64 --with-multilib-list=m32,m64,mx32 --enable-multilib --with-tune=generic --enable-offload-targets=nvptx-none=/build/gcc-9-9QDOt0/gcc-9-9.4.0/debian/tmp-nvptx/usr,hsa --without-cuda-driver --enable-checking=release --build=x86_64-linux-gnu --host=x86_64-linux-gnu --target=x86_64-linux-gnu
Thread model: posix
gcc version 9.4.0 (Ubuntu 9.4.0-1ubuntu1~20.04.2) 
COLLECT_GCC_OPTIONS='-v' '-o' 'CMakeFiles/cmTC_43872.dir/CMakeCCompilerABI.c.o' '-c' '-mtune=generic' '-march=x86-64'
 /usr/lib/gcc/x86_64-linux-gnu/9/cc1 -quiet -v -imultiarch x86_64-linux-gnu /usr/share/cmake-3.16/Modules/CMakeCCompilerABI.c -quiet -dumpbase CMakeCCompilerABI.c -mtune=generic -march=x86-64 -auxbase-strip CMakeFiles/cmTC_43872.dir/CMakeCCompilerABI.c.o -version -fasynchronous-unwind-tables -fstack-protector-strong -Wformat -Wformat-security -fstack-clash-protection -fcf-protection -o /tmp/cc28RLaI.s
GNU C17 (Ubuntu 9.4.0-1ubuntu1~20.04.2) version 9.4.0 (x86_64-linux-gnu)
	compiled by GNU C version 9.4.0, GMP version 6.2.0, MPFR version 4.0.2, MPC version 1.1.0, isl version isl-0.22.1-GMP

GGC heuristics: --param ggc-min-expand=100 --param ggc-min-heapsize=131072
ignoring nonexistent directory "/usr/local/include/x86_64-linux-gnu"
ignoring nonexistent directory "/usr/lib/gcc/x86_64-linux-gnu/9/include-fixed"
ignoring nonexistent directory "/usr/lib/gcc/x86_64-linux-gnu/9/../../../../x86_64-linux-gnu/include"
#include "..." search starts here:
#include <...> search starts here:
 /usr/lib/gcc/x86_64-linux-gnu/9/include
 /usr/local/include
 /usr/include/x86_64-linux-gnu
 /usr/include
End of search list.
GNU C17 (Ubuntu 9.4.0-1ubuntu1~20.04.2) version 9.4.0 (x86_64-linux-gnu)
	compiled by GNU C version 9.4.0, GMP version 6.2.0, MPFR version 4.0.2, MPC version 1.1.0, isl version isl-0.22.1-GMP

GGC heuristics: --param ggc-min-expand=100 --param ggc-min-heapsize=131072
Compiler executable checksum: 01da938ff5dc2163489aa33cb3b747a7
COLLECT_GCC_OPTIONS='-v' '-o' 'CMakeFiles/cmTC_43872.dir/CMakeCCompilerABI.c.o' '-c' '-mtune=generic' '-march=x86-64'
 as -v --64 -o CMakeFiles/cmTC_43872.dir/CMakeCCompilerABI.c.o /tmp/cc28RLaI.s
GNU assembler version 2.34 (x86_64-linux-gnu) using BFD version (GNU Binutils for Ubuntu) 2.34
COMPILER_PATH=/usr/lib/gcc/x86_64-linux-gnu/9/:/usr/lib/gcc/x86_64-linux-gnu/9/:/usr/lib/gcc/x86_64-linux-gnu/:/usr/lib/gcc/x86_64-linux-gnu/9/:/usr/lib/gcc/x86_64-linux-gnu/
LIBRARY_PATH=/usr/lib/gcc/x86_64-linux-gnu/9/:/usr/lib/gcc/x86_64-linux-gnu/9/../../../x86_64-linux-gnu/:/usr/lib/gcc/x86_64-linux-gnu/9/../../../../lib/:/lib/x86_64-linux-gnu/:/lib/../lib/:/usr/lib/x86_64-linux-gnu/:/usr/lib/../lib/:/usr/lib/gcc/x86_64-linux-gnu/9/../../../:/lib/:/usr/lib/
COLLECT_GCC_OPTIONS='-v' '-o' 'CMakeFiles/cmTC_43872.dir/CMakeCCompilerABI.c.o' '-c' '-mtune=generic' '-march=x86-64'
Linking C executable cmTC_43872
/usr/bin/cmake -E cmake_link_script CMakeFiles/cmTC_43872.dir/link.txt --verbose=1
/usr/bin/cc     -v -rdynamic CMakeFiles/cmTC_43872.dir/CMakeCCompilerABI.c.o  -o cmTC_43872 
Using built-in specs.
COLLECT_GCC=/usr/bin/cc
COLLECT_LTO_WRAPPER=/usr/lib/gcc/x86_64-linux-gnu/9/lto-wrapper
OFFLOAD_TARGET_NAMES=nvptx-none:hsa
OFFLOAD_TARGET_DEFAULT=1
Target: x86_64-linux-gnu
Configured with: ../src/configure -v --with-pkgversion='Ubuntu 9.4.0-1ubuntu1~20.04.2' --with-bugurl=file:///usr/share/doc/gcc-9/README.Bugs --enable-languages=c,ada,c++,go,brig,d,fortran,objc,obj-c++,gm2 --prefix=/usr --with-gcc-major-version-only --program-suffix=-9 --program-prefix=x86_64-linux-gnu- --enable-shared --enable-linker-build-id --libexecdir=/usr/lib --without-included-gettext --enable-threads=posix --libdir=/usr/lib --enable-nls --enable-clocale=gnu --enable-libstdcxx-debug --enable-libstdcxx-time=yes --with-default-libstdcxx-abi=new --enable-gnu-unique-object --disable-vtable-verify --enable-plugin --enable-default-pie --with-system-zlib --with-target-system-zlib=auto --enable-objc-gc=auto --enable-multiarch --disable-werror --with-arch-32=i686 --with-abi=m64 --with-multilib-list=m32,m64,mx32 --enable-multilib --with-tune=generic --enable-offload-targets=nvptx-none=/build/gcc-9-9QDOt0/gcc-9-9.4.0/debian/tmp-nvptx/usr,hsa --without-cuda-driver --enable-checking=release --build=x86_64-linux-gnu --host=x86_64-linux-gnu --target=x86_64-linux-gnu
Thread model: posix
gcc version 9.4.0 (Ubuntu 9.4.0-1ubuntu1~20.04.2) 
COMPILER_PATH=/usr/lib/gcc/x86_64-linux-gnu/9/:/usr/lib/gcc/x86_64-linux-gnu/9/:/usr/lib/gcc/x86_64-linux-gnu/:/usr/lib/gcc/x86_64-linux-gnu/9/:/usr/lib/gcc/x86_64-linux-gnu/
LIBRARY_PATH=/usr/lib/gcc/x86_64-linux-gnu/9/:/usr/lib/gcc/x86_64-linux-gnu/9/../../../x86_64-linux-gnu/:/usr/lib/gcc/x86_64-linux-gnu/9/../../../../lib/:/lib/x86_64-linux-gnu/:/lib/../lib/:/usr/lib/x86_64-linux-gnu/:/usr/lib/../lib/:/usr/lib/gcc/x86_64-linux-gnu/9/../../../:/lib/:/usr/lib/
COLLECT_GCC_OPTIONS='-v' '-rdynamic' '-o' 'cmTC_43872' '-mtune=generic' '-march=x86-64'
 /usr/lib/gcc/x86_64-linux-gnu/9/collect2 -plugin /usr/lib/gcc/x86_64-linux-gnu/9/liblto_plugin.so -plugin-opt=/usr/lib/gcc/x86_64-linux-gnu/9/lto-wrapper -plugin-opt=-fresolution=/tmp/ccpkBJY7.res -plugin-opt=-pass-through=-lgcc -plugin-opt=-pass-through=-lgcc_s -plugin-opt=-pass-through=-lc -plugin-opt=-pass-through=-lgcc -plugin-opt=-pass-through=-lgcc_s --build-id --eh-frame-hdr -m elf_x86_64 --hash-style=gnu --as-needed -export-dynamic -dynamic-linker /lib64/ld-linux-x86-64.so.2 -pie -z now -z relro -o cmTC_43872 /usr/lib/gcc/x86_64-linux-gnu/9/../../../x86_64-linux-gnu/Scrt1.o /usr/lib/gcc/x86_64-linux-gnu/9/../../../x86_64-linux-gnu/crti.o /usr/lib/gcc/x86_64-linux-gnu/9/crtbeginS.o -L/usr/lib/gcc/x86_64-linux-gnu/9 -L/usr/lib/gcc/x86_64-linux-gnu/9/../../../x86_64-linux-gnu -L/usr/lib/gcc/x86_64-linux-gnu/9/../../../../lib -L/lib/x86_64-linux-gnu -L/lib/../lib -L/usr/lib/x86_64-linux-gnu -L/usr/lib/../lib -L/usr/lib/gcc/x86_64-linux-gnu/9/../../.. CMakeFiles/cmTC_43872.dir/CMakeCCompilerABI.c.o -lgcc --push-state --as-needed -lgcc_s --pop-state -lc -lgcc --push-state --as-needed -lgcc_s --pop-state /usr/lib/gcc/x86_64-linux-gnu/9/crtendS.o /usr/lib/gcc/x86_64-linux-gnu/9/../../../x86_64-linux-gnu/crtn.o
COLLECT_GCC_OPTIONS='-v' '-rdynamic' '-o' 'cmTC_43872' '-mtune=generic' '-march=x86-64'
make[4]: Leaving directory '/workspaces/prj/2d-linFEM/buildAmd64/Eigen-prefix/src/Eigen-build/CMakeFiles/CMakeTmp'
make[3]: Leaving directory '/workspaces/prj/2d-linFEM/buildAmd64/Eigen-prefix/src/Eigen-build/CMakeFiles/CMakeTmp'



Parsed C implicit include dir info from above output: rv=done
  found start of include info
  found start of implicit include info
    add: [/usr/lib/gcc/x86_64-linux-gnu/9/include]
    add: [/usr/local/include]
    add: [/usr/include/x86_64-linux-gnu]
    add: [/usr/include]
  end of search list found
  collapse include dir [/usr/lib/gcc/x86_64-linux-gnu/9/include] ==> [/usr/lib/gcc/x86_64-linux-gnu/9/include]
  collapse include dir [/usr/local/include] ==> [/usr/local/include]
  collapse include dir [/usr/include/x86_64-linux-gnu] ==> [/usr/include/x86_64-linux-gnu]
  collapse include dir [/usr/include] ==> [/usr/include]
  implicit include dirs: [/usr/lib/gcc/x86_64-linux-gnu/9/include;/usr/local/include;/usr/include/x86_64-linux-gnu;/usr/include]


Parsed C implicit link information from above output:
  link line regex: [^( *|.*[/\])(ld|CMAKE_LINK_STARTFILE-NOTFOUND|([^/\]+-)?ld|collect2)[^/\]*( |$)]
  ignore line: [Change Dir: /workspaces/prj/2d-linFEM/buildAmd64/Eigen-prefix/src/Eigen-build/CMakeFiles/CMakeTmp]
  ignore line: []
  ignore line: [Run Build Command(s):/usr/bin/make cmTC_43872/fast && make[3]: Entering directory '/workspaces/prj/2d-linFEM/buildAmd64/Eigen-prefix/src/Eigen-build/CMakeFiles/CMakeTmp']
  ignore line: [/usr/bin/make -f CMakeFiles/cmTC_43872.dir/build.make CMakeFiles/cmTC_43872.dir/build]
  ignore line: [make[4]: Entering directory '/workspaces/prj/2d-linFEM/buildAmd64/Eigen-prefix/src/Eigen-build/CMakeFiles/CMakeTmp']
  ignore line: [Building C object CMakeFiles/cmTC_43872.dir/CMakeCCompilerABI.c.o]
  ignore line: [/usr/bin/cc   -v -o CMakeFiles/cmTC_43872.dir/CMakeCCompilerABI.c.o   -c /usr/share/cmake-3.16/Modules/CMakeCCompilerABI.c]
  ignore line: [Using built-in specs.]
  ignore line: [COLLECT_GCC=/usr/bin/cc]
  ignore line: [OFFLOAD_TARGET_NAMES=nvptx-none:hsa]
  ignore line: [OFFLOAD_TARGET_DEFAULT=1]
  ignore line: [Target: x86_64-linux-gnu]
  ignore line: [Configured with: ../src/configure -v --with-pkgversion='Ubuntu 9.4.0-1ubuntu1~20.04.2' --with-bugurl=file:///usr/share/doc/gcc-9/README.Bugs --enable-languages=c ada c++ go brig d fortran objc obj-c++ gm2 --prefix=/usr --with-gcc-major-version-only --program-suffix=-9 --program-prefix=x86_64-linux-gnu- --enable-shared --enable-linker-build-id --libexecdir=/usr/lib --without-included-gettext --enable-threads=posix --libdir=/usr/lib --enable-nls --enable-clocale=gnu --enable-libstdcxx-debug --enable-libstdcxx-time=yes --with-default-libstdcxx-abi=new --enable-gnu-unique-object --disable-vtable-verify --enable-plugin --enable-default-pie --with-system-zlib --with-target-system-zlib=auto --enable-objc-gc=auto --enable-multiarch --disable-werror --with-arch-32=i686 --with-abi=m64 --with-multilib-list=m32 m64 mx32 --enable-multilib --with-tune=generic --enable-offload-targets=nvptx-none=/build/gcc-9-9QDOt0/gcc-9-9.4.0/debian/tmp-nvptx/usr hsa --without-cuda-driver --enable-checking=release --build=x86_64-linux-gnu --host=x86_64-linux-gnu --target=x86_64-linux-gnu]
  ignore line: [Thread model: posix]
  ignore line: [gcc version 9.4.0 (Ubuntu 9.4.0-1ubuntu1~20.04.2) ]
  ignore line: [COLLECT_GCC_OPTIONS='-v' '-o' 'CMakeFiles/cmTC_43872.dir/CMakeCCompilerABI.c.o' '-c' '-mtune=generic' '-march=x86-64']
  ignore line: [ /usr/lib/gcc/x86_64-linux-gnu/9/cc1 -quiet -v -imultiarch x86_64-linux-gnu /usr/share/cmake-3.16/Modules/CMakeCCompilerABI.c -quiet -dumpbase CMakeCCompilerABI.c -mtune=generic -march=x86-64 -auxbase-strip CMakeFiles/cmTC_43872.dir/CMakeCCompilerABI.c.o -version -fasynchronous-unwind-tables -fstack-protector-strong -Wformat -Wformat-security -fstack-clash-protection -fcf-protection -o /tmp/cc28RLaI.s]
  ignore line: [GNU C17 (Ubuntu 9.4.0-1ubuntu1~20.04.2) version 9.4.0 (x86_64-linux-gnu)]
  ignore line: [	compiled by GNU C version 9.4.0  GMP version 6.2.0  MPFR version 4.0.2  MPC version 1.1.0  isl version isl-0.22.1-GMP]
  ignore line: []
  ignore line: [GGC heuristics: --param ggc-min-expand=100 --param ggc-min-heapsize=131072]
  ignore line: [ignoring nonexistent directory "/usr/local/include/x86_64-linux-gnu"]
  ignore line: [ignoring nonexistent directory "/usr/lib/gcc/x86_64-linux-gnu/9/include-fixed"]
  ignore line: [ignoring nonexistent directory "/usr/lib/gcc/x86_64-linux-gnu/9/../../../../x86_64-linux-gnu/include"]
  ignore line: [#include "..." search starts here:]
  ignore line: [#include <...> search starts here:]
  ignore line: [ /usr/lib/gcc/x86_64-linux-gnu/9/include]
  ignore line: [ /usr/local/include]
  ignore line: [ /usr/include/x86_64-linux-gnu]
  ignore line: [ /usr/include]
  ignore line: [End of search list.]
  ignore line: [GNU C17 (Ubuntu 9.4.0-1ubuntu1~20.04.2) version 9.4.0 (x86_64-linux-gnu)]
  ignore line: [	compiled by GNU C version 9.4.0  GMP version 6.2.0  MPFR version 4.0.2  MPC version 1.1.0  isl version isl-0.22.1-GMP]
  ignore line: []
  ignore line: [GGC heuristics: --param ggc-min-expand=100 --param ggc-min-heapsize=131072]
  ignore line: [Compiler executable checksum: 01da938ff5dc2163489aa33cb3b747a7]
  ignore line: [COLLECT_GCC_OPTIONS='-v' '-o' 'CMakeFiles/cmTC_43872.dir/CMakeCCompilerABI.c.o' '-c' '-mtune=generic' '-march=x86-64']
  ignore line: [ as -v --64 -o CMakeFiles/cmTC_43872.dir/CMakeCCompilerABI.c.o /tmp/cc28RLaI.s]
  ignore line: [GNU assembler version 2.34 (x86_64-linux-gnu) using BFD version (GNU Binutils for Ubuntu) 2.34]
  ignore line: [COMPILER_PATH=/usr/lib/gcc/x86_64-linux-gnu/9/:/usr/lib/gcc/x86_64-linux-gnu/9/:/usr/lib/gcc/x86_64-linux-gnu/:/usr/lib/gcc/x86_64-linux-gnu/9/:/usr/lib/gcc/x86_64-linux-gnu/]
  ignore line: [LIBRARY_PATH=/usr/lib/gcc/x86_64-linux-gnu/9/:/usr/lib/gcc/x86_64-linux-gnu/9/../../../x86_64-linux-gnu/:/usr/lib/gcc/x86_64-linux-gnu/9/../../../../lib/:/lib/x86_64-linux-gnu/:/lib/../lib/:/usr/lib/x86_64-linux-gnu/:/usr/lib/../lib/:/usr/lib/gcc/x86_64-linux-gnu/9/../../../:/lib/:/usr/lib/]
  ignore line: [COLLECT_GCC_OPTIONS='-v' '-o' 'CMakeFiles/cmTC_43872.dir/CMakeCCompilerABI.c.o' '-c' '-mtune=generic' '-march=x86-64']
  ignore line: [Linking C executable cmTC_43872]
  ignore line: [/usr/bin/cmake -E cmake_link_script CMakeFiles/cmTC_43872.dir/link.txt --verbose=1]
  ignore line: [/usr/bin/cc     -v -rdynamic CMakeFiles/cmTC_43872.dir/CMakeCCompilerABI.c.o  -o cmTC_43872 ]
  ignore line: [Using built-in specs.]
  ignore line: [COLLECT_GCC=/usr/bin/cc]
  ignore line: [COLLECT_LTO_WRAPPER=/usr/lib/gcc/x86_64-linux-gnu/9/lto-wrapper]
  ignore line: [OFFLOAD_TARGET_NAMES=nvptx-none:hsa]
  ignore line: [OFFLOAD_TARGET_DEFAULT=1]
  ignore line: [Target: x86_64-linux-gnu]
  ignore line: [Configured with: ../src/configure -v --with-pkgversion='Ubuntu 9.4.0-1ubuntu1~20.04.2' --with-bugurl=file:///usr/share/doc/gcc-9/README.Bugs --enable-languages=c ada c++ go brig d fortran objc obj-c++ gm2 --prefix=/usr --with-gcc-major-version-only --program-suffix=-9 --program-prefix=x86_64-linux-gnu- --enable-shared --enable-linker-build-id --libexecdir=/usr/lib --without-included-gettext --enable-threads=posix --libdir=/usr/lib --enable-nls --enable-clocale=gnu --enable-libstdcxx-debug --enable-libstdcxx-time=yes --with-default-libstdcxx-abi=new --enable-gnu-unique-object --disable-vtable-verify --enable-plugin --enable-default-pie --with-system-zlib --with-target-system-zlib=auto --enable-objc-gc=auto --enable-multiarch --disable-werror --with-arch-32=i686 --with-abi=m64 --with-multilib-list=m32 m64 mx32 --enable-multilib --with-tune=generic --enable-offload-targets=nvptx-none=/build/gcc-9-9QDOt0/gcc-9-9.4.0/debian/tmp-nvptx/usr hsa --without-cuda-driver --enable-checking=release --build=x86_64-linux-gnu --host=x86_64-linux-gnu --target=x86_64-linux-gnu]
  ignore line: [Thread model: posix]
  ignore line: [gcc version 9.4.0 (Ubuntu 9.4.0-1ubuntu1~20.04.2) ]
  ignore line: [COMPILER_PATH=/usr/lib/gcc/x86_64-linux-gnu/9/:/usr/lib/gcc/x86_64-linux-gnu/9/:/usr/lib/gcc/x86_64-linux-gnu/:/usr/lib/gcc/x86_64-linux-gnu/9/:/usr/lib/gcc/x86_64-linux-gnu/]
  ignore line: [LIBRARY_PATH=/usr/lib/gcc/x86_64-linux-gnu/9/:/usr/lib/gcc/x86_64-linux-gnu/9/../../../x86_64-linux-gnu/:/usr/lib/gcc/x86_64-linux-gnu/9/../../../../lib/:/lib/x86_64-linux-gnu/:/lib/../lib/:/usr/lib/x86_64-linux-gnu/:/usr/lib/../lib/:/usr/lib/gcc/x86_64-linux-gnu/9/../../../:/lib/:/usr/lib/]
  ignore line: [COLLECT_GCC_OPTIONS='-v' '-rdynamic' '-o' 'cmTC_43872' '-mtune=generic' '-march=x86-64']
  link line: [ /usr/lib/gcc/x86_64-linux-gnu/9/collect2 -plugin /usr/lib/gcc/x86_64-linux-gnu/9/liblto_plugin.so -plugin-opt=/usr/lib/gcc/x86_64-linux-gnu/9/lto-wrapper -plugin-opt=-fresolution=/tmp/ccpkBJY7.res -plugin-opt=-pass-through=-lgcc -plugin-opt=-pass-through=-lgcc_s -plugin-opt=-pass-through=-lc -plugin-opt=-pass-through=-lgcc -plugin-opt=-pass-through=-lgcc_s --build-id --eh-frame-hdr -m elf_x86_64 --hash-style=gnu --as-needed -export-dynamic -dynamic-linker /lib64/ld-linux-x86-64.so.2 -pie -z now -z relro -o cmTC_43872 /usr/lib/gcc/x86_64-linux-gnu/9/../../../x86_64-linux-gnu/Scrt1.o /usr/lib/gcc/x86_64-linux-gnu/9/../../../x86_64-linux-gnu/crti.o /usr/lib/gcc/x86_64-linux-gnu/9/crtbeginS.o -L/usr/lib/gcc/x86_64-linux-gnu/9 -L/usr/lib/gcc/x86_64-linux-gnu/9/../../../x86_64-linux-gnu -L/usr/lib/gcc/x86_64-linux-gnu/9/../../../../lib -L/lib/x86_64-linux-gnu -L/lib/../lib -L/usr/lib/x86_64-linux-gnu -L/usr/lib/../lib -L/usr/lib/gcc/x86_64-linux-gnu/9/../../.. CMakeFiles/cmTC_43872.dir/CMakeCCompilerABI.c.o -lgcc --push-state --as-needed -lgcc_s --pop-state -lc -lgcc --push-state --as-needed -lgcc_s --pop-state /usr/lib/gcc/x86_64-linux-gnu/9/crtendS.o /usr/lib/gcc/x86_64-linux-gnu/9/../../../x86_64-linux-gnu/crtn.o]
    arg [/usr/lib/gcc/x86_64-linux-gnu/9/collect2] ==> ignore
    arg [-plugin] ==> ignore
    arg [/usr/lib/gcc/x86_64-linux-gnu/9/liblto_plugin.so] ==> ignore
    arg [-plugin-opt=/usr/lib/gcc/x86_64-linux-gnu/9/lto-wrapper] ==> ignore
    arg [-plugin-opt=-fresolution=/tmp/ccpkBJY7.res] ==> ignore
    arg [-plugin-opt=-pass-through=-lgcc] ==> ignore
    arg [-plugin-opt=-pass-through=-lgcc_s] ==> ignore
    arg [-plugin-opt=-pass-through=-lc] ==> ignore
    arg [-plugin-opt=-pass-through=-lgcc] ==> ignore
    arg [-plugin-opt=-pass-through=-lgcc_s] ==> ignore
    arg [--build-id] ==> ignore
    arg [--eh-frame-hdr] ==> ignore
    arg [-m] ==> ignore
    arg [elf_x86_64] ==> ignore
    arg [--hash-style=gnu] ==> ignore
    arg [--as-needed] ==> ignore
    arg [-export-dynamic] ==> ignore
    arg [-dynamic-linker] ==> ignore
    arg [/lib64/ld-linux-x86-64.so.2] ==> ignore
    arg [-pie] ==> ignore
    arg [-znow] ==> ignore
    arg [-zrelro] ==> ignore
    arg [-o] ==> ignore
    arg [cmTC_43872] ==> ignore
    arg [/usr/lib/gcc/x86_64-linux-gnu/9/../../../x86_64-linux-gnu/Scrt1.o] ==> ignore
    arg [/usr/lib/gcc/x86_64-linux-gnu/9/../../../x86_64-linux-gnu/crti.o] ==> ignore
    arg [/usr/lib/gcc/x86_64-linux-gnu/9/crtbeginS.o] ==> ignore
    arg [-L/usr/lib/gcc/x86_64-linux-gnu/9] ==> dir [/usr/lib/gcc/x86_64-linux-gnu/9]
    arg [-L/usr/lib/gcc/x86_64-linux-gnu/9/../../../x86_64-linux-gnu] ==> dir [/usr/lib/gcc/x86_64-linux-gnu/9/../../../x86_64-linux-gnu]
    arg [-L/usr/lib/gcc/x86_64-linux-gnu/9/../../../../lib] ==> dir [/usr/lib/gcc/x86_64-linux-gnu/9/../../../../lib]
    arg [-L/lib/x86_64-linux-gnu] ==> dir [/lib/x86_64-linux-gnu]
    arg [-L/lib/../lib] ==> dir [/lib/../lib]
    arg [-L/usr/lib/x86_64-linux-gnu] ==> dir [/usr/lib/x86_64-linux-gnu]
    arg [-L/usr/lib/../lib] ==> dir [/usr/lib/../lib]
    arg [-L/usr/lib/gcc/x86_64-linux-gnu/9/../../..] ==> dir [/usr/lib/gcc/x86_64-linux-gnu/9/../../..]
    arg [CMakeFiles/cmTC_43872.dir/CMakeCCompilerABI.c.o] ==> ignore
    arg [-lgcc] ==> lib [gcc]
    arg [--push-state] ==> ignore
    arg [--as-needed] ==> ignore
    arg [-lgcc_s] ==> lib [gcc_s]
    arg [--pop-state] ==> ignore
    arg [-lc] ==> lib [c]
    arg [-lgcc] ==> lib [gcc]
    arg [--push-state] ==> ignore
    arg [--as-needed] ==> ignore
    arg [-lgcc_s] ==> lib [gcc_s]
    arg [--pop-state] ==> ignore
    arg [/usr/lib/gcc/x86_64-linux-gnu/9/crtendS.o] ==> ignore
    arg [/usr/lib/gcc/x86_64-linux-gnu/9/../../../x86_64-linux-gnu/crtn.o] ==> ignore
  collapse library dir [/usr/lib/gcc/x86_64-linux-gnu/9] ==> [/usr/lib/gcc/x86_64-linux-gnu/9]
  collapse library dir [/usr/lib/gcc/x86_64-linux-gnu/9/../../../x86_64-linux-gnu] ==> [/usr/lib/x86_64-linux-gnu]
  collapse library dir [/usr/lib/gcc/x86_64-linux-gnu/9/../../../../lib] ==> [/usr/lib]
  collapse library dir [/lib/x86_64-linux-gnu] ==> [/lib/x86_64-linux-gnu]
  collapse library dir [/lib/../lib] ==> [/lib]
  collapse library dir [/usr/lib/x86_64-linux-gnu] ==> [/usr/lib/x86_64-linux-gnu]
  collapse library dir [/usr/lib/../lib] ==> [/usr/lib]
  collapse library dir [/usr/lib/gcc/x86_64-linux-gnu/9/../../..] ==> [/usr/lib]
  implicit libs: [gcc;gcc_s;c;gcc;gcc_s]
  implicit dirs: [/usr/lib/gcc/x86_64-linux-gnu/9;/usr/lib/x86_64-linux-gnu;/usr/lib;/lib/x86_64-linux-gnu;/lib]
  implicit fwks: []


Determining if the CXX compiler works passed with the following output:
Change Dir: /workspaces/prj/2d-linFEM/buildAmd64/Eigen-prefix/src/Eigen-build/CMakeFiles/CMakeTmp

Run Build Command(s):/usr/bin/make cmTC_46cdb/fast && make[3]: Entering directory '/workspaces/prj/2d-linFEM/buildAmd64/Eigen-prefix/src/Eigen-build/CMakeFiles/CMakeTmp'
/usr/bin/make -f CMakeFiles/cmTC_46cdb.dir/build.make CMakeFiles/cmTC_46cdb.dir/build
make[4]: Entering directory '/workspaces/prj/2d-linFEM/buildAmd64/Eigen-prefix/src/Eigen-build/CMakeFiles/CMakeTmp'
Building CXX object CMakeFiles/cmTC_46cdb.dir/testCXXCompiler.cxx.o
/usr/bin/c++     -o CMakeFiles/cmTC_46cdb.dir/testCXXCompiler.cxx.o -c /workspaces/prj/2d-linFEM/buildAmd64/Eigen-prefix/src/Eigen-build/CMakeFiles/CMakeTmp/testCXXCompiler.cxx
Linking CXX executable cmTC_46cdb
/usr/bin/cmake -E cmake_link_script CMakeFiles/cmTC_46cdb.dir/link.txt --verbose=1
/usr/bin/c++       -rdynamic CMakeFiles/cmTC_46cdb.dir/testCXXCompiler.cxx.o  -o cmTC_46cdb 
make[4]: Leaving directory '/workspaces/prj/2d-linFEM/buildAmd64/Eigen-prefix/src/Eigen-build/CMakeFiles/CMakeTmp'
make[3]: Leaving directory '/workspaces/prj/2d-linFEM/buildAmd64/Eigen-prefix/src/Eigen-build/CMakeFiles/CMakeTmp'



Detecting CXX compiler ABI info compiled with the following output:
Change Dir: /workspaces/prj/2d-linFEM/buildAmd64/Eigen-prefix/src/Eigen-build/CMakeFiles/CMakeTmp

Run Build Command(s):/usr/bin/make cmTC_a4529/fast && make[3]: Entering directory '/workspaces/prj/2d-linFEM/buildAmd64/Eigen-prefix/src/Eigen-build/CMakeFiles/CMakeTmp'
/usr/bin/make -f CMakeFiles/cmTC_a4529.dir/build.make CMakeFiles/cmTC_a4529.dir/build
make[4]: Entering directory '/workspaces/prj/2d-linFEM/buildAmd64/Eigen-prefix/src/Eigen-build/CMakeFiles/CMakeTmp'
Building CXX object CMakeFiles/cmTC_a4529.dir/CMakeCXXCompilerABI.cpp.o
/usr/bin/c++    -v -o CMakeFiles/cmTC_a4529.dir/CMakeCXXCompilerABI.cpp.o -c /usr/share/cmake-3.16/Modules/CMakeCXXCompilerABI.cpp
Using built-in specs.
COLLECT_GCC=/usr/bin/c++
OFFLOAD_TARGET_NAMES=nvptx-none:hsa
OFFLOAD_TARGET_DEFAULT=1
Target: x86_64-linux-gnu
Configured with: ../src/configure -v --with-pkgversion='Ubuntu 9.4.0-1ubuntu1~20.04.2' --with-bugurl=file:///usr/share/doc/gcc-9/README.Bugs --enable-languages=c,ada,c++,go,brig,d,fortran,objc,obj-c++,gm2 --prefix=/usr --with-gcc-major-version-only --program-suffix=-9 --program-prefix=x86_64-linux-gnu- --enable-shared --enable-linker-build-id --libexecdir=/usr/lib --without-included-gettext --enable-threads=posix --libdir=/usr/lib --enable-nls --enable-clocale=gnu --enable-libstdcxx-debug --enable-libstdcxx-time=yes --with-default-libstdcxx-abi=new --enable-gnu-unique-object --disable-vtable-verify --enable-plugin --enable-default-pie --with-system-zlib --with-target-system-zlib=auto --enable-objc-gc=auto --enable-multiarch --disable-werror --with-arch-32=i686 --with-abi=m64 --with-multilib-list=m32,m64,mx32 --enable-multilib --with-tune=generic --enable-offload-targets=nvptx-none=/build/gcc-9-9QDOt0/gcc-9-9.4.0/debian/tmp-nvptx/usr,hsa --without-cuda-driver --enable-checking=release --build=x86_64-linux-gnu --host=x86_64-linux-gnu --target=x86_64-linux-gnu
Thread model: posix
gcc version 9.4.0 (Ubuntu 9.4.0-1ubuntu1~20.04.2) 
COLLECT_GCC_OPTIONS='-v' '-o' 'CMakeFiles/cmTC_a4529.dir/CMakeCXXCompilerABI.cpp.o' '-c' '-shared-libgcc' '-mtune=generic' '-march=x86-64'
 /usr/lib/gcc/x86_64-linux-gnu/9/cc1plus -quiet -v -imultiarch x86_64-linux-gnu -D_GNU_SOURCE /usr/share/cmake-3.16/Modules/CMakeCXXCompilerABI.cpp -quiet -dumpbase CMakeCXXCompilerABI.cpp -mtune=generic -march=x86-64 -auxbase-strip CMakeFiles/cmTC_a4529.dir/CMakeCXXCompilerABI.cpp.o -version -fasynchronous-unwind-tables -fstack-protector-strong -Wformat -Wformat-security -fstack-clash-protection -fcf-protection -o /tmp/ccdUVEQC.s
GNU C++14 (Ubuntu 9.4.0-1ubuntu1~20.04.2) version 9.4.0 (x86_64-linux-gnu)
	compiled by GNU C version 9.4.0, GMP version 6.2.0, MPFR version 4.0.2, MPC version 1.1.0, isl version isl-0.22.1-GMP

GGC heuristics: --param ggc-min-expand=100 --param ggc-min-heapsize=131072
ignoring duplicate directory "/usr/include/x86_64-linux-gnu/c++/9"
ignoring nonexistent directory "/usr/local/include/x86_64-linux-gnu"
ignoring nonexistent directory "/usr/lib/gcc/x86_64-linux-gnu/9/include-fixed"
ignoring nonexistent directory "/usr/lib/gcc/x86_64-linux-gnu/9/../../../../x86_64-linux-gnu/include"
#include "..." search starts here:
#include <...> search starts here:
 /usr/include/c++/9
 /usr/include/x86_64-linux-gnu/c++/9
 /usr/include/c++/9/backward
 /usr/lib/gcc/x86_64-linux-gnu/9/include
 /usr/local/include
 /usr/include/x86_64-linux-gnu
 /usr/include
End of search list.
GNU C++14 (Ubuntu 9.4.0-1ubuntu1~20.04.2) version 9.4.0 (x86_64-linux-gnu)
	compiled by GNU C version 9.4.0, GMP version 6.2.0, MPFR version 4.0.2, MPC version 1.1.0, isl version isl-0.22.1-GMP

GGC heuristics: --param ggc-min-expand=100 --param ggc-min-heapsize=131072
Compiler executable checksum: 3d1eba838554fa2348dba760e4770469
COLLECT_GCC_OPTIONS='-v' '-o' 'CMakeFiles/cmTC_a4529.dir/CMakeCXXCompilerABI.cpp.o' '-c' '-shared-libgcc' '-mtune=generic' '-march=x86-64'
 as -v --64 -o CMakeFiles/cmTC_a4529.dir/CMakeCXXCompilerABI.cpp.o /tmp/ccdUVEQC.s
GNU assembler version 2.34 (x86_64-linux-gnu) using BFD version (GNU Binutils for Ubuntu) 2.34
COMPILER_PATH=/usr/lib/gcc/x86_64-linux-gnu/9/:/usr/lib/gcc/x86_64-linux-gnu/9/:/usr/lib/gcc/x86_64-linux-gnu/:/usr/lib/gcc/x86_64-linux-gnu/9/:/usr/lib/gcc/x86_64-linux-gnu/
LIBRARY_PATH=/usr/lib/gcc/x86_64-linux-gnu/9/:/usr/lib/gcc/x86_64-linux-gnu/9/../../../x86_64-linux-gnu/:/usr/lib/gcc/x86_64-linux-gnu/9/../../../../lib/:/lib/x86_64-linux-gnu/:/lib/../lib/:/usr/lib/x86_64-linux-gnu/:/usr/lib/../lib/:/usr/lib/gcc/x86_64-linux-gnu/9/../../../:/lib/:/usr/lib/
COLLECT_GCC_OPTIONS='-v' '-o' 'CMakeFiles/cmTC_a4529.dir/CMakeCXXCompilerABI.cpp.o' '-c' '-shared-libgcc' '-mtune=generic' '-march=x86-64'
Linking CXX executable cmTC_a4529
/usr/bin/cmake -E cmake_link_script CMakeFiles/cmTC_a4529.dir/link.txt --verbose=1
/usr/bin/c++      -v -rdynamic CMakeFiles/cmTC_a4529.dir/CMakeCXXCompilerABI.cpp.o  -o cmTC_a4529 
Using built-in specs.
COLLECT_GCC=/usr/bin/c++
COLLECT_LTO_WRAPPER=/usr/lib/gcc/x86_64-linux-gnu/9/lto-wrapper
OFFLOAD_TARGET_NAMES=nvptx-none:hsa
OFFLOAD_TARGET_DEFAULT=1
Target: x86_64-linux-gnu
Configured with: ../src/configure -v --with-pkgversion='Ubuntu 9.4.0-1ubuntu1~20.04.2' --with-bugurl=file:///usr/share/doc/gcc-9/README.Bugs --enable-languages=c,ada,c++,go,brig,d,fortran,objc,obj-c++,gm2 --prefix=/usr --with-gcc-major-version-only --program-suffix=-9 --program-prefix=x86_64-linux-gnu- --enable-shared --enable-linker-build-id --libexecdir=/usr/lib --without-included-gettext --enable-threads=posix --libdir=/usr/lib --enable-nls --enable-clocale=gnu --enable-libstdcxx-debug --enable-libstdcxx-time=yes --with-default-libstdcxx-abi=new --enable-gnu-unique-object --disable-vtable-verify --enable-plugin --enable-default-pie --with-system-zlib --with-target-system-zlib=auto --enable-objc-gc=auto --enable-multiarch --disable-werror --with-arch-32=i686 --with-abi=m64 --with-multilib-list=m32,m64,mx32 --enable-multilib --with-tune=generic --enable-offload-targets=nvptx-none=/build/gcc-9-9QDOt0/gcc-9-9.4.0/debian/tmp-nvptx/usr,hsa --without-cuda-driver --enable-checking=release --build=x86_64-linux-gnu --host=x86_64-linux-gnu --target=x86_64-linux-gnu
Thread model: posix
gcc version 9.4.0 (Ubuntu 9.4.0-1ubuntu1~20.04.2) 
COMPILER_PATH=/usr/lib/gcc/x86_64-linux-gnu/9/:/usr/lib/gcc/x86_64-linux-gnu/9/:/usr/lib/gcc/x86_64-linux-gnu/:/usr/lib/gcc/x86_64-linux-gnu/9/:/usr/lib/gcc/x86_64-linux-gnu/
LIBRARY_PATH=/usr/lib/gcc/x86_64-linux-gnu/9/:/usr/lib/gcc/x86_64-linux-gnu/9/../../../x86_64-linux-gnu/:/usr/lib/gcc/x86_64-linux-gnu/9/../../../../lib/:/lib/x86_64-linux-gnu/:/lib/../lib/:/usr/lib/x86_64-linux-gnu/:/usr/lib/../lib/:/usr/lib/gcc/x86_64-linux-gnu/9/../../../:/lib/:/usr/lib/
COLLECT_GCC_OPTIONS='-v' '-rdynamic' '-o' 'cmTC_a4529' '-shared-libgcc' '-mtune=generic' '-march=x86-64'
 /usr/lib/gcc/x86_64-linux-gnu/9/collect2 -plugin /usr/lib/gcc/x86_64-linux-gnu/9/liblto_plugin.so -plugin-opt=/usr/lib/gcc/x86_64-linux-gnu/9/lto-wrapper -plugin-opt=-fresolution=/tmp/ccZ8mZX4.res -plugin-opt=-pass-through=-lgcc_s -plugin-opt=-pass-through=-lgcc -plugin-opt=-pass-through=-lc -plugin-opt=-pass-through=-lgcc_s -plugin-opt=-pass-through=-lgcc --build-id --eh-frame-hdr -m elf_x86_64 --hash-style=gnu --as-needed -export-dynamic -dynamic-linker /lib64/ld-linux-x86-64.so.2 -pie -z now -z relro -o cmTC_a4529 /usr/lib/gcc/x86_64-linux-gnu/9/../../../x86_64-linux-gnu/Scrt1.o /usr/lib/gcc/x86_64-linux-gnu/9/../../../x86_64-linux-gnu/crti.o /usr/lib/gcc/x86_64-linux-gnu/9/crtbeginS.o -L/usr/lib/gcc/x86_64-linux-gnu/9 -L/usr/lib/gcc/x86_64-linux-gnu/9/../../../x86_64-linux-gnu -L/usr/lib/gcc/x86_64-linux-gnu/9/../../../../lib -L/lib/x86_64-linux-gnu -L/lib/../lib -L/usr/lib/x86_64-linux-gnu -L/usr/lib/../lib -L/usr/lib/gcc/x86_64-linux-gnu/9/../../.. CMakeFiles/cmTC_a4529.dir/CMakeCXXCompilerABI.cpp.o -lstdc++ -lm -lgcc_s -lgcc -lc -lgcc_s -lgcc /usr/lib/gcc/x86_64-linux-gnu/9/crtendS.o /usr/lib/gcc/x86_64-linux-gnu/9/../../../x86_64-linux-gnu/crtn.o
COLLECT_GCC_OPTIONS='-v' '-rdynamic' '-o' 'cmTC_a4529' '-shared-libgcc' '-mtune=generic' '-march=x86-64'
make[4]: Leaving directory '/workspaces/prj/2d-linFEM/buildAmd64/Eigen-prefix/src/Eigen-build/CMakeFiles/CMakeTmp'
make[3]: Leaving directory '/workspaces/prj/2d-linFEM/buildAmd64/Eigen-prefix/src/Eigen-build/CMakeFiles/CMakeTmp'



Parsed CXX implicit include dir info from above output: rv=done
  found start of include info
  found start of implicit include info
    add: [/usr/include/c++/9]
    add: [/usr/include/x86_64-linux-gnu/c++/9]
    add: [/usr/include/c++/9/backward]
    add: [/usr/lib/gcc/x86_64-linux-gnu/9/include]
    add: [/usr/local/include]
    add: [/usr/include/x86_64-linux-gnu]
    add: [/usr/include]
  end of search list found
  collapse include dir [/usr/include/c++/9] ==> [/usr/include/c++/9]
  collapse include dir [/usr/include/x86_64-linux-gnu/c++/9] ==> [/usr/include/x86_64-linux-gnu/c++/9]
  collapse include dir [/usr/include/c++/9/backward] ==> [/usr/include/c++/9/backward]
  collapse include dir [/usr/lib/gcc/x86_64-linux-gnu/9/include] ==> [/usr/lib/gcc/x86_64-linux-gnu/9/include]
  collapse include dir [/usr/local/include] ==> [/usr/local/include]
  collapse include dir [/usr/include/x86_64-linux-gnu] ==> [/usr/include/x86_64-linux-gnu]
  collapse include dir [/usr/include] ==> [/usr/include]
  implicit include dirs: [/usr/include/c++/9;/usr/include/x86_64-linux-gnu/c++/9;/usr/include/c++/9/backward;/usr/lib/gcc/x86_64-linux-gnu/9/include;/usr/local/include;/usr/include/x86_64-linux-gnu;/usr/include]


Parsed CXX implicit link information from above output:
  link line regex: [^( *|.*[/\])(ld|CMAKE_LINK_STARTFILE-NOTFOUND|([^/\]+-)?ld|collect2)[^/\]*( |$)]
  ignore line: [Change Dir: /workspaces/prj/2d-linFEM/buildAmd64/Eigen-prefix/src/Eigen-build/CMakeFiles/CMakeTmp]
  ignore line: []
  ignore line: [Run Build Command(s):/usr/bin/make cmTC_a4529/fast && make[3]: Entering directory '/workspaces/prj/2d-linFEM/buildAmd64/Eigen-prefix/src/Eigen-build/CMakeFiles/CMakeTmp']
  ignore line: [/usr/bin/make -f CMakeFiles/cmTC_a4529.dir/build.make CMakeFiles/cmTC_a4529.dir/build]
  ignore line: [make[4]: Entering directory '/workspaces/prj/2d-linFEM/buildAmd64/Eigen-prefix/src/Eigen-build/CMakeFiles/CMakeTmp']
  ignore line: [Building CXX object CMakeFiles/cmTC_a4529.dir/CMakeCXXCompilerABI.cpp.o]
  ignore line: [/usr/bin/c++    -v -o CMakeFiles/cmTC_a4529.dir/CMakeCXXCompilerABI.cpp.o -c /usr/share/cmake-3.16/Modules/CMakeCXXCompilerABI.cpp]
  ignore line: [Using built-in specs.]
  ignore line: [COLLECT_GCC=/usr/bin/c++]
  ignore line: [OFFLOAD_TARGET_NAMES=nvptx-none:hsa]
  ignore line: [OFFLOAD_TARGET_DEFAULT=1]
  ignore line: [Target: x86_64-linux-gnu]
  ignore line: [Configured with: ../src/configure -v --with-pkgversion='Ubuntu 9.4.0-1ubuntu1~20.04.2' --with-bugurl=file:///usr/share/doc/gcc-9/README.Bugs --enable-languages=c ada c++ go brig d fortran objc obj-c++ gm2 --prefix=/usr --with-gcc-major-version-only --program-suffix=-9 --program-prefix=x86_64-linux-gnu- --enable-shared --enable-linker-build-id --libexecdir=/usr/lib --without-included-gettext --enable-threads=posix --libdir=/usr/lib --enable-nls --enable-clocale=gnu --enable-libstdcxx-debug --enable-libstdcxx-time=yes --with-default-libstdcxx-abi=new --enable-gnu-unique-object --disable-vtable-verify --enable-plugin --enable-default-pie --with-system-zlib --with-target-system-zlib=auto --enable-objc-gc=auto --enable-multiarch --disable-werror --with-arch-32=i686 --with-abi=m64 --with-multilib-list=m32 m64 mx32 --enable-multilib --with-tune=generic --enable-offload-targets=nvptx-none=/build/gcc-9-9QDOt0/gcc-9-9.4.0/debian/tmp-nvptx/usr hsa --without-cuda-driver --enable-checking=release --build=x86_64-linux-gnu --host=x86_64-linux-gnu --target=x86_64-linux-gnu]
  ignore line: [Thread model: posix]
  ignore line: [gcc version 9.4.0 (Ubuntu 9.4.0-1ubuntu1~20.04.2) ]
  ignore line: [COLLECT_GCC_OPTIONS='-v' '-o' 'CMakeFiles/cmTC_a4529.dir/CMakeCXXCompilerABI.cpp.o' '-c' '-shared-libgcc' '-mtune=generic' '-march=x86-64']
  ignore line: [ /usr/lib/gcc/x86_64-linux-gnu/9/cc1plus -quiet -v -imultiarch x86_64-linux-gnu -D_GNU_SOURCE /usr/share/cmake-3.16/Modules/CMakeCXXCompilerABI.cpp -quiet -dumpbase CMakeCXXCompilerABI.cpp -mtune=generic -march=x86-64 -auxbase-strip CMakeFiles/cmTC_a4529.dir/CMakeCXXCompilerABI.cpp.o -version -fasynchronous-unwind-tables -fstack-protector-strong -Wformat -Wformat-security -fstack-clash-protection -fcf-protection -o /tmp/ccdUVEQC.s]
  ignore line: [GNU C++14 (Ubuntu 9.4.0-1ubuntu1~20.04.2) version 9.4.0 (x86_64-linux-gnu)]
  ignore line: [	compiled by GNU C version 9.4.0  GMP version 6.2.0  MPFR version 4.0.2  MPC version 1.1.0  isl version isl-0.22.1-GMP]
  ignore line: []
  ignore line: [GGC heuristics: --param ggc-min-expand=100 --param ggc-min-heapsize=131072]
  ignore line: [ignoring duplicate directory "/usr/include/x86_64-linux-gnu/c++/9"]
  ignore line: [ignoring nonexistent directory "/usr/local/include/x86_64-linux-gnu"]
  ignore line: [ignoring nonexistent directory "/usr/lib/gcc/x86_64-linux-gnu/9/include-fixed"]
  ignore line: [ignoring nonexistent directory "/usr/lib/gcc/x86_64-linux-gnu/9/../../../../x86_64-linux-gnu/include"]
  ignore line: [#include "..." search starts here:]
  ignore line: [#include <...> search starts here:]
  ignore line: [ /usr/include/c++/9]
  ignore line: [ /usr/include/x86_64-linux-gnu/c++/9]
  ignore line: [ /usr/include/c++/9/backward]
  ignore line: [ /usr/lib/gcc/x86_64-linux-gnu/9/include]
  ignore line: [ /usr/local/include]
  ignore line: [ /usr/include/x86_64-linux-gnu]
  ignore line: [ /usr/include]
  ignore line: [End of search list.]
  ignore line: [GNU C++14 (Ubuntu 9.4.0-1ubuntu1~20.04.2) version 9.4.0 (x86_64-linux-gnu)]
  ignore line: [	compiled by GNU C version 9.4.0  GMP version 6.2.0  MPFR version 4.0.2  MPC version 1.1.0  isl version isl-0.22.1-GMP]
  ignore line: []
  ignore line: [GGC heuristics: --param ggc-min-expand=100 --param ggc-min-heapsize=131072]
  ignore line: [Compiler executable checksum: 3d1eba838554fa2348dba760e4770469]
  ignore line: [COLLECT_GCC_OPTIONS='-v' '-o' 'CMakeFiles/cmTC_a4529.dir/CMakeCXXCompilerABI.cpp.o' '-c' '-shared-libgcc' '-mtune=generic' '-march=x86-64']
  ignore line: [ as -v --64 -o CMakeFiles/cmTC_a4529.dir/CMakeCXXCompilerABI.cpp.o /tmp/ccdUVEQC.s]
  ignore line: [GNU assembler version 2.34 (x86_64-linux-gnu) using BFD version (GNU Binutils for Ubuntu) 2.34]
  ignore line: [COMPILER_PATH=/usr/lib/gcc/x86_64-linux-gnu/9/:/usr/lib/gcc/x86_64-linux-gnu/9/:/usr/lib/gcc/x86_64-linux-gnu/:/usr/lib/gcc/x86_64-linux-gnu/9/:/usr/lib/gcc/x86_64-linux-gnu/]
  ignore line: [LIBRARY_PATH=/usr/lib/gcc/x86_64-linux-gnu/9/:/usr/lib/gcc/x86_64-linux-gnu/9/../../../x86_64-linux-gnu/:/usr/lib/gcc/x86_64-linux-gnu/9/../../../../lib/:/lib/x86_64-linux-gnu/:/lib/../lib/:/usr/lib/x86_64-linux-gnu/:/usr/lib/../lib/:/usr/lib/gcc/x86_64-linux-gnu/9/../../../:/lib/:/usr/lib/]
  ignore line: [COLLECT_GCC_OPTIONS='-v' '-o' 'CMakeFiles/cmTC_a4529.dir/CMakeCXXCompilerABI.cpp.o' '-c' '-shared-libgcc' '-mtune=generic' '-march=x86-64']
  ignore line: [Linking CXX executable cmTC_a4529]
  ignore line: [/usr/bin/cmake -E cmake_link_script CMakeFiles/cmTC_a4529.dir/link.txt --verbose=1]
  ignore line: [/usr/bin/c++      -v -rdynamic CMakeFiles/cmTC_a4529.dir/CMakeCXXCompilerABI.cpp.o  -o cmTC_a4529 ]
  ignore line: [Using built-in specs.]
  ignore line: [COLLECT_GCC=/usr/bin/c++]
  ignore line: [COLLECT_LTO_WRAPPER=/usr/lib/gcc/x86_64-linux-gnu/9/lto-wrapper]
  ignore line: [OFFLOAD_TARGET_NAMES=nvptx-none:hsa]
  ignore line: [OFFLOAD_TARGET_DEFAULT=1]
  ignore line: [Target: x86_64-linux-gnu]
  ignore line: [Configured with: ../src/configure -v --with-pkgversion='Ubuntu 9.4.0-1ubuntu1~20.04.2' --with-bugurl=file:///usr/share/doc/gcc-9/README.Bugs --enable-languages=c ada c++ go brig d fortran objc obj-c++ gm2 --prefix=/usr --with-gcc-major-version-only --program-suffix=-9 --program-prefix=x86_64-linux-gnu- --enable-shared --enable-linker-build-id --libexecdir=/usr/lib --without-included-gettext --enable-threads=posix --libdir=/usr/lib --enable-nls --enable-clocale=gnu --enable-libstdcxx-debug --enable-libstdcxx-time=yes --with-default-libstdcxx-abi=new --enable-gnu-unique-object --disable-vtable-verify --enable-plugin --enable-default-pie --with-system-zlib --with-target-system-zlib=auto --enable-objc-gc=auto --enable-multiarch --disable-werror --with-arch-32=i686 --with-abi=m64 --with-multilib-list=m32 m64 mx32 --enable-multilib --with-tune=generic --enable-offload-targets=nvptx-none=/build/gcc-9-9QDOt0/gcc-9-9.4.0/debian/tmp-nvptx/usr hsa --without-cuda-driver --enable-checking=release --build=x86_64-linux-gnu --host=x86_64-linux-gnu --target=x86_64-linux-gnu]
  ignore line: [Thread model: posix]
  ignore line: [gcc version 9.4.0 (Ubuntu 9.4.0-1ubuntu1~20.04.2) ]
  ignore line: [COMPILER_PATH=/usr/lib/gcc/x86_64-linux-gnu/9/:/usr/lib/gcc/x86_64-linux-gnu/9/:/usr/lib/gcc/x86_64-linux-gnu/:/usr/lib/gcc/x86_64-linux-gnu/9/:/usr/lib/gcc/x86_64-linux-gnu/]
  ignore line: [LIBRARY_PATH=/usr/lib/gcc/x86_64-linux-gnu/9/:/usr/lib/gcc/x86_64-linux-gnu/9/../../../x86_64-linux-gnu/:/usr/lib/gcc/x86_64-linux-gnu/9/../../../../lib/:/lib/x86_64-linux-gnu/:/lib/../lib/:/usr/lib/x86_64-linux-gnu/:/usr/lib/../lib/:/usr/lib/gcc/x86_64-linux-gnu/9/../../../:/lib/:/usr/lib/]
  ignore line: [COLLECT_GCC_OPTIONS='-v' '-rdynamic' '-o' 'cmTC_a4529' '-shared-libgcc' '-mtune=generic' '-march=x86-64']
  link line: [ /usr/lib/gcc/x86_64-linux-gnu/9/collect2 -plugin /usr/lib/gcc/x86_64-linux-gnu/9/liblto_plugin.so -plugin-opt=/usr/lib/gcc/x86_64-linux-gnu/9/lto-wrapper -plugin-opt=-fresolution=/tmp/ccZ8mZX4.res -plugin-opt=-pass-through=-lgcc_s -plugin-opt=-pass-through=-lgcc -plugin-opt=-pass-through=-lc -plugin-opt=-pass-through=-lgcc_s -plugin-opt=-pass-through=-lgcc --build-id --eh-frame-hdr -m elf_x86_64 --hash-style=gnu --as-needed -export-dynamic -dynamic-linker /lib64/ld-linux-x86-64.so.2 -pie -z now -z relro -o cmTC_a4529 /usr/lib/gcc/x86_64-linux-gnu/9/../../../x86_64-linux-gnu/Scrt1.o /usr/lib/gcc/x86_64-linux-gnu/9/../../../x86_64-linux-gnu/crti.o /usr/lib/gcc/x86_64-linux-gnu/9/crtbeginS.o -L/usr/lib/gcc/x86_64-linux-gnu/9 -L/usr/lib/gcc/x86_64-linux-gnu/9/../../../x86_64-linux-gnu -L/usr/lib/gcc/x86_64-linux-gnu/9/../../../../lib -L/lib/x86_64-linux-gnu -L/lib/../lib -L/usr/lib/x86_64-linux-gnu -L/usr/lib/../lib -L/usr/lib/gcc/x86_64-linux-gnu/9/../../.. CMakeFiles/cmTC_a4529.dir/CMakeCXXCompilerABI.cpp.o -lstdc++ -lm -lgcc_s -lgcc -lc -lgcc_s -lgcc /usr/lib/gcc/x86_64-linux-gnu/9/crtendS.o /usr/lib/gcc/x86_64-linux-gnu/9/../../../x86_64-linux-gnu/crtn.o]
    arg [/usr/lib/gcc/x86_64-linux-gnu/9/collect2] ==> ignore
    arg [-plugin] ==> ignore
    arg [/usr/lib/gcc/x86_64-linux-gnu/9/liblto_plugin.so] ==> ignore
    arg [-plugin-opt=/usr/lib/gcc/x86_64-linux-gnu/9/lto-wrapper] ==> ignore
    arg [-plugin-opt=-fresolution=/tmp/ccZ8mZX4.res] ==> ignore
    arg [-plugin-opt=-pass-through=-lgcc_s] ==> ignore
    arg [-plugin-opt=-pass-through=-lgcc] ==> ignore
    arg [-plugin-opt=-pass-through=-lc] ==> ignore
    arg [-plugin-opt=-pass-through=-lgcc_s] ==> ignore
    arg [-plugin-opt=-pass-through=-lgcc] ==> ignore
    arg [--build-id] ==> ignore
    arg [--eh-frame-hdr] ==> ignore
    arg [-m] ==> ignore
    arg [elf_x86_64] ==> ignore
    arg [--hash-style=gnu] ==> ignore
    arg [--as-needed] ==> ignore
    arg [-export-dynamic] ==> ignore
    arg [-dynamic-linker] ==> ignore
    arg [/lib64/ld-linux-x86-64.so.2] ==> ignore
    arg [-pie] ==> ignore
    arg [-znow] ==> ignore
    arg [-zrelro] ==> ignore
    arg [-o] ==> ignore
    arg [cmTC_a4529] ==> ignore
    arg [/usr/lib/gcc/x86_64-linux-gnu/9/../../../x86_64-linux-gnu/Scrt1.o] ==> ignore
    arg [/usr/lib/gcc/x86_64-linux-gnu/9/../../../x86_64-linux-gnu/crti.o] ==> ignore
    arg [/usr/lib/gcc/x86_64-linux-gnu/9/crtbeginS.o] ==> ignore
    arg [-L/usr/lib/gcc/x86_64-linux-gnu/9] ==> dir [/usr/lib/gcc/x86_64-linux-gnu/9]
    arg [-L/usr/lib/gcc/x86_64-linux-gnu/9/../../../x86_64-linux-gnu] ==> dir [/usr/lib/gcc/x86_64-linux-gnu/9/../../../x86_64-linux-gnu]
    arg [-L/usr/lib/gcc/x86_64-linux-gnu/9/../../../../lib] ==> dir [/usr/lib/gcc/x86_64-linux-gnu/9/../../../../lib]
    arg [-L/lib/x86_64-linux-gnu] ==> dir [/lib/x86_64-linux-gnu]
    arg [-L/lib/../lib] ==> dir [/lib/../lib]
    arg [-L/usr/lib/x86_64-linux-gnu] ==> dir [/usr/lib/x86_64-linux-gnu]
    arg [-L/usr/lib/../lib] ==> dir [/usr/lib/../lib]
    arg [-L/usr/lib/gcc/x86_64-linux-gnu/9/../../..] ==> dir [/usr/lib/gcc/x86_64-linux-gnu/9/../../..]
    arg [CMakeFiles/cmTC_a4529.dir/CMakeCXXCompilerABI.cpp.o] ==> ignore
    arg [-lstdc++] ==> lib [stdc++]
    arg [-lm] ==> lib [m]
    arg [-lgcc_s] ==> lib [gcc_s]
    arg [-lgcc] ==> lib [gcc]
    arg [-lc] ==> lib [c]
    arg [-lgcc_s] ==> lib [gcc_s]
    arg [-lgcc] ==> lib [gcc]
    arg [/usr/lib/gcc/x86_64-linux-gnu/9/crtendS.o] ==> ignore
    arg [/usr/lib/gcc/x86_64-linux-gnu/9/../../../x86_64-linux-gnu/crtn.o] ==> ignore
  collapse library dir [/usr/lib/gcc/x86_64-linux-gnu/9] ==> [/usr/lib/gcc/x86_64-linux-gnu/9]
  collapse library dir [/usr/lib/gcc/x86_64-linux-gnu/9/../../../x86_64-linux-gnu] ==> [/usr/lib/x86_64-linux-gnu]
  collapse library dir [/usr/lib/gcc/x86_64-linux-gnu/9/../../../../lib] ==> [/usr/lib]
  collapse library dir [/lib/x86_64-linux-gnu] ==> [/lib/x86_64-linux-gnu]
  collapse library dir [/lib/../lib] ==> [/lib]
  collapse library dir [/usr/lib/x86_64-linux-gnu] ==> [/usr/lib/x86_64-linux-gnu]
  collapse library dir [/usr/lib/../lib] ==> [/usr/lib]
  collapse library dir [/usr/lib/gcc/x86_64-linux-gnu/9/../../..] ==> [/usr/lib]
  implicit libs: [stdc++;m;gcc_s;gcc;c;gcc_s;gcc]
  implicit dirs: [/usr/lib/gcc/x86_64-linux-gnu/9;/usr/lib/x86_64-linux-gnu;/usr/lib;/lib/x86_64-linux-gnu;/lib]
  implicit fwks: []


Performing C++ SOURCE FILE Test EIGEN_COMPILER_SUPPORT_CPP11 succeeded with the following output:
Change Dir: /workspaces/prj/2d-linFEM/buildAmd64/Eigen-prefix/src/Eigen-build/CMakeFiles/CMakeTmp

Run Build Command(s):/usr/bin/make cmTC_da632/fast && make[3]: Entering directory '/workspaces/prj/2d-linFEM/buildAmd64/Eigen-prefix/src/Eigen-build/CMakeFiles/CMakeTmp'
/usr/bin/make -f CMakeFiles/cmTC_da632.dir/build.make CMakeFiles/cmTC_da632.dir/build
make[4]: Entering directory '/workspaces/prj/2d-linFEM/buildAmd64/Eigen-prefix/src/Eigen-build/CMakeFiles/CMakeTmp'
Building CXX object CMakeFiles/cmTC_da632.dir/src.cxx.o
/usr/bin/c++    -DEIGEN_COMPILER_SUPPORT_CPP11   -std=c++11 -o CMakeFiles/cmTC_da632.dir/src.cxx.o -c /workspaces/prj/2d-linFEM/buildAmd64/Eigen-prefix/src/Eigen-build/CMakeFiles/CMakeTmp/src.cxx
Linking CXX executable cmTC_da632
/usr/bin/cmake -E cmake_link_script CMakeFiles/cmTC_da632.dir/link.txt --verbose=1
/usr/bin/c++   -DEIGEN_COMPILER_SUPPORT_CPP11    -rdynamic CMakeFiles/cmTC_da632.dir/src.cxx.o  -o cmTC_da632 
make[4]: Leaving directory '/workspaces/prj/2d-linFEM/buildAmd64/Eigen-prefix/src/Eigen-build/CMakeFiles/CMakeTmp'
make[3]: Leaving directory '/workspaces/prj/2d-linFEM/buildAmd64/Eigen-prefix/src/Eigen-build/CMakeFiles/CMakeTmp'


Source file was:
int main() { return 0; }
Performing C++ SOURCE FILE Test COMPILER_SUPPORT_std=cpp03 succeeded with the following output:
Change Dir: /workspaces/prj/2d-linFEM/buildAmd64/Eigen-prefix/src/Eigen-build/CMakeFiles/CMakeTmp

Run Build Command(s):/usr/bin/make cmTC_954a9/fast && make[3]: Entering directory '/workspaces/prj/2d-linFEM/buildAmd64/Eigen-prefix/src/Eigen-build/CMakeFiles/CMakeTmp'
/usr/bin/make -f CMakeFiles/cmTC_954a9.dir/build.make CMakeFiles/cmTC_954a9.dir/build
make[4]: Entering directory '/workspaces/prj/2d-linFEM/buildAmd64/Eigen-prefix/src/Eigen-build/CMakeFiles/CMakeTmp'
Building CXX object CMakeFiles/cmTC_954a9.dir/src.cxx.o
/usr/bin/c++    -DCOMPILER_SUPPORT_std=cpp03   -std=c++03 -o CMakeFiles/cmTC_954a9.dir/src.cxx.o -c /workspaces/prj/2d-linFEM/buildAmd64/Eigen-prefix/src/Eigen-build/CMakeFiles/CMakeTmp/src.cxx
Linking CXX executable cmTC_954a9
/usr/bin/cmake -E cmake_link_script CMakeFiles/cmTC_954a9.dir/link.txt --verbose=1
/usr/bin/c++   -DCOMPILER_SUPPORT_std=cpp03    -rdynamic CMakeFiles/cmTC_954a9.dir/src.cxx.o  -o cmTC_954a9 
make[4]: Leaving directory '/workspaces/prj/2d-linFEM/buildAmd64/Eigen-prefix/src/Eigen-build/CMakeFiles/CMakeTmp'
make[3]: Leaving directory '/workspaces/prj/2d-linFEM/buildAmd64/Eigen-prefix/src/Eigen-build/CMakeFiles/CMakeTmp'


Source file was:
int main() { return 0; }
Performing C++ SOURCE FILE Test standard_math_library_linked_to_automatically succeeded with the following output:
Change Dir: /workspaces/prj/2d-linFEM/buildAmd64/Eigen-prefix/src/Eigen-build/CMakeFiles/CMakeTmp

Run Build Command(s):/usr/bin/make cmTC_035f6/fast && make[3]: Entering directory '/workspaces/prj/2d-linFEM/buildAmd64/Eigen-prefix/src/Eigen-build/CMakeFiles/CMakeTmp'
/usr/bin/make -f CMakeFiles/cmTC_035f6.dir/build.make CMakeFiles/cmTC_035f6.dir/build
make[4]: Entering directory '/workspaces/prj/2d-linFEM/buildAmd64/Eigen-prefix/src/Eigen-build/CMakeFiles/CMakeTmp'
Building CXX object CMakeFiles/cmTC_035f6.dir/src.cxx.o
/usr/bin/c++    -std=c++03 -Dstandard_math_library_linked_to_automatically   -o CMakeFiles/cmTC_035f6.dir/src.cxx.o -c /workspaces/prj/2d-linFEM/buildAmd64/Eigen-prefix/src/Eigen-build/CMakeFiles/CMakeTmp/src.cxx
Linking CXX executable cmTC_035f6
/usr/bin/cmake -E cmake_link_script CMakeFiles/cmTC_035f6.dir/link.txt --verbose=1
/usr/bin/c++   -std=c++03 -Dstandard_math_library_linked_to_automatically    -rdynamic CMakeFiles/cmTC_035f6.dir/src.cxx.o  -o cmTC_035f6 
make[4]: Leaving directory '/workspaces/prj/2d-linFEM/buildAmd64/Eigen-prefix/src/Eigen-build/CMakeFiles/CMakeTmp'
make[3]: Leaving directory '/workspaces/prj/2d-linFEM/buildAmd64/Eigen-prefix/src/Eigen-build/CMakeFiles/CMakeTmp'


Source file was:
#include<cmath>
int main() { std::sin(0.0); std::log(0.0f); }
Performing C++ SOURCE FILE Test COMPILER_SUPPORT_WERROR succeeded with the following output:
Change Dir: /workspaces/prj/2d-linFEM/buildAmd64/Eigen-prefix/src/Eigen-build/CMakeFiles/CMakeTmp

Run Build Command(s):/usr/bin/make cmTC_86a4d/fast && make[3]: Entering directory '/workspaces/prj/2d-linFEM/buildAmd64/Eigen-prefix/src/Eigen-build/CMakeFiles/CMakeTmp'
/usr/bin/make -f CMakeFiles/cmTC_86a4d.dir/build.make CMakeFiles/cmTC_86a4d.dir/build
make[4]: Entering directory '/workspaces/prj/2d-linFEM/buildAmd64/Eigen-prefix/src/Eigen-build/CMakeFiles/CMakeTmp'
Building CXX object CMakeFiles/cmTC_86a4d.dir/src.cxx.o
/usr/bin/c++    -std=c++03 -DCOMPILER_SUPPORT_WERROR   -Werror -o CMakeFiles/cmTC_86a4d.dir/src.cxx.o -c /workspaces/prj/2d-linFEM/buildAmd64/Eigen-prefix/src/Eigen-build/CMakeFiles/CMakeTmp/src.cxx
Linking CXX executable cmTC_86a4d
/usr/bin/cmake -E cmake_link_script CMakeFiles/cmTC_86a4d.dir/link.txt --verbose=1
/usr/bin/c++   -std=c++03 -DCOMPILER_SUPPORT_WERROR    -rdynamic CMakeFiles/cmTC_86a4d.dir/src.cxx.o  -o cmTC_86a4d 
make[4]: Leaving directory '/workspaces/prj/2d-linFEM/buildAmd64/Eigen-prefix/src/Eigen-build/CMakeFiles/CMakeTmp'
make[3]: Leaving directory '/workspaces/prj/2d-linFEM/buildAmd64/Eigen-prefix/src/Eigen-build/CMakeFiles/CMakeTmp'


Source file was:
int main() { return 0; }
Performing C++ SOURCE FILE Test COMPILER_SUPPORT_pedantic succeeded with the following output:
Change Dir: /workspaces/prj/2d-linFEM/buildAmd64/Eigen-prefix/src/Eigen-build/CMakeFiles/CMakeTmp

Run Build Command(s):/usr/bin/make cmTC_ca420/fast && make[3]: Entering directory '/workspaces/prj/2d-linFEM/buildAmd64/Eigen-prefix/src/Eigen-build/CMakeFiles/CMakeTmp'
/usr/bin/make -f CMakeFiles/cmTC_ca420.dir/build.make CMakeFiles/cmTC_ca420.dir/build
make[4]: Entering directory '/workspaces/prj/2d-linFEM/buildAmd64/Eigen-prefix/src/Eigen-build/CMakeFiles/CMakeTmp'
Building CXX object CMakeFiles/cmTC_ca420.dir/src.cxx.o
/usr/bin/c++    -std=c++03 -DCOMPILER_SUPPORT_pedantic -Werror   -pedantic -o CMakeFiles/cmTC_ca420.dir/src.cxx.o -c /workspaces/prj/2d-linFEM/buildAmd64/Eigen-prefix/src/Eigen-build/CMakeFiles/CMakeTmp/src.cxx
Linking CXX executable cmTC_ca420
/usr/bin/cmake -E cmake_link_script CMakeFiles/cmTC_ca420.dir/link.txt --verbose=1
/usr/bin/c++   -std=c++03 -DCOMPILER_SUPPORT_pedantic -Werror    -rdynamic CMakeFiles/cmTC_ca420.dir/src.cxx.o  -o cmTC_ca420 
make[4]: Leaving directory '/workspaces/prj/2d-linFEM/buildAmd64/Eigen-prefix/src/Eigen-build/CMakeFiles/CMakeTmp'
make[3]: Leaving directory '/workspaces/prj/2d-linFEM/buildAmd64/Eigen-prefix/src/Eigen-build/CMakeFiles/CMakeTmp'


Source file was:
int main() { return 0; }
Performing C++ SOURCE FILE Test COMPILER_SUPPORT_Wall succeeded with the following output:
Change Dir: /workspaces/prj/2d-linFEM/buildAmd64/Eigen-prefix/src/Eigen-build/CMakeFiles/CMakeTmp

Run Build Command(s):/usr/bin/make cmTC_09cd0/fast && make[3]: Entering directory '/workspaces/prj/2d-linFEM/buildAmd64/Eigen-prefix/src/Eigen-build/CMakeFiles/CMakeTmp'
/usr/bin/make -f CMakeFiles/cmTC_09cd0.dir/build.make CMakeFiles/cmTC_09cd0.dir/build
make[4]: Entering directory '/workspaces/prj/2d-linFEM/buildAmd64/Eigen-prefix/src/Eigen-build/CMakeFiles/CMakeTmp'
Building CXX object CMakeFiles/cmTC_09cd0.dir/src.cxx.o
/usr/bin/c++    -std=c++03 -pedantic -DCOMPILER_SUPPORT_Wall -Werror   -Wall -o CMakeFiles/cmTC_09cd0.dir/src.cxx.o -c /workspaces/prj/2d-linFEM/buildAmd64/Eigen-prefix/src/Eigen-build/CMakeFiles/CMakeTmp/src.cxx
Linking CXX executable cmTC_09cd0
/usr/bin/cmake -E cmake_link_script CMakeFiles/cmTC_09cd0.dir/link.txt --verbose=1
/usr/bin/c++   -std=c++03 -pedantic -DCOMPILER_SUPPORT_Wall -Werror    -rdynamic CMakeFiles/cmTC_09cd0.dir/src.cxx.o  -o cmTC_09cd0 
make[4]: Leaving directory '/workspaces/prj/2d-linFEM/buildAmd64/Eigen-prefix/src/Eigen-build/CMakeFiles/CMakeTmp'
make[3]: Leaving directory '/workspaces/prj/2d-linFEM/buildAmd64/Eigen-prefix/src/Eigen-build/CMakeFiles/CMakeTmp'


Source file was:
int main() { return 0; }
Performing C++ SOURCE FILE Test COMPILER_SUPPORT_Wextra succeeded with the following output:
Change Dir: /workspaces/prj/2d-linFEM/buildAmd64/Eigen-prefix/src/Eigen-build/CMakeFiles/CMakeTmp

Run Build Command(s):/usr/bin/make cmTC_a6391/fast && make[3]: Entering directory '/workspaces/prj/2d-linFEM/buildAmd64/Eigen-prefix/src/Eigen-build/CMakeFiles/CMakeTmp'
/usr/bin/make -f CMakeFiles/cmTC_a6391.dir/build.make CMakeFiles/cmTC_a6391.dir/build
make[4]: Entering directory '/workspaces/prj/2d-linFEM/buildAmd64/Eigen-prefix/src/Eigen-build/CMakeFiles/CMakeTmp'
Building CXX object CMakeFiles/cmTC_a6391.dir/src.cxx.o
/usr/bin/c++    -std=c++03 -pedantic -Wall -DCOMPILER_SUPPORT_Wextra -Werror   -Wextra -o CMakeFiles/cmTC_a6391.dir/src.cxx.o -c /workspaces/prj/2d-linFEM/buildAmd64/Eigen-prefix/src/Eigen-build/CMakeFiles/CMakeTmp/src.cxx
Linking CXX executable cmTC_a6391
/usr/bin/cmake -E cmake_link_script CMakeFiles/cmTC_a6391.dir/link.txt --verbose=1
/usr/bin/c++   -std=c++03 -pedantic -Wall -DCOMPILER_SUPPORT_Wextra -Werror    -rdynamic CMakeFiles/cmTC_a6391.dir/src.cxx.o  -o cmTC_a6391 
make[4]: Leaving directory '/workspaces/prj/2d-linFEM/buildAmd64/Eigen-prefix/src/Eigen-build/CMakeFiles/CMakeTmp'
make[3]: Leaving directory '/workspaces/prj/2d-linFEM/buildAmd64/Eigen-prefix/src/Eigen-build/CMakeFiles/CMakeTmp'


Source file was:
int main() { return 0; }
Performing C++ SOURCE FILE Test COMPILER_SUPPORT_Wundef succeeded with the following output:
Change Dir: /workspaces/prj/2d-linFEM/buildAmd64/Eigen-prefix/src/Eigen-build/CMakeFiles/CMakeTmp

Run Build Command(s):/usr/bin/make cmTC_e7941/fast && make[3]: Entering directory '/workspaces/prj/2d-linFEM/buildAmd64/Eigen-prefix/src/Eigen-build/CMakeFiles/CMakeTmp'
/usr/bin/make -f CMakeFiles/cmTC_e7941.dir/build.make CMakeFiles/cmTC_e7941.dir/build
make[4]: Entering directory '/workspaces/prj/2d-linFEM/buildAmd64/Eigen-prefix/src/Eigen-build/CMakeFiles/CMakeTmp'
Building CXX object CMakeFiles/cmTC_e7941.dir/src.cxx.o
/usr/bin/c++    -std=c++03 -pedantic -Wall -Wextra -DCOMPILER_SUPPORT_Wundef -Werror   -Wundef -o CMakeFiles/cmTC_e7941.dir/src.cxx.o -c /workspaces/prj/2d-linFEM/buildAmd64/Eigen-prefix/src/Eigen-build/CMakeFiles/CMakeTmp/src.cxx
Linking CXX executable cmTC_e7941
/usr/bin/cmake -E cmake_link_script CMakeFiles/cmTC_e7941.dir/link.txt --verbose=1
/usr/bin/c++   -std=c++03 -pedantic -Wall -Wextra -DCOMPILER_SUPPORT_Wundef -Werror    -rdynamic CMakeFiles/cmTC_e7941.dir/src.cxx.o  -o cmTC_e7941 
make[4]: Leaving directory '/workspaces/prj/2d-linFEM/buildAmd64/Eigen-prefix/src/Eigen-build/CMakeFiles/CMakeTmp'
make[3]: Leaving directory '/workspaces/prj/2d-linFEM/buildAmd64/Eigen-prefix/src/Eigen-build/CMakeFiles/CMakeTmp'


Source file was:
int main() { return 0; }
Performing C++ SOURCE FILE Test COMPILER_SUPPORT_Wcastalign succeeded with the following output:
Change Dir: /workspaces/prj/2d-linFEM/buildAmd64/Eigen-prefix/src/Eigen-build/CMakeFiles/CMakeTmp

Run Build Command(s):/usr/bin/make cmTC_222aa/fast && make[3]: Entering directory '/workspaces/prj/2d-linFEM/buildAmd64/Eigen-prefix/src/Eigen-build/CMakeFiles/CMakeTmp'
/usr/bin/make -f CMakeFiles/cmTC_222aa.dir/build.make CMakeFiles/cmTC_222aa.dir/build
make[4]: Entering directory '/workspaces/prj/2d-linFEM/buildAmd64/Eigen-prefix/src/Eigen-build/CMakeFiles/CMakeTmp'
Building CXX object CMakeFiles/cmTC_222aa.dir/src.cxx.o
/usr/bin/c++    -std=c++03 -pedantic -Wall -Wextra -Wundef -DCOMPILER_SUPPORT_Wcastalign -Werror   -Wcast-align -o CMakeFiles/cmTC_222aa.dir/src.cxx.o -c /workspaces/prj/2d-linFEM/buildAmd64/Eigen-prefix/src/Eigen-build/CMakeFiles/CMakeTmp/src.cxx
Linking CXX executable cmTC_222aa
/usr/bin/cmake -E cmake_link_script CMakeFiles/cmTC_222aa.dir/link.txt --verbose=1
/usr/bin/c++   -std=c++03 -pedantic -Wall -Wextra -Wundef -DCOMPILER_SUPPORT_Wcastalign -Werror    -rdynamic CMakeFiles/cmTC_222aa.dir/src.cxx.o  -o cmTC_222aa 
make[4]: Leaving directory '/workspaces/prj/2d-linFEM/buildAmd64/Eigen-prefix/src/Eigen-build/CMakeFiles/CMakeTmp'
make[3]: Leaving directory '/workspaces/prj/2d-linFEM/buildAmd64/Eigen-prefix/src/Eigen-build/CMakeFiles/CMakeTmp'


Source file was:
int main() { return 0; }
Performing C++ SOURCE FILE Test COMPILER_SUPPORT_Wcharsubscripts succeeded with the following output:
Change Dir: /workspaces/prj/2d-linFEM/buildAmd64/Eigen-prefix/src/Eigen-build/CMakeFiles/CMakeTmp

Run Build Command(s):/usr/bin/make cmTC_8bc36/fast && make[3]: Entering directory '/workspaces/prj/2d-linFEM/buildAmd64/Eigen-prefix/src/Eigen-build/CMakeFiles/CMakeTmp'
/usr/bin/make -f CMakeFiles/cmTC_8bc36.dir/build.make CMakeFiles/cmTC_8bc36.dir/build
make[4]: Entering directory '/workspaces/prj/2d-linFEM/buildAmd64/Eigen-prefix/src/Eigen-build/CMakeFiles/CMakeTmp'
Building CXX object CMakeFiles/cmTC_8bc36.dir/src.cxx.o
/usr/bin/c++    -std=c++03 -pedantic -Wall -Wextra -Wundef -Wcast-align -DCOMPILER_SUPPORT_Wcharsubscripts -Werror   -Wchar-subscripts -o CMakeFiles/cmTC_8bc36.dir/src.cxx.o -c /workspaces/prj/2d-linFEM/buildAmd64/Eigen-prefix/src/Eigen-build/CMakeFiles/CMakeTmp/src.cxx
Linking CXX executable cmTC_8bc36
/usr/bin/cmake -E cmake_link_script CMakeFiles/cmTC_8bc36.dir/link.txt --verbose=1
/usr/bin/c++   -std=c++03 -pedantic -Wall -Wextra -Wundef -Wcast-align -DCOMPILER_SUPPORT_Wcharsubscripts -Werror    -rdynamic CMakeFiles/cmTC_8bc36.dir/src.cxx.o  -o cmTC_8bc36 
make[4]: Leaving directory '/workspaces/prj/2d-linFEM/buildAmd64/Eigen-prefix/src/Eigen-build/CMakeFiles/CMakeTmp'
make[3]: Leaving directory '/workspaces/prj/2d-linFEM/buildAmd64/Eigen-prefix/src/Eigen-build/CMakeFiles/CMakeTmp'


Source file was:
int main() { return 0; }
Performing C++ SOURCE FILE Test COMPILER_SUPPORT_Wnonvirtualdtor succeeded with the following output:
Change Dir: /workspaces/prj/2d-linFEM/buildAmd64/Eigen-prefix/src/Eigen-build/CMakeFiles/CMakeTmp

Run Build Command(s):/usr/bin/make cmTC_b3482/fast && make[3]: Entering directory '/workspaces/prj/2d-linFEM/buildAmd64/Eigen-prefix/src/Eigen-build/CMakeFiles/CMakeTmp'
/usr/bin/make -f CMakeFiles/cmTC_b3482.dir/build.make CMakeFiles/cmTC_b3482.dir/build
make[4]: Entering directory '/workspaces/prj/2d-linFEM/buildAmd64/Eigen-prefix/src/Eigen-build/CMakeFiles/CMakeTmp'
Building CXX object CMakeFiles/cmTC_b3482.dir/src.cxx.o
/usr/bin/c++    -std=c++03 -pedantic -Wall -Wextra -Wundef -Wcast-align -Wchar-subscripts -DCOMPILER_SUPPORT_Wnonvirtualdtor -Werror   -Wnon-virtual-dtor -o CMakeFiles/cmTC_b3482.dir/src.cxx.o -c /workspaces/prj/2d-linFEM/buildAmd64/Eigen-prefix/src/Eigen-build/CMakeFiles/CMakeTmp/src.cxx
Linking CXX executable cmTC_b3482
/usr/bin/cmake -E cmake_link_script CMakeFiles/cmTC_b3482.dir/link.txt --verbose=1
/usr/bin/c++   -std=c++03 -pedantic -Wall -Wextra -Wundef -Wcast-align -Wchar-subscripts -DCOMPILER_SUPPORT_Wnonvirtualdtor -Werror    -rdynamic CMakeFiles/cmTC_b3482.dir/src.cxx.o  -o cmTC_b3482 
make[4]: Leaving directory '/workspaces/prj/2d-linFEM/buildAmd64/Eigen-prefix/src/Eigen-build/CMakeFiles/CMakeTmp'
make[3]: Leaving directory '/workspaces/prj/2d-linFEM/buildAmd64/Eigen-prefix/src/Eigen-build/CMakeFiles/CMakeTmp'


Source file was:
int main() { return 0; }
Performing C++ SOURCE FILE Test COMPILER_SUPPORT_Wunusedlocaltypedefs succeeded with the following output:
Change Dir: /workspaces/prj/2d-linFEM/buildAmd64/Eigen-prefix/src/Eigen-build/CMakeFiles/CMakeTmp

Run Build Command(s):/usr/bin/make cmTC_c6a6a/fast && make[3]: Entering directory '/workspaces/prj/2d-linFEM/buildAmd64/Eigen-prefix/src/Eigen-build/CMakeFiles/CMakeTmp'
/usr/bin/make -f CMakeFiles/cmTC_c6a6a.dir/build.make CMakeFiles/cmTC_c6a6a.dir/build
make[4]: Entering directory '/workspaces/prj/2d-linFEM/buildAmd64/Eigen-prefix/src/Eigen-build/CMakeFiles/CMakeTmp'
Building CXX object CMakeFiles/cmTC_c6a6a.dir/src.cxx.o
/usr/bin/c++    -std=c++03 -pedantic -Wall -Wextra -Wundef -Wcast-align -Wchar-subscripts -Wnon-virtual-dtor -DCOMPILER_SUPPORT_Wunusedlocaltypedefs -Werror   -Wunused-local-typedefs -o CMakeFiles/cmTC_c6a6a.dir/src.cxx.o -c /workspaces/prj/2d-linFEM/buildAmd64/Eigen-prefix/src/Eigen-build/CMakeFiles/CMakeTmp/src.cxx
Linking CXX executable cmTC_c6a6a
/usr/bin/cmake -E cmake_link_script CMakeFiles/cmTC_c6a6a.dir/link.txt --verbose=1
/usr/bin/c++   -std=c++03 -pedantic -Wall -Wextra -Wundef -Wcast-align -Wchar-subscripts -Wnon-virtual-dtor -DCOMPILER_SUPPORT_Wunusedlocaltypedefs -Werror    -rdynamic CMakeFiles/cmTC_c6a6a.dir/src.cxx.o  -o cmTC_c6a6a 
make[4]: Leaving directory '/workspaces/prj/2d-linFEM/buildAmd64/Eigen-prefix/src/Eigen-build/CMakeFiles/CMakeTmp'
make[3]: Leaving directory '/workspaces/prj/2d-linFEM/buildAmd64/Eigen-prefix/src/Eigen-build/CMakeFiles/CMakeTmp'


Source file was:
int main() { return 0; }
Performing C++ SOURCE FILE Test COMPILER_SUPPORT_Wpointerarith succeeded with the following output:
Change Dir: /workspaces/prj/2d-linFEM/buildAmd64/Eigen-prefix/src/Eigen-build/CMakeFiles/CMakeTmp

Run Build Command(s):/usr/bin/make cmTC_b0b74/fast && make[3]: Entering directory '/workspaces/prj/2d-linFEM/buildAmd64/Eigen-prefix/src/Eigen-build/CMakeFiles/CMakeTmp'
/usr/bin/make -f CMakeFiles/cmTC_b0b74.dir/build.make CMakeFiles/cmTC_b0b74.dir/build
make[4]: Entering directory '/workspaces/prj/2d-linFEM/buildAmd64/Eigen-prefix/src/Eigen-build/CMakeFiles/CMakeTmp'
Building CXX object CMakeFiles/cmTC_b0b74.dir/src.cxx.o
/usr/bin/c++    -std=c++03 -pedantic -Wall -Wextra -Wundef -Wcast-align -Wchar-subscripts -Wnon-virtual-dtor -Wunused-local-typedefs -DCOMPILER_SUPPORT_Wpointerarith -Werror   -Wpointer-arith -o CMakeFiles/cmTC_b0b74.dir/src.cxx.o -c /workspaces/prj/2d-linFEM/buildAmd64/Eigen-prefix/src/Eigen-build/CMakeFiles/CMakeTmp/src.cxx
Linking CXX executable cmTC_b0b74
/usr/bin/cmake -E cmake_link_script CMakeFiles/cmTC_b0b74.dir/link.txt --verbose=1
/usr/bin/c++   -std=c++03 -pedantic -Wall -Wextra -Wundef -Wcast-align -Wchar-subscripts -Wnon-virtual-dtor -Wunused-local-typedefs -DCOMPILER_SUPPORT_Wpointerarith -Werror    -rdynamic CMakeFiles/cmTC_b0b74.dir/src.cxx.o  -o cmTC_b0b74 
make[4]: Leaving directory '/workspaces/prj/2d-linFEM/buildAmd64/Eigen-prefix/src/Eigen-build/CMakeFiles/CMakeTmp'
make[3]: Leaving directory '/workspaces/prj/2d-linFEM/buildAmd64/Eigen-prefix/src/Eigen-build/CMakeFiles/CMakeTmp'


Source file was:
int main() { return 0; }
Performing C++ SOURCE FILE Test COMPILER_SUPPORT_Wwritestrings succeeded with the following output:
Change Dir: /workspaces/prj/2d-linFEM/buildAmd64/Eigen-prefix/src/Eigen-build/CMakeFiles/CMakeTmp

Run Build Command(s):/usr/bin/make cmTC_e3431/fast && make[3]: Entering directory '/workspaces/prj/2d-linFEM/buildAmd64/Eigen-prefix/src/Eigen-build/CMakeFiles/CMakeTmp'
/usr/bin/make -f CMakeFiles/cmTC_e3431.dir/build.make CMakeFiles/cmTC_e3431.dir/build
make[4]: Entering directory '/workspaces/prj/2d-linFEM/buildAmd64/Eigen-prefix/src/Eigen-build/CMakeFiles/CMakeTmp'
Building CXX object CMakeFiles/cmTC_e3431.dir/src.cxx.o
/usr/bin/c++    -std=c++03 -pedantic -Wall -Wextra -Wundef -Wcast-align -Wchar-subscripts -Wnon-virtual-dtor -Wunused-local-typedefs -Wpointer-arith -DCOMPILER_SUPPORT_Wwritestrings -Werror   -Wwrite-strings -o CMakeFiles/cmTC_e3431.dir/src.cxx.o -c /workspaces/prj/2d-linFEM/buildAmd64/Eigen-prefix/src/Eigen-build/CMakeFiles/CMakeTmp/src.cxx
Linking CXX executable cmTC_e3431
/usr/bin/cmake -E cmake_link_script CMakeFiles/cmTC_e3431.dir/link.txt --verbose=1
/usr/bin/c++   -std=c++03 -pedantic -Wall -Wextra -Wundef -Wcast-align -Wchar-subscripts -Wnon-virtual-dtor -Wunused-local-typedefs -Wpointer-arith -DCOMPILER_SUPPORT_Wwritestrings -Werror    -rdynamic CMakeFiles/cmTC_e3431.dir/src.cxx.o  -o cmTC_e3431 
make[4]: Leaving directory '/workspaces/prj/2d-linFEM/buildAmd64/Eigen-prefix/src/Eigen-build/CMakeFiles/CMakeTmp'
make[3]: Leaving directory '/workspaces/prj/2d-linFEM/buildAmd64/Eigen-prefix/src/Eigen-build/CMakeFiles/CMakeTmp'


Source file was:
int main() { return 0; }
Performing C++ SOURCE FILE Test COMPILER_SUPPORT_Wformatsecurity succeeded with the following output:
Change Dir: /workspaces/prj/2d-linFEM/buildAmd64/Eigen-prefix/src/Eigen-build/CMakeFiles/CMakeTmp

Run Build Command(s):/usr/bin/make cmTC_a575b/fast && make[3]: Entering directory '/workspaces/prj/2d-linFEM/buildAmd64/Eigen-prefix/src/Eigen-build/CMakeFiles/CMakeTmp'
/usr/bin/make -f CMakeFiles/cmTC_a575b.dir/build.make CMakeFiles/cmTC_a575b.dir/build
make[4]: Entering directory '/workspaces/prj/2d-linFEM/buildAmd64/Eigen-prefix/src/Eigen-build/CMakeFiles/CMakeTmp'
Building CXX object CMakeFiles/cmTC_a575b.dir/src.cxx.o
/usr/bin/c++    -std=c++03 -pedantic -Wall -Wextra -Wundef -Wcast-align -Wchar-subscripts -Wnon-virtual-dtor -Wunused-local-typedefs -Wpointer-arith -Wwrite-strings -DCOMPILER_SUPPORT_Wformatsecurity -Werror   -Wformat-security -o CMakeFiles/cmTC_a575b.dir/src.cxx.o -c /workspaces/prj/2d-linFEM/buildAmd64/Eigen-prefix/src/Eigen-build/CMakeFiles/CMakeTmp/src.cxx
Linking CXX executable cmTC_a575b
/usr/bin/cmake -E cmake_link_script CMakeFiles/cmTC_a575b.dir/link.txt --verbose=1
/usr/bin/c++   -std=c++03 -pedantic -Wall -Wextra -Wundef -Wcast-align -Wchar-subscripts -Wnon-virtual-dtor -Wunused-local-typedefs -Wpointer-arith -Wwrite-strings -DCOMPILER_SUPPORT_Wformatsecurity -Werror    -rdynamic CMakeFiles/cmTC_a575b.dir/src.cxx.o  -o cmTC_a575b 
make[4]: Leaving directory '/workspaces/prj/2d-linFEM/buildAmd64/Eigen-prefix/src/Eigen-build/CMakeFiles/CMakeTmp'
make[3]: Leaving directory '/workspaces/prj/2d-linFEM/buildAmd64/Eigen-prefix/src/Eigen-build/CMakeFiles/CMakeTmp'


Source file was:
int main() { return 0; }
Performing C++ SOURCE FILE Test COMPILER_SUPPORT_Wlogicalop succeeded with the following output:
Change Dir: /workspaces/prj/2d-linFEM/buildAmd64/Eigen-prefix/src/Eigen-build/CMakeFiles/CMakeTmp

Run Build Command(s):/usr/bin/make cmTC_87d2f/fast && make[3]: Entering directory '/workspaces/prj/2d-linFEM/buildAmd64/Eigen-prefix/src/Eigen-build/CMakeFiles/CMakeTmp'
/usr/bin/make -f CMakeFiles/cmTC_87d2f.dir/build.make CMakeFiles/cmTC_87d2f.dir/build
make[4]: Entering directory '/workspaces/prj/2d-linFEM/buildAmd64/Eigen-prefix/src/Eigen-build/CMakeFiles/CMakeTmp'
Building CXX object CMakeFiles/cmTC_87d2f.dir/src.cxx.o
/usr/bin/c++    -std=c++03 -pedantic -Wall -Wextra -Wundef -Wcast-align -Wchar-subscripts -Wnon-virtual-dtor -Wunused-local-typedefs -Wpointer-arith -Wwrite-strings -Wformat-security -DCOMPILER_SUPPORT_Wlogicalop -Werror   -Wlogical-op -o CMakeFiles/cmTC_87d2f.dir/src.cxx.o -c /workspaces/prj/2d-linFEM/buildAmd64/Eigen-prefix/src/Eigen-build/CMakeFiles/CMakeTmp/src.cxx
Linking CXX executable cmTC_87d2f
/usr/bin/cmake -E cmake_link_script CMakeFiles/cmTC_87d2f.dir/link.txt --verbose=1
/usr/bin/c++   -std=c++03 -pedantic -Wall -Wextra -Wundef -Wcast-align -Wchar-subscripts -Wnon-virtual-dtor -Wunused-local-typedefs -Wpointer-arith -Wwrite-strings -Wformat-security -DCOMPILER_SUPPORT_Wlogicalop -Werror    -rdynamic CMakeFiles/cmTC_87d2f.dir/src.cxx.o  -o cmTC_87d2f 
make[4]: Leaving directory '/workspaces/prj/2d-linFEM/buildAmd64/Eigen-prefix/src/Eigen-build/CMakeFiles/CMakeTmp'
make[3]: Leaving directory '/workspaces/prj/2d-linFEM/buildAmd64/Eigen-prefix/src/Eigen-build/CMakeFiles/CMakeTmp'


Source file was:
int main() { return 0; }
Performing C++ SOURCE FILE Test COMPILER_SUPPORT_Wdoublepromotion succeeded with the following output:
Change Dir: /workspaces/prj/2d-linFEM/buildAmd64/Eigen-prefix/src/Eigen-build/CMakeFiles/CMakeTmp

Run Build Command(s):/usr/bin/make cmTC_95313/fast && make[3]: Entering directory '/workspaces/prj/2d-linFEM/buildAmd64/Eigen-prefix/src/Eigen-build/CMakeFiles/CMakeTmp'
/usr/bin/make -f CMakeFiles/cmTC_95313.dir/build.make CMakeFiles/cmTC_95313.dir/build
make[4]: Entering directory '/workspaces/prj/2d-linFEM/buildAmd64/Eigen-prefix/src/Eigen-build/CMakeFiles/CMakeTmp'
Building CXX object CMakeFiles/cmTC_95313.dir/src.cxx.o
/usr/bin/c++    -std=c++03 -pedantic -Wall -Wextra -Wundef -Wcast-align -Wchar-subscripts -Wnon-virtual-dtor -Wunused-local-typedefs -Wpointer-arith -Wwrite-strings -Wformat-security -Wlogical-op -DCOMPILER_SUPPORT_Wdoublepromotion -Werror   -Wdouble-promotion -o CMakeFiles/cmTC_95313.dir/src.cxx.o -c /workspaces/prj/2d-linFEM/buildAmd64/Eigen-prefix/src/Eigen-build/CMakeFiles/CMakeTmp/src.cxx
Linking CXX executable cmTC_95313
/usr/bin/cmake -E cmake_link_script CMakeFiles/cmTC_95313.dir/link.txt --verbose=1
/usr/bin/c++   -std=c++03 -pedantic -Wall -Wextra -Wundef -Wcast-align -Wchar-subscripts -Wnon-virtual-dtor -Wunused-local-typedefs -Wpointer-arith -Wwrite-strings -Wformat-security -Wlogical-op -DCOMPILER_SUPPORT_Wdoublepromotion -Werror    -rdynamic CMakeFiles/cmTC_95313.dir/src.cxx.o  -o cmTC_95313 
make[4]: Leaving directory '/workspaces/prj/2d-linFEM/buildAmd64/Eigen-prefix/src/Eigen-build/CMakeFiles/CMakeTmp'
make[3]: Leaving directory '/workspaces/prj/2d-linFEM/buildAmd64/Eigen-prefix/src/Eigen-build/CMakeFiles/CMakeTmp'


Source file was:
int main() { return 0; }
Performing C++ SOURCE FILE Test COMPILER_SUPPORT_Wnopsabi succeeded with the following output:
Change Dir: /workspaces/prj/2d-linFEM/buildAmd64/Eigen-prefix/src/Eigen-build/CMakeFiles/CMakeTmp

Run Build Command(s):/usr/bin/make cmTC_9837f/fast && make[3]: Entering directory '/workspaces/prj/2d-linFEM/buildAmd64/Eigen-prefix/src/Eigen-build/CMakeFiles/CMakeTmp'
/usr/bin/make -f CMakeFiles/cmTC_9837f.dir/build.make CMakeFiles/cmTC_9837f.dir/build
make[4]: Entering directory '/workspaces/prj/2d-linFEM/buildAmd64/Eigen-prefix/src/Eigen-build/CMakeFiles/CMakeTmp'
Building CXX object CMakeFiles/cmTC_9837f.dir/src.cxx.o
/usr/bin/c++    -std=c++03 -pedantic -Wall -Wextra -Wundef -Wcast-align -Wchar-subscripts -Wnon-virtual-dtor -Wunused-local-typedefs -Wpointer-arith -Wwrite-strings -Wformat-security -Wlogical-op -Wdouble-promotion -DCOMPILER_SUPPORT_Wnopsabi -Werror   -Wno-psabi -o CMakeFiles/cmTC_9837f.dir/src.cxx.o -c /workspaces/prj/2d-linFEM/buildAmd64/Eigen-prefix/src/Eigen-build/CMakeFiles/CMakeTmp/src.cxx
Linking CXX executable cmTC_9837f
/usr/bin/cmake -E cmake_link_script CMakeFiles/cmTC_9837f.dir/link.txt --verbose=1
/usr/bin/c++   -std=c++03 -pedantic -Wall -Wextra -Wundef -Wcast-align -Wchar-subscripts -Wnon-virtual-dtor -Wunused-local-typedefs -Wpointer-arith -Wwrite-strings -Wformat-security -Wlogical-op -Wdouble-promotion -DCOMPILER_SUPPORT_Wnopsabi -Werror    -rdynamic CMakeFiles/cmTC_9837f.dir/src.cxx.o  -o cmTC_9837f 
make[4]: Leaving directory '/workspaces/prj/2d-linFEM/buildAmd64/Eigen-prefix/src/Eigen-build/CMakeFiles/CMakeTmp'
make[3]: Leaving directory '/workspaces/prj/2d-linFEM/buildAmd64/Eigen-prefix/src/Eigen-build/CMakeFiles/CMakeTmp'


Source file was:
int main() { return 0; }
Performing C++ SOURCE FILE Test COMPILER_SUPPORT_Wnovariadicmacros succeeded with the following output:
Change Dir: /workspaces/prj/2d-linFEM/buildAmd64/Eigen-prefix/src/Eigen-build/CMakeFiles/CMakeTmp

Run Build Command(s):/usr/bin/make cmTC_1478a/fast && make[3]: Entering directory '/workspaces/prj/2d-linFEM/buildAmd64/Eigen-prefix/src/Eigen-build/CMakeFiles/CMakeTmp'
/usr/bin/make -f CMakeFiles/cmTC_1478a.dir/build.make CMakeFiles/cmTC_1478a.dir/build
make[4]: Entering directory '/workspaces/prj/2d-linFEM/buildAmd64/Eigen-prefix/src/Eigen-build/CMakeFiles/CMakeTmp'
Building CXX object CMakeFiles/cmTC_1478a.dir/src.cxx.o
/usr/bin/c++    -std=c++03 -pedantic -Wall -Wextra -Wundef -Wcast-align -Wchar-subscripts -Wnon-virtual-dtor -Wunused-local-typedefs -Wpointer-arith -Wwrite-strings -Wformat-security -Wlogical-op -Wdouble-promotion -Wno-psabi -DCOMPILER_SUPPORT_Wnovariadicmacros -Werror   -Wno-variadic-macros -o CMakeFiles/cmTC_1478a.dir/src.cxx.o -c /workspaces/prj/2d-linFEM/buildAmd64/Eigen-prefix/src/Eigen-build/CMakeFiles/CMakeTmp/src.cxx
Linking CXX executable cmTC_1478a
/usr/bin/cmake -E cmake_link_script CMakeFiles/cmTC_1478a.dir/link.txt --verbose=1
/usr/bin/c++   -std=c++03 -pedantic -Wall -Wextra -Wundef -Wcast-align -Wchar-subscripts -Wnon-virtual-dtor -Wunused-local-typedefs -Wpointer-arith -Wwrite-strings -Wformat-security -Wlogical-op -Wdouble-promotion -Wno-psabi -DCOMPILER_SUPPORT_Wnovariadicmacros -Werror    -rdynamic CMakeFiles/cmTC_1478a.dir/src.cxx.o  -o cmTC_1478a 
make[4]: Leaving directory '/workspaces/prj/2d-linFEM/buildAmd64/Eigen-prefix/src/Eigen-build/CMakeFiles/CMakeTmp'
make[3]: Leaving directory '/workspaces/prj/2d-linFEM/buildAmd64/Eigen-prefix/src/Eigen-build/CMakeFiles/CMakeTmp'


Source file was:
int main() { return 0; }
Performing C++ SOURCE FILE Test COMPILER_SUPPORT_Wnolonglong succeeded with the following output:
Change Dir: /workspaces/prj/2d-linFEM/buildAmd64/Eigen-prefix/src/Eigen-build/CMakeFiles/CMakeTmp

Run Build Command(s):/usr/bin/make cmTC_b2e4d/fast && make[3]: Entering directory '/workspaces/prj/2d-linFEM/buildAmd64/Eigen-prefix/src/Eigen-build/CMakeFiles/CMakeTmp'
/usr/bin/make -f CMakeFiles/cmTC_b2e4d.dir/build.make CMakeFiles/cmTC_b2e4d.dir/build
make[4]: Entering directory '/workspaces/prj/2d-linFEM/buildAmd64/Eigen-prefix/src/Eigen-build/CMakeFiles/CMakeTmp'
Building CXX object CMakeFiles/cmTC_b2e4d.dir/src.cxx.o
/usr/bin/c++    -std=c++03 -pedantic -Wall -Wextra -Wundef -Wcast-align -Wchar-subscripts -Wnon-virtual-dtor -Wunused-local-typedefs -Wpointer-arith -Wwrite-strings -Wformat-security -Wlogical-op -Wdouble-promotion -Wno-psabi -Wno-variadic-macros -DCOMPILER_SUPPORT_Wnolonglong -Werror   -Wno-long-long -o CMakeFiles/cmTC_b2e4d.dir/src.cxx.o -c /workspaces/prj/2d-linFEM/buildAmd64/Eigen-prefix/src/Eigen-build/CMakeFiles/CMakeTmp/src.cxx
Linking CXX executable cmTC_b2e4d
/usr/bin/cmake -E cmake_link_script CMakeFiles/cmTC_b2e4d.dir/link.txt --verbose=1
/usr/bin/c++   -std=c++03 -pedantic -Wall -Wextra -Wundef -Wcast-align -Wchar-subscripts -Wnon-virtual-dtor -Wunused-local-typedefs -Wpointer-arith -Wwrite-strings -Wformat-security -Wlogical-op -Wdouble-promotion -Wno-psabi -Wno-variadic-macros -DCOMPILER_SUPPORT_Wnolonglong -Werror    -rdynamic CMakeFiles/cmTC_b2e4d.dir/src.cxx.o  -o cmTC_b2e4d 
make[4]: Leaving directory '/workspaces/prj/2d-linFEM/buildAmd64/Eigen-prefix/src/Eigen-build/CMakeFiles/CMakeTmp'
make[3]: Leaving directory '/workspaces/prj/2d-linFEM/buildAmd64/Eigen-prefix/src/Eigen-build/CMakeFiles/CMakeTmp'


Source file was:
int main() { return 0; }
Performing C++ SOURCE FILE Test COMPILER_SUPPORT_fnochecknew succeeded with the following output:
Change Dir: /workspaces/prj/2d-linFEM/buildAmd64/Eigen-prefix/src/Eigen-build/CMakeFiles/CMakeTmp

Run Build Command(s):/usr/bin/make cmTC_7bd71/fast && make[3]: Entering directory '/workspaces/prj/2d-linFEM/buildAmd64/Eigen-prefix/src/Eigen-build/CMakeFiles/CMakeTmp'
/usr/bin/make -f CMakeFiles/cmTC_7bd71.dir/build.make CMakeFiles/cmTC_7bd71.dir/build
make[4]: Entering directory '/workspaces/prj/2d-linFEM/buildAmd64/Eigen-prefix/src/Eigen-build/CMakeFiles/CMakeTmp'
Building CXX object CMakeFiles/cmTC_7bd71.dir/src.cxx.o
/usr/bin/c++    -std=c++03 -pedantic -Wall -Wextra -Wundef -Wcast-align -Wchar-subscripts -Wnon-virtual-dtor -Wunused-local-typedefs -Wpointer-arith -Wwrite-strings -Wformat-security -Wlogical-op -Wdouble-promotion -Wno-psabi -Wno-variadic-macros -Wno-long-long -DCOMPILER_SUPPORT_fnochecknew -Werror   -fno-check-new -o CMakeFiles/cmTC_7bd71.dir/src.cxx.o -c /workspaces/prj/2d-linFEM/buildAmd64/Eigen-prefix/src/Eigen-build/CMakeFiles/CMakeTmp/src.cxx
Linking CXX executable cmTC_7bd71
/usr/bin/cmake -E cmake_link_script CMakeFiles/cmTC_7bd71.dir/link.txt --verbose=1
/usr/bin/c++   -std=c++03 -pedantic -Wall -Wextra -Wundef -Wcast-align -Wchar-subscripts -Wnon-virtual-dtor -Wunused-local-typedefs -Wpointer-arith -Wwrite-strings -Wformat-security -Wlogical-op -Wdouble-promotion -Wno-psabi -Wno-variadic-macros -Wno-long-long -DCOMPILER_SUPPORT_fnochecknew -Werror    -rdynamic CMakeFiles/cmTC_7bd71.dir/src.cxx.o  -o cmTC_7bd71 
make[4]: Leaving directory '/workspaces/prj/2d-linFEM/buildAmd64/Eigen-prefix/src/Eigen-build/CMakeFiles/CMakeTmp'
make[3]: Leaving directory '/workspaces/prj/2d-linFEM/buildAmd64/Eigen-prefix/src/Eigen-build/CMakeFiles/CMakeTmp'


Source file was:
int main() { return 0; }
Performing C++ SOURCE FILE Test COMPILER_SUPPORT_fnocommon succeeded with the following output:
Change Dir: /workspaces/prj/2d-linFEM/buildAmd64/Eigen-prefix/src/Eigen-build/CMakeFiles/CMakeTmp

Run Build Command(s):/usr/bin/make cmTC_50a5b/fast && make[3]: Entering directory '/workspaces/prj/2d-linFEM/buildAmd64/Eigen-prefix/src/Eigen-build/CMakeFiles/CMakeTmp'
/usr/bin/make -f CMakeFiles/cmTC_50a5b.dir/build.make CMakeFiles/cmTC_50a5b.dir/build
make[4]: Entering directory '/workspaces/prj/2d-linFEM/buildAmd64/Eigen-prefix/src/Eigen-build/CMakeFiles/CMakeTmp'
Building CXX object CMakeFiles/cmTC_50a5b.dir/src.cxx.o
/usr/bin/c++    -std=c++03 -pedantic -Wall -Wextra -Wundef -Wcast-align -Wchar-subscripts -Wnon-virtual-dtor -Wunused-local-typedefs -Wpointer-arith -Wwrite-strings -Wformat-security -Wlogical-op -Wdouble-promotion -Wno-psabi -Wno-variadic-macros -Wno-long-long -fno-check-new -DCOMPILER_SUPPORT_fnocommon -Werror   -fno-common -o CMakeFiles/cmTC_50a5b.dir/src.cxx.o -c /workspaces/prj/2d-linFEM/buildAmd64/Eigen-prefix/src/Eigen-build/CMakeFiles/CMakeTmp/src.cxx
Linking CXX executable cmTC_50a5b
/usr/bin/cmake -E cmake_link_script CMakeFiles/cmTC_50a5b.dir/link.txt --verbose=1
/usr/bin/c++   -std=c++03 -pedantic -Wall -Wextra -Wundef -Wcast-align -Wchar-subscripts -Wnon-virtual-dtor -Wunused-local-typedefs -Wpointer-arith -Wwrite-strings -Wformat-security -Wlogical-op -Wdouble-promotion -Wno-psabi -Wno-variadic-macros -Wno-long-long -fno-check-new -DCOMPILER_SUPPORT_fnocommon -Werror    -rdynamic CMakeFiles/cmTC_50a5b.dir/src.cxx.o  -o cmTC_50a5b 
make[4]: Leaving directory '/workspaces/prj/2d-linFEM/buildAmd64/Eigen-prefix/src/Eigen-build/CMakeFiles/CMakeTmp'
make[3]: Leaving directory '/workspaces/prj/2d-linFEM/buildAmd64/Eigen-prefix/src/Eigen-build/CMakeFiles/CMakeTmp'


Source file was:
int main() { return 0; }
Performing C++ SOURCE FILE Test COMPILER_SUPPORT_fstrictaliasing succeeded with the following output:
Change Dir: /workspaces/prj/2d-linFEM/buildAmd64/Eigen-prefix/src/Eigen-build/CMakeFiles/CMakeTmp

Run Build Command(s):/usr/bin/make cmTC_7e0dc/fast && make[3]: Entering directory '/workspaces/prj/2d-linFEM/buildAmd64/Eigen-prefix/src/Eigen-build/CMakeFiles/CMakeTmp'
/usr/bin/make -f CMakeFiles/cmTC_7e0dc.dir/build.make CMakeFiles/cmTC_7e0dc.dir/build
make[4]: Entering directory '/workspaces/prj/2d-linFEM/buildAmd64/Eigen-prefix/src/Eigen-build/CMakeFiles/CMakeTmp'
Building CXX object CMakeFiles/cmTC_7e0dc.dir/src.cxx.o
/usr/bin/c++    -std=c++03 -pedantic -Wall -Wextra -Wundef -Wcast-align -Wchar-subscripts -Wnon-virtual-dtor -Wunused-local-typedefs -Wpointer-arith -Wwrite-strings -Wformat-security -Wlogical-op -Wdouble-promotion -Wno-psabi -Wno-variadic-macros -Wno-long-long -fno-check-new -fno-common -DCOMPILER_SUPPORT_fstrictaliasing -Werror   -fstrict-aliasing -o CMakeFiles/cmTC_7e0dc.dir/src.cxx.o -c /workspaces/prj/2d-linFEM/buildAmd64/Eigen-prefix/src/Eigen-build/CMakeFiles/CMakeTmp/src.cxx
Linking CXX executable cmTC_7e0dc
/usr/bin/cmake -E cmake_link_script CMakeFiles/cmTC_7e0dc.dir/link.txt --verbose=1
/usr/bin/c++   -std=c++03 -pedantic -Wall -Wextra -Wundef -Wcast-align -Wchar-subscripts -Wnon-virtual-dtor -Wunused-local-typedefs -Wpointer-arith -Wwrite-strings -Wformat-security -Wlogical-op -Wdouble-promotion -Wno-psabi -Wno-variadic-macros -Wno-long-long -fno-check-new -fno-common -DCOMPILER_SUPPORT_fstrictaliasing -Werror    -rdynamic CMakeFiles/cmTC_7e0dc.dir/src.cxx.o  -o cmTC_7e0dc 
make[4]: Leaving directory '/workspaces/prj/2d-linFEM/buildAmd64/Eigen-prefix/src/Eigen-build/CMakeFiles/CMakeTmp'
make[3]: Leaving directory '/workspaces/prj/2d-linFEM/buildAmd64/Eigen-prefix/src/Eigen-build/CMakeFiles/CMakeTmp'


Source file was:
int main() { return 0; }
Performing C++ SOURCE FILE Test COMPILER_SUPPORT_ansi succeeded with the following output:
Change Dir: /workspaces/prj/2d-linFEM/buildAmd64/Eigen-prefix/src/Eigen-build/CMakeFiles/CMakeTmp

Run Build Command(s):/usr/bin/make cmTC_0aaa7/fast && make[3]: Entering directory '/workspaces/prj/2d-linFEM/buildAmd64/Eigen-prefix/src/Eigen-build/CMakeFiles/CMakeTmp'
/usr/bin/make -f CMakeFiles/cmTC_0aaa7.dir/build.make CMakeFiles/cmTC_0aaa7.dir/build
make[4]: Entering directory '/workspaces/prj/2d-linFEM/buildAmd64/Eigen-prefix/src/Eigen-build/CMakeFiles/CMakeTmp'
Building CXX object CMakeFiles/cmTC_0aaa7.dir/src.cxx.o
/usr/bin/c++    -std=c++03 -pedantic -Wall -Wextra -Wundef -Wcast-align -Wchar-subscripts -Wnon-virtual-dtor -Wunused-local-typedefs -Wpointer-arith -Wwrite-strings -Wformat-security -Wlogical-op -Wdouble-promotion -Wno-psabi -Wno-variadic-macros -Wno-long-long -fno-check-new -fno-common -fstrict-aliasing -DCOMPILER_SUPPORT_ansi -Werror   -ansi -o CMakeFiles/cmTC_0aaa7.dir/src.cxx.o -c /workspaces/prj/2d-linFEM/buildAmd64/Eigen-prefix/src/Eigen-build/CMakeFiles/CMakeTmp/src.cxx
Linking CXX executable cmTC_0aaa7
/usr/bin/cmake -E cmake_link_script CMakeFiles/cmTC_0aaa7.dir/link.txt --verbose=1
/usr/bin/c++   -std=c++03 -pedantic -Wall -Wextra -Wundef -Wcast-align -Wchar-subscripts -Wnon-virtual-dtor -Wunused-local-typedefs -Wpointer-arith -Wwrite-strings -Wformat-security -Wlogical-op -Wdouble-promotion -Wno-psabi -Wno-variadic-macros -Wno-long-long -fno-check-new -fno-common -fstrict-aliasing -DCOMPILER_SUPPORT_ansi -Werror    -rdynamic CMakeFiles/cmTC_0aaa7.dir/src.cxx.o  -o cmTC_0aaa7 
make[4]: Leaving directory '/workspaces/prj/2d-linFEM/buildAmd64/Eigen-prefix/src/Eigen-build/CMakeFiles/CMakeTmp'
make[3]: Leaving directory '/workspaces/prj/2d-linFEM/buildAmd64/Eigen-prefix/src/Eigen-build/CMakeFiles/CMakeTmp'


Source file was:
int main() { return 0; }
Performing C++ SOURCE FILE Test COMPILER_SUPPORT_OPENMP succeeded with the following output:
Change Dir: /workspaces/prj/2d-linFEM/buildAmd64/Eigen-prefix/src/Eigen-build/CMakeFiles/CMakeTmp

Run Build Command(s):/usr/bin/make cmTC_df14e/fast && make[3]: Entering directory '/workspaces/prj/2d-linFEM/buildAmd64/Eigen-prefix/src/Eigen-build/CMakeFiles/CMakeTmp'
/usr/bin/make -f CMakeFiles/cmTC_df14e.dir/build.make CMakeFiles/cmTC_df14e.dir/build
make[4]: Entering directory '/workspaces/prj/2d-linFEM/buildAmd64/Eigen-prefix/src/Eigen-build/CMakeFiles/CMakeTmp'
Building CXX object CMakeFiles/cmTC_df14e.dir/src.cxx.o
/usr/bin/c++    -std=c++03 -pedantic -Wall -Wextra -Wundef -Wcast-align -Wchar-subscripts -Wnon-virtual-dtor -Wunused-local-typedefs -Wpointer-arith -Wwrite-strings -Wformat-security -Wlogical-op -Wdouble-promotion -Wno-psabi -Wno-variadic-macros -Wno-long-long -fno-check-new -fno-common -fstrict-aliasing -ansi -DCOMPILER_SUPPORT_OPENMP   -fopenmp -o CMakeFiles/cmTC_df14e.dir/src.cxx.o -c /workspaces/prj/2d-linFEM/buildAmd64/Eigen-prefix/src/Eigen-build/CMakeFiles/CMakeTmp/src.cxx
Linking CXX executable cmTC_df14e
/usr/bin/cmake -E cmake_link_script CMakeFiles/cmTC_df14e.dir/link.txt --verbose=1
/usr/bin/c++   -std=c++03 -pedantic -Wall -Wextra -Wundef -Wcast-align -Wchar-subscripts -Wnon-virtual-dtor -Wunused-local-typedefs -Wpointer-arith -Wwrite-strings -Wformat-security -Wlogical-op -Wdouble-promotion -Wno-psabi -Wno-variadic-macros -Wno-long-long -fno-check-new -fno-common -fstrict-aliasing -ansi -DCOMPILER_SUPPORT_OPENMP    -rdynamic CMakeFiles/cmTC_df14e.dir/src.cxx.o  -o cmTC_df14e 
make[4]: Leaving directory '/workspaces/prj/2d-linFEM/buildAmd64/Eigen-prefix/src/Eigen-build/CMakeFiles/CMakeTmp'
make[3]: Leaving directory '/workspaces/prj/2d-linFEM/buildAmd64/Eigen-prefix/src/Eigen-build/CMakeFiles/CMakeTmp'


Source file was:
int main() { return 0; }
Determining if the include file pthread.h exists passed with the following output:
Change Dir: /workspaces/prj/2d-linFEM/buildAmd64/Eigen-prefix/src/Eigen-build/CMakeFiles/CMakeTmp

Run Build Command(s):/usr/bin/make cmTC_e7caa/fast && make[3]: Entering directory '/workspaces/prj/2d-linFEM/buildAmd64/Eigen-prefix/src/Eigen-build/CMakeFiles/CMakeTmp'
/usr/bin/make -f CMakeFiles/cmTC_e7caa.dir/build.make CMakeFiles/cmTC_e7caa.dir/build
make[4]: Entering directory '/workspaces/prj/2d-linFEM/buildAmd64/Eigen-prefix/src/Eigen-build/CMakeFiles/CMakeTmp'
Building C object CMakeFiles/cmTC_e7caa.dir/CheckIncludeFile.c.o
/usr/bin/cc    -o CMakeFiles/cmTC_e7caa.dir/CheckIncludeFile.c.o   -c /workspaces/prj/2d-linFEM/buildAmd64/Eigen-prefix/src/Eigen-build/CMakeFiles/CMakeTmp/CheckIncludeFile.c
Linking C executable cmTC_e7caa
/usr/bin/cmake -E cmake_link_script CMakeFiles/cmTC_e7caa.dir/link.txt --verbose=1
/usr/bin/cc      -rdynamic CMakeFiles/cmTC_e7caa.dir/CheckIncludeFile.c.o  -o cmTC_e7caa 
make[4]: Leaving directory '/workspaces/prj/2d-linFEM/buildAmd64/Eigen-prefix/src/Eigen-build/CMakeFiles/CMakeTmp'
make[3]: Leaving directory '/workspaces/prj/2d-linFEM/buildAmd64/Eigen-prefix/src/Eigen-build/CMakeFiles/CMakeTmp'



Determining if the function pthread_create exists in the pthread passed with the following output:
Change Dir: /workspaces/prj/2d-linFEM/buildAmd64/Eigen-prefix/src/Eigen-build/CMakeFiles/CMakeTmp

Run Build Command(s):/usr/bin/make cmTC_de457/fast && make[3]: Entering directory '/workspaces/prj/2d-linFEM/buildAmd64/Eigen-prefix/src/Eigen-build/CMakeFiles/CMakeTmp'
/usr/bin/make -f CMakeFiles/cmTC_de457.dir/build.make CMakeFiles/cmTC_de457.dir/build
make[4]: Entering directory '/workspaces/prj/2d-linFEM/buildAmd64/Eigen-prefix/src/Eigen-build/CMakeFiles/CMakeTmp'
Building C object CMakeFiles/cmTC_de457.dir/CheckFunctionExists.c.o
/usr/bin/cc   -DCHECK_FUNCTION_EXISTS=pthread_create   -o CMakeFiles/cmTC_de457.dir/CheckFunctionExists.c.o   -c /usr/share/cmake-3.16/Modules/CheckFunctionExists.c
Linking C executable cmTC_de457
/usr/bin/cmake -E cmake_link_script CMakeFiles/cmTC_de457.dir/link.txt --verbose=1
/usr/bin/cc  -DCHECK_FUNCTION_EXISTS=pthread_create    -rdynamic CMakeFiles/cmTC_de457.dir/CheckFunctionExists.c.o  -o cmTC_de457  -lpthread 
make[4]: Leaving directory '/workspaces/prj/2d-linFEM/buildAmd64/Eigen-prefix/src/Eigen-build/CMakeFiles/CMakeTmp'
make[3]: Leaving directory '/workspaces/prj/2d-linFEM/buildAmd64/Eigen-prefix/src/Eigen-build/CMakeFiles/CMakeTmp'



Performing C++ SOURCE FILE Test COMPILER_SUPPORT_FASTMATH succeeded with the following output:
Change Dir: /workspaces/prj/2d-linFEM/buildAmd64/Eigen-prefix/src/Eigen-build/CMakeFiles/CMakeTmp

Run Build Command(s):/usr/bin/make cmTC_0572f/fast && make[3]: Entering directory '/workspaces/prj/2d-linFEM/buildAmd64/Eigen-prefix/src/Eigen-build/CMakeFiles/CMakeTmp'
/usr/bin/make -f CMakeFiles/cmTC_0572f.dir/build.make CMakeFiles/cmTC_0572f.dir/build
make[4]: Entering directory '/workspaces/prj/2d-linFEM/buildAmd64/Eigen-prefix/src/Eigen-build/CMakeFiles/CMakeTmp'
Building CXX object CMakeFiles/cmTC_0572f.dir/src.cxx.o
/usr/bin/c++    -std=c++03 -pedantic -Wall -Wextra -Wundef -Wcast-align -Wchar-subscripts -Wnon-virtual-dtor -Wunused-local-typedefs -Wpointer-arith -Wwrite-strings -Wformat-security -Wlogical-op -Wdouble-promotion -Wno-psabi -Wno-variadic-macros -Wno-long-long -fno-check-new -fno-common -fstrict-aliasing -ansi -DCOMPILER_SUPPORT_FASTMATH   -ffast-math -o CMakeFiles/cmTC_0572f.dir/src.cxx.o -c /workspaces/prj/2d-linFEM/buildAmd64/Eigen-prefix/src/Eigen-build/CMakeFiles/CMakeTmp/src.cxx
Linking CXX executable cmTC_0572f
/usr/bin/cmake -E cmake_link_script CMakeFiles/cmTC_0572f.dir/link.txt --verbose=1
/usr/bin/c++   -std=c++03 -pedantic -Wall -Wextra -Wundef -Wcast-align -Wchar-subscripts -Wnon-virtual-dtor -Wunused-local-typedefs -Wpointer-arith -Wwrite-strings -Wformat-security -Wlogical-op -Wdouble-promotion -Wno-psabi -Wno-variadic-macros -Wno-long-long -fno-check-new -fno-common -fstrict-aliasing -ansi -DCOMPILER_SUPPORT_FASTMATH    -rdynamic CMakeFiles/cmTC_0572f.dir/src.cxx.o  -o cmTC_0572f 
make[4]: Leaving directory '/workspaces/prj/2d-linFEM/buildAmd64/Eigen-prefix/src/Eigen-build/CMakeFiles/CMakeTmp'
make[3]: Leaving directory '/workspaces/prj/2d-linFEM/buildAmd64/Eigen-prefix/src/Eigen-build/CMakeFiles/CMakeTmp'


Source file was:
int main() { return 0; }
