The system is: Linux - 6.2.0-1016-azure - x86_64
Compiling the C compiler identification source file "CMakeCCompilerId.c" succeeded.
Compiler: /usr/bin/cc 
Build flags: 
Id flags:  

The output was:
0


Compilation of the C compiler identification source "CMakeCCompilerId.c" produced "a.out"

The C compiler identification is GNU, found in "/workspaces/prj/2d-FD-porous/buildAmd64/Eigen-prefix/src/Eigen-build/CMakeFiles/3.16.3/CompilerIdC/a.out"

Compiling the CXX compiler identification source file "CMakeCXXCompilerId.cpp" succeeded.
Compiler: /usr/bin/c++ 
Build flags: 
Id flags:  

The output was:
0


Compilation of the CXX compiler identification source "CMakeCXXCompilerId.cpp" produced "a.out"

The CXX compiler identification is GNU, found in "/workspaces/prj/2d-FD-porous/buildAmd64/Eigen-prefix/src/Eigen-build/CMakeFiles/3.16.3/CompilerIdCXX/a.out"

Determining if the C compiler works passed with the following output:
Change Dir: /workspaces/prj/2d-FD-porous/buildAmd64/Eigen-prefix/src/Eigen-build/CMakeFiles/CMakeTmp

Run Build Command(s):/usr/bin/make cmTC_cbf73/fast && make[3]: Entering directory '/workspaces/prj/2d-FD-porous/buildAmd64/Eigen-prefix/src/Eigen-build/CMakeFiles/CMakeTmp'
/usr/bin/make -f CMakeFiles/cmTC_cbf73.dir/build.make CMakeFiles/cmTC_cbf73.dir/build
make[4]: Entering directory '/workspaces/prj/2d-FD-porous/buildAmd64/Eigen-prefix/src/Eigen-build/CMakeFiles/CMakeTmp'
Building C object CMakeFiles/cmTC_cbf73.dir/testCCompiler.c.o
/usr/bin/cc    -o CMakeFiles/cmTC_cbf73.dir/testCCompiler.c.o   -c /workspaces/prj/2d-FD-porous/buildAmd64/Eigen-prefix/src/Eigen-build/CMakeFiles/CMakeTmp/testCCompiler.c
Linking C executable cmTC_cbf73
/usr/bin/cmake -E cmake_link_script CMakeFiles/cmTC_cbf73.dir/link.txt --verbose=1
/usr/bin/cc      -rdynamic CMakeFiles/cmTC_cbf73.dir/testCCompiler.c.o  -o cmTC_cbf73 
make[4]: Leaving directory '/workspaces/prj/2d-FD-porous/buildAmd64/Eigen-prefix/src/Eigen-build/CMakeFiles/CMakeTmp'
make[3]: Leaving directory '/workspaces/prj/2d-FD-porous/buildAmd64/Eigen-prefix/src/Eigen-build/CMakeFiles/CMakeTmp'



Detecting C compiler ABI info compiled with the following output:
Change Dir: /workspaces/prj/2d-FD-porous/buildAmd64/Eigen-prefix/src/Eigen-build/CMakeFiles/CMakeTmp

Run Build Command(s):/usr/bin/make cmTC_8a027/fast && make[3]: Entering directory '/workspaces/prj/2d-FD-porous/buildAmd64/Eigen-prefix/src/Eigen-build/CMakeFiles/CMakeTmp'
/usr/bin/make -f CMakeFiles/cmTC_8a027.dir/build.make CMakeFiles/cmTC_8a027.dir/build
make[4]: Entering directory '/workspaces/prj/2d-FD-porous/buildAmd64/Eigen-prefix/src/Eigen-build/CMakeFiles/CMakeTmp'
Building C object CMakeFiles/cmTC_8a027.dir/CMakeCCompilerABI.c.o
/usr/bin/cc   -v -o CMakeFiles/cmTC_8a027.dir/CMakeCCompilerABI.c.o   -c /usr/share/cmake-3.16/Modules/CMakeCCompilerABI.c
Using built-in specs.
COLLECT_GCC=/usr/bin/cc
OFFLOAD_TARGET_NAMES=nvptx-none:hsa
OFFLOAD_TARGET_DEFAULT=1
Target: x86_64-linux-gnu
Configured with: ../src/configure -v --with-pkgversion='Ubuntu 9.4.0-1ubuntu1~20.04.2' --with-bugurl=file:///usr/share/doc/gcc-9/README.Bugs --enable-languages=c,ada,c++,go,brig,d,fortran,objc,obj-c++,gm2 --prefix=/usr --with-gcc-major-version-only --program-suffix=-9 --program-prefix=x86_64-linux-gnu- --enable-shared --enable-linker-build-id --libexecdir=/usr/lib --without-included-gettext --enable-threads=posix --libdir=/usr/lib --enable-nls --enable-clocale=gnu --enable-libstdcxx-debug --enable-libstdcxx-time=yes --with-default-libstdcxx-abi=new --enable-gnu-unique-object --disable-vtable-verify --enable-plugin --enable-default-pie --with-system-zlib --with-target-system-zlib=auto --enable-objc-gc=auto --enable-multiarch --disable-werror --with-arch-32=i686 --with-abi=m64 --with-multilib-list=m32,m64,mx32 --enable-multilib --with-tune=generic --enable-offload-targets=nvptx-none=/build/gcc-9-9QDOt0/gcc-9-9.4.0/debian/tmp-nvptx/usr,hsa --without-cuda-driver --enable-checking=release --build=x86_64-linux-gnu --host=x86_64-linux-gnu --target=x86_64-linux-gnu
Thread model: posix
gcc version 9.4.0 (Ubuntu 9.4.0-1ubuntu1~20.04.2) 
COLLECT_GCC_OPTIONS='-v' '-o' 'CMakeFiles/cmTC_8a027.dir/CMakeCCompilerABI.c.o' '-c' '-mtune=generic' '-march=x86-64'
 /usr/lib/gcc/x86_64-linux-gnu/9/cc1 -quiet -v -imultiarch x86_64-linux-gnu /usr/share/cmake-3.16/Modules/CMakeCCompilerABI.c -quiet -dumpbase CMakeCCompilerABI.c -mtune=generic -march=x86-64 -auxbase-strip CMakeFiles/cmTC_8a027.dir/CMakeCCompilerABI.c.o -version -fasynchronous-unwind-tables -fstack-protector-strong -Wformat -Wformat-security -fstack-clash-protection -fcf-protection -o /tmp/ccHRC1L1.s
GNU C17 (Ubuntu 9.4.0-1ubuntu1~20.04.2) version 9.4.0 (x86_64-linux-gnu)
	compiled by GNU C version 9.4.0, GMP version 6.2.0, MPFR version 4.0.2, MPC version 1.1.0, isl version isl-0.22.1-GMP

GGC heuristics: --param ggc-min-expand=100 --param ggc-min-heapsize=131072
ignoring nonexistent directory "/usr/local/include/x86_64-linux-gnu"
ignoring nonexistent directory "/usr/lib/gcc/x86_64-linux-gnu/9/include-fixed"
ignoring nonexistent directory "/usr/lib/gcc/x86_64-linux-gnu/9/../../../../x86_64-linux-gnu/include"
#include "..." search starts here:
#include <...> search starts here:
 /usr/lib/gcc/x86_64-linux-gnu/9/include
 /usr/local/include
 /usr/include/x86_64-linux-gnu
 /usr/include
End of search list.
GNU C17 (Ubuntu 9.4.0-1ubuntu1~20.04.2) version 9.4.0 (x86_64-linux-gnu)
	compiled by GNU C version 9.4.0, GMP version 6.2.0, MPFR version 4.0.2, MPC version 1.1.0, isl version isl-0.22.1-GMP

GGC heuristics: --param ggc-min-expand=100 --param ggc-min-heapsize=131072
Compiler executable checksum: 01da938ff5dc2163489aa33cb3b747a7
COLLECT_GCC_OPTIONS='-v' '-o' 'CMakeFiles/cmTC_8a027.dir/CMakeCCompilerABI.c.o' '-c' '-mtune=generic' '-march=x86-64'
 as -v --64 -o CMakeFiles/cmTC_8a027.dir/CMakeCCompilerABI.c.o /tmp/ccHRC1L1.s
GNU assembler version 2.34 (x86_64-linux-gnu) using BFD version (GNU Binutils for Ubuntu) 2.34
COMPILER_PATH=/usr/lib/gcc/x86_64-linux-gnu/9/:/usr/lib/gcc/x86_64-linux-gnu/9/:/usr/lib/gcc/x86_64-linux-gnu/:/usr/lib/gcc/x86_64-linux-gnu/9/:/usr/lib/gcc/x86_64-linux-gnu/
LIBRARY_PATH=/usr/lib/gcc/x86_64-linux-gnu/9/:/usr/lib/gcc/x86_64-linux-gnu/9/../../../x86_64-linux-gnu/:/usr/lib/gcc/x86_64-linux-gnu/9/../../../../lib/:/lib/x86_64-linux-gnu/:/lib/../lib/:/usr/lib/x86_64-linux-gnu/:/usr/lib/../lib/:/usr/lib/gcc/x86_64-linux-gnu/9/../../../:/lib/:/usr/lib/
COLLECT_GCC_OPTIONS='-v' '-o' 'CMakeFiles/cmTC_8a027.dir/CMakeCCompilerABI.c.o' '-c' '-mtune=generic' '-march=x86-64'
Linking C executable cmTC_8a027
/usr/bin/cmake -E cmake_link_script CMakeFiles/cmTC_8a027.dir/link.txt --verbose=1
/usr/bin/cc     -v -rdynamic CMakeFiles/cmTC_8a027.dir/CMakeCCompilerABI.c.o  -o cmTC_8a027 
Using built-in specs.
COLLECT_GCC=/usr/bin/cc
COLLECT_LTO_WRAPPER=/usr/lib/gcc/x86_64-linux-gnu/9/lto-wrapper
OFFLOAD_TARGET_NAMES=nvptx-none:hsa
OFFLOAD_TARGET_DEFAULT=1
Target: x86_64-linux-gnu
Configured with: ../src/configure -v --with-pkgversion='Ubuntu 9.4.0-1ubuntu1~20.04.2' --with-bugurl=file:///usr/share/doc/gcc-9/README.Bugs --enable-languages=c,ada,c++,go,brig,d,fortran,objc,obj-c++,gm2 --prefix=/usr --with-gcc-major-version-only --program-suffix=-9 --program-prefix=x86_64-linux-gnu- --enable-shared --enable-linker-build-id --libexecdir=/usr/lib --without-included-gettext --enable-threads=posix --libdir=/usr/lib --enable-nls --enable-clocale=gnu --enable-libstdcxx-debug --enable-libstdcxx-time=yes --with-default-libstdcxx-abi=new --enable-gnu-unique-object --disable-vtable-verify --enable-plugin --enable-default-pie --with-system-zlib --with-target-system-zlib=auto --enable-objc-gc=auto --enable-multiarch --disable-werror --with-arch-32=i686 --with-abi=m64 --with-multilib-list=m32,m64,mx32 --enable-multilib --with-tune=generic --enable-offload-targets=nvptx-none=/build/gcc-9-9QDOt0/gcc-9-9.4.0/debian/tmp-nvptx/usr,hsa --without-cuda-driver --enable-checking=release --build=x86_64-linux-gnu --host=x86_64-linux-gnu --target=x86_64-linux-gnu
Thread model: posix
gcc version 9.4.0 (Ubuntu 9.4.0-1ubuntu1~20.04.2) 
COMPILER_PATH=/usr/lib/gcc/x86_64-linux-gnu/9/:/usr/lib/gcc/x86_64-linux-gnu/9/:/usr/lib/gcc/x86_64-linux-gnu/:/usr/lib/gcc/x86_64-linux-gnu/9/:/usr/lib/gcc/x86_64-linux-gnu/
LIBRARY_PATH=/usr/lib/gcc/x86_64-linux-gnu/9/:/usr/lib/gcc/x86_64-linux-gnu/9/../../../x86_64-linux-gnu/:/usr/lib/gcc/x86_64-linux-gnu/9/../../../../lib/:/lib/x86_64-linux-gnu/:/lib/../lib/:/usr/lib/x86_64-linux-gnu/:/usr/lib/../lib/:/usr/lib/gcc/x86_64-linux-gnu/9/../../../:/lib/:/usr/lib/
COLLECT_GCC_OPTIONS='-v' '-rdynamic' '-o' 'cmTC_8a027' '-mtune=generic' '-march=x86-64'
 /usr/lib/gcc/x86_64-linux-gnu/9/collect2 -plugin /usr/lib/gcc/x86_64-linux-gnu/9/liblto_plugin.so -plugin-opt=/usr/lib/gcc/x86_64-linux-gnu/9/lto-wrapper -plugin-opt=-fresolution=/tmp/ccDwrCOw.res -plugin-opt=-pass-through=-lgcc -plugin-opt=-pass-through=-lgcc_s -plugin-opt=-pass-through=-lc -plugin-opt=-pass-through=-lgcc -plugin-opt=-pass-through=-lgcc_s --build-id --eh-frame-hdr -m elf_x86_64 --hash-style=gnu --as-needed -export-dynamic -dynamic-linker /lib64/ld-linux-x86-64.so.2 -pie -z now -z relro -o cmTC_8a027 /usr/lib/gcc/x86_64-linux-gnu/9/../../../x86_64-linux-gnu/Scrt1.o /usr/lib/gcc/x86_64-linux-gnu/9/../../../x86_64-linux-gnu/crti.o /usr/lib/gcc/x86_64-linux-gnu/9/crtbeginS.o -L/usr/lib/gcc/x86_64-linux-gnu/9 -L/usr/lib/gcc/x86_64-linux-gnu/9/../../../x86_64-linux-gnu -L/usr/lib/gcc/x86_64-linux-gnu/9/../../../../lib -L/lib/x86_64-linux-gnu -L/lib/../lib -L/usr/lib/x86_64-linux-gnu -L/usr/lib/../lib -L/usr/lib/gcc/x86_64-linux-gnu/9/../../.. CMakeFiles/cmTC_8a027.dir/CMakeCCompilerABI.c.o -lgcc --push-state --as-needed -lgcc_s --pop-state -lc -lgcc --push-state --as-needed -lgcc_s --pop-state /usr/lib/gcc/x86_64-linux-gnu/9/crtendS.o /usr/lib/gcc/x86_64-linux-gnu/9/../../../x86_64-linux-gnu/crtn.o
COLLECT_GCC_OPTIONS='-v' '-rdynamic' '-o' 'cmTC_8a027' '-mtune=generic' '-march=x86-64'
make[4]: Leaving directory '/workspaces/prj/2d-FD-porous/buildAmd64/Eigen-prefix/src/Eigen-build/CMakeFiles/CMakeTmp'
make[3]: Leaving directory '/workspaces/prj/2d-FD-porous/buildAmd64/Eigen-prefix/src/Eigen-build/CMakeFiles/CMakeTmp'



Parsed C implicit include dir info from above output: rv=done
  found start of include info
  found start of implicit include info
    add: [/usr/lib/gcc/x86_64-linux-gnu/9/include]
    add: [/usr/local/include]
    add: [/usr/include/x86_64-linux-gnu]
    add: [/usr/include]
  end of search list found
  collapse include dir [/usr/lib/gcc/x86_64-linux-gnu/9/include] ==> [/usr/lib/gcc/x86_64-linux-gnu/9/include]
  collapse include dir [/usr/local/include] ==> [/usr/local/include]
  collapse include dir [/usr/include/x86_64-linux-gnu] ==> [/usr/include/x86_64-linux-gnu]
  collapse include dir [/usr/include] ==> [/usr/include]
  implicit include dirs: [/usr/lib/gcc/x86_64-linux-gnu/9/include;/usr/local/include;/usr/include/x86_64-linux-gnu;/usr/include]


Parsed C implicit link information from above output:
  link line regex: [^( *|.*[/\])(ld|CMAKE_LINK_STARTFILE-NOTFOUND|([^/\]+-)?ld|collect2)[^/\]*( |$)]
  ignore line: [Change Dir: /workspaces/prj/2d-FD-porous/buildAmd64/Eigen-prefix/src/Eigen-build/CMakeFiles/CMakeTmp]
  ignore line: []
  ignore line: [Run Build Command(s):/usr/bin/make cmTC_8a027/fast && make[3]: Entering directory '/workspaces/prj/2d-FD-porous/buildAmd64/Eigen-prefix/src/Eigen-build/CMakeFiles/CMakeTmp']
  ignore line: [/usr/bin/make -f CMakeFiles/cmTC_8a027.dir/build.make CMakeFiles/cmTC_8a027.dir/build]
  ignore line: [make[4]: Entering directory '/workspaces/prj/2d-FD-porous/buildAmd64/Eigen-prefix/src/Eigen-build/CMakeFiles/CMakeTmp']
  ignore line: [Building C object CMakeFiles/cmTC_8a027.dir/CMakeCCompilerABI.c.o]
  ignore line: [/usr/bin/cc   -v -o CMakeFiles/cmTC_8a027.dir/CMakeCCompilerABI.c.o   -c /usr/share/cmake-3.16/Modules/CMakeCCompilerABI.c]
  ignore line: [Using built-in specs.]
  ignore line: [COLLECT_GCC=/usr/bin/cc]
  ignore line: [OFFLOAD_TARGET_NAMES=nvptx-none:hsa]
  ignore line: [OFFLOAD_TARGET_DEFAULT=1]
  ignore line: [Target: x86_64-linux-gnu]
  ignore line: [Configured with: ../src/configure -v --with-pkgversion='Ubuntu 9.4.0-1ubuntu1~20.04.2' --with-bugurl=file:///usr/share/doc/gcc-9/README.Bugs --enable-languages=c ada c++ go brig d fortran objc obj-c++ gm2 --prefix=/usr --with-gcc-major-version-only --program-suffix=-9 --program-prefix=x86_64-linux-gnu- --enable-shared --enable-linker-build-id --libexecdir=/usr/lib --without-included-gettext --enable-threads=posix --libdir=/usr/lib --enable-nls --enable-clocale=gnu --enable-libstdcxx-debug --enable-libstdcxx-time=yes --with-default-libstdcxx-abi=new --enable-gnu-unique-object --disable-vtable-verify --enable-plugin --enable-default-pie --with-system-zlib --with-target-system-zlib=auto --enable-objc-gc=auto --enable-multiarch --disable-werror --with-arch-32=i686 --with-abi=m64 --with-multilib-list=m32 m64 mx32 --enable-multilib --with-tune=generic --enable-offload-targets=nvptx-none=/build/gcc-9-9QDOt0/gcc-9-9.4.0/debian/tmp-nvptx/usr hsa --without-cuda-driver --enable-checking=release --build=x86_64-linux-gnu --host=x86_64-linux-gnu --target=x86_64-linux-gnu]
  ignore line: [Thread model: posix]
  ignore line: [gcc version 9.4.0 (Ubuntu 9.4.0-1ubuntu1~20.04.2) ]
  ignore line: [COLLECT_GCC_OPTIONS='-v' '-o' 'CMakeFiles/cmTC_8a027.dir/CMakeCCompilerABI.c.o' '-c' '-mtune=generic' '-march=x86-64']
  ignore line: [ /usr/lib/gcc/x86_64-linux-gnu/9/cc1 -quiet -v -imultiarch x86_64-linux-gnu /usr/share/cmake-3.16/Modules/CMakeCCompilerABI.c -quiet -dumpbase CMakeCCompilerABI.c -mtune=generic -march=x86-64 -auxbase-strip CMakeFiles/cmTC_8a027.dir/CMakeCCompilerABI.c.o -version -fasynchronous-unwind-tables -fstack-protector-strong -Wformat -Wformat-security -fstack-clash-protection -fcf-protection -o /tmp/ccHRC1L1.s]
  ignore line: [GNU C17 (Ubuntu 9.4.0-1ubuntu1~20.04.2) version 9.4.0 (x86_64-linux-gnu)]
  ignore line: [	compiled by GNU C version 9.4.0  GMP version 6.2.0  MPFR version 4.0.2  MPC version 1.1.0  isl version isl-0.22.1-GMP]
  ignore line: []
  ignore line: [GGC heuristics: --param ggc-min-expand=100 --param ggc-min-heapsize=131072]
  ignore line: [ignoring nonexistent directory "/usr/local/include/x86_64-linux-gnu"]
  ignore line: [ignoring nonexistent directory "/usr/lib/gcc/x86_64-linux-gnu/9/include-fixed"]
  ignore line: [ignoring nonexistent directory "/usr/lib/gcc/x86_64-linux-gnu/9/../../../../x86_64-linux-gnu/include"]
  ignore line: [#include "..." search starts here:]
  ignore line: [#include <...> search starts here:]
  ignore line: [ /usr/lib/gcc/x86_64-linux-gnu/9/include]
  ignore line: [ /usr/local/include]
  ignore line: [ /usr/include/x86_64-linux-gnu]
  ignore line: [ /usr/include]
  ignore line: [End of search list.]
  ignore line: [GNU C17 (Ubuntu 9.4.0-1ubuntu1~20.04.2) version 9.4.0 (x86_64-linux-gnu)]
  ignore line: [	compiled by GNU C version 9.4.0  GMP version 6.2.0  MPFR version 4.0.2  MPC version 1.1.0  isl version isl-0.22.1-GMP]
  ignore line: []
  ignore line: [GGC heuristics: --param ggc-min-expand=100 --param ggc-min-heapsize=131072]
  ignore line: [Compiler executable checksum: 01da938ff5dc2163489aa33cb3b747a7]
  ignore line: [COLLECT_GCC_OPTIONS='-v' '-o' 'CMakeFiles/cmTC_8a027.dir/CMakeCCompilerABI.c.o' '-c' '-mtune=generic' '-march=x86-64']
  ignore line: [ as -v --64 -o CMakeFiles/cmTC_8a027.dir/CMakeCCompilerABI.c.o /tmp/ccHRC1L1.s]
  ignore line: [GNU assembler version 2.34 (x86_64-linux-gnu) using BFD version (GNU Binutils for Ubuntu) 2.34]
  ignore line: [COMPILER_PATH=/usr/lib/gcc/x86_64-linux-gnu/9/:/usr/lib/gcc/x86_64-linux-gnu/9/:/usr/lib/gcc/x86_64-linux-gnu/:/usr/lib/gcc/x86_64-linux-gnu/9/:/usr/lib/gcc/x86_64-linux-gnu/]
  ignore line: [LIBRARY_PATH=/usr/lib/gcc/x86_64-linux-gnu/9/:/usr/lib/gcc/x86_64-linux-gnu/9/../../../x86_64-linux-gnu/:/usr/lib/gcc/x86_64-linux-gnu/9/../../../../lib/:/lib/x86_64-linux-gnu/:/lib/../lib/:/usr/lib/x86_64-linux-gnu/:/usr/lib/../lib/:/usr/lib/gcc/x86_64-linux-gnu/9/../../../:/lib/:/usr/lib/]
  ignore line: [COLLECT_GCC_OPTIONS='-v' '-o' 'CMakeFiles/cmTC_8a027.dir/CMakeCCompilerABI.c.o' '-c' '-mtune=generic' '-march=x86-64']
  ignore line: [Linking C executable cmTC_8a027]
  ignore line: [/usr/bin/cmake -E cmake_link_script CMakeFiles/cmTC_8a027.dir/link.txt --verbose=1]
  ignore line: [/usr/bin/cc     -v -rdynamic CMakeFiles/cmTC_8a027.dir/CMakeCCompilerABI.c.o  -o cmTC_8a027 ]
  ignore line: [Using built-in specs.]
  ignore line: [COLLECT_GCC=/usr/bin/cc]
  ignore line: [COLLECT_LTO_WRAPPER=/usr/lib/gcc/x86_64-linux-gnu/9/lto-wrapper]
  ignore line: [OFFLOAD_TARGET_NAMES=nvptx-none:hsa]
  ignore line: [OFFLOAD_TARGET_DEFAULT=1]
  ignore line: [Target: x86_64-linux-gnu]
  ignore line: [Configured with: ../src/configure -v --with-pkgversion='Ubuntu 9.4.0-1ubuntu1~20.04.2' --with-bugurl=file:///usr/share/doc/gcc-9/README.Bugs --enable-languages=c ada c++ go brig d fortran objc obj-c++ gm2 --prefix=/usr --with-gcc-major-version-only --program-suffix=-9 --program-prefix=x86_64-linux-gnu- --enable-shared --enable-linker-build-id --libexecdir=/usr/lib --without-included-gettext --enable-threads=posix --libdir=/usr/lib --enable-nls --enable-clocale=gnu --enable-libstdcxx-debug --enable-libstdcxx-time=yes --with-default-libstdcxx-abi=new --enable-gnu-unique-object --disable-vtable-verify --enable-plugin --enable-default-pie --with-system-zlib --with-target-system-zlib=auto --enable-objc-gc=auto --enable-multiarch --disable-werror --with-arch-32=i686 --with-abi=m64 --with-multilib-list=m32 m64 mx32 --enable-multilib --with-tune=generic --enable-offload-targets=nvptx-none=/build/gcc-9-9QDOt0/gcc-9-9.4.0/debian/tmp-nvptx/usr hsa --without-cuda-driver --enable-checking=release --build=x86_64-linux-gnu --host=x86_64-linux-gnu --target=x86_64-linux-gnu]
  ignore line: [Thread model: posix]
  ignore line: [gcc version 9.4.0 (Ubuntu 9.4.0-1ubuntu1~20.04.2) ]
  ignore line: [COMPILER_PATH=/usr/lib/gcc/x86_64-linux-gnu/9/:/usr/lib/gcc/x86_64-linux-gnu/9/:/usr/lib/gcc/x86_64-linux-gnu/:/usr/lib/gcc/x86_64-linux-gnu/9/:/usr/lib/gcc/x86_64-linux-gnu/]
  ignore line: [LIBRARY_PATH=/usr/lib/gcc/x86_64-linux-gnu/9/:/usr/lib/gcc/x86_64-linux-gnu/9/../../../x86_64-linux-gnu/:/usr/lib/gcc/x86_64-linux-gnu/9/../../../../lib/:/lib/x86_64-linux-gnu/:/lib/../lib/:/usr/lib/x86_64-linux-gnu/:/usr/lib/../lib/:/usr/lib/gcc/x86_64-linux-gnu/9/../../../:/lib/:/usr/lib/]
  ignore line: [COLLECT_GCC_OPTIONS='-v' '-rdynamic' '-o' 'cmTC_8a027' '-mtune=generic' '-march=x86-64']
  link line: [ /usr/lib/gcc/x86_64-linux-gnu/9/collect2 -plugin /usr/lib/gcc/x86_64-linux-gnu/9/liblto_plugin.so -plugin-opt=/usr/lib/gcc/x86_64-linux-gnu/9/lto-wrapper -plugin-opt=-fresolution=/tmp/ccDwrCOw.res -plugin-opt=-pass-through=-lgcc -plugin-opt=-pass-through=-lgcc_s -plugin-opt=-pass-through=-lc -plugin-opt=-pass-through=-lgcc -plugin-opt=-pass-through=-lgcc_s --build-id --eh-frame-hdr -m elf_x86_64 --hash-style=gnu --as-needed -export-dynamic -dynamic-linker /lib64/ld-linux-x86-64.so.2 -pie -z now -z relro -o cmTC_8a027 /usr/lib/gcc/x86_64-linux-gnu/9/../../../x86_64-linux-gnu/Scrt1.o /usr/lib/gcc/x86_64-linux-gnu/9/../../../x86_64-linux-gnu/crti.o /usr/lib/gcc/x86_64-linux-gnu/9/crtbeginS.o -L/usr/lib/gcc/x86_64-linux-gnu/9 -L/usr/lib/gcc/x86_64-linux-gnu/9/../../../x86_64-linux-gnu -L/usr/lib/gcc/x86_64-linux-gnu/9/../../../../lib -L/lib/x86_64-linux-gnu -L/lib/../lib -L/usr/lib/x86_64-linux-gnu -L/usr/lib/../lib -L/usr/lib/gcc/x86_64-linux-gnu/9/../../.. CMakeFiles/cmTC_8a027.dir/CMakeCCompilerABI.c.o -lgcc --push-state --as-needed -lgcc_s --pop-state -lc -lgcc --push-state --as-needed -lgcc_s --pop-state /usr/lib/gcc/x86_64-linux-gnu/9/crtendS.o /usr/lib/gcc/x86_64-linux-gnu/9/../../../x86_64-linux-gnu/crtn.o]
    arg [/usr/lib/gcc/x86_64-linux-gnu/9/collect2] ==> ignore
    arg [-plugin] ==> ignore
    arg [/usr/lib/gcc/x86_64-linux-gnu/9/liblto_plugin.so] ==> ignore
    arg [-plugin-opt=/usr/lib/gcc/x86_64-linux-gnu/9/lto-wrapper] ==> ignore
    arg [-plugin-opt=-fresolution=/tmp/ccDwrCOw.res] ==> ignore
    arg [-plugin-opt=-pass-through=-lgcc] ==> ignore
    arg [-plugin-opt=-pass-through=-lgcc_s] ==> ignore
    arg [-plugin-opt=-pass-through=-lc] ==> ignore
    arg [-plugin-opt=-pass-through=-lgcc] ==> ignore
    arg [-plugin-opt=-pass-through=-lgcc_s] ==> ignore
    arg [--build-id] ==> ignore
    arg [--eh-frame-hdr] ==> ignore
    arg [-m] ==> ignore
    arg [elf_x86_64] ==> ignore
    arg [--hash-style=gnu] ==> ignore
    arg [--as-needed] ==> ignore
    arg [-export-dynamic] ==> ignore
    arg [-dynamic-linker] ==> ignore
    arg [/lib64/ld-linux-x86-64.so.2] ==> ignore
    arg [-pie] ==> ignore
    arg [-znow] ==> ignore
    arg [-zrelro] ==> ignore
    arg [-o] ==> ignore
    arg [cmTC_8a027] ==> ignore
    arg [/usr/lib/gcc/x86_64-linux-gnu/9/../../../x86_64-linux-gnu/Scrt1.o] ==> ignore
    arg [/usr/lib/gcc/x86_64-linux-gnu/9/../../../x86_64-linux-gnu/crti.o] ==> ignore
    arg [/usr/lib/gcc/x86_64-linux-gnu/9/crtbeginS.o] ==> ignore
    arg [-L/usr/lib/gcc/x86_64-linux-gnu/9] ==> dir [/usr/lib/gcc/x86_64-linux-gnu/9]
    arg [-L/usr/lib/gcc/x86_64-linux-gnu/9/../../../x86_64-linux-gnu] ==> dir [/usr/lib/gcc/x86_64-linux-gnu/9/../../../x86_64-linux-gnu]
    arg [-L/usr/lib/gcc/x86_64-linux-gnu/9/../../../../lib] ==> dir [/usr/lib/gcc/x86_64-linux-gnu/9/../../../../lib]
    arg [-L/lib/x86_64-linux-gnu] ==> dir [/lib/x86_64-linux-gnu]
    arg [-L/lib/../lib] ==> dir [/lib/../lib]
    arg [-L/usr/lib/x86_64-linux-gnu] ==> dir [/usr/lib/x86_64-linux-gnu]
    arg [-L/usr/lib/../lib] ==> dir [/usr/lib/../lib]
    arg [-L/usr/lib/gcc/x86_64-linux-gnu/9/../../..] ==> dir [/usr/lib/gcc/x86_64-linux-gnu/9/../../..]
    arg [CMakeFiles/cmTC_8a027.dir/CMakeCCompilerABI.c.o] ==> ignore
    arg [-lgcc] ==> lib [gcc]
    arg [--push-state] ==> ignore
    arg [--as-needed] ==> ignore
    arg [-lgcc_s] ==> lib [gcc_s]
    arg [--pop-state] ==> ignore
    arg [-lc] ==> lib [c]
    arg [-lgcc] ==> lib [gcc]
    arg [--push-state] ==> ignore
    arg [--as-needed] ==> ignore
    arg [-lgcc_s] ==> lib [gcc_s]
    arg [--pop-state] ==> ignore
    arg [/usr/lib/gcc/x86_64-linux-gnu/9/crtendS.o] ==> ignore
    arg [/usr/lib/gcc/x86_64-linux-gnu/9/../../../x86_64-linux-gnu/crtn.o] ==> ignore
  collapse library dir [/usr/lib/gcc/x86_64-linux-gnu/9] ==> [/usr/lib/gcc/x86_64-linux-gnu/9]
  collapse library dir [/usr/lib/gcc/x86_64-linux-gnu/9/../../../x86_64-linux-gnu] ==> [/usr/lib/x86_64-linux-gnu]
  collapse library dir [/usr/lib/gcc/x86_64-linux-gnu/9/../../../../lib] ==> [/usr/lib]
  collapse library dir [/lib/x86_64-linux-gnu] ==> [/lib/x86_64-linux-gnu]
  collapse library dir [/lib/../lib] ==> [/lib]
  collapse library dir [/usr/lib/x86_64-linux-gnu] ==> [/usr/lib/x86_64-linux-gnu]
  collapse library dir [/usr/lib/../lib] ==> [/usr/lib]
  collapse library dir [/usr/lib/gcc/x86_64-linux-gnu/9/../../..] ==> [/usr/lib]
  implicit libs: [gcc;gcc_s;c;gcc;gcc_s]
  implicit dirs: [/usr/lib/gcc/x86_64-linux-gnu/9;/usr/lib/x86_64-linux-gnu;/usr/lib;/lib/x86_64-linux-gnu;/lib]
  implicit fwks: []


Determining if the CXX compiler works passed with the following output:
Change Dir: /workspaces/prj/2d-FD-porous/buildAmd64/Eigen-prefix/src/Eigen-build/CMakeFiles/CMakeTmp

Run Build Command(s):/usr/bin/make cmTC_72b84/fast && make[3]: Entering directory '/workspaces/prj/2d-FD-porous/buildAmd64/Eigen-prefix/src/Eigen-build/CMakeFiles/CMakeTmp'
/usr/bin/make -f CMakeFiles/cmTC_72b84.dir/build.make CMakeFiles/cmTC_72b84.dir/build
make[4]: Entering directory '/workspaces/prj/2d-FD-porous/buildAmd64/Eigen-prefix/src/Eigen-build/CMakeFiles/CMakeTmp'
Building CXX object CMakeFiles/cmTC_72b84.dir/testCXXCompiler.cxx.o
/usr/bin/c++     -o CMakeFiles/cmTC_72b84.dir/testCXXCompiler.cxx.o -c /workspaces/prj/2d-FD-porous/buildAmd64/Eigen-prefix/src/Eigen-build/CMakeFiles/CMakeTmp/testCXXCompiler.cxx
Linking CXX executable cmTC_72b84
/usr/bin/cmake -E cmake_link_script CMakeFiles/cmTC_72b84.dir/link.txt --verbose=1
/usr/bin/c++       -rdynamic CMakeFiles/cmTC_72b84.dir/testCXXCompiler.cxx.o  -o cmTC_72b84 
make[4]: Leaving directory '/workspaces/prj/2d-FD-porous/buildAmd64/Eigen-prefix/src/Eigen-build/CMakeFiles/CMakeTmp'
make[3]: Leaving directory '/workspaces/prj/2d-FD-porous/buildAmd64/Eigen-prefix/src/Eigen-build/CMakeFiles/CMakeTmp'



Detecting CXX compiler ABI info compiled with the following output:
Change Dir: /workspaces/prj/2d-FD-porous/buildAmd64/Eigen-prefix/src/Eigen-build/CMakeFiles/CMakeTmp

Run Build Command(s):/usr/bin/make cmTC_fc0ee/fast && make[3]: Entering directory '/workspaces/prj/2d-FD-porous/buildAmd64/Eigen-prefix/src/Eigen-build/CMakeFiles/CMakeTmp'
/usr/bin/make -f CMakeFiles/cmTC_fc0ee.dir/build.make CMakeFiles/cmTC_fc0ee.dir/build
make[4]: Entering directory '/workspaces/prj/2d-FD-porous/buildAmd64/Eigen-prefix/src/Eigen-build/CMakeFiles/CMakeTmp'
Building CXX object CMakeFiles/cmTC_fc0ee.dir/CMakeCXXCompilerABI.cpp.o
/usr/bin/c++    -v -o CMakeFiles/cmTC_fc0ee.dir/CMakeCXXCompilerABI.cpp.o -c /usr/share/cmake-3.16/Modules/CMakeCXXCompilerABI.cpp
Using built-in specs.
COLLECT_GCC=/usr/bin/c++
OFFLOAD_TARGET_NAMES=nvptx-none:hsa
OFFLOAD_TARGET_DEFAULT=1
Target: x86_64-linux-gnu
Configured with: ../src/configure -v --with-pkgversion='Ubuntu 9.4.0-1ubuntu1~20.04.2' --with-bugurl=file:///usr/share/doc/gcc-9/README.Bugs --enable-languages=c,ada,c++,go,brig,d,fortran,objc,obj-c++,gm2 --prefix=/usr --with-gcc-major-version-only --program-suffix=-9 --program-prefix=x86_64-linux-gnu- --enable-shared --enable-linker-build-id --libexecdir=/usr/lib --without-included-gettext --enable-threads=posix --libdir=/usr/lib --enable-nls --enable-clocale=gnu --enable-libstdcxx-debug --enable-libstdcxx-time=yes --with-default-libstdcxx-abi=new --enable-gnu-unique-object --disable-vtable-verify --enable-plugin --enable-default-pie --with-system-zlib --with-target-system-zlib=auto --enable-objc-gc=auto --enable-multiarch --disable-werror --with-arch-32=i686 --with-abi=m64 --with-multilib-list=m32,m64,mx32 --enable-multilib --with-tune=generic --enable-offload-targets=nvptx-none=/build/gcc-9-9QDOt0/gcc-9-9.4.0/debian/tmp-nvptx/usr,hsa --without-cuda-driver --enable-checking=release --build=x86_64-linux-gnu --host=x86_64-linux-gnu --target=x86_64-linux-gnu
Thread model: posix
gcc version 9.4.0 (Ubuntu 9.4.0-1ubuntu1~20.04.2) 
COLLECT_GCC_OPTIONS='-v' '-o' 'CMakeFiles/cmTC_fc0ee.dir/CMakeCXXCompilerABI.cpp.o' '-c' '-shared-libgcc' '-mtune=generic' '-march=x86-64'
 /usr/lib/gcc/x86_64-linux-gnu/9/cc1plus -quiet -v -imultiarch x86_64-linux-gnu -D_GNU_SOURCE /usr/share/cmake-3.16/Modules/CMakeCXXCompilerABI.cpp -quiet -dumpbase CMakeCXXCompilerABI.cpp -mtune=generic -march=x86-64 -auxbase-strip CMakeFiles/cmTC_fc0ee.dir/CMakeCXXCompilerABI.cpp.o -version -fasynchronous-unwind-tables -fstack-protector-strong -Wformat -Wformat-security -fstack-clash-protection -fcf-protection -o /tmp/ccNYQIjQ.s
GNU C++14 (Ubuntu 9.4.0-1ubuntu1~20.04.2) version 9.4.0 (x86_64-linux-gnu)
	compiled by GNU C version 9.4.0, GMP version 6.2.0, MPFR version 4.0.2, MPC version 1.1.0, isl version isl-0.22.1-GMP

GGC heuristics: --param ggc-min-expand=100 --param ggc-min-heapsize=131072
ignoring duplicate directory "/usr/include/x86_64-linux-gnu/c++/9"
ignoring nonexistent directory "/usr/local/include/x86_64-linux-gnu"
ignoring nonexistent directory "/usr/lib/gcc/x86_64-linux-gnu/9/include-fixed"
ignoring nonexistent directory "/usr/lib/gcc/x86_64-linux-gnu/9/../../../../x86_64-linux-gnu/include"
#include "..." search starts here:
#include <...> search starts here:
 /usr/include/c++/9
 /usr/include/x86_64-linux-gnu/c++/9
 /usr/include/c++/9/backward
 /usr/lib/gcc/x86_64-linux-gnu/9/include
 /usr/local/include
 /usr/include/x86_64-linux-gnu
 /usr/include
End of search list.
GNU C++14 (Ubuntu 9.4.0-1ubuntu1~20.04.2) version 9.4.0 (x86_64-linux-gnu)
	compiled by GNU C version 9.4.0, GMP version 6.2.0, MPFR version 4.0.2, MPC version 1.1.0, isl version isl-0.22.1-GMP

GGC heuristics: --param ggc-min-expand=100 --param ggc-min-heapsize=131072
Compiler executable checksum: 3d1eba838554fa2348dba760e4770469
COLLECT_GCC_OPTIONS='-v' '-o' 'CMakeFiles/cmTC_fc0ee.dir/CMakeCXXCompilerABI.cpp.o' '-c' '-shared-libgcc' '-mtune=generic' '-march=x86-64'
 as -v --64 -o CMakeFiles/cmTC_fc0ee.dir/CMakeCXXCompilerABI.cpp.o /tmp/ccNYQIjQ.s
GNU assembler version 2.34 (x86_64-linux-gnu) using BFD version (GNU Binutils for Ubuntu) 2.34
COMPILER_PATH=/usr/lib/gcc/x86_64-linux-gnu/9/:/usr/lib/gcc/x86_64-linux-gnu/9/:/usr/lib/gcc/x86_64-linux-gnu/:/usr/lib/gcc/x86_64-linux-gnu/9/:/usr/lib/gcc/x86_64-linux-gnu/
LIBRARY_PATH=/usr/lib/gcc/x86_64-linux-gnu/9/:/usr/lib/gcc/x86_64-linux-gnu/9/../../../x86_64-linux-gnu/:/usr/lib/gcc/x86_64-linux-gnu/9/../../../../lib/:/lib/x86_64-linux-gnu/:/lib/../lib/:/usr/lib/x86_64-linux-gnu/:/usr/lib/../lib/:/usr/lib/gcc/x86_64-linux-gnu/9/../../../:/lib/:/usr/lib/
COLLECT_GCC_OPTIONS='-v' '-o' 'CMakeFiles/cmTC_fc0ee.dir/CMakeCXXCompilerABI.cpp.o' '-c' '-shared-libgcc' '-mtune=generic' '-march=x86-64'
Linking CXX executable cmTC_fc0ee
/usr/bin/cmake -E cmake_link_script CMakeFiles/cmTC_fc0ee.dir/link.txt --verbose=1
/usr/bin/c++      -v -rdynamic CMakeFiles/cmTC_fc0ee.dir/CMakeCXXCompilerABI.cpp.o  -o cmTC_fc0ee 
Using built-in specs.
COLLECT_GCC=/usr/bin/c++
COLLECT_LTO_WRAPPER=/usr/lib/gcc/x86_64-linux-gnu/9/lto-wrapper
OFFLOAD_TARGET_NAMES=nvptx-none:hsa
OFFLOAD_TARGET_DEFAULT=1
Target: x86_64-linux-gnu
Configured with: ../src/configure -v --with-pkgversion='Ubuntu 9.4.0-1ubuntu1~20.04.2' --with-bugurl=file:///usr/share/doc/gcc-9/README.Bugs --enable-languages=c,ada,c++,go,brig,d,fortran,objc,obj-c++,gm2 --prefix=/usr --with-gcc-major-version-only --program-suffix=-9 --program-prefix=x86_64-linux-gnu- --enable-shared --enable-linker-build-id --libexecdir=/usr/lib --without-included-gettext --enable-threads=posix --libdir=/usr/lib --enable-nls --enable-clocale=gnu --enable-libstdcxx-debug --enable-libstdcxx-time=yes --with-default-libstdcxx-abi=new --enable-gnu-unique-object --disable-vtable-verify --enable-plugin --enable-default-pie --with-system-zlib --with-target-system-zlib=auto --enable-objc-gc=auto --enable-multiarch --disable-werror --with-arch-32=i686 --with-abi=m64 --with-multilib-list=m32,m64,mx32 --enable-multilib --with-tune=generic --enable-offload-targets=nvptx-none=/build/gcc-9-9QDOt0/gcc-9-9.4.0/debian/tmp-nvptx/usr,hsa --without-cuda-driver --enable-checking=release --build=x86_64-linux-gnu --host=x86_64-linux-gnu --target=x86_64-linux-gnu
Thread model: posix
gcc version 9.4.0 (Ubuntu 9.4.0-1ubuntu1~20.04.2) 
COMPILER_PATH=/usr/lib/gcc/x86_64-linux-gnu/9/:/usr/lib/gcc/x86_64-linux-gnu/9/:/usr/lib/gcc/x86_64-linux-gnu/:/usr/lib/gcc/x86_64-linux-gnu/9/:/usr/lib/gcc/x86_64-linux-gnu/
LIBRARY_PATH=/usr/lib/gcc/x86_64-linux-gnu/9/:/usr/lib/gcc/x86_64-linux-gnu/9/../../../x86_64-linux-gnu/:/usr/lib/gcc/x86_64-linux-gnu/9/../../../../lib/:/lib/x86_64-linux-gnu/:/lib/../lib/:/usr/lib/x86_64-linux-gnu/:/usr/lib/../lib/:/usr/lib/gcc/x86_64-linux-gnu/9/../../../:/lib/:/usr/lib/
COLLECT_GCC_OPTIONS='-v' '-rdynamic' '-o' 'cmTC_fc0ee' '-shared-libgcc' '-mtune=generic' '-march=x86-64'
 /usr/lib/gcc/x86_64-linux-gnu/9/collect2 -plugin /usr/lib/gcc/x86_64-linux-gnu/9/liblto_plugin.so -plugin-opt=/usr/lib/gcc/x86_64-linux-gnu/9/lto-wrapper -plugin-opt=-fresolution=/tmp/cc7sovZB.res -plugin-opt=-pass-through=-lgcc_s -plugin-opt=-pass-through=-lgcc -plugin-opt=-pass-through=-lc -plugin-opt=-pass-through=-lgcc_s -plugin-opt=-pass-through=-lgcc --build-id --eh-frame-hdr -m elf_x86_64 --hash-style=gnu --as-needed -export-dynamic -dynamic-linker /lib64/ld-linux-x86-64.so.2 -pie -z now -z relro -o cmTC_fc0ee /usr/lib/gcc/x86_64-linux-gnu/9/../../../x86_64-linux-gnu/Scrt1.o /usr/lib/gcc/x86_64-linux-gnu/9/../../../x86_64-linux-gnu/crti.o /usr/lib/gcc/x86_64-linux-gnu/9/crtbeginS.o -L/usr/lib/gcc/x86_64-linux-gnu/9 -L/usr/lib/gcc/x86_64-linux-gnu/9/../../../x86_64-linux-gnu -L/usr/lib/gcc/x86_64-linux-gnu/9/../../../../lib -L/lib/x86_64-linux-gnu -L/lib/../lib -L/usr/lib/x86_64-linux-gnu -L/usr/lib/../lib -L/usr/lib/gcc/x86_64-linux-gnu/9/../../.. CMakeFiles/cmTC_fc0ee.dir/CMakeCXXCompilerABI.cpp.o -lstdc++ -lm -lgcc_s -lgcc -lc -lgcc_s -lgcc /usr/lib/gcc/x86_64-linux-gnu/9/crtendS.o /usr/lib/gcc/x86_64-linux-gnu/9/../../../x86_64-linux-gnu/crtn.o
COLLECT_GCC_OPTIONS='-v' '-rdynamic' '-o' 'cmTC_fc0ee' '-shared-libgcc' '-mtune=generic' '-march=x86-64'
make[4]: Leaving directory '/workspaces/prj/2d-FD-porous/buildAmd64/Eigen-prefix/src/Eigen-build/CMakeFiles/CMakeTmp'
make[3]: Leaving directory '/workspaces/prj/2d-FD-porous/buildAmd64/Eigen-prefix/src/Eigen-build/CMakeFiles/CMakeTmp'



Parsed CXX implicit include dir info from above output: rv=done
  found start of include info
  found start of implicit include info
    add: [/usr/include/c++/9]
    add: [/usr/include/x86_64-linux-gnu/c++/9]
    add: [/usr/include/c++/9/backward]
    add: [/usr/lib/gcc/x86_64-linux-gnu/9/include]
    add: [/usr/local/include]
    add: [/usr/include/x86_64-linux-gnu]
    add: [/usr/include]
  end of search list found
  collapse include dir [/usr/include/c++/9] ==> [/usr/include/c++/9]
  collapse include dir [/usr/include/x86_64-linux-gnu/c++/9] ==> [/usr/include/x86_64-linux-gnu/c++/9]
  collapse include dir [/usr/include/c++/9/backward] ==> [/usr/include/c++/9/backward]
  collapse include dir [/usr/lib/gcc/x86_64-linux-gnu/9/include] ==> [/usr/lib/gcc/x86_64-linux-gnu/9/include]
  collapse include dir [/usr/local/include] ==> [/usr/local/include]
  collapse include dir [/usr/include/x86_64-linux-gnu] ==> [/usr/include/x86_64-linux-gnu]
  collapse include dir [/usr/include] ==> [/usr/include]
  implicit include dirs: [/usr/include/c++/9;/usr/include/x86_64-linux-gnu/c++/9;/usr/include/c++/9/backward;/usr/lib/gcc/x86_64-linux-gnu/9/include;/usr/local/include;/usr/include/x86_64-linux-gnu;/usr/include]


Parsed CXX implicit link information from above output:
  link line regex: [^( *|.*[/\])(ld|CMAKE_LINK_STARTFILE-NOTFOUND|([^/\]+-)?ld|collect2)[^/\]*( |$)]
  ignore line: [Change Dir: /workspaces/prj/2d-FD-porous/buildAmd64/Eigen-prefix/src/Eigen-build/CMakeFiles/CMakeTmp]
  ignore line: []
  ignore line: [Run Build Command(s):/usr/bin/make cmTC_fc0ee/fast && make[3]: Entering directory '/workspaces/prj/2d-FD-porous/buildAmd64/Eigen-prefix/src/Eigen-build/CMakeFiles/CMakeTmp']
  ignore line: [/usr/bin/make -f CMakeFiles/cmTC_fc0ee.dir/build.make CMakeFiles/cmTC_fc0ee.dir/build]
  ignore line: [make[4]: Entering directory '/workspaces/prj/2d-FD-porous/buildAmd64/Eigen-prefix/src/Eigen-build/CMakeFiles/CMakeTmp']
  ignore line: [Building CXX object CMakeFiles/cmTC_fc0ee.dir/CMakeCXXCompilerABI.cpp.o]
  ignore line: [/usr/bin/c++    -v -o CMakeFiles/cmTC_fc0ee.dir/CMakeCXXCompilerABI.cpp.o -c /usr/share/cmake-3.16/Modules/CMakeCXXCompilerABI.cpp]
  ignore line: [Using built-in specs.]
  ignore line: [COLLECT_GCC=/usr/bin/c++]
  ignore line: [OFFLOAD_TARGET_NAMES=nvptx-none:hsa]
  ignore line: [OFFLOAD_TARGET_DEFAULT=1]
  ignore line: [Target: x86_64-linux-gnu]
  ignore line: [Configured with: ../src/configure -v --with-pkgversion='Ubuntu 9.4.0-1ubuntu1~20.04.2' --with-bugurl=file:///usr/share/doc/gcc-9/README.Bugs --enable-languages=c ada c++ go brig d fortran objc obj-c++ gm2 --prefix=/usr --with-gcc-major-version-only --program-suffix=-9 --program-prefix=x86_64-linux-gnu- --enable-shared --enable-linker-build-id --libexecdir=/usr/lib --without-included-gettext --enable-threads=posix --libdir=/usr/lib --enable-nls --enable-clocale=gnu --enable-libstdcxx-debug --enable-libstdcxx-time=yes --with-default-libstdcxx-abi=new --enable-gnu-unique-object --disable-vtable-verify --enable-plugin --enable-default-pie --with-system-zlib --with-target-system-zlib=auto --enable-objc-gc=auto --enable-multiarch --disable-werror --with-arch-32=i686 --with-abi=m64 --with-multilib-list=m32 m64 mx32 --enable-multilib --with-tune=generic --enable-offload-targets=nvptx-none=/build/gcc-9-9QDOt0/gcc-9-9.4.0/debian/tmp-nvptx/usr hsa --without-cuda-driver --enable-checking=release --build=x86_64-linux-gnu --host=x86_64-linux-gnu --target=x86_64-linux-gnu]
  ignore line: [Thread model: posix]
  ignore line: [gcc version 9.4.0 (Ubuntu 9.4.0-1ubuntu1~20.04.2) ]
  ignore line: [COLLECT_GCC_OPTIONS='-v' '-o' 'CMakeFiles/cmTC_fc0ee.dir/CMakeCXXCompilerABI.cpp.o' '-c' '-shared-libgcc' '-mtune=generic' '-march=x86-64']
  ignore line: [ /usr/lib/gcc/x86_64-linux-gnu/9/cc1plus -quiet -v -imultiarch x86_64-linux-gnu -D_GNU_SOURCE /usr/share/cmake-3.16/Modules/CMakeCXXCompilerABI.cpp -quiet -dumpbase CMakeCXXCompilerABI.cpp -mtune=generic -march=x86-64 -auxbase-strip CMakeFiles/cmTC_fc0ee.dir/CMakeCXXCompilerABI.cpp.o -version -fasynchronous-unwind-tables -fstack-protector-strong -Wformat -Wformat-security -fstack-clash-protection -fcf-protection -o /tmp/ccNYQIjQ.s]
  ignore line: [GNU C++14 (Ubuntu 9.4.0-1ubuntu1~20.04.2) version 9.4.0 (x86_64-linux-gnu)]
  ignore line: [	compiled by GNU C version 9.4.0  GMP version 6.2.0  MPFR version 4.0.2  MPC version 1.1.0  isl version isl-0.22.1-GMP]
  ignore line: []
  ignore line: [GGC heuristics: --param ggc-min-expand=100 --param ggc-min-heapsize=131072]
  ignore line: [ignoring duplicate directory "/usr/include/x86_64-linux-gnu/c++/9"]
  ignore line: [ignoring nonexistent directory "/usr/local/include/x86_64-linux-gnu"]
  ignore line: [ignoring nonexistent directory "/usr/lib/gcc/x86_64-linux-gnu/9/include-fixed"]
  ignore line: [ignoring nonexistent directory "/usr/lib/gcc/x86_64-linux-gnu/9/../../../../x86_64-linux-gnu/include"]
  ignore line: [#include "..." search starts here:]
  ignore line: [#include <...> search starts here:]
  ignore line: [ /usr/include/c++/9]
  ignore line: [ /usr/include/x86_64-linux-gnu/c++/9]
  ignore line: [ /usr/include/c++/9/backward]
  ignore line: [ /usr/lib/gcc/x86_64-linux-gnu/9/include]
  ignore line: [ /usr/local/include]
  ignore line: [ /usr/include/x86_64-linux-gnu]
  ignore line: [ /usr/include]
  ignore line: [End of search list.]
  ignore line: [GNU C++14 (Ubuntu 9.4.0-1ubuntu1~20.04.2) version 9.4.0 (x86_64-linux-gnu)]
  ignore line: [	compiled by GNU C version 9.4.0  GMP version 6.2.0  MPFR version 4.0.2  MPC version 1.1.0  isl version isl-0.22.1-GMP]
  ignore line: []
  ignore line: [GGC heuristics: --param ggc-min-expand=100 --param ggc-min-heapsize=131072]
  ignore line: [Compiler executable checksum: 3d1eba838554fa2348dba760e4770469]
  ignore line: [COLLECT_GCC_OPTIONS='-v' '-o' 'CMakeFiles/cmTC_fc0ee.dir/CMakeCXXCompilerABI.cpp.o' '-c' '-shared-libgcc' '-mtune=generic' '-march=x86-64']
  ignore line: [ as -v --64 -o CMakeFiles/cmTC_fc0ee.dir/CMakeCXXCompilerABI.cpp.o /tmp/ccNYQIjQ.s]
  ignore line: [GNU assembler version 2.34 (x86_64-linux-gnu) using BFD version (GNU Binutils for Ubuntu) 2.34]
  ignore line: [COMPILER_PATH=/usr/lib/gcc/x86_64-linux-gnu/9/:/usr/lib/gcc/x86_64-linux-gnu/9/:/usr/lib/gcc/x86_64-linux-gnu/:/usr/lib/gcc/x86_64-linux-gnu/9/:/usr/lib/gcc/x86_64-linux-gnu/]
  ignore line: [LIBRARY_PATH=/usr/lib/gcc/x86_64-linux-gnu/9/:/usr/lib/gcc/x86_64-linux-gnu/9/../../../x86_64-linux-gnu/:/usr/lib/gcc/x86_64-linux-gnu/9/../../../../lib/:/lib/x86_64-linux-gnu/:/lib/../lib/:/usr/lib/x86_64-linux-gnu/:/usr/lib/../lib/:/usr/lib/gcc/x86_64-linux-gnu/9/../../../:/lib/:/usr/lib/]
  ignore line: [COLLECT_GCC_OPTIONS='-v' '-o' 'CMakeFiles/cmTC_fc0ee.dir/CMakeCXXCompilerABI.cpp.o' '-c' '-shared-libgcc' '-mtune=generic' '-march=x86-64']
  ignore line: [Linking CXX executable cmTC_fc0ee]
  ignore line: [/usr/bin/cmake -E cmake_link_script CMakeFiles/cmTC_fc0ee.dir/link.txt --verbose=1]
  ignore line: [/usr/bin/c++      -v -rdynamic CMakeFiles/cmTC_fc0ee.dir/CMakeCXXCompilerABI.cpp.o  -o cmTC_fc0ee ]
  ignore line: [Using built-in specs.]
  ignore line: [COLLECT_GCC=/usr/bin/c++]
  ignore line: [COLLECT_LTO_WRAPPER=/usr/lib/gcc/x86_64-linux-gnu/9/lto-wrapper]
  ignore line: [OFFLOAD_TARGET_NAMES=nvptx-none:hsa]
  ignore line: [OFFLOAD_TARGET_DEFAULT=1]
  ignore line: [Target: x86_64-linux-gnu]
  ignore line: [Configured with: ../src/configure -v --with-pkgversion='Ubuntu 9.4.0-1ubuntu1~20.04.2' --with-bugurl=file:///usr/share/doc/gcc-9/README.Bugs --enable-languages=c ada c++ go brig d fortran objc obj-c++ gm2 --prefix=/usr --with-gcc-major-version-only --program-suffix=-9 --program-prefix=x86_64-linux-gnu- --enable-shared --enable-linker-build-id --libexecdir=/usr/lib --without-included-gettext --enable-threads=posix --libdir=/usr/lib --enable-nls --enable-clocale=gnu --enable-libstdcxx-debug --enable-libstdcxx-time=yes --with-default-libstdcxx-abi=new --enable-gnu-unique-object --disable-vtable-verify --enable-plugin --enable-default-pie --with-system-zlib --with-target-system-zlib=auto --enable-objc-gc=auto --enable-multiarch --disable-werror --with-arch-32=i686 --with-abi=m64 --with-multilib-list=m32 m64 mx32 --enable-multilib --with-tune=generic --enable-offload-targets=nvptx-none=/build/gcc-9-9QDOt0/gcc-9-9.4.0/debian/tmp-nvptx/usr hsa --without-cuda-driver --enable-checking=release --build=x86_64-linux-gnu --host=x86_64-linux-gnu --target=x86_64-linux-gnu]
  ignore line: [Thread model: posix]
  ignore line: [gcc version 9.4.0 (Ubuntu 9.4.0-1ubuntu1~20.04.2) ]
  ignore line: [COMPILER_PATH=/usr/lib/gcc/x86_64-linux-gnu/9/:/usr/lib/gcc/x86_64-linux-gnu/9/:/usr/lib/gcc/x86_64-linux-gnu/:/usr/lib/gcc/x86_64-linux-gnu/9/:/usr/lib/gcc/x86_64-linux-gnu/]
  ignore line: [LIBRARY_PATH=/usr/lib/gcc/x86_64-linux-gnu/9/:/usr/lib/gcc/x86_64-linux-gnu/9/../../../x86_64-linux-gnu/:/usr/lib/gcc/x86_64-linux-gnu/9/../../../../lib/:/lib/x86_64-linux-gnu/:/lib/../lib/:/usr/lib/x86_64-linux-gnu/:/usr/lib/../lib/:/usr/lib/gcc/x86_64-linux-gnu/9/../../../:/lib/:/usr/lib/]
  ignore line: [COLLECT_GCC_OPTIONS='-v' '-rdynamic' '-o' 'cmTC_fc0ee' '-shared-libgcc' '-mtune=generic' '-march=x86-64']
  link line: [ /usr/lib/gcc/x86_64-linux-gnu/9/collect2 -plugin /usr/lib/gcc/x86_64-linux-gnu/9/liblto_plugin.so -plugin-opt=/usr/lib/gcc/x86_64-linux-gnu/9/lto-wrapper -plugin-opt=-fresolution=/tmp/cc7sovZB.res -plugin-opt=-pass-through=-lgcc_s -plugin-opt=-pass-through=-lgcc -plugin-opt=-pass-through=-lc -plugin-opt=-pass-through=-lgcc_s -plugin-opt=-pass-through=-lgcc --build-id --eh-frame-hdr -m elf_x86_64 --hash-style=gnu --as-needed -export-dynamic -dynamic-linker /lib64/ld-linux-x86-64.so.2 -pie -z now -z relro -o cmTC_fc0ee /usr/lib/gcc/x86_64-linux-gnu/9/../../../x86_64-linux-gnu/Scrt1.o /usr/lib/gcc/x86_64-linux-gnu/9/../../../x86_64-linux-gnu/crti.o /usr/lib/gcc/x86_64-linux-gnu/9/crtbeginS.o -L/usr/lib/gcc/x86_64-linux-gnu/9 -L/usr/lib/gcc/x86_64-linux-gnu/9/../../../x86_64-linux-gnu -L/usr/lib/gcc/x86_64-linux-gnu/9/../../../../lib -L/lib/x86_64-linux-gnu -L/lib/../lib -L/usr/lib/x86_64-linux-gnu -L/usr/lib/../lib -L/usr/lib/gcc/x86_64-linux-gnu/9/../../.. CMakeFiles/cmTC_fc0ee.dir/CMakeCXXCompilerABI.cpp.o -lstdc++ -lm -lgcc_s -lgcc -lc -lgcc_s -lgcc /usr/lib/gcc/x86_64-linux-gnu/9/crtendS.o /usr/lib/gcc/x86_64-linux-gnu/9/../../../x86_64-linux-gnu/crtn.o]
    arg [/usr/lib/gcc/x86_64-linux-gnu/9/collect2] ==> ignore
    arg [-plugin] ==> ignore
    arg [/usr/lib/gcc/x86_64-linux-gnu/9/liblto_plugin.so] ==> ignore
    arg [-plugin-opt=/usr/lib/gcc/x86_64-linux-gnu/9/lto-wrapper] ==> ignore
    arg [-plugin-opt=-fresolution=/tmp/cc7sovZB.res] ==> ignore
    arg [-plugin-opt=-pass-through=-lgcc_s] ==> ignore
    arg [-plugin-opt=-pass-through=-lgcc] ==> ignore
    arg [-plugin-opt=-pass-through=-lc] ==> ignore
    arg [-plugin-opt=-pass-through=-lgcc_s] ==> ignore
    arg [-plugin-opt=-pass-through=-lgcc] ==> ignore
    arg [--build-id] ==> ignore
    arg [--eh-frame-hdr] ==> ignore
    arg [-m] ==> ignore
    arg [elf_x86_64] ==> ignore
    arg [--hash-style=gnu] ==> ignore
    arg [--as-needed] ==> ignore
    arg [-export-dynamic] ==> ignore
    arg [-dynamic-linker] ==> ignore
    arg [/lib64/ld-linux-x86-64.so.2] ==> ignore
    arg [-pie] ==> ignore
    arg [-znow] ==> ignore
    arg [-zrelro] ==> ignore
    arg [-o] ==> ignore
    arg [cmTC_fc0ee] ==> ignore
    arg [/usr/lib/gcc/x86_64-linux-gnu/9/../../../x86_64-linux-gnu/Scrt1.o] ==> ignore
    arg [/usr/lib/gcc/x86_64-linux-gnu/9/../../../x86_64-linux-gnu/crti.o] ==> ignore
    arg [/usr/lib/gcc/x86_64-linux-gnu/9/crtbeginS.o] ==> ignore
    arg [-L/usr/lib/gcc/x86_64-linux-gnu/9] ==> dir [/usr/lib/gcc/x86_64-linux-gnu/9]
    arg [-L/usr/lib/gcc/x86_64-linux-gnu/9/../../../x86_64-linux-gnu] ==> dir [/usr/lib/gcc/x86_64-linux-gnu/9/../../../x86_64-linux-gnu]
    arg [-L/usr/lib/gcc/x86_64-linux-gnu/9/../../../../lib] ==> dir [/usr/lib/gcc/x86_64-linux-gnu/9/../../../../lib]
    arg [-L/lib/x86_64-linux-gnu] ==> dir [/lib/x86_64-linux-gnu]
    arg [-L/lib/../lib] ==> dir [/lib/../lib]
    arg [-L/usr/lib/x86_64-linux-gnu] ==> dir [/usr/lib/x86_64-linux-gnu]
    arg [-L/usr/lib/../lib] ==> dir [/usr/lib/../lib]
    arg [-L/usr/lib/gcc/x86_64-linux-gnu/9/../../..] ==> dir [/usr/lib/gcc/x86_64-linux-gnu/9/../../..]
    arg [CMakeFiles/cmTC_fc0ee.dir/CMakeCXXCompilerABI.cpp.o] ==> ignore
    arg [-lstdc++] ==> lib [stdc++]
    arg [-lm] ==> lib [m]
    arg [-lgcc_s] ==> lib [gcc_s]
    arg [-lgcc] ==> lib [gcc]
    arg [-lc] ==> lib [c]
    arg [-lgcc_s] ==> lib [gcc_s]
    arg [-lgcc] ==> lib [gcc]
    arg [/usr/lib/gcc/x86_64-linux-gnu/9/crtendS.o] ==> ignore
    arg [/usr/lib/gcc/x86_64-linux-gnu/9/../../../x86_64-linux-gnu/crtn.o] ==> ignore
  collapse library dir [/usr/lib/gcc/x86_64-linux-gnu/9] ==> [/usr/lib/gcc/x86_64-linux-gnu/9]
  collapse library dir [/usr/lib/gcc/x86_64-linux-gnu/9/../../../x86_64-linux-gnu] ==> [/usr/lib/x86_64-linux-gnu]
  collapse library dir [/usr/lib/gcc/x86_64-linux-gnu/9/../../../../lib] ==> [/usr/lib]
  collapse library dir [/lib/x86_64-linux-gnu] ==> [/lib/x86_64-linux-gnu]
  collapse library dir [/lib/../lib] ==> [/lib]
  collapse library dir [/usr/lib/x86_64-linux-gnu] ==> [/usr/lib/x86_64-linux-gnu]
  collapse library dir [/usr/lib/../lib] ==> [/usr/lib]
  collapse library dir [/usr/lib/gcc/x86_64-linux-gnu/9/../../..] ==> [/usr/lib]
  implicit libs: [stdc++;m;gcc_s;gcc;c;gcc_s;gcc]
  implicit dirs: [/usr/lib/gcc/x86_64-linux-gnu/9;/usr/lib/x86_64-linux-gnu;/usr/lib;/lib/x86_64-linux-gnu;/lib]
  implicit fwks: []


Performing C++ SOURCE FILE Test EIGEN_COMPILER_SUPPORT_CPP11 succeeded with the following output:
Change Dir: /workspaces/prj/2d-FD-porous/buildAmd64/Eigen-prefix/src/Eigen-build/CMakeFiles/CMakeTmp

Run Build Command(s):/usr/bin/make cmTC_93cfe/fast && make[3]: Entering directory '/workspaces/prj/2d-FD-porous/buildAmd64/Eigen-prefix/src/Eigen-build/CMakeFiles/CMakeTmp'
/usr/bin/make -f CMakeFiles/cmTC_93cfe.dir/build.make CMakeFiles/cmTC_93cfe.dir/build
make[4]: Entering directory '/workspaces/prj/2d-FD-porous/buildAmd64/Eigen-prefix/src/Eigen-build/CMakeFiles/CMakeTmp'
Building CXX object CMakeFiles/cmTC_93cfe.dir/src.cxx.o
/usr/bin/c++    -DEIGEN_COMPILER_SUPPORT_CPP11   -std=c++11 -o CMakeFiles/cmTC_93cfe.dir/src.cxx.o -c /workspaces/prj/2d-FD-porous/buildAmd64/Eigen-prefix/src/Eigen-build/CMakeFiles/CMakeTmp/src.cxx
Linking CXX executable cmTC_93cfe
/usr/bin/cmake -E cmake_link_script CMakeFiles/cmTC_93cfe.dir/link.txt --verbose=1
/usr/bin/c++   -DEIGEN_COMPILER_SUPPORT_CPP11    -rdynamic CMakeFiles/cmTC_93cfe.dir/src.cxx.o  -o cmTC_93cfe 
make[4]: Leaving directory '/workspaces/prj/2d-FD-porous/buildAmd64/Eigen-prefix/src/Eigen-build/CMakeFiles/CMakeTmp'
make[3]: Leaving directory '/workspaces/prj/2d-FD-porous/buildAmd64/Eigen-prefix/src/Eigen-build/CMakeFiles/CMakeTmp'


Source file was:
int main() { return 0; }
Performing C++ SOURCE FILE Test COMPILER_SUPPORT_std=cpp03 succeeded with the following output:
Change Dir: /workspaces/prj/2d-FD-porous/buildAmd64/Eigen-prefix/src/Eigen-build/CMakeFiles/CMakeTmp

Run Build Command(s):/usr/bin/make cmTC_4ba2e/fast && make[3]: Entering directory '/workspaces/prj/2d-FD-porous/buildAmd64/Eigen-prefix/src/Eigen-build/CMakeFiles/CMakeTmp'
/usr/bin/make -f CMakeFiles/cmTC_4ba2e.dir/build.make CMakeFiles/cmTC_4ba2e.dir/build
make[4]: Entering directory '/workspaces/prj/2d-FD-porous/buildAmd64/Eigen-prefix/src/Eigen-build/CMakeFiles/CMakeTmp'
Building CXX object CMakeFiles/cmTC_4ba2e.dir/src.cxx.o
/usr/bin/c++    -DCOMPILER_SUPPORT_std=cpp03   -std=c++03 -o CMakeFiles/cmTC_4ba2e.dir/src.cxx.o -c /workspaces/prj/2d-FD-porous/buildAmd64/Eigen-prefix/src/Eigen-build/CMakeFiles/CMakeTmp/src.cxx
Linking CXX executable cmTC_4ba2e
/usr/bin/cmake -E cmake_link_script CMakeFiles/cmTC_4ba2e.dir/link.txt --verbose=1
/usr/bin/c++   -DCOMPILER_SUPPORT_std=cpp03    -rdynamic CMakeFiles/cmTC_4ba2e.dir/src.cxx.o  -o cmTC_4ba2e 
make[4]: Leaving directory '/workspaces/prj/2d-FD-porous/buildAmd64/Eigen-prefix/src/Eigen-build/CMakeFiles/CMakeTmp'
make[3]: Leaving directory '/workspaces/prj/2d-FD-porous/buildAmd64/Eigen-prefix/src/Eigen-build/CMakeFiles/CMakeTmp'


Source file was:
int main() { return 0; }
Performing C++ SOURCE FILE Test standard_math_library_linked_to_automatically succeeded with the following output:
Change Dir: /workspaces/prj/2d-FD-porous/buildAmd64/Eigen-prefix/src/Eigen-build/CMakeFiles/CMakeTmp

Run Build Command(s):/usr/bin/make cmTC_e5845/fast && make[3]: Entering directory '/workspaces/prj/2d-FD-porous/buildAmd64/Eigen-prefix/src/Eigen-build/CMakeFiles/CMakeTmp'
/usr/bin/make -f CMakeFiles/cmTC_e5845.dir/build.make CMakeFiles/cmTC_e5845.dir/build
make[4]: Entering directory '/workspaces/prj/2d-FD-porous/buildAmd64/Eigen-prefix/src/Eigen-build/CMakeFiles/CMakeTmp'
Building CXX object CMakeFiles/cmTC_e5845.dir/src.cxx.o
/usr/bin/c++    -std=c++03 -Dstandard_math_library_linked_to_automatically   -o CMakeFiles/cmTC_e5845.dir/src.cxx.o -c /workspaces/prj/2d-FD-porous/buildAmd64/Eigen-prefix/src/Eigen-build/CMakeFiles/CMakeTmp/src.cxx
Linking CXX executable cmTC_e5845
/usr/bin/cmake -E cmake_link_script CMakeFiles/cmTC_e5845.dir/link.txt --verbose=1
/usr/bin/c++   -std=c++03 -Dstandard_math_library_linked_to_automatically    -rdynamic CMakeFiles/cmTC_e5845.dir/src.cxx.o  -o cmTC_e5845 
make[4]: Leaving directory '/workspaces/prj/2d-FD-porous/buildAmd64/Eigen-prefix/src/Eigen-build/CMakeFiles/CMakeTmp'
make[3]: Leaving directory '/workspaces/prj/2d-FD-porous/buildAmd64/Eigen-prefix/src/Eigen-build/CMakeFiles/CMakeTmp'


Source file was:
#include<cmath>
int main() { std::sin(0.0); std::log(0.0f); }
Performing C++ SOURCE FILE Test COMPILER_SUPPORT_WERROR succeeded with the following output:
Change Dir: /workspaces/prj/2d-FD-porous/buildAmd64/Eigen-prefix/src/Eigen-build/CMakeFiles/CMakeTmp

Run Build Command(s):/usr/bin/make cmTC_0fdb7/fast && make[3]: Entering directory '/workspaces/prj/2d-FD-porous/buildAmd64/Eigen-prefix/src/Eigen-build/CMakeFiles/CMakeTmp'
/usr/bin/make -f CMakeFiles/cmTC_0fdb7.dir/build.make CMakeFiles/cmTC_0fdb7.dir/build
make[4]: Entering directory '/workspaces/prj/2d-FD-porous/buildAmd64/Eigen-prefix/src/Eigen-build/CMakeFiles/CMakeTmp'
Building CXX object CMakeFiles/cmTC_0fdb7.dir/src.cxx.o
/usr/bin/c++    -std=c++03 -DCOMPILER_SUPPORT_WERROR   -Werror -o CMakeFiles/cmTC_0fdb7.dir/src.cxx.o -c /workspaces/prj/2d-FD-porous/buildAmd64/Eigen-prefix/src/Eigen-build/CMakeFiles/CMakeTmp/src.cxx
Linking CXX executable cmTC_0fdb7
/usr/bin/cmake -E cmake_link_script CMakeFiles/cmTC_0fdb7.dir/link.txt --verbose=1
/usr/bin/c++   -std=c++03 -DCOMPILER_SUPPORT_WERROR    -rdynamic CMakeFiles/cmTC_0fdb7.dir/src.cxx.o  -o cmTC_0fdb7 
make[4]: Leaving directory '/workspaces/prj/2d-FD-porous/buildAmd64/Eigen-prefix/src/Eigen-build/CMakeFiles/CMakeTmp'
make[3]: Leaving directory '/workspaces/prj/2d-FD-porous/buildAmd64/Eigen-prefix/src/Eigen-build/CMakeFiles/CMakeTmp'


Source file was:
int main() { return 0; }
Performing C++ SOURCE FILE Test COMPILER_SUPPORT_pedantic succeeded with the following output:
Change Dir: /workspaces/prj/2d-FD-porous/buildAmd64/Eigen-prefix/src/Eigen-build/CMakeFiles/CMakeTmp

Run Build Command(s):/usr/bin/make cmTC_39dd7/fast && make[3]: Entering directory '/workspaces/prj/2d-FD-porous/buildAmd64/Eigen-prefix/src/Eigen-build/CMakeFiles/CMakeTmp'
/usr/bin/make -f CMakeFiles/cmTC_39dd7.dir/build.make CMakeFiles/cmTC_39dd7.dir/build
make[4]: Entering directory '/workspaces/prj/2d-FD-porous/buildAmd64/Eigen-prefix/src/Eigen-build/CMakeFiles/CMakeTmp'
Building CXX object CMakeFiles/cmTC_39dd7.dir/src.cxx.o
/usr/bin/c++    -std=c++03 -DCOMPILER_SUPPORT_pedantic -Werror   -pedantic -o CMakeFiles/cmTC_39dd7.dir/src.cxx.o -c /workspaces/prj/2d-FD-porous/buildAmd64/Eigen-prefix/src/Eigen-build/CMakeFiles/CMakeTmp/src.cxx
Linking CXX executable cmTC_39dd7
/usr/bin/cmake -E cmake_link_script CMakeFiles/cmTC_39dd7.dir/link.txt --verbose=1
/usr/bin/c++   -std=c++03 -DCOMPILER_SUPPORT_pedantic -Werror    -rdynamic CMakeFiles/cmTC_39dd7.dir/src.cxx.o  -o cmTC_39dd7 
make[4]: Leaving directory '/workspaces/prj/2d-FD-porous/buildAmd64/Eigen-prefix/src/Eigen-build/CMakeFiles/CMakeTmp'
make[3]: Leaving directory '/workspaces/prj/2d-FD-porous/buildAmd64/Eigen-prefix/src/Eigen-build/CMakeFiles/CMakeTmp'


Source file was:
int main() { return 0; }
Performing C++ SOURCE FILE Test COMPILER_SUPPORT_Wall succeeded with the following output:
Change Dir: /workspaces/prj/2d-FD-porous/buildAmd64/Eigen-prefix/src/Eigen-build/CMakeFiles/CMakeTmp

Run Build Command(s):/usr/bin/make cmTC_76a91/fast && make[3]: Entering directory '/workspaces/prj/2d-FD-porous/buildAmd64/Eigen-prefix/src/Eigen-build/CMakeFiles/CMakeTmp'
/usr/bin/make -f CMakeFiles/cmTC_76a91.dir/build.make CMakeFiles/cmTC_76a91.dir/build
make[4]: Entering directory '/workspaces/prj/2d-FD-porous/buildAmd64/Eigen-prefix/src/Eigen-build/CMakeFiles/CMakeTmp'
Building CXX object CMakeFiles/cmTC_76a91.dir/src.cxx.o
/usr/bin/c++    -std=c++03 -pedantic -DCOMPILER_SUPPORT_Wall -Werror   -Wall -o CMakeFiles/cmTC_76a91.dir/src.cxx.o -c /workspaces/prj/2d-FD-porous/buildAmd64/Eigen-prefix/src/Eigen-build/CMakeFiles/CMakeTmp/src.cxx
Linking CXX executable cmTC_76a91
/usr/bin/cmake -E cmake_link_script CMakeFiles/cmTC_76a91.dir/link.txt --verbose=1
/usr/bin/c++   -std=c++03 -pedantic -DCOMPILER_SUPPORT_Wall -Werror    -rdynamic CMakeFiles/cmTC_76a91.dir/src.cxx.o  -o cmTC_76a91 
make[4]: Leaving directory '/workspaces/prj/2d-FD-porous/buildAmd64/Eigen-prefix/src/Eigen-build/CMakeFiles/CMakeTmp'
make[3]: Leaving directory '/workspaces/prj/2d-FD-porous/buildAmd64/Eigen-prefix/src/Eigen-build/CMakeFiles/CMakeTmp'


Source file was:
int main() { return 0; }
Performing C++ SOURCE FILE Test COMPILER_SUPPORT_Wextra succeeded with the following output:
Change Dir: /workspaces/prj/2d-FD-porous/buildAmd64/Eigen-prefix/src/Eigen-build/CMakeFiles/CMakeTmp

Run Build Command(s):/usr/bin/make cmTC_3d087/fast && make[3]: Entering directory '/workspaces/prj/2d-FD-porous/buildAmd64/Eigen-prefix/src/Eigen-build/CMakeFiles/CMakeTmp'
/usr/bin/make -f CMakeFiles/cmTC_3d087.dir/build.make CMakeFiles/cmTC_3d087.dir/build
make[4]: Entering directory '/workspaces/prj/2d-FD-porous/buildAmd64/Eigen-prefix/src/Eigen-build/CMakeFiles/CMakeTmp'
Building CXX object CMakeFiles/cmTC_3d087.dir/src.cxx.o
/usr/bin/c++    -std=c++03 -pedantic -Wall -DCOMPILER_SUPPORT_Wextra -Werror   -Wextra -o CMakeFiles/cmTC_3d087.dir/src.cxx.o -c /workspaces/prj/2d-FD-porous/buildAmd64/Eigen-prefix/src/Eigen-build/CMakeFiles/CMakeTmp/src.cxx
Linking CXX executable cmTC_3d087
/usr/bin/cmake -E cmake_link_script CMakeFiles/cmTC_3d087.dir/link.txt --verbose=1
/usr/bin/c++   -std=c++03 -pedantic -Wall -DCOMPILER_SUPPORT_Wextra -Werror    -rdynamic CMakeFiles/cmTC_3d087.dir/src.cxx.o  -o cmTC_3d087 
make[4]: Leaving directory '/workspaces/prj/2d-FD-porous/buildAmd64/Eigen-prefix/src/Eigen-build/CMakeFiles/CMakeTmp'
make[3]: Leaving directory '/workspaces/prj/2d-FD-porous/buildAmd64/Eigen-prefix/src/Eigen-build/CMakeFiles/CMakeTmp'


Source file was:
int main() { return 0; }
Performing C++ SOURCE FILE Test COMPILER_SUPPORT_Wundef succeeded with the following output:
Change Dir: /workspaces/prj/2d-FD-porous/buildAmd64/Eigen-prefix/src/Eigen-build/CMakeFiles/CMakeTmp

Run Build Command(s):/usr/bin/make cmTC_3d43b/fast && make[3]: Entering directory '/workspaces/prj/2d-FD-porous/buildAmd64/Eigen-prefix/src/Eigen-build/CMakeFiles/CMakeTmp'
/usr/bin/make -f CMakeFiles/cmTC_3d43b.dir/build.make CMakeFiles/cmTC_3d43b.dir/build
make[4]: Entering directory '/workspaces/prj/2d-FD-porous/buildAmd64/Eigen-prefix/src/Eigen-build/CMakeFiles/CMakeTmp'
Building CXX object CMakeFiles/cmTC_3d43b.dir/src.cxx.o
/usr/bin/c++    -std=c++03 -pedantic -Wall -Wextra -DCOMPILER_SUPPORT_Wundef -Werror   -Wundef -o CMakeFiles/cmTC_3d43b.dir/src.cxx.o -c /workspaces/prj/2d-FD-porous/buildAmd64/Eigen-prefix/src/Eigen-build/CMakeFiles/CMakeTmp/src.cxx
Linking CXX executable cmTC_3d43b
/usr/bin/cmake -E cmake_link_script CMakeFiles/cmTC_3d43b.dir/link.txt --verbose=1
/usr/bin/c++   -std=c++03 -pedantic -Wall -Wextra -DCOMPILER_SUPPORT_Wundef -Werror    -rdynamic CMakeFiles/cmTC_3d43b.dir/src.cxx.o  -o cmTC_3d43b 
make[4]: Leaving directory '/workspaces/prj/2d-FD-porous/buildAmd64/Eigen-prefix/src/Eigen-build/CMakeFiles/CMakeTmp'
make[3]: Leaving directory '/workspaces/prj/2d-FD-porous/buildAmd64/Eigen-prefix/src/Eigen-build/CMakeFiles/CMakeTmp'


Source file was:
int main() { return 0; }
Performing C++ SOURCE FILE Test COMPILER_SUPPORT_Wcastalign succeeded with the following output:
Change Dir: /workspaces/prj/2d-FD-porous/buildAmd64/Eigen-prefix/src/Eigen-build/CMakeFiles/CMakeTmp

Run Build Command(s):/usr/bin/make cmTC_30b5f/fast && make[3]: Entering directory '/workspaces/prj/2d-FD-porous/buildAmd64/Eigen-prefix/src/Eigen-build/CMakeFiles/CMakeTmp'
/usr/bin/make -f CMakeFiles/cmTC_30b5f.dir/build.make CMakeFiles/cmTC_30b5f.dir/build
make[4]: Entering directory '/workspaces/prj/2d-FD-porous/buildAmd64/Eigen-prefix/src/Eigen-build/CMakeFiles/CMakeTmp'
Building CXX object CMakeFiles/cmTC_30b5f.dir/src.cxx.o
/usr/bin/c++    -std=c++03 -pedantic -Wall -Wextra -Wundef -DCOMPILER_SUPPORT_Wcastalign -Werror   -Wcast-align -o CMakeFiles/cmTC_30b5f.dir/src.cxx.o -c /workspaces/prj/2d-FD-porous/buildAmd64/Eigen-prefix/src/Eigen-build/CMakeFiles/CMakeTmp/src.cxx
Linking CXX executable cmTC_30b5f
/usr/bin/cmake -E cmake_link_script CMakeFiles/cmTC_30b5f.dir/link.txt --verbose=1
/usr/bin/c++   -std=c++03 -pedantic -Wall -Wextra -Wundef -DCOMPILER_SUPPORT_Wcastalign -Werror    -rdynamic CMakeFiles/cmTC_30b5f.dir/src.cxx.o  -o cmTC_30b5f 
make[4]: Leaving directory '/workspaces/prj/2d-FD-porous/buildAmd64/Eigen-prefix/src/Eigen-build/CMakeFiles/CMakeTmp'
make[3]: Leaving directory '/workspaces/prj/2d-FD-porous/buildAmd64/Eigen-prefix/src/Eigen-build/CMakeFiles/CMakeTmp'


Source file was:
int main() { return 0; }
Performing C++ SOURCE FILE Test COMPILER_SUPPORT_Wcharsubscripts succeeded with the following output:
Change Dir: /workspaces/prj/2d-FD-porous/buildAmd64/Eigen-prefix/src/Eigen-build/CMakeFiles/CMakeTmp

Run Build Command(s):/usr/bin/make cmTC_ea119/fast && make[3]: Entering directory '/workspaces/prj/2d-FD-porous/buildAmd64/Eigen-prefix/src/Eigen-build/CMakeFiles/CMakeTmp'
/usr/bin/make -f CMakeFiles/cmTC_ea119.dir/build.make CMakeFiles/cmTC_ea119.dir/build
make[4]: Entering directory '/workspaces/prj/2d-FD-porous/buildAmd64/Eigen-prefix/src/Eigen-build/CMakeFiles/CMakeTmp'
Building CXX object CMakeFiles/cmTC_ea119.dir/src.cxx.o
/usr/bin/c++    -std=c++03 -pedantic -Wall -Wextra -Wundef -Wcast-align -DCOMPILER_SUPPORT_Wcharsubscripts -Werror   -Wchar-subscripts -o CMakeFiles/cmTC_ea119.dir/src.cxx.o -c /workspaces/prj/2d-FD-porous/buildAmd64/Eigen-prefix/src/Eigen-build/CMakeFiles/CMakeTmp/src.cxx
Linking CXX executable cmTC_ea119
/usr/bin/cmake -E cmake_link_script CMakeFiles/cmTC_ea119.dir/link.txt --verbose=1
/usr/bin/c++   -std=c++03 -pedantic -Wall -Wextra -Wundef -Wcast-align -DCOMPILER_SUPPORT_Wcharsubscripts -Werror    -rdynamic CMakeFiles/cmTC_ea119.dir/src.cxx.o  -o cmTC_ea119 
make[4]: Leaving directory '/workspaces/prj/2d-FD-porous/buildAmd64/Eigen-prefix/src/Eigen-build/CMakeFiles/CMakeTmp'
make[3]: Leaving directory '/workspaces/prj/2d-FD-porous/buildAmd64/Eigen-prefix/src/Eigen-build/CMakeFiles/CMakeTmp'


Source file was:
int main() { return 0; }
Performing C++ SOURCE FILE Test COMPILER_SUPPORT_Wnonvirtualdtor succeeded with the following output:
Change Dir: /workspaces/prj/2d-FD-porous/buildAmd64/Eigen-prefix/src/Eigen-build/CMakeFiles/CMakeTmp

Run Build Command(s):/usr/bin/make cmTC_a34d1/fast && make[3]: Entering directory '/workspaces/prj/2d-FD-porous/buildAmd64/Eigen-prefix/src/Eigen-build/CMakeFiles/CMakeTmp'
/usr/bin/make -f CMakeFiles/cmTC_a34d1.dir/build.make CMakeFiles/cmTC_a34d1.dir/build
make[4]: Entering directory '/workspaces/prj/2d-FD-porous/buildAmd64/Eigen-prefix/src/Eigen-build/CMakeFiles/CMakeTmp'
Building CXX object CMakeFiles/cmTC_a34d1.dir/src.cxx.o
/usr/bin/c++    -std=c++03 -pedantic -Wall -Wextra -Wundef -Wcast-align -Wchar-subscripts -DCOMPILER_SUPPORT_Wnonvirtualdtor -Werror   -Wnon-virtual-dtor -o CMakeFiles/cmTC_a34d1.dir/src.cxx.o -c /workspaces/prj/2d-FD-porous/buildAmd64/Eigen-prefix/src/Eigen-build/CMakeFiles/CMakeTmp/src.cxx
Linking CXX executable cmTC_a34d1
/usr/bin/cmake -E cmake_link_script CMakeFiles/cmTC_a34d1.dir/link.txt --verbose=1
/usr/bin/c++   -std=c++03 -pedantic -Wall -Wextra -Wundef -Wcast-align -Wchar-subscripts -DCOMPILER_SUPPORT_Wnonvirtualdtor -Werror    -rdynamic CMakeFiles/cmTC_a34d1.dir/src.cxx.o  -o cmTC_a34d1 
make[4]: Leaving directory '/workspaces/prj/2d-FD-porous/buildAmd64/Eigen-prefix/src/Eigen-build/CMakeFiles/CMakeTmp'
make[3]: Leaving directory '/workspaces/prj/2d-FD-porous/buildAmd64/Eigen-prefix/src/Eigen-build/CMakeFiles/CMakeTmp'


Source file was:
int main() { return 0; }
Performing C++ SOURCE FILE Test COMPILER_SUPPORT_Wunusedlocaltypedefs succeeded with the following output:
Change Dir: /workspaces/prj/2d-FD-porous/buildAmd64/Eigen-prefix/src/Eigen-build/CMakeFiles/CMakeTmp

Run Build Command(s):/usr/bin/make cmTC_817bf/fast && make[3]: Entering directory '/workspaces/prj/2d-FD-porous/buildAmd64/Eigen-prefix/src/Eigen-build/CMakeFiles/CMakeTmp'
/usr/bin/make -f CMakeFiles/cmTC_817bf.dir/build.make CMakeFiles/cmTC_817bf.dir/build
make[4]: Entering directory '/workspaces/prj/2d-FD-porous/buildAmd64/Eigen-prefix/src/Eigen-build/CMakeFiles/CMakeTmp'
Building CXX object CMakeFiles/cmTC_817bf.dir/src.cxx.o
/usr/bin/c++    -std=c++03 -pedantic -Wall -Wextra -Wundef -Wcast-align -Wchar-subscripts -Wnon-virtual-dtor -DCOMPILER_SUPPORT_Wunusedlocaltypedefs -Werror   -Wunused-local-typedefs -o CMakeFiles/cmTC_817bf.dir/src.cxx.o -c /workspaces/prj/2d-FD-porous/buildAmd64/Eigen-prefix/src/Eigen-build/CMakeFiles/CMakeTmp/src.cxx
Linking CXX executable cmTC_817bf
/usr/bin/cmake -E cmake_link_script CMakeFiles/cmTC_817bf.dir/link.txt --verbose=1
/usr/bin/c++   -std=c++03 -pedantic -Wall -Wextra -Wundef -Wcast-align -Wchar-subscripts -Wnon-virtual-dtor -DCOMPILER_SUPPORT_Wunusedlocaltypedefs -Werror    -rdynamic CMakeFiles/cmTC_817bf.dir/src.cxx.o  -o cmTC_817bf 
make[4]: Leaving directory '/workspaces/prj/2d-FD-porous/buildAmd64/Eigen-prefix/src/Eigen-build/CMakeFiles/CMakeTmp'
make[3]: Leaving directory '/workspaces/prj/2d-FD-porous/buildAmd64/Eigen-prefix/src/Eigen-build/CMakeFiles/CMakeTmp'


Source file was:
int main() { return 0; }
Performing C++ SOURCE FILE Test COMPILER_SUPPORT_Wpointerarith succeeded with the following output:
Change Dir: /workspaces/prj/2d-FD-porous/buildAmd64/Eigen-prefix/src/Eigen-build/CMakeFiles/CMakeTmp

Run Build Command(s):/usr/bin/make cmTC_30dfd/fast && make[3]: Entering directory '/workspaces/prj/2d-FD-porous/buildAmd64/Eigen-prefix/src/Eigen-build/CMakeFiles/CMakeTmp'
/usr/bin/make -f CMakeFiles/cmTC_30dfd.dir/build.make CMakeFiles/cmTC_30dfd.dir/build
make[4]: Entering directory '/workspaces/prj/2d-FD-porous/buildAmd64/Eigen-prefix/src/Eigen-build/CMakeFiles/CMakeTmp'
Building CXX object CMakeFiles/cmTC_30dfd.dir/src.cxx.o
/usr/bin/c++    -std=c++03 -pedantic -Wall -Wextra -Wundef -Wcast-align -Wchar-subscripts -Wnon-virtual-dtor -Wunused-local-typedefs -DCOMPILER_SUPPORT_Wpointerarith -Werror   -Wpointer-arith -o CMakeFiles/cmTC_30dfd.dir/src.cxx.o -c /workspaces/prj/2d-FD-porous/buildAmd64/Eigen-prefix/src/Eigen-build/CMakeFiles/CMakeTmp/src.cxx
Linking CXX executable cmTC_30dfd
/usr/bin/cmake -E cmake_link_script CMakeFiles/cmTC_30dfd.dir/link.txt --verbose=1
/usr/bin/c++   -std=c++03 -pedantic -Wall -Wextra -Wundef -Wcast-align -Wchar-subscripts -Wnon-virtual-dtor -Wunused-local-typedefs -DCOMPILER_SUPPORT_Wpointerarith -Werror    -rdynamic CMakeFiles/cmTC_30dfd.dir/src.cxx.o  -o cmTC_30dfd 
make[4]: Leaving directory '/workspaces/prj/2d-FD-porous/buildAmd64/Eigen-prefix/src/Eigen-build/CMakeFiles/CMakeTmp'
make[3]: Leaving directory '/workspaces/prj/2d-FD-porous/buildAmd64/Eigen-prefix/src/Eigen-build/CMakeFiles/CMakeTmp'


Source file was:
int main() { return 0; }
Performing C++ SOURCE FILE Test COMPILER_SUPPORT_Wwritestrings succeeded with the following output:
Change Dir: /workspaces/prj/2d-FD-porous/buildAmd64/Eigen-prefix/src/Eigen-build/CMakeFiles/CMakeTmp

Run Build Command(s):/usr/bin/make cmTC_d471a/fast && make[3]: Entering directory '/workspaces/prj/2d-FD-porous/buildAmd64/Eigen-prefix/src/Eigen-build/CMakeFiles/CMakeTmp'
/usr/bin/make -f CMakeFiles/cmTC_d471a.dir/build.make CMakeFiles/cmTC_d471a.dir/build
make[4]: Entering directory '/workspaces/prj/2d-FD-porous/buildAmd64/Eigen-prefix/src/Eigen-build/CMakeFiles/CMakeTmp'
Building CXX object CMakeFiles/cmTC_d471a.dir/src.cxx.o
/usr/bin/c++    -std=c++03 -pedantic -Wall -Wextra -Wundef -Wcast-align -Wchar-subscripts -Wnon-virtual-dtor -Wunused-local-typedefs -Wpointer-arith -DCOMPILER_SUPPORT_Wwritestrings -Werror   -Wwrite-strings -o CMakeFiles/cmTC_d471a.dir/src.cxx.o -c /workspaces/prj/2d-FD-porous/buildAmd64/Eigen-prefix/src/Eigen-build/CMakeFiles/CMakeTmp/src.cxx
Linking CXX executable cmTC_d471a
/usr/bin/cmake -E cmake_link_script CMakeFiles/cmTC_d471a.dir/link.txt --verbose=1
/usr/bin/c++   -std=c++03 -pedantic -Wall -Wextra -Wundef -Wcast-align -Wchar-subscripts -Wnon-virtual-dtor -Wunused-local-typedefs -Wpointer-arith -DCOMPILER_SUPPORT_Wwritestrings -Werror    -rdynamic CMakeFiles/cmTC_d471a.dir/src.cxx.o  -o cmTC_d471a 
make[4]: Leaving directory '/workspaces/prj/2d-FD-porous/buildAmd64/Eigen-prefix/src/Eigen-build/CMakeFiles/CMakeTmp'
make[3]: Leaving directory '/workspaces/prj/2d-FD-porous/buildAmd64/Eigen-prefix/src/Eigen-build/CMakeFiles/CMakeTmp'


Source file was:
int main() { return 0; }
Performing C++ SOURCE FILE Test COMPILER_SUPPORT_Wformatsecurity succeeded with the following output:
Change Dir: /workspaces/prj/2d-FD-porous/buildAmd64/Eigen-prefix/src/Eigen-build/CMakeFiles/CMakeTmp

Run Build Command(s):/usr/bin/make cmTC_44a3c/fast && make[3]: Entering directory '/workspaces/prj/2d-FD-porous/buildAmd64/Eigen-prefix/src/Eigen-build/CMakeFiles/CMakeTmp'
/usr/bin/make -f CMakeFiles/cmTC_44a3c.dir/build.make CMakeFiles/cmTC_44a3c.dir/build
make[4]: Entering directory '/workspaces/prj/2d-FD-porous/buildAmd64/Eigen-prefix/src/Eigen-build/CMakeFiles/CMakeTmp'
Building CXX object CMakeFiles/cmTC_44a3c.dir/src.cxx.o
/usr/bin/c++    -std=c++03 -pedantic -Wall -Wextra -Wundef -Wcast-align -Wchar-subscripts -Wnon-virtual-dtor -Wunused-local-typedefs -Wpointer-arith -Wwrite-strings -DCOMPILER_SUPPORT_Wformatsecurity -Werror   -Wformat-security -o CMakeFiles/cmTC_44a3c.dir/src.cxx.o -c /workspaces/prj/2d-FD-porous/buildAmd64/Eigen-prefix/src/Eigen-build/CMakeFiles/CMakeTmp/src.cxx
Linking CXX executable cmTC_44a3c
/usr/bin/cmake -E cmake_link_script CMakeFiles/cmTC_44a3c.dir/link.txt --verbose=1
/usr/bin/c++   -std=c++03 -pedantic -Wall -Wextra -Wundef -Wcast-align -Wchar-subscripts -Wnon-virtual-dtor -Wunused-local-typedefs -Wpointer-arith -Wwrite-strings -DCOMPILER_SUPPORT_Wformatsecurity -Werror    -rdynamic CMakeFiles/cmTC_44a3c.dir/src.cxx.o  -o cmTC_44a3c 
make[4]: Leaving directory '/workspaces/prj/2d-FD-porous/buildAmd64/Eigen-prefix/src/Eigen-build/CMakeFiles/CMakeTmp'
make[3]: Leaving directory '/workspaces/prj/2d-FD-porous/buildAmd64/Eigen-prefix/src/Eigen-build/CMakeFiles/CMakeTmp'


Source file was:
int main() { return 0; }
Performing C++ SOURCE FILE Test COMPILER_SUPPORT_Wlogicalop succeeded with the following output:
Change Dir: /workspaces/prj/2d-FD-porous/buildAmd64/Eigen-prefix/src/Eigen-build/CMakeFiles/CMakeTmp

Run Build Command(s):/usr/bin/make cmTC_e477c/fast && make[3]: Entering directory '/workspaces/prj/2d-FD-porous/buildAmd64/Eigen-prefix/src/Eigen-build/CMakeFiles/CMakeTmp'
/usr/bin/make -f CMakeFiles/cmTC_e477c.dir/build.make CMakeFiles/cmTC_e477c.dir/build
make[4]: Entering directory '/workspaces/prj/2d-FD-porous/buildAmd64/Eigen-prefix/src/Eigen-build/CMakeFiles/CMakeTmp'
Building CXX object CMakeFiles/cmTC_e477c.dir/src.cxx.o
/usr/bin/c++    -std=c++03 -pedantic -Wall -Wextra -Wundef -Wcast-align -Wchar-subscripts -Wnon-virtual-dtor -Wunused-local-typedefs -Wpointer-arith -Wwrite-strings -Wformat-security -DCOMPILER_SUPPORT_Wlogicalop -Werror   -Wlogical-op -o CMakeFiles/cmTC_e477c.dir/src.cxx.o -c /workspaces/prj/2d-FD-porous/buildAmd64/Eigen-prefix/src/Eigen-build/CMakeFiles/CMakeTmp/src.cxx
Linking CXX executable cmTC_e477c
/usr/bin/cmake -E cmake_link_script CMakeFiles/cmTC_e477c.dir/link.txt --verbose=1
/usr/bin/c++   -std=c++03 -pedantic -Wall -Wextra -Wundef -Wcast-align -Wchar-subscripts -Wnon-virtual-dtor -Wunused-local-typedefs -Wpointer-arith -Wwrite-strings -Wformat-security -DCOMPILER_SUPPORT_Wlogicalop -Werror    -rdynamic CMakeFiles/cmTC_e477c.dir/src.cxx.o  -o cmTC_e477c 
make[4]: Leaving directory '/workspaces/prj/2d-FD-porous/buildAmd64/Eigen-prefix/src/Eigen-build/CMakeFiles/CMakeTmp'
make[3]: Leaving directory '/workspaces/prj/2d-FD-porous/buildAmd64/Eigen-prefix/src/Eigen-build/CMakeFiles/CMakeTmp'


Source file was:
int main() { return 0; }
Performing C++ SOURCE FILE Test COMPILER_SUPPORT_Wdoublepromotion succeeded with the following output:
Change Dir: /workspaces/prj/2d-FD-porous/buildAmd64/Eigen-prefix/src/Eigen-build/CMakeFiles/CMakeTmp

Run Build Command(s):/usr/bin/make cmTC_8d4f2/fast && make[3]: Entering directory '/workspaces/prj/2d-FD-porous/buildAmd64/Eigen-prefix/src/Eigen-build/CMakeFiles/CMakeTmp'
/usr/bin/make -f CMakeFiles/cmTC_8d4f2.dir/build.make CMakeFiles/cmTC_8d4f2.dir/build
make[4]: Entering directory '/workspaces/prj/2d-FD-porous/buildAmd64/Eigen-prefix/src/Eigen-build/CMakeFiles/CMakeTmp'
Building CXX object CMakeFiles/cmTC_8d4f2.dir/src.cxx.o
/usr/bin/c++    -std=c++03 -pedantic -Wall -Wextra -Wundef -Wcast-align -Wchar-subscripts -Wnon-virtual-dtor -Wunused-local-typedefs -Wpointer-arith -Wwrite-strings -Wformat-security -Wlogical-op -DCOMPILER_SUPPORT_Wdoublepromotion -Werror   -Wdouble-promotion -o CMakeFiles/cmTC_8d4f2.dir/src.cxx.o -c /workspaces/prj/2d-FD-porous/buildAmd64/Eigen-prefix/src/Eigen-build/CMakeFiles/CMakeTmp/src.cxx
Linking CXX executable cmTC_8d4f2
/usr/bin/cmake -E cmake_link_script CMakeFiles/cmTC_8d4f2.dir/link.txt --verbose=1
/usr/bin/c++   -std=c++03 -pedantic -Wall -Wextra -Wundef -Wcast-align -Wchar-subscripts -Wnon-virtual-dtor -Wunused-local-typedefs -Wpointer-arith -Wwrite-strings -Wformat-security -Wlogical-op -DCOMPILER_SUPPORT_Wdoublepromotion -Werror    -rdynamic CMakeFiles/cmTC_8d4f2.dir/src.cxx.o  -o cmTC_8d4f2 
make[4]: Leaving directory '/workspaces/prj/2d-FD-porous/buildAmd64/Eigen-prefix/src/Eigen-build/CMakeFiles/CMakeTmp'
make[3]: Leaving directory '/workspaces/prj/2d-FD-porous/buildAmd64/Eigen-prefix/src/Eigen-build/CMakeFiles/CMakeTmp'


Source file was:
int main() { return 0; }
Performing C++ SOURCE FILE Test COMPILER_SUPPORT_Wnopsabi succeeded with the following output:
Change Dir: /workspaces/prj/2d-FD-porous/buildAmd64/Eigen-prefix/src/Eigen-build/CMakeFiles/CMakeTmp

Run Build Command(s):/usr/bin/make cmTC_32b38/fast && make[3]: Entering directory '/workspaces/prj/2d-FD-porous/buildAmd64/Eigen-prefix/src/Eigen-build/CMakeFiles/CMakeTmp'
/usr/bin/make -f CMakeFiles/cmTC_32b38.dir/build.make CMakeFiles/cmTC_32b38.dir/build
make[4]: Entering directory '/workspaces/prj/2d-FD-porous/buildAmd64/Eigen-prefix/src/Eigen-build/CMakeFiles/CMakeTmp'
Building CXX object CMakeFiles/cmTC_32b38.dir/src.cxx.o
/usr/bin/c++    -std=c++03 -pedantic -Wall -Wextra -Wundef -Wcast-align -Wchar-subscripts -Wnon-virtual-dtor -Wunused-local-typedefs -Wpointer-arith -Wwrite-strings -Wformat-security -Wlogical-op -Wdouble-promotion -DCOMPILER_SUPPORT_Wnopsabi -Werror   -Wno-psabi -o CMakeFiles/cmTC_32b38.dir/src.cxx.o -c /workspaces/prj/2d-FD-porous/buildAmd64/Eigen-prefix/src/Eigen-build/CMakeFiles/CMakeTmp/src.cxx
Linking CXX executable cmTC_32b38
/usr/bin/cmake -E cmake_link_script CMakeFiles/cmTC_32b38.dir/link.txt --verbose=1
/usr/bin/c++   -std=c++03 -pedantic -Wall -Wextra -Wundef -Wcast-align -Wchar-subscripts -Wnon-virtual-dtor -Wunused-local-typedefs -Wpointer-arith -Wwrite-strings -Wformat-security -Wlogical-op -Wdouble-promotion -DCOMPILER_SUPPORT_Wnopsabi -Werror    -rdynamic CMakeFiles/cmTC_32b38.dir/src.cxx.o  -o cmTC_32b38 
make[4]: Leaving directory '/workspaces/prj/2d-FD-porous/buildAmd64/Eigen-prefix/src/Eigen-build/CMakeFiles/CMakeTmp'
make[3]: Leaving directory '/workspaces/prj/2d-FD-porous/buildAmd64/Eigen-prefix/src/Eigen-build/CMakeFiles/CMakeTmp'


Source file was:
int main() { return 0; }
Performing C++ SOURCE FILE Test COMPILER_SUPPORT_Wnovariadicmacros succeeded with the following output:
Change Dir: /workspaces/prj/2d-FD-porous/buildAmd64/Eigen-prefix/src/Eigen-build/CMakeFiles/CMakeTmp

Run Build Command(s):/usr/bin/make cmTC_32889/fast && make[3]: Entering directory '/workspaces/prj/2d-FD-porous/buildAmd64/Eigen-prefix/src/Eigen-build/CMakeFiles/CMakeTmp'
/usr/bin/make -f CMakeFiles/cmTC_32889.dir/build.make CMakeFiles/cmTC_32889.dir/build
make[4]: Entering directory '/workspaces/prj/2d-FD-porous/buildAmd64/Eigen-prefix/src/Eigen-build/CMakeFiles/CMakeTmp'
Building CXX object CMakeFiles/cmTC_32889.dir/src.cxx.o
/usr/bin/c++    -std=c++03 -pedantic -Wall -Wextra -Wundef -Wcast-align -Wchar-subscripts -Wnon-virtual-dtor -Wunused-local-typedefs -Wpointer-arith -Wwrite-strings -Wformat-security -Wlogical-op -Wdouble-promotion -Wno-psabi -DCOMPILER_SUPPORT_Wnovariadicmacros -Werror   -Wno-variadic-macros -o CMakeFiles/cmTC_32889.dir/src.cxx.o -c /workspaces/prj/2d-FD-porous/buildAmd64/Eigen-prefix/src/Eigen-build/CMakeFiles/CMakeTmp/src.cxx
Linking CXX executable cmTC_32889
/usr/bin/cmake -E cmake_link_script CMakeFiles/cmTC_32889.dir/link.txt --verbose=1
/usr/bin/c++   -std=c++03 -pedantic -Wall -Wextra -Wundef -Wcast-align -Wchar-subscripts -Wnon-virtual-dtor -Wunused-local-typedefs -Wpointer-arith -Wwrite-strings -Wformat-security -Wlogical-op -Wdouble-promotion -Wno-psabi -DCOMPILER_SUPPORT_Wnovariadicmacros -Werror    -rdynamic CMakeFiles/cmTC_32889.dir/src.cxx.o  -o cmTC_32889 
make[4]: Leaving directory '/workspaces/prj/2d-FD-porous/buildAmd64/Eigen-prefix/src/Eigen-build/CMakeFiles/CMakeTmp'
make[3]: Leaving directory '/workspaces/prj/2d-FD-porous/buildAmd64/Eigen-prefix/src/Eigen-build/CMakeFiles/CMakeTmp'


Source file was:
int main() { return 0; }
Performing C++ SOURCE FILE Test COMPILER_SUPPORT_Wnolonglong succeeded with the following output:
Change Dir: /workspaces/prj/2d-FD-porous/buildAmd64/Eigen-prefix/src/Eigen-build/CMakeFiles/CMakeTmp

Run Build Command(s):/usr/bin/make cmTC_fc409/fast && make[3]: Entering directory '/workspaces/prj/2d-FD-porous/buildAmd64/Eigen-prefix/src/Eigen-build/CMakeFiles/CMakeTmp'
/usr/bin/make -f CMakeFiles/cmTC_fc409.dir/build.make CMakeFiles/cmTC_fc409.dir/build
make[4]: Entering directory '/workspaces/prj/2d-FD-porous/buildAmd64/Eigen-prefix/src/Eigen-build/CMakeFiles/CMakeTmp'
Building CXX object CMakeFiles/cmTC_fc409.dir/src.cxx.o
/usr/bin/c++    -std=c++03 -pedantic -Wall -Wextra -Wundef -Wcast-align -Wchar-subscripts -Wnon-virtual-dtor -Wunused-local-typedefs -Wpointer-arith -Wwrite-strings -Wformat-security -Wlogical-op -Wdouble-promotion -Wno-psabi -Wno-variadic-macros -DCOMPILER_SUPPORT_Wnolonglong -Werror   -Wno-long-long -o CMakeFiles/cmTC_fc409.dir/src.cxx.o -c /workspaces/prj/2d-FD-porous/buildAmd64/Eigen-prefix/src/Eigen-build/CMakeFiles/CMakeTmp/src.cxx
Linking CXX executable cmTC_fc409
/usr/bin/cmake -E cmake_link_script CMakeFiles/cmTC_fc409.dir/link.txt --verbose=1
/usr/bin/c++   -std=c++03 -pedantic -Wall -Wextra -Wundef -Wcast-align -Wchar-subscripts -Wnon-virtual-dtor -Wunused-local-typedefs -Wpointer-arith -Wwrite-strings -Wformat-security -Wlogical-op -Wdouble-promotion -Wno-psabi -Wno-variadic-macros -DCOMPILER_SUPPORT_Wnolonglong -Werror    -rdynamic CMakeFiles/cmTC_fc409.dir/src.cxx.o  -o cmTC_fc409 
make[4]: Leaving directory '/workspaces/prj/2d-FD-porous/buildAmd64/Eigen-prefix/src/Eigen-build/CMakeFiles/CMakeTmp'
make[3]: Leaving directory '/workspaces/prj/2d-FD-porous/buildAmd64/Eigen-prefix/src/Eigen-build/CMakeFiles/CMakeTmp'


Source file was:
int main() { return 0; }
Performing C++ SOURCE FILE Test COMPILER_SUPPORT_fnochecknew succeeded with the following output:
Change Dir: /workspaces/prj/2d-FD-porous/buildAmd64/Eigen-prefix/src/Eigen-build/CMakeFiles/CMakeTmp

Run Build Command(s):/usr/bin/make cmTC_4278c/fast && make[3]: Entering directory '/workspaces/prj/2d-FD-porous/buildAmd64/Eigen-prefix/src/Eigen-build/CMakeFiles/CMakeTmp'
/usr/bin/make -f CMakeFiles/cmTC_4278c.dir/build.make CMakeFiles/cmTC_4278c.dir/build
make[4]: Entering directory '/workspaces/prj/2d-FD-porous/buildAmd64/Eigen-prefix/src/Eigen-build/CMakeFiles/CMakeTmp'
Building CXX object CMakeFiles/cmTC_4278c.dir/src.cxx.o
/usr/bin/c++    -std=c++03 -pedantic -Wall -Wextra -Wundef -Wcast-align -Wchar-subscripts -Wnon-virtual-dtor -Wunused-local-typedefs -Wpointer-arith -Wwrite-strings -Wformat-security -Wlogical-op -Wdouble-promotion -Wno-psabi -Wno-variadic-macros -Wno-long-long -DCOMPILER_SUPPORT_fnochecknew -Werror   -fno-check-new -o CMakeFiles/cmTC_4278c.dir/src.cxx.o -c /workspaces/prj/2d-FD-porous/buildAmd64/Eigen-prefix/src/Eigen-build/CMakeFiles/CMakeTmp/src.cxx
Linking CXX executable cmTC_4278c
/usr/bin/cmake -E cmake_link_script CMakeFiles/cmTC_4278c.dir/link.txt --verbose=1
/usr/bin/c++   -std=c++03 -pedantic -Wall -Wextra -Wundef -Wcast-align -Wchar-subscripts -Wnon-virtual-dtor -Wunused-local-typedefs -Wpointer-arith -Wwrite-strings -Wformat-security -Wlogical-op -Wdouble-promotion -Wno-psabi -Wno-variadic-macros -Wno-long-long -DCOMPILER_SUPPORT_fnochecknew -Werror    -rdynamic CMakeFiles/cmTC_4278c.dir/src.cxx.o  -o cmTC_4278c 
make[4]: Leaving directory '/workspaces/prj/2d-FD-porous/buildAmd64/Eigen-prefix/src/Eigen-build/CMakeFiles/CMakeTmp'
make[3]: Leaving directory '/workspaces/prj/2d-FD-porous/buildAmd64/Eigen-prefix/src/Eigen-build/CMakeFiles/CMakeTmp'


Source file was:
int main() { return 0; }
Performing C++ SOURCE FILE Test COMPILER_SUPPORT_fnocommon succeeded with the following output:
Change Dir: /workspaces/prj/2d-FD-porous/buildAmd64/Eigen-prefix/src/Eigen-build/CMakeFiles/CMakeTmp

Run Build Command(s):/usr/bin/make cmTC_2320d/fast && make[3]: Entering directory '/workspaces/prj/2d-FD-porous/buildAmd64/Eigen-prefix/src/Eigen-build/CMakeFiles/CMakeTmp'
/usr/bin/make -f CMakeFiles/cmTC_2320d.dir/build.make CMakeFiles/cmTC_2320d.dir/build
make[4]: Entering directory '/workspaces/prj/2d-FD-porous/buildAmd64/Eigen-prefix/src/Eigen-build/CMakeFiles/CMakeTmp'
Building CXX object CMakeFiles/cmTC_2320d.dir/src.cxx.o
/usr/bin/c++    -std=c++03 -pedantic -Wall -Wextra -Wundef -Wcast-align -Wchar-subscripts -Wnon-virtual-dtor -Wunused-local-typedefs -Wpointer-arith -Wwrite-strings -Wformat-security -Wlogical-op -Wdouble-promotion -Wno-psabi -Wno-variadic-macros -Wno-long-long -fno-check-new -DCOMPILER_SUPPORT_fnocommon -Werror   -fno-common -o CMakeFiles/cmTC_2320d.dir/src.cxx.o -c /workspaces/prj/2d-FD-porous/buildAmd64/Eigen-prefix/src/Eigen-build/CMakeFiles/CMakeTmp/src.cxx
Linking CXX executable cmTC_2320d
/usr/bin/cmake -E cmake_link_script CMakeFiles/cmTC_2320d.dir/link.txt --verbose=1
/usr/bin/c++   -std=c++03 -pedantic -Wall -Wextra -Wundef -Wcast-align -Wchar-subscripts -Wnon-virtual-dtor -Wunused-local-typedefs -Wpointer-arith -Wwrite-strings -Wformat-security -Wlogical-op -Wdouble-promotion -Wno-psabi -Wno-variadic-macros -Wno-long-long -fno-check-new -DCOMPILER_SUPPORT_fnocommon -Werror    -rdynamic CMakeFiles/cmTC_2320d.dir/src.cxx.o  -o cmTC_2320d 
make[4]: Leaving directory '/workspaces/prj/2d-FD-porous/buildAmd64/Eigen-prefix/src/Eigen-build/CMakeFiles/CMakeTmp'
make[3]: Leaving directory '/workspaces/prj/2d-FD-porous/buildAmd64/Eigen-prefix/src/Eigen-build/CMakeFiles/CMakeTmp'


Source file was:
int main() { return 0; }
Performing C++ SOURCE FILE Test COMPILER_SUPPORT_fstrictaliasing succeeded with the following output:
Change Dir: /workspaces/prj/2d-FD-porous/buildAmd64/Eigen-prefix/src/Eigen-build/CMakeFiles/CMakeTmp

Run Build Command(s):/usr/bin/make cmTC_10e4f/fast && make[3]: Entering directory '/workspaces/prj/2d-FD-porous/buildAmd64/Eigen-prefix/src/Eigen-build/CMakeFiles/CMakeTmp'
/usr/bin/make -f CMakeFiles/cmTC_10e4f.dir/build.make CMakeFiles/cmTC_10e4f.dir/build
make[4]: Entering directory '/workspaces/prj/2d-FD-porous/buildAmd64/Eigen-prefix/src/Eigen-build/CMakeFiles/CMakeTmp'
Building CXX object CMakeFiles/cmTC_10e4f.dir/src.cxx.o
/usr/bin/c++    -std=c++03 -pedantic -Wall -Wextra -Wundef -Wcast-align -Wchar-subscripts -Wnon-virtual-dtor -Wunused-local-typedefs -Wpointer-arith -Wwrite-strings -Wformat-security -Wlogical-op -Wdouble-promotion -Wno-psabi -Wno-variadic-macros -Wno-long-long -fno-check-new -fno-common -DCOMPILER_SUPPORT_fstrictaliasing -Werror   -fstrict-aliasing -o CMakeFiles/cmTC_10e4f.dir/src.cxx.o -c /workspaces/prj/2d-FD-porous/buildAmd64/Eigen-prefix/src/Eigen-build/CMakeFiles/CMakeTmp/src.cxx
Linking CXX executable cmTC_10e4f
/usr/bin/cmake -E cmake_link_script CMakeFiles/cmTC_10e4f.dir/link.txt --verbose=1
/usr/bin/c++   -std=c++03 -pedantic -Wall -Wextra -Wundef -Wcast-align -Wchar-subscripts -Wnon-virtual-dtor -Wunused-local-typedefs -Wpointer-arith -Wwrite-strings -Wformat-security -Wlogical-op -Wdouble-promotion -Wno-psabi -Wno-variadic-macros -Wno-long-long -fno-check-new -fno-common -DCOMPILER_SUPPORT_fstrictaliasing -Werror    -rdynamic CMakeFiles/cmTC_10e4f.dir/src.cxx.o  -o cmTC_10e4f 
make[4]: Leaving directory '/workspaces/prj/2d-FD-porous/buildAmd64/Eigen-prefix/src/Eigen-build/CMakeFiles/CMakeTmp'
make[3]: Leaving directory '/workspaces/prj/2d-FD-porous/buildAmd64/Eigen-prefix/src/Eigen-build/CMakeFiles/CMakeTmp'


Source file was:
int main() { return 0; }
Performing C++ SOURCE FILE Test COMPILER_SUPPORT_ansi succeeded with the following output:
Change Dir: /workspaces/prj/2d-FD-porous/buildAmd64/Eigen-prefix/src/Eigen-build/CMakeFiles/CMakeTmp

Run Build Command(s):/usr/bin/make cmTC_c7eef/fast && make[3]: Entering directory '/workspaces/prj/2d-FD-porous/buildAmd64/Eigen-prefix/src/Eigen-build/CMakeFiles/CMakeTmp'
/usr/bin/make -f CMakeFiles/cmTC_c7eef.dir/build.make CMakeFiles/cmTC_c7eef.dir/build
make[4]: Entering directory '/workspaces/prj/2d-FD-porous/buildAmd64/Eigen-prefix/src/Eigen-build/CMakeFiles/CMakeTmp'
Building CXX object CMakeFiles/cmTC_c7eef.dir/src.cxx.o
/usr/bin/c++    -std=c++03 -pedantic -Wall -Wextra -Wundef -Wcast-align -Wchar-subscripts -Wnon-virtual-dtor -Wunused-local-typedefs -Wpointer-arith -Wwrite-strings -Wformat-security -Wlogical-op -Wdouble-promotion -Wno-psabi -Wno-variadic-macros -Wno-long-long -fno-check-new -fno-common -fstrict-aliasing -DCOMPILER_SUPPORT_ansi -Werror   -ansi -o CMakeFiles/cmTC_c7eef.dir/src.cxx.o -c /workspaces/prj/2d-FD-porous/buildAmd64/Eigen-prefix/src/Eigen-build/CMakeFiles/CMakeTmp/src.cxx
Linking CXX executable cmTC_c7eef
/usr/bin/cmake -E cmake_link_script CMakeFiles/cmTC_c7eef.dir/link.txt --verbose=1
/usr/bin/c++   -std=c++03 -pedantic -Wall -Wextra -Wundef -Wcast-align -Wchar-subscripts -Wnon-virtual-dtor -Wunused-local-typedefs -Wpointer-arith -Wwrite-strings -Wformat-security -Wlogical-op -Wdouble-promotion -Wno-psabi -Wno-variadic-macros -Wno-long-long -fno-check-new -fno-common -fstrict-aliasing -DCOMPILER_SUPPORT_ansi -Werror    -rdynamic CMakeFiles/cmTC_c7eef.dir/src.cxx.o  -o cmTC_c7eef 
make[4]: Leaving directory '/workspaces/prj/2d-FD-porous/buildAmd64/Eigen-prefix/src/Eigen-build/CMakeFiles/CMakeTmp'
make[3]: Leaving directory '/workspaces/prj/2d-FD-porous/buildAmd64/Eigen-prefix/src/Eigen-build/CMakeFiles/CMakeTmp'


Source file was:
int main() { return 0; }
Performing C++ SOURCE FILE Test COMPILER_SUPPORT_OPENMP succeeded with the following output:
Change Dir: /workspaces/prj/2d-FD-porous/buildAmd64/Eigen-prefix/src/Eigen-build/CMakeFiles/CMakeTmp

Run Build Command(s):/usr/bin/make cmTC_81c06/fast && make[3]: Entering directory '/workspaces/prj/2d-FD-porous/buildAmd64/Eigen-prefix/src/Eigen-build/CMakeFiles/CMakeTmp'
/usr/bin/make -f CMakeFiles/cmTC_81c06.dir/build.make CMakeFiles/cmTC_81c06.dir/build
make[4]: Entering directory '/workspaces/prj/2d-FD-porous/buildAmd64/Eigen-prefix/src/Eigen-build/CMakeFiles/CMakeTmp'
Building CXX object CMakeFiles/cmTC_81c06.dir/src.cxx.o
/usr/bin/c++    -std=c++03 -pedantic -Wall -Wextra -Wundef -Wcast-align -Wchar-subscripts -Wnon-virtual-dtor -Wunused-local-typedefs -Wpointer-arith -Wwrite-strings -Wformat-security -Wlogical-op -Wdouble-promotion -Wno-psabi -Wno-variadic-macros -Wno-long-long -fno-check-new -fno-common -fstrict-aliasing -ansi -DCOMPILER_SUPPORT_OPENMP   -fopenmp -o CMakeFiles/cmTC_81c06.dir/src.cxx.o -c /workspaces/prj/2d-FD-porous/buildAmd64/Eigen-prefix/src/Eigen-build/CMakeFiles/CMakeTmp/src.cxx
Linking CXX executable cmTC_81c06
/usr/bin/cmake -E cmake_link_script CMakeFiles/cmTC_81c06.dir/link.txt --verbose=1
/usr/bin/c++   -std=c++03 -pedantic -Wall -Wextra -Wundef -Wcast-align -Wchar-subscripts -Wnon-virtual-dtor -Wunused-local-typedefs -Wpointer-arith -Wwrite-strings -Wformat-security -Wlogical-op -Wdouble-promotion -Wno-psabi -Wno-variadic-macros -Wno-long-long -fno-check-new -fno-common -fstrict-aliasing -ansi -DCOMPILER_SUPPORT_OPENMP    -rdynamic CMakeFiles/cmTC_81c06.dir/src.cxx.o  -o cmTC_81c06 
make[4]: Leaving directory '/workspaces/prj/2d-FD-porous/buildAmd64/Eigen-prefix/src/Eigen-build/CMakeFiles/CMakeTmp'
make[3]: Leaving directory '/workspaces/prj/2d-FD-porous/buildAmd64/Eigen-prefix/src/Eigen-build/CMakeFiles/CMakeTmp'


Source file was:
int main() { return 0; }
Determining if the include file pthread.h exists passed with the following output:
Change Dir: /workspaces/prj/2d-FD-porous/buildAmd64/Eigen-prefix/src/Eigen-build/CMakeFiles/CMakeTmp

Run Build Command(s):/usr/bin/make cmTC_4f231/fast && make[3]: Entering directory '/workspaces/prj/2d-FD-porous/buildAmd64/Eigen-prefix/src/Eigen-build/CMakeFiles/CMakeTmp'
/usr/bin/make -f CMakeFiles/cmTC_4f231.dir/build.make CMakeFiles/cmTC_4f231.dir/build
make[4]: Entering directory '/workspaces/prj/2d-FD-porous/buildAmd64/Eigen-prefix/src/Eigen-build/CMakeFiles/CMakeTmp'
Building C object CMakeFiles/cmTC_4f231.dir/CheckIncludeFile.c.o
/usr/bin/cc    -o CMakeFiles/cmTC_4f231.dir/CheckIncludeFile.c.o   -c /workspaces/prj/2d-FD-porous/buildAmd64/Eigen-prefix/src/Eigen-build/CMakeFiles/CMakeTmp/CheckIncludeFile.c
Linking C executable cmTC_4f231
/usr/bin/cmake -E cmake_link_script CMakeFiles/cmTC_4f231.dir/link.txt --verbose=1
/usr/bin/cc      -rdynamic CMakeFiles/cmTC_4f231.dir/CheckIncludeFile.c.o  -o cmTC_4f231 
make[4]: Leaving directory '/workspaces/prj/2d-FD-porous/buildAmd64/Eigen-prefix/src/Eigen-build/CMakeFiles/CMakeTmp'
make[3]: Leaving directory '/workspaces/prj/2d-FD-porous/buildAmd64/Eigen-prefix/src/Eigen-build/CMakeFiles/CMakeTmp'



Determining if the function pthread_create exists in the pthread passed with the following output:
Change Dir: /workspaces/prj/2d-FD-porous/buildAmd64/Eigen-prefix/src/Eigen-build/CMakeFiles/CMakeTmp

Run Build Command(s):/usr/bin/make cmTC_874d8/fast && make[3]: Entering directory '/workspaces/prj/2d-FD-porous/buildAmd64/Eigen-prefix/src/Eigen-build/CMakeFiles/CMakeTmp'
/usr/bin/make -f CMakeFiles/cmTC_874d8.dir/build.make CMakeFiles/cmTC_874d8.dir/build
make[4]: Entering directory '/workspaces/prj/2d-FD-porous/buildAmd64/Eigen-prefix/src/Eigen-build/CMakeFiles/CMakeTmp'
Building C object CMakeFiles/cmTC_874d8.dir/CheckFunctionExists.c.o
/usr/bin/cc   -DCHECK_FUNCTION_EXISTS=pthread_create   -o CMakeFiles/cmTC_874d8.dir/CheckFunctionExists.c.o   -c /usr/share/cmake-3.16/Modules/CheckFunctionExists.c
Linking C executable cmTC_874d8
/usr/bin/cmake -E cmake_link_script CMakeFiles/cmTC_874d8.dir/link.txt --verbose=1
/usr/bin/cc  -DCHECK_FUNCTION_EXISTS=pthread_create    -rdynamic CMakeFiles/cmTC_874d8.dir/CheckFunctionExists.c.o  -o cmTC_874d8  -lpthread 
make[4]: Leaving directory '/workspaces/prj/2d-FD-porous/buildAmd64/Eigen-prefix/src/Eigen-build/CMakeFiles/CMakeTmp'
make[3]: Leaving directory '/workspaces/prj/2d-FD-porous/buildAmd64/Eigen-prefix/src/Eigen-build/CMakeFiles/CMakeTmp'



Performing C++ SOURCE FILE Test COMPILER_SUPPORT_FASTMATH succeeded with the following output:
Change Dir: /workspaces/prj/2d-FD-porous/buildAmd64/Eigen-prefix/src/Eigen-build/CMakeFiles/CMakeTmp

Run Build Command(s):/usr/bin/make cmTC_71dc2/fast && make[3]: Entering directory '/workspaces/prj/2d-FD-porous/buildAmd64/Eigen-prefix/src/Eigen-build/CMakeFiles/CMakeTmp'
/usr/bin/make -f CMakeFiles/cmTC_71dc2.dir/build.make CMakeFiles/cmTC_71dc2.dir/build
make[4]: Entering directory '/workspaces/prj/2d-FD-porous/buildAmd64/Eigen-prefix/src/Eigen-build/CMakeFiles/CMakeTmp'
Building CXX object CMakeFiles/cmTC_71dc2.dir/src.cxx.o
/usr/bin/c++    -std=c++03 -pedantic -Wall -Wextra -Wundef -Wcast-align -Wchar-subscripts -Wnon-virtual-dtor -Wunused-local-typedefs -Wpointer-arith -Wwrite-strings -Wformat-security -Wlogical-op -Wdouble-promotion -Wno-psabi -Wno-variadic-macros -Wno-long-long -fno-check-new -fno-common -fstrict-aliasing -ansi -DCOMPILER_SUPPORT_FASTMATH   -ffast-math -o CMakeFiles/cmTC_71dc2.dir/src.cxx.o -c /workspaces/prj/2d-FD-porous/buildAmd64/Eigen-prefix/src/Eigen-build/CMakeFiles/CMakeTmp/src.cxx
Linking CXX executable cmTC_71dc2
/usr/bin/cmake -E cmake_link_script CMakeFiles/cmTC_71dc2.dir/link.txt --verbose=1
/usr/bin/c++   -std=c++03 -pedantic -Wall -Wextra -Wundef -Wcast-align -Wchar-subscripts -Wnon-virtual-dtor -Wunused-local-typedefs -Wpointer-arith -Wwrite-strings -Wformat-security -Wlogical-op -Wdouble-promotion -Wno-psabi -Wno-variadic-macros -Wno-long-long -fno-check-new -fno-common -fstrict-aliasing -ansi -DCOMPILER_SUPPORT_FASTMATH    -rdynamic CMakeFiles/cmTC_71dc2.dir/src.cxx.o  -o cmTC_71dc2 
make[4]: Leaving directory '/workspaces/prj/2d-FD-porous/buildAmd64/Eigen-prefix/src/Eigen-build/CMakeFiles/CMakeTmp'
make[3]: Leaving directory '/workspaces/prj/2d-FD-porous/buildAmd64/Eigen-prefix/src/Eigen-build/CMakeFiles/CMakeTmp'


Source file was:
int main() { return 0; }
