Performing C++ SOURCE FILE Test COMPILER_SUPPORT_Wshorten64to32 failed with the following output:
Change Dir: /workspaces/prj/2d-FD-porous/buildAmd64/Eigen-prefix/src/Eigen-build/CMakeFiles/CMakeTmp

Run Build Command(s):/usr/bin/make cmTC_2c336/fast && make[3]: Entering directory '/workspaces/prj/2d-FD-porous/buildAmd64/Eigen-prefix/src/Eigen-build/CMakeFiles/CMakeTmp'
/usr/bin/make -f CMakeFiles/cmTC_2c336.dir/build.make CMakeFiles/cmTC_2c336.dir/build
make[4]: Entering directory '/workspaces/prj/2d-FD-porous/buildAmd64/Eigen-prefix/src/Eigen-build/CMakeFiles/CMakeTmp'
Building CXX object CMakeFiles/cmTC_2c336.dir/src.cxx.o
/usr/bin/c++    -std=c++03 -pedantic -Wall -Wextra -Wundef -Wcast-align -Wchar-subscripts -Wnon-virtual-dtor -Wunused-local-typedefs -Wpointer-arith -Wwrite-strings -Wformat-security -DCOMPILER_SUPPORT_Wshorten64to32 -Werror   -Wshorten-64-to-32 -o CMakeFiles/cmTC_2c336.dir/src.cxx.o -c /workspaces/prj/2d-FD-porous/buildAmd64/Eigen-prefix/src/Eigen-build/CMakeFiles/CMakeTmp/src.cxx
c++: error: unrecognized command line option '-Wshorten-64-to-32'
make[4]: *** [CMakeFiles/cmTC_2c336.dir/build.make:66: CMakeFiles/cmTC_2c336.dir/src.cxx.o] Error 1
make[4]: Leaving directory '/workspaces/prj/2d-FD-porous/buildAmd64/Eigen-prefix/src/Eigen-build/CMakeFiles/CMakeTmp'
make[3]: *** [Makefile:121: cmTC_2c336/fast] Error 2
make[3]: Leaving directory '/workspaces/prj/2d-FD-porous/buildAmd64/Eigen-prefix/src/Eigen-build/CMakeFiles/CMakeTmp'


Source file was:
int main() { return 0; }
Performing C++ SOURCE FILE Test COMPILER_SUPPORT_Wenumconversion failed with the following output:
Change Dir: /workspaces/prj/2d-FD-porous/buildAmd64/Eigen-prefix/src/Eigen-build/CMakeFiles/CMakeTmp

Run Build Command(s):/usr/bin/make cmTC_09e86/fast && make[3]: Entering directory '/workspaces/prj/2d-FD-porous/buildAmd64/Eigen-prefix/src/Eigen-build/CMakeFiles/CMakeTmp'
/usr/bin/make -f CMakeFiles/cmTC_09e86.dir/build.make CMakeFiles/cmTC_09e86.dir/build
make[4]: Entering directory '/workspaces/prj/2d-FD-porous/buildAmd64/Eigen-prefix/src/Eigen-build/CMakeFiles/CMakeTmp'
Building CXX object CMakeFiles/cmTC_09e86.dir/src.cxx.o
/usr/bin/c++    -std=c++03 -pedantic -Wall -Wextra -Wundef -Wcast-align -Wchar-subscripts -Wnon-virtual-dtor -Wunused-local-typedefs -Wpointer-arith -Wwrite-strings -Wformat-security -Wlogical-op -DCOMPILER_SUPPORT_Wenumconversion -Werror   -Wenum-conversion -o CMakeFiles/cmTC_09e86.dir/src.cxx.o -c /workspaces/prj/2d-FD-porous/buildAmd64/Eigen-prefix/src/Eigen-build/CMakeFiles/CMakeTmp/src.cxx
c++: error: unrecognized command line option '-Wenum-conversion'; did you mean '-Wno-conversion'?
make[4]: *** [CMakeFiles/cmTC_09e86.dir/build.make:66: CMakeFiles/cmTC_09e86.dir/src.cxx.o] Error 1
make[4]: Leaving directory '/workspaces/prj/2d-FD-porous/buildAmd64/Eigen-prefix/src/Eigen-build/CMakeFiles/CMakeTmp'
make[3]: *** [Makefile:121: cmTC_09e86/fast] Error 2
make[3]: Leaving directory '/workspaces/prj/2d-FD-porous/buildAmd64/Eigen-prefix/src/Eigen-build/CMakeFiles/CMakeTmp'


Source file was:
int main() { return 0; }
Performing C++ SOURCE FILE Test COMPILER_SUPPORT_Wcpp11extensions failed with the following output:
Change Dir: /workspaces/prj/2d-FD-porous/buildAmd64/Eigen-prefix/src/Eigen-build/CMakeFiles/CMakeTmp

Run Build Command(s):/usr/bin/make cmTC_d05ed/fast && make[3]: Entering directory '/workspaces/prj/2d-FD-porous/buildAmd64/Eigen-prefix/src/Eigen-build/CMakeFiles/CMakeTmp'
/usr/bin/make -f CMakeFiles/cmTC_d05ed.dir/build.make CMakeFiles/cmTC_d05ed.dir/build
make[4]: Entering directory '/workspaces/prj/2d-FD-porous/buildAmd64/Eigen-prefix/src/Eigen-build/CMakeFiles/CMakeTmp'
Building CXX object CMakeFiles/cmTC_d05ed.dir/src.cxx.o
/usr/bin/c++    -std=c++03 -pedantic -Wall -Wextra -Wundef -Wcast-align -Wchar-subscripts -Wnon-virtual-dtor -Wunused-local-typedefs -Wpointer-arith -Wwrite-strings -Wformat-security -Wlogical-op -DCOMPILER_SUPPORT_Wcpp11extensions -Werror   -Wc++11-extensions -o CMakeFiles/cmTC_d05ed.dir/src.cxx.o -c /workspaces/prj/2d-FD-porous/buildAmd64/Eigen-prefix/src/Eigen-build/CMakeFiles/CMakeTmp/src.cxx
c++: error: unrecognized command line option '-Wc++11-extensions'; did you mean '-fms-extensions'?
make[4]: *** [CMakeFiles/cmTC_d05ed.dir/build.make:66: CMakeFiles/cmTC_d05ed.dir/src.cxx.o] Error 1
make[4]: Leaving directory '/workspaces/prj/2d-FD-porous/buildAmd64/Eigen-prefix/src/Eigen-build/CMakeFiles/CMakeTmp'
make[3]: *** [Makefile:121: cmTC_d05ed/fast] Error 2
make[3]: Leaving directory '/workspaces/prj/2d-FD-porous/buildAmd64/Eigen-prefix/src/Eigen-build/CMakeFiles/CMakeTmp'


Source file was:
int main() { return 0; }
Performing C++ SOURCE FILE Test COMPILER_SUPPORT_wd981 failed with the following output:
Change Dir: /workspaces/prj/2d-FD-porous/buildAmd64/Eigen-prefix/src/Eigen-build/CMakeFiles/CMakeTmp

Run Build Command(s):/usr/bin/make cmTC_6f9c9/fast && make[3]: Entering directory '/workspaces/prj/2d-FD-porous/buildAmd64/Eigen-prefix/src/Eigen-build/CMakeFiles/CMakeTmp'
/usr/bin/make -f CMakeFiles/cmTC_6f9c9.dir/build.make CMakeFiles/cmTC_6f9c9.dir/build
make[4]: Entering directory '/workspaces/prj/2d-FD-porous/buildAmd64/Eigen-prefix/src/Eigen-build/CMakeFiles/CMakeTmp'
Building CXX object CMakeFiles/cmTC_6f9c9.dir/src.cxx.o
/usr/bin/c++    -std=c++03 -pedantic -Wall -Wextra -Wundef -Wcast-align -Wchar-subscripts -Wnon-virtual-dtor -Wunused-local-typedefs -Wpointer-arith -Wwrite-strings -Wformat-security -Wlogical-op -Wdouble-promotion -Wno-psabi -Wno-variadic-macros -Wno-long-long -fno-check-new -fno-common -fstrict-aliasing -DCOMPILER_SUPPORT_wd981 -Werror   -wd981 -o CMakeFiles/cmTC_6f9c9.dir/src.cxx.o -c /workspaces/prj/2d-FD-porous/buildAmd64/Eigen-prefix/src/Eigen-build/CMakeFiles/CMakeTmp/src.cxx
c++: error: unrecognized command line option '-wd981'
make[4]: *** [CMakeFiles/cmTC_6f9c9.dir/build.make:66: CMakeFiles/cmTC_6f9c9.dir/src.cxx.o] Error 1
make[4]: Leaving directory '/workspaces/prj/2d-FD-porous/buildAmd64/Eigen-prefix/src/Eigen-build/CMakeFiles/CMakeTmp'
make[3]: *** [Makefile:121: cmTC_6f9c9/fast] Error 2
make[3]: Leaving directory '/workspaces/prj/2d-FD-porous/buildAmd64/Eigen-prefix/src/Eigen-build/CMakeFiles/CMakeTmp'


Source file was:
int main() { return 0; }
Performing C++ SOURCE FILE Test COMPILER_SUPPORT_wd2304 failed with the following output:
Change Dir: /workspaces/prj/2d-FD-porous/buildAmd64/Eigen-prefix/src/Eigen-build/CMakeFiles/CMakeTmp

Run Build Command(s):/usr/bin/make cmTC_291e8/fast && make[3]: Entering directory '/workspaces/prj/2d-FD-porous/buildAmd64/Eigen-prefix/src/Eigen-build/CMakeFiles/CMakeTmp'
/usr/bin/make -f CMakeFiles/cmTC_291e8.dir/build.make CMakeFiles/cmTC_291e8.dir/build
make[4]: Entering directory '/workspaces/prj/2d-FD-porous/buildAmd64/Eigen-prefix/src/Eigen-build/CMakeFiles/CMakeTmp'
Building CXX object CMakeFiles/cmTC_291e8.dir/src.cxx.o
/usr/bin/c++    -std=c++03 -pedantic -Wall -Wextra -Wundef -Wcast-align -Wchar-subscripts -Wnon-virtual-dtor -Wunused-local-typedefs -Wpointer-arith -Wwrite-strings -Wformat-security -Wlogical-op -Wdouble-promotion -Wno-psabi -Wno-variadic-macros -Wno-long-long -fno-check-new -fno-common -fstrict-aliasing -DCOMPILER_SUPPORT_wd2304 -Werror   -wd2304 -o CMakeFiles/cmTC_291e8.dir/src.cxx.o -c /workspaces/prj/2d-FD-porous/buildAmd64/Eigen-prefix/src/Eigen-build/CMakeFiles/CMakeTmp/src.cxx
c++: error: unrecognized command line option '-wd2304'
make[4]: *** [CMakeFiles/cmTC_291e8.dir/build.make:66: CMakeFiles/cmTC_291e8.dir/src.cxx.o] Error 1
make[4]: Leaving directory '/workspaces/prj/2d-FD-porous/buildAmd64/Eigen-prefix/src/Eigen-build/CMakeFiles/CMakeTmp'
make[3]: *** [Makefile:121: cmTC_291e8/fast] Error 2
make[3]: Leaving directory '/workspaces/prj/2d-FD-porous/buildAmd64/Eigen-prefix/src/Eigen-build/CMakeFiles/CMakeTmp'


Source file was:
int main() { return 0; }
Performing C++ SOURCE FILE Test COMPILER_SUPPORT_STRICTANSI failed with the following output:
Change Dir: /workspaces/prj/2d-FD-porous/buildAmd64/Eigen-prefix/src/Eigen-build/CMakeFiles/CMakeTmp

Run Build Command(s):/usr/bin/make cmTC_4ac3c/fast && make[3]: Entering directory '/workspaces/prj/2d-FD-porous/buildAmd64/Eigen-prefix/src/Eigen-build/CMakeFiles/CMakeTmp'
/usr/bin/make -f CMakeFiles/cmTC_4ac3c.dir/build.make CMakeFiles/cmTC_4ac3c.dir/build
make[4]: Entering directory '/workspaces/prj/2d-FD-porous/buildAmd64/Eigen-prefix/src/Eigen-build/CMakeFiles/CMakeTmp'
Building CXX object CMakeFiles/cmTC_4ac3c.dir/src.cxx.o
/usr/bin/c++    -std=c++03 -pedantic -Wall -Wextra -Wundef -Wcast-align -Wchar-subscripts -Wnon-virtual-dtor -Wunused-local-typedefs -Wpointer-arith -Wwrite-strings -Wformat-security -Wlogical-op -Wdouble-promotion -Wno-psabi -Wno-variadic-macros -Wno-long-long -fno-check-new -fno-common -fstrict-aliasing -DCOMPILER_SUPPORT_STRICTANSI -Werror   -strict-ansi -o CMakeFiles/cmTC_4ac3c.dir/src.cxx.o -c /workspaces/prj/2d-FD-porous/buildAmd64/Eigen-prefix/src/Eigen-build/CMakeFiles/CMakeTmp/src.cxx
c++: error: unrecognized command line option '-strict-ansi'; did you mean '-fstrict-enums'?
make[4]: *** [CMakeFiles/cmTC_4ac3c.dir/build.make:66: CMakeFiles/cmTC_4ac3c.dir/src.cxx.o] Error 1
make[4]: Leaving directory '/workspaces/prj/2d-FD-porous/buildAmd64/Eigen-prefix/src/Eigen-build/CMakeFiles/CMakeTmp'
make[3]: *** [Makefile:121: cmTC_4ac3c/fast] Error 2
make[3]: Leaving directory '/workspaces/prj/2d-FD-porous/buildAmd64/Eigen-prefix/src/Eigen-build/CMakeFiles/CMakeTmp'


Source file was:
int main() { return 0; }
Performing C++ SOURCE FILE Test COMPILER_SUPPORT_Qunusedarguments failed with the following output:
Change Dir: /workspaces/prj/2d-FD-porous/buildAmd64/Eigen-prefix/src/Eigen-build/CMakeFiles/CMakeTmp

Run Build Command(s):/usr/bin/make cmTC_2536c/fast && make[3]: Entering directory '/workspaces/prj/2d-FD-porous/buildAmd64/Eigen-prefix/src/Eigen-build/CMakeFiles/CMakeTmp'
/usr/bin/make -f CMakeFiles/cmTC_2536c.dir/build.make CMakeFiles/cmTC_2536c.dir/build
make[4]: Entering directory '/workspaces/prj/2d-FD-porous/buildAmd64/Eigen-prefix/src/Eigen-build/CMakeFiles/CMakeTmp'
Building CXX object CMakeFiles/cmTC_2536c.dir/src.cxx.o
/usr/bin/c++    -std=c++03 -pedantic -Wall -Wextra -Wundef -Wcast-align -Wchar-subscripts -Wnon-virtual-dtor -Wunused-local-typedefs -Wpointer-arith -Wwrite-strings -Wformat-security -Wlogical-op -Wdouble-promotion -Wno-psabi -Wno-variadic-macros -Wno-long-long -fno-check-new -fno-common -fstrict-aliasing -DCOMPILER_SUPPORT_Qunusedarguments -Werror   -Qunused-arguments -o CMakeFiles/cmTC_2536c.dir/src.cxx.o -c /workspaces/prj/2d-FD-porous/buildAmd64/Eigen-prefix/src/Eigen-build/CMakeFiles/CMakeTmp/src.cxx
c++: error: unrecognized command line option '-Qunused-arguments'
make[4]: *** [CMakeFiles/cmTC_2536c.dir/build.make:66: CMakeFiles/cmTC_2536c.dir/src.cxx.o] Error 1
make[4]: Leaving directory '/workspaces/prj/2d-FD-porous/buildAmd64/Eigen-prefix/src/Eigen-build/CMakeFiles/CMakeTmp'
make[3]: *** [Makefile:121: cmTC_2536c/fast] Error 2
make[3]: Leaving directory '/workspaces/prj/2d-FD-porous/buildAmd64/Eigen-prefix/src/Eigen-build/CMakeFiles/CMakeTmp'


Source file was:
int main() { return 0; }
Performing C SOURCE FILE Test CMAKE_HAVE_LIBC_PTHREAD failed with the following output:
Change Dir: /workspaces/prj/2d-FD-porous/buildAmd64/Eigen-prefix/src/Eigen-build/CMakeFiles/CMakeTmp

Run Build Command(s):/usr/bin/make cmTC_5560d/fast && make[3]: Entering directory '/workspaces/prj/2d-FD-porous/buildAmd64/Eigen-prefix/src/Eigen-build/CMakeFiles/CMakeTmp'
/usr/bin/make -f CMakeFiles/cmTC_5560d.dir/build.make CMakeFiles/cmTC_5560d.dir/build
make[4]: Entering directory '/workspaces/prj/2d-FD-porous/buildAmd64/Eigen-prefix/src/Eigen-build/CMakeFiles/CMakeTmp'
Building C object CMakeFiles/cmTC_5560d.dir/src.c.o
/usr/bin/cc   -DCMAKE_HAVE_LIBC_PTHREAD   -o CMakeFiles/cmTC_5560d.dir/src.c.o   -c /workspaces/prj/2d-FD-porous/buildAmd64/Eigen-prefix/src/Eigen-build/CMakeFiles/CMakeTmp/src.c
Linking C executable cmTC_5560d
/usr/bin/cmake -E cmake_link_script CMakeFiles/cmTC_5560d.dir/link.txt --verbose=1
/usr/bin/cc  -DCMAKE_HAVE_LIBC_PTHREAD    -rdynamic CMakeFiles/cmTC_5560d.dir/src.c.o  -o cmTC_5560d 
/usr/bin/ld: CMakeFiles/cmTC_5560d.dir/src.c.o: in function `main':
src.c:(.text+0x46): undefined reference to `pthread_create'
/usr/bin/ld: src.c:(.text+0x52): undefined reference to `pthread_detach'
/usr/bin/ld: src.c:(.text+0x63): undefined reference to `pthread_join'
collect2: error: ld returned 1 exit status
make[4]: *** [CMakeFiles/cmTC_5560d.dir/build.make:87: cmTC_5560d] Error 1
make[4]: Leaving directory '/workspaces/prj/2d-FD-porous/buildAmd64/Eigen-prefix/src/Eigen-build/CMakeFiles/CMakeTmp'
make[3]: *** [Makefile:121: cmTC_5560d/fast] Error 2
make[3]: Leaving directory '/workspaces/prj/2d-FD-porous/buildAmd64/Eigen-prefix/src/Eigen-build/CMakeFiles/CMakeTmp'


Source file was:
#include <pthread.h>

void* test_func(void* data)
{
  return data;
}

int main(void)
{
  pthread_t thread;
  pthread_create(&thread, NULL, test_func, NULL);
  pthread_detach(thread);
  pthread_join(thread, NULL);
  pthread_atfork(NULL, NULL, NULL);
  pthread_exit(NULL);

  return 0;
}

Determining if the function pthread_create exists in the pthreads failed with the following output:
Change Dir: /workspaces/prj/2d-FD-porous/buildAmd64/Eigen-prefix/src/Eigen-build/CMakeFiles/CMakeTmp

Run Build Command(s):/usr/bin/make cmTC_6596e/fast && make[3]: Entering directory '/workspaces/prj/2d-FD-porous/buildAmd64/Eigen-prefix/src/Eigen-build/CMakeFiles/CMakeTmp'
/usr/bin/make -f CMakeFiles/cmTC_6596e.dir/build.make CMakeFiles/cmTC_6596e.dir/build
make[4]: Entering directory '/workspaces/prj/2d-FD-porous/buildAmd64/Eigen-prefix/src/Eigen-build/CMakeFiles/CMakeTmp'
Building C object CMakeFiles/cmTC_6596e.dir/CheckFunctionExists.c.o
/usr/bin/cc   -DCHECK_FUNCTION_EXISTS=pthread_create   -o CMakeFiles/cmTC_6596e.dir/CheckFunctionExists.c.o   -c /usr/share/cmake-3.16/Modules/CheckFunctionExists.c
Linking C executable cmTC_6596e
/usr/bin/cmake -E cmake_link_script CMakeFiles/cmTC_6596e.dir/link.txt --verbose=1
/usr/bin/cc  -DCHECK_FUNCTION_EXISTS=pthread_create    -rdynamic CMakeFiles/cmTC_6596e.dir/CheckFunctionExists.c.o  -o cmTC_6596e  -lpthreads 
/usr/bin/ld: cannot find -lpthreads
collect2: error: ld returned 1 exit status
make[4]: *** [CMakeFiles/cmTC_6596e.dir/build.make:87: cmTC_6596e] Error 1
make[4]: Leaving directory '/workspaces/prj/2d-FD-porous/buildAmd64/Eigen-prefix/src/Eigen-build/CMakeFiles/CMakeTmp'
make[3]: *** [Makefile:121: cmTC_6596e/fast] Error 2
make[3]: Leaving directory '/workspaces/prj/2d-FD-porous/buildAmd64/Eigen-prefix/src/Eigen-build/CMakeFiles/CMakeTmp'



